#
# There is insufficient memory for the Java Runtime Environment to continue.
# Native memory allocation (malloc) failed to allocate 43515904 bytes for committing reserved memory.
# Possible reasons:
#   The system is out of physical RAM or swap space
#   In 32 bit mode, the process size limit was hit
# Possible solutions:
#   Reduce memory load on the system
#   Increase physical memory or swap space
#   Check if swap backing store is full
#   Use 64 bit Java on a 64 bit OS
#   Decrease Java heap size (-Xmx/-Xms)
#   Decrease number of Java threads
#   Decrease Java thread stack sizes (-Xss)
#   Set larger code cache with -XX:ReservedCodeCacheSize=
# This output file may be truncated or incomplete.
#
#  Out of Memory Error (os_linux.cpp:2756), pid=9118, tid=1847589696
#
# JRE version: Java(TM) SE Runtime Environment (7.0_76-b13) (build 1.7.0_76-b13)
# Java VM: Java HotSpot(TM) Server VM (24.76-b04 mixed mode linux-x86 )
# Failed to write core dump. Core dumps have been disabled. To enable core dumping, try "ulimit -c unlimited" before starting Java again
#

---------------  T H R E A D  ---------------

Current thread (0x6e280c00):  VMThread [stack: 0x6e17f000,0x6e200000] [id=9128]

Stack: [0x6e17f000,0x6e200000],  sp=0x6e1fe9b0,  free space=510k
Native frames: (J=compiled Java code, j=interpreted, Vv=VM code, C=native code)
V  [libjvm.so+0x7eab56]  VMError::report_and_die()+0x1a6
V  [libjvm.so+0x33e222]  report_vm_out_of_memory(char const*, int, unsigned int, char const*)+0x72
V  [libjvm.so+0x686a41]  os::Linux::commit_memory_impl(char*, unsigned int, bool)+0xe1
V  [libjvm.so+0x686f08]  os::pd_commit_memory(char*, unsigned int, unsigned int, bool)+0x28
V  [libjvm.so+0x68064c]  os::commit_memory(char*, unsigned int, unsigned int, bool)+0x2c
V  [libjvm.so+0x6eaed8]  PSVirtualSpace::expand_by(unsigned int)+0x48
V  [libjvm.so+0x6ebfda]  PSYoungGen::resize_generation(unsigned int, unsigned int)+0xda
V  [libjvm.so+0x6eb319]  PSYoungGen::resize(unsigned int, unsigned int)+0x19
V  [libjvm.so+0x6e8c49]  PSScavenge::invoke_no_policy()+0xcf9
V  [libjvm.so+0x6e94a8]  PSScavenge::invoke()+0x28
V  [libjvm.so+0x6a702a]  ParallelScavengeHeap::failed_mem_allocate(unsigned int)+0x5a
V  [libjvm.so+0x7ec3ea]  VM_ParallelGCFailedAllocation::doit()+0x7a
V  [libjvm.so+0x7f5207]  VM_Operation::evaluate()+0x47
V  [libjvm.so+0x7f32a3]  VMThread::evaluate_operation(VM_Operation*)+0xb3
V  [libjvm.so+0x7f3640]  VMThread::loop()+0x1b0
V  [libjvm.so+0x7f3aa5]  VMThread::run()+0x85
V  [libjvm.so+0x688d19]  java_start(Thread*)+0x119
C  [libpthread.so.0+0x6d4c]  start_thread+0xcc

VM_Operation (0xb6839d00): ParallelGCFailedAllocation, mode: safepoint, requested by thread 0xb660dc00


---------------  P R O C E S S  ---------------

Java Threads: ( => current thread )
  0x6c73d400 JavaThread "GC Daemon" daemon [_thread_blocked, id=9136, stack(0x6d65d000,0x6d6ae000)]
  0x6e29b000 JavaThread "Service Thread" daemon [_thread_blocked, id=9134, stack(0x6df2e000,0x6df7f000)]
  0x6e299400 JavaThread "C2 CompilerThread1" daemon [_thread_blocked, id=9133, stack(0x6db7f000,0x6dc00000)]
  0x6e297400 JavaThread "C2 CompilerThread0" daemon [_thread_blocked, id=9132, stack(0x6df7f000,0x6e000000)]
  0x6e295c00 JavaThread "Signal Dispatcher" daemon [_thread_blocked, id=9131, stack(0x6e12e000,0x6e17f000)]
  0x6e285000 JavaThread "Finalizer" daemon [_thread_blocked, id=9130, stack(0x70b2e000,0x70b7f000)]
  0x6e283800 JavaThread "Reference Handler" daemon [_thread_blocked, id=9129, stack(0x70d2e000,0x70d7f000)]
  0xb660dc00 JavaThread "main" [_thread_blocked, id=9123, stack(0xb67eb000,0xb683c000)]

Other Threads:
=>0x6e280c00 VMThread [stack: 0x6e17f000,0x6e200000] [id=9128]
  0x6e29d400 WatcherThread [stack: 0x6dafe000,0x6db7f000] [id=9135]

VM state:at safepoint (normal execution)

VM Mutex/Monitor currently owned by a thread:  ([mutex/lock_event])
[0xb660b5d0] Threads_lock - owner thread: 0x6e280c00
[0xb660b9e0] Heap_lock - owner thread: 0xb660dc00

Heap
 PSYoungGen      total 71168K, used 7161K [0x9ea80000, 0xa3700000, 0xb3540000)
  eden space 64000K, 0% used [0x9ea80000,0x9ea80000,0xa2900000)
  from space 7168K, 99% used [0xa2900000,0xa2ffe700,0xa3000000)
  to   space 7168K, 0% used [0xa3000000,0xa3000000,0xa3700000)
 ParOldGen       total 42240K, used 9645K [0x75540000, 0x77e80000, 0x9ea80000)
  object space 42240K, 22% used [0x75540000,0x75eab570,0x77e80000)
 PSPermGen       total 17152K, used 16975K [0x71540000, 0x72600000, 0x75540000)
  object space 17152K, 98% used [0x71540000,0x725d3dc8,0x72600000)

Card table byte_map: [0x7132f000,0x71540000] byte_map_base: 0x70fa4600

Polling page: 0xb775f000

Code Cache  [0xb3600000, 0xb3840000, 0xb6600000)
 total_blobs=508 nmethods=366 adapters=95 free_code_cache=48111Kb largest_free_block=49243072

Compilation events (10 events):
Event: 6,970 Thread 0x6e297400  375             java.nio.DirectLongBufferU::get (16 bytes)
Event: 6,970 Thread 0x6e299400 nmethod 371 0xb3692988 code [0xb3692ac0, 0xb3692f24]
Event: 6,970 Thread 0x6e299400  377             java.nio.DirectLongBufferU::put (18 bytes)
Event: 6,970 Thread 0x6e297400 nmethod 375 0xb36febc8 code [0xb36fecc0, 0xb36fed30]
Event: 6,971 Thread 0x6e299400 nmethod 377 0xb3663988 code [0xb3663a80, 0xb3663b10]
Event: 6,990 Thread 0x6e297400  378             java.util.regex.Pattern$Slice::match (79 bytes)
Event: 7,006 Thread 0x6e297400 nmethod 378 0xb3703648 code [0xb3703760, 0xb3703bd0]
Event: 7,084 Thread 0x6e299400  380             java.security.ProtectionDomain::getCodeSource (5 bytes)
Event: 7,085 Thread 0x6e299400 nmethod 380 0xb3663808 code [0xb36638e0, 0xb3663930]
Event: 7,089 Thread 0x6e297400  381             java.lang.Class$MethodArray::length (5 bytes)

GC Heap History (10 events):
Event: 3,059 GC heap after
Heap after GC invocations=4 (full 0):
 PSYoungGen      total 18688K, used 2557K [0x9ea80000, 0xa0f00000, 0xb3540000)
  eden space 16128K, 0% used [0x9ea80000,0x9ea80000,0x9fa40000)
  from space 2560K, 99% used [0x9fcc0000,0x9ff3f758,0x9ff40000)
  to   space 2560K, 0% used [0x9fa40000,0x9fa40000,0x9fcc0000)
 ParOldGen       total 42240K, used 2542K [0x75540000, 0x77e80000, 0x9ea80000)
  object space 42240K, 6% used [0x75540000,0x757bb8e0,0x77e80000)
 PSPermGen       total 16384K, used 7448K [0x71540000, 0x72540000, 0x75540000)
  object space 16384K, 45% used [0x71540000,0x71c862f8,0x72540000)
}
Event: 3,202 GC heap before
{Heap before GC invocations=5 (full 0):
 PSYoungGen      total 18688K, used 18685K [0x9ea80000, 0xa0f00000, 0xb3540000)
  eden space 16128K, 100% used [0x9ea80000,0x9fa40000,0x9fa40000)
  from space 2560K, 99% used [0x9fcc0000,0x9ff3f758,0x9ff40000)
  to   space 2560K, 0% used [0x9fa40000,0x9fa40000,0x9fcc0000)
 ParOldGen       total 42240K, used 2542K [0x75540000, 0x77e80000, 0x9ea80000)
  object space 42240K, 6% used [0x75540000,0x757bb8e0,0x77e80000)
 PSPermGen       total 16384K, used 8737K [0x71540000, 0x72540000, 0x75540000)
  object space 16384K, 53% used [0x71540000,0x71dc86a8,0x72540000)
Event: 3,208 GC heap after
Heap after GC invocations=5 (full 0):
 PSYoungGen      total 18688K, used 2557K [0x9ea80000, 0xa1400000, 0xb3540000)
  eden space 16128K, 0% used [0x9ea80000,0x9ea80000,0x9fa40000)
  from space 2560K, 99% used [0x9fa40000,0x9fcbf748,0x9fcc0000)
  to   space 5120K, 0% used [0xa0f00000,0xa0f00000,0xa1400000)
 ParOldGen       total 42240K, used 3888K [0x75540000, 0x77e80000, 0x9ea80000)
  object space 42240K, 9% used [0x75540000,0x7590c228,0x77e80000)
 PSPermGen       total 16384K, used 8737K [0x71540000, 0x72540000, 0x75540000)
  object space 16384K, 53% used [0x71540000,0x71dc86a8,0x72540000)
}
Event: 3,505 GC heap before
{Heap before GC invocations=6 (full 0):
 PSYoungGen      total 18688K, used 18685K [0x9ea80000, 0xa1400000, 0xb3540000)
  eden space 16128K, 100% used [0x9ea80000,0x9fa40000,0x9fa40000)
  from space 2560K, 99% used [0x9fa40000,0x9fcbf748,0x9fcc0000)
  to   space 5120K, 0% used [0xa0f00000,0xa0f00000,0xa1400000)
 ParOldGen       total 42240K, used 3888K [0x75540000, 0x77e80000, 0x9ea80000)
  object space 42240K, 9% used [0x75540000,0x7590c228,0x77e80000)
 PSPermGen       total 16384K, used 9265K [0x71540000, 0x72540000, 0x75540000)
  object space 16384K, 56% used [0x71540000,0x71e4c678,0x72540000)
Event: 3,513 GC heap after
Heap after GC invocations=6 (full 0):
 PSYoungGen      total 37120K, used 4419K [0x9ea80000, 0xa1480000, 0xb3540000)
  eden space 32000K, 0% used [0x9ea80000,0x9ea80000,0xa09c0000)
  from space 5120K, 86% used [0xa0f00000,0xa1350e80,0xa1400000)
  to   space 5376K, 0% used [0xa09c0000,0xa09c0000,0xa0f00000)
 ParOldGen       total 42240K, used 3892K [0x75540000, 0x77e80000, 0x9ea80000)
  object space 42240K, 9% used [0x75540000,0x7590d228,0x77e80000)
 PSPermGen       total 16384K, used 9265K [0x71540000, 0x72540000, 0x75540000)
  object space 16384K, 56% used [0x71540000,0x71e4c678,0x72540000)
}
Event: 4,117 GC heap before
{Heap before GC invocations=7 (full 0):
 PSYoungGen      total 37120K, used 36419K [0x9ea80000, 0xa1480000, 0xb3540000)
  eden space 32000K, 100% used [0x9ea80000,0xa09c0000,0xa09c0000)
  from space 5120K, 86% used [0xa0f00000,0xa1350e80,0xa1400000)
  to   space 5376K, 0% used [0xa09c0000,0xa09c0000,0xa0f00000)
 ParOldGen       total 42240K, used 3892K [0x75540000, 0x77e80000, 0x9ea80000)
  object space 42240K, 9% used [0x75540000,0x7590d228,0x77e80000)
 PSPermGen       total 16384K, used 11679K [0x71540000, 0x72540000, 0x75540000)
  object space 16384K, 71% used [0x71540000,0x720a7c78,0x72540000)
Event: 4,131 GC heap after
Heap after GC invocations=7 (full 0):
 PSYoungGen      total 37376K, used 5367K [0x9ea80000, 0xa3700000, 0xb3540000)
  eden space 32000K, 0% used [0x9ea80000,0x9ea80000,0xa09c0000)
  from space 5376K, 99% used [0xa09c0000,0xa0efde40,0xa0f00000)
  to   space 7168K, 0% used [0xa3000000,0xa3000000,0xa3700000)
 ParOldGen       total 42240K, used 5718K [0x75540000, 0x77e80000, 0x9ea80000)
  object space 42240K, 13% used [0x75540000,0x75ad59d8,0x77e80000)
 PSPermGen       total 16384K, used 11679K [0x71540000, 0x72540000, 0x75540000)
  object space 16384K, 71% used [0x71540000,0x720a7c78,0x72540000)
}
Event: 4,912 GC heap before
{Heap before GC invocations=8 (full 0):
 PSYoungGen      total 37376K, used 37367K [0x9ea80000, 0xa3700000, 0xb3540000)
  eden space 32000K, 100% used [0x9ea80000,0xa09c0000,0xa09c0000)
  from space 5376K, 99% used [0xa09c0000,0xa0efde40,0xa0f00000)
  to   space 7168K, 0% used [0xa3000000,0xa3000000,0xa3700000)
 ParOldGen       total 42240K, used 5718K [0x75540000, 0x77e80000, 0x9ea80000)
  object space 42240K, 13% used [0x75540000,0x75ad59d8,0x77e80000)
 PSPermGen       total 16384K, used 13143K [0x71540000, 0x72540000, 0x75540000)
  object space 16384K, 80% used [0x71540000,0x72215f30,0x72540000)
Event: 4,922 GC heap after
Heap after GC invocations=8 (full 0):
 PSYoungGen      total 71168K, used 5072K [0x9ea80000, 0xa3700000, 0xb3540000)
  eden space 64000K, 0% used [0x9ea80000,0x9ea80000,0xa2900000)
  from space 7168K, 70% used [0xa3000000,0xa34f42b8,0xa3700000)
  to   space 7168K, 0% used [0xa2900000,0xa2900000,0xa3000000)
 ParOldGen       total 42240K, used 6786K [0x75540000, 0x77e80000, 0x9ea80000)
  object space 42240K, 16% used [0x75540000,0x75be08d0,0x77e80000)
 PSPermGen       total 16384K, used 13143K [0x71540000, 0x72540000, 0x75540000)
  object space 16384K, 80% used [0x71540000,0x72215f30,0x72540000)
}
Event: 7,089 GC heap before
{Heap before GC invocations=9 (full 0):
 PSYoungGen      total 71168K, used 69072K [0x9ea80000, 0xa3700000, 0xb3540000)
  eden space 64000K, 100% used [0x9ea80000,0xa2900000,0xa2900000)
  from space 7168K, 70% used [0xa3000000,0xa34f42b8,0xa3700000)
  to   space 7168K, 0% used [0xa2900000,0xa2900000,0xa3000000)
 ParOldGen       total 42240K, used 6786K [0x75540000, 0x77e80000, 0x9ea80000)
  object space 42240K, 16% used [0x75540000,0x75be08d0,0x77e80000)
 PSPermGen       total 17152K, used 16975K [0x71540000, 0x72600000, 0x75540000)
  object space 17152K, 98% used [0x71540000,0x725d3dc8,0x72600000)

Deoptimization events (10 events):
Event: 6,716 Thread 0xb660dc00 Uncommon trap: reason=class_check action=maybe_recompile pc=0xb36e75f4 method=java.util.concurrent.ConcurrentHashMap$Segment.put(Ljava/lang/Object;ILjava/lang/Object;Z)Ljava/lang/Object; @ 77
Event: 6,716 Thread 0xb660dc00 Uncommon trap: reason=class_check action=maybe_recompile pc=0xb36e75f4 method=java.util.concurrent.ConcurrentHashMap$Segment.put(Ljava/lang/Object;ILjava/lang/Object;Z)Ljava/lang/Object; @ 77
Event: 6,716 Thread 0xb660dc00 Uncommon trap: reason=class_check action=maybe_recompile pc=0xb36e75f4 method=java.util.concurrent.ConcurrentHashMap$Segment.put(Ljava/lang/Object;ILjava/lang/Object;Z)Ljava/lang/Object; @ 77
Event: 6,738 Thread 0xb660dc00 Uncommon trap: reason=unreached action=reinterpret pc=0xb36e0cbc method=java.lang.Class$MethodArray.addIfNotPresent(Ljava/lang/reflect/Method;)V @ 19
Event: 6,751 Thread 0xb660dc00 Uncommon trap: reason=array_check action=maybe_recompile pc=0xb36c4bc0 method=java.util.AbstractCollection.toArray([Ljava/lang/Object;)[Ljava/lang/Object; @ 119
Event: 6,751 Thread 0xb660dc00 Uncommon trap: reason=array_check action=maybe_recompile pc=0xb36c4bc0 method=java.util.AbstractCollection.toArray([Ljava/lang/Object;)[Ljava/lang/Object; @ 119
Event: 6,751 Thread 0xb660dc00 Uncommon trap: reason=array_check action=maybe_recompile pc=0xb36c4bc0 method=java.util.AbstractCollection.toArray([Ljava/lang/Object;)[Ljava/lang/Object; @ 119
Event: 6,751 Thread 0xb660dc00 Uncommon trap: reason=array_check action=maybe_recompile pc=0xb36c4bc0 method=java.util.AbstractCollection.toArray([Ljava/lang/Object;)[Ljava/lang/Object; @ 119
Event: 7,037 Thread 0xb660dc00 Uncommon trap: reason=class_check action=maybe_recompile pc=0xb36e75f4 method=java.util.concurrent.ConcurrentHashMap$Segment.put(Ljava/lang/Object;ILjava/lang/Object;Z)Ljava/lang/Object; @ 77
Event: 7,083 Thread 0xb660dc00 Uncommon trap: reason=class_check action=maybe_recompile pc=0xb36fe41c method=java.util.TreeMap.getEntry(Ljava/lang/Object;)Ljava/util/TreeMap$Entry; @ 26

Internal exceptions (10 events):
Event: 7,078 Thread 0xb660dc00 Threw 0xa2862e40 at /HUDSON/workspace/7u-2-build-linux-i586/jdk7u76/1941/hotspot/src/share/vm/prims/jvm.cpp:1304
Event: 7,078 Thread 0xb660dc00 Threw 0xa286d1b8 at /HUDSON/workspace/7u-2-build-linux-i586/jdk7u76/1941/hotspot/src/share/vm/prims/jvm.cpp:1304
Event: 7,080 Thread 0xb660dc00 Threw 0xa288c678 at /HUDSON/workspace/7u-2-build-linux-i586/jdk7u76/1941/hotspot/src/share/vm/prims/jvm.cpp:1304
Event: 7,082 Thread 0xb660dc00 Threw 0xa289f1b8 at /HUDSON/workspace/7u-2-build-linux-i586/jdk7u76/1941/hotspot/src/share/vm/prims/jvm.cpp:1304
Event: 7,083 Thread 0xb660dc00 Threw 0xa28aaaa8 at /HUDSON/workspace/7u-2-build-linux-i586/jdk7u76/1941/hotspot/src/share/vm/prims/jvm.cpp:1304
Event: 7,084 Thread 0xb660dc00 Threw 0xa28b85b8 at /HUDSON/workspace/7u-2-build-linux-i586/jdk7u76/1941/hotspot/src/share/vm/prims/jvm.cpp:1304
Event: 7,085 Thread 0xb660dc00 Threw 0xa28c3280 at /HUDSON/workspace/7u-2-build-linux-i586/jdk7u76/1941/hotspot/src/share/vm/prims/jvm.cpp:1304
Event: 7,086 Thread 0xb660dc00 Threw 0xa28cc138 at /HUDSON/workspace/7u-2-build-linux-i586/jdk7u76/1941/hotspot/src/share/vm/prims/jvm.cpp:1304
Event: 7,086 Thread 0xb660dc00 Threw 0xa28d91c0 at /HUDSON/workspace/7u-2-build-linux-i586/jdk7u76/1941/hotspot/src/share/vm/prims/jvm.cpp:1304
Event: 7,087 Thread 0xb660dc00 Threw 0xa28ec018 at /HUDSON/workspace/7u-2-build-linux-i586/jdk7u76/1941/hotspot/src/share/vm/prims/jvm.cpp:1304

Events (10 events):
Event: 7,084 loading class 0x6c622880 done
Event: 7,084 loading class 0x6c508588
Event: 7,084 loading class 0x6c508588 done
Event: 7,086 loading class 0x6c71ba08
Event: 7,086 loading class 0x6c71ba08 done
Event: 7,086 loading class 0x6c571120
Event: 7,086 loading class 0x6c571120 done
Event: 7,087 loading class 0x6c576a88
Event: 7,087 loading class 0x6c576a88 done
Event: 7,089 Executing VM operation: ParallelGCFailedAllocation


Dynamic libraries:
08048000-08049000 r-xp 00000000 08:06 3148208    /usr/local/java/jdk1.7.0_76/bin/java
08049000-0804a000 rw-p 00000000 08:06 3148208    /usr/local/java/jdk1.7.0_76/bin/java
09b25000-09b46000 rw-p 00000000 00:00 0          [heap]
6c400000-6c4f9000 rw-p 00000000 00:00 0 
6c4f9000-6c500000 ---p 00000000 00:00 0 
6c500000-6c57b000 rw-p 00000000 00:00 0 
6c57b000-6c600000 ---p 00000000 00:00 0 
6c600000-6c6ed000 rw-p 00000000 00:00 0 
6c6ed000-6c700000 ---p 00000000 00:00 0 
6c700000-6c7ff000 rw-p 00000000 00:00 0 
6c7ff000-6c800000 ---p 00000000 00:00 0 
6c800000-6c88b000 rw-p 00000000 00:00 0 
6c88b000-6c900000 ---p 00000000 00:00 0 
6ca00000-6caee000 rw-p 00000000 00:00 0 
6caee000-6cb00000 ---p 00000000 00:00 0 
6cb00000-6cbe2000 rw-p 00000000 00:00 0 
6cbe2000-6cc00000 ---p 00000000 00:00 0 
6cc00000-6ccf6000 rw-p 00000000 00:00 0 
6ccf6000-6cd00000 ---p 00000000 00:00 0 
6cd00000-6cdf7000 rw-p 00000000 00:00 0 
6cdf7000-6ce00000 ---p 00000000 00:00 0 
6ce00000-6cf00000 rw-p 00000000 00:00 0 
6d000000-6d0ff000 rw-p 00000000 00:00 0 
6d0ff000-6d100000 ---p 00000000 00:00 0 
6d200000-6d300000 rw-p 00000000 00:00 0 
6d3c4000-6d3cb000 r-xp 00000000 08:06 3146965    /usr/local/java/jdk1.7.0_76/jre/lib/i386/libmanagement.so
6d3cb000-6d3cc000 rw-p 00006000 08:06 3146965    /usr/local/java/jdk1.7.0_76/jre/lib/i386/libmanagement.so
6d3cc000-6d3e1000 r-xp 00000000 08:06 3146922    /usr/local/java/jdk1.7.0_76/jre/lib/i386/libnet.so
6d3e1000-6d3e2000 rw-p 00014000 08:06 3146922    /usr/local/java/jdk1.7.0_76/jre/lib/i386/libnet.so
6d3e2000-6d3fe000 r-xp 00000000 08:06 7471289    /lib/i386-linux-gnu/libgcc_s.so.1
6d3fe000-6d3ff000 r--p 0001b000 08:06 7471289    /lib/i386-linux-gnu/libgcc_s.so.1
6d3ff000-6d400000 rw-p 0001c000 08:06 7471289    /lib/i386-linux-gnu/libgcc_s.so.1
6d400000-6d4fa000 rw-p 00000000 00:00 0 
6d4fa000-6d500000 ---p 00000000 00:00 0 
6d500000-6d600000 rw-p 00000000 00:00 0 
6d603000-6d611000 r-xp 00000000 08:06 3146859    /usr/local/java/jdk1.7.0_76/jre/lib/i386/libnio.so
6d611000-6d612000 rw-p 0000e000 08:06 3146859    /usr/local/java/jdk1.7.0_76/jre/lib/i386/libnio.so
6d612000-6d616000 r--s 0002d000 08:06 3146790    /usr/local/java/jdk1.7.0_76/jre/lib/ext/sunjce_provider.jar
6d616000-6d649000 r-xp 00000000 08:06 3146868    /usr/local/java/jdk1.7.0_76/jre/lib/i386/libsunec.so
6d649000-6d64d000 rw-p 00032000 08:06 3146868    /usr/local/java/jdk1.7.0_76/jre/lib/i386/libsunec.so
6d64d000-6d651000 rw-p 00000000 00:00 0 
6d651000-6d652000 r--s 00003000 08:06 3146837    /usr/local/java/jdk1.7.0_76/jre/lib/ext/sunec.jar
6d652000-6d656000 r--s 00037000 08:06 3146787    /usr/local/java/jdk1.7.0_76/jre/lib/ext/sunpkcs11.jar
6d656000-6d659000 r--s 00019000 08:06 3146925    /usr/local/java/jdk1.7.0_76/jre/lib/jce.jar
6d659000-6d65d000 r--s 0008b000 08:06 3147040    /usr/local/java/jdk1.7.0_76/jre/lib/jsse.jar
6d65d000-6d660000 ---p 00000000 00:00 0 
6d660000-6d6ae000 rw-p 00000000 00:00 0          [stack:9136]
6d6ae000-6d6b8000 r--s 00251000 08:06 3146962    /usr/local/java/jdk1.7.0_76/jre/lib/resources.jar
6d6b8000-6d6c1000 r--s 0006f000 08:06 1968750    /home/lizo/.m2/repository/log4j/log4j/1.2.17/log4j-1.2.17.jar
6d6c1000-6d6c3000 r--s 00001000 08:06 2230331    /home/lizo/.m2/repository/org/slf4j/slf4j-log4j12/1.7.10/slf4j-log4j12-1.7.10.jar
6d6c3000-6d6d8000 r--s 000e2000 08:06 2493678    /home/lizo/.m2/repository/org/springframework/spring-core/4.1.5.RELEASE/spring-core-4.1.5.RELEASE.jar
6d6d8000-6d6e8000 r--s 000a0000 08:06 2493039    /home/lizo/.m2/repository/org/springframework/spring-web/4.1.5.RELEASE/spring-web-4.1.5.RELEASE.jar
6d6e8000-6d700000 r--s 000e3000 08:06 2492776    /home/lizo/.m2/repository/org/springframework/spring-context/4.1.5.RELEASE/spring-context-4.1.5.RELEASE.jar
6d700000-6d7fa000 rw-p 00000000 00:00 0 
6d7fa000-6d800000 ---p 00000000 00:00 0 
6d800000-6d900000 rw-p 00000000 00:00 0 
6d900000-6d9fa000 rw-p 00000000 00:00 0 
6d9fa000-6da00000 ---p 00000000 00:00 0 
6da00000-6da01000 r--s 00007000 08:06 2230166    /home/lizo/.m2/repository/org/slf4j/slf4j-api/1.7.10/slf4j-api-1.7.10.jar
6da01000-6da03000 r--s 0000e000 08:06 1968886    /home/lizo/.m2/repository/commons-logging/commons-logging/1.2/commons-logging-1.2.jar
6da03000-6da12000 r--s 000b0000 08:06 2494327    /home/lizo/.m2/repository/org/springframework/spring-webmvc/4.1.5.RELEASE/spring-webmvc-4.1.5.RELEASE.jar
6da12000-6da17000 r--s 0003b000 08:06 2493914    /home/lizo/.m2/repository/org/springframework/spring-expression/4.1.5.RELEASE/spring-expression-4.1.5.RELEASE.jar
6da17000-6da19000 r--s 00005000 08:06 2495409    /home/lizo/.m2/repository/javax/annotation/javax.annotation-api/1.2/javax.annotation-api-1.2.jar
6da19000-6da1d000 r--s 00019000 08:06 2495453    /home/lizo/.m2/repository/javax/ws/rs/javax.ws.rs-api/2.0.1/javax.ws.rs-api-2.0.1.jar
6da1d000-6da25000 r--s 00089000 08:06 2233040    /home/lizo/.m2/repository/org/apache/cxf/cxf-rt-frontend-jaxrs/3.0.4/cxf-rt-frontend-jaxrs-3.0.4.jar
6da25000-6da27000 r--s 00010000 08:06 2114658    /home/lizo/.m2/repository/org/apache/camel/camel-soap/2.15.1/camel-soap-2.15.1.jar
6da27000-6da29000 r--s 00008000 08:06 2114649    /home/lizo/.m2/repository/org/apache/camel/camel-jaxb/2.15.1/camel-jaxb-2.15.1.jar
6da29000-6da2b000 r--s 0000e000 08:06 2101352    /home/lizo/.m2/repository/org/apache/camel/camel-cxf-transport/2.15.1/camel-cxf-transport-2.15.1.jar
6da2b000-6da30000 r--s 00049000 08:06 2229295    /home/lizo/.m2/repository/org/apache/cxf/cxf-rt-transports-http/3.1.0/cxf-rt-transports-http-3.1.0.jar
6da30000-6da32000 r--s 00018000 08:06 2229746    /home/lizo/.m2/repository/org/eclipse/jetty/jetty-http/9.2.9.v20150224/jetty-http-9.2.9.v20150224.jar
6da32000-6da33000 r--s 00003000 08:06 2229834    /home/lizo/.m2/repository/org/eclipse/jetty/jetty-continuation/9.2.9.v20150224/jetty-continuation-9.2.9.v20150224.jar
6da33000-6da36000 r--s 00015000 08:06 2229843    /home/lizo/.m2/repository/org/eclipse/jetty/jetty-security/9.2.9.v20150224/jetty-security-9.2.9.v20150224.jar
6da36000-6da39000 r--s 00017000 08:06 2229753    /home/lizo/.m2/repository/org/eclipse/jetty/jetty-io/9.2.9.v20150224/jetty-io-9.2.9.v20150224.jar
6da39000-6da3f000 r--s 00051000 08:06 2229571    /home/lizo/.m2/repository/org/eclipse/jetty/jetty-util/9.2.9.v20150224/jetty-util-9.2.9.v20150224.jar
6da3f000-6da42000 r--s 00015000 08:06 2101679    /home/lizo/.m2/repository/javax/servlet/javax.servlet-api/3.1.0/javax.servlet-api-3.1.0.jar
6da42000-6da48000 r--s 00061000 08:06 2229739    /home/lizo/.m2/repository/org/eclipse/jetty/jetty-server/9.2.9.v20150224/jetty-server-9.2.9.v20150224.jar
6da48000-6da4c000 r--s 00026000 08:06 2101442    /home/lizo/.m2/repository/org/apache/ws/xmlschema/xmlschema-core/2.2.1/xmlschema-core-2.2.1.jar
6da4c000-6da50000 r--s 00024000 08:06 2490426    /home/lizo/.m2/repository/org/codehaus/woodstox/stax2-api/3.1.4/stax2-api-3.1.4.jar
6da50000-6da56000 r--s 00071000 08:06 2490418    /home/lizo/.m2/repository/org/codehaus/woodstox/woodstox-core-asl/4.4.1/woodstox-core-asl-4.4.1.jar
6da56000-6da6e000 r--s 0012f000 08:06 2228740    /home/lizo/.m2/repository/org/apache/cxf/cxf-core/3.1.0/cxf-core-3.1.0.jar
6da6e000-6da71000 r--s 00015000 08:06 2229053    /home/lizo/.m2/repository/org/apache/cxf/cxf-rt-transports-http-jetty/3.1.0/cxf-rt-transports-http-jetty-3.1.0.jar
6da71000-6da73000 r--s 00006000 08:06 2113369    /home/lizo/.m2/repository/org/apache/camel/camel-stream/2.15.1/camel-stream-2.15.1.jar
6da73000-6da75000 r--s 00000000 08:06 2495818    /home/lizo/.m2/repository/aopalliance/aopalliance/1.0/aopalliance-1.0.jar
6da75000-6da7e000 r--s 0004f000 08:06 2493100    /home/lizo/.m2/repository/org/springframework/spring-aop/4.1.5.RELEASE/spring-aop-4.1.5.RELEASE.jar
6da7e000-6da84000 r--s 00045000 08:06 2110575    /home/lizo/.m2/repository/org/apache/camel/camel-spring/2.15.1/camel-spring-2.15.1.jar
6da84000-6da86000 r--s 00003000 08:06 2098814    /home/lizo/.m2/repository/org/apache/geronimo/specs/geronimo-j2ee-management_1.1_spec/1.0.1/geronimo-j2ee-management_1.1_spec-1.0.1.jar
6da86000-6da88000 r--s 0000b000 08:06 2497101    /home/lizo/.m2/repository/org/fusesource/hawtbuf/hawtbuf/1.11/hawtbuf-1.11.jar
6da88000-6da9d000 r--s 0010c000 08:06 2233139    /home/lizo/.m2/repository/org/apache/activemq/activemq-client/5.11.1/activemq-client-5.11.1.jar
6da9d000-6da9f000 r--s 00006000 08:06 2098860    /home/lizo/.m2/repository/org/apache/geronimo/specs/geronimo-jms_1.1_spec/1.1.1/geronimo-jms_1.1_spec-1.1.1.jar
6da9f000-6daa1000 r--s 0000b000 08:06 2233110    /home/lizo/.m2/repository/org/apache/activemq/activemq-jms-pool/5.11.1/activemq-jms-pool-5.11.1.jar
6daa1000-6daa2000 r--s 00004000 08:06 2233108    /home/lizo/.m2/repository/org/apache/activemq/activemq-pool/5.11.1/activemq-pool-5.11.1.jar
6daa2000-6daa5000 r--s 00019000 08:06 2621557    /home/lizo/.m2/repository/commons-pool/commons-pool/1.6/commons-pool-1.6.jar
6daa5000-6dab2000 r--s 0009b000 08:06 2233166    /home/lizo/.m2/repository/org/apache/activemq/activemq-openwire-legacy/5.11.1/activemq-openwire-legacy-5.11.1.jar
6dab2000-6dac3000 r--s 000f4000 08:06 2233164    /home/lizo/.m2/repository/org/apache/activemq/activemq-broker/5.11.1/activemq-broker-5.11.1.jar
6dac3000-6dac7000 r--s 0001d000 08:06 2113360    /home/lizo/.m2/repository/org/apache/xbean/xbean-spring/3.18/xbean-spring-3.18.jar
6dac7000-6dafe000 r--s 002c5000 08:06 2100909    /home/lizo/.m2/repository/org/apache/camel/camel-core/2.15.1/camel-core-2.15.1.jar
6dafe000-6daff000 ---p 00000000 00:00 0 
6daff000-6db7f000 rw-p 00000000 00:00 0          [stack:9135]
6db7f000-6db82000 ---p 00000000 00:00 0 
6db82000-6dc00000 rw-p 00000000 00:00 0          [stack:9133]
6dc00000-6de00000 r--p 00000000 08:06 6822382    /usr/lib/locale/locale-archive
6de00000-6de21000 rw-p 00000000 00:00 0 
6de21000-6df00000 ---p 00000000 00:00 0 
6df00000-6df02000 r--s 00002000 08:06 2098844    /home/lizo/.m2/repository/org/apache/geronimo/specs/geronimo-jta_1.0.1B_spec/1.0.1/geronimo-jta_1.0.1B_spec-1.0.1.jar
6df02000-6df04000 r--s 00027000 08:06 2233106    /home/lizo/.m2/repository/org/apache/activemq/activemq-spring/5.11.1/activemq-spring-5.11.1.jar
6df04000-6df0b000 r--s 00037000 08:06 2491115    /home/lizo/.m2/repository/org/springframework/spring-tx/4.1.5.RELEASE/spring-tx-4.1.5.RELEASE.jar
6df0b000-6df12000 r--s 0003f000 08:06 2496982    /home/lizo/.m2/repository/org/springframework/spring-messaging/4.1.5.RELEASE/spring-messaging-4.1.5.RELEASE.jar
6df12000-6df18000 r--s 0003c000 08:06 2492425    /home/lizo/.m2/repository/org/springframework/spring-jms/4.1.5.RELEASE/spring-jms-4.1.5.RELEASE.jar
6df18000-6df1c000 r--s 00022000 08:06 2110588    /home/lizo/.m2/repository/org/apache/camel/camel-jms/2.15.1/camel-jms-2.15.1.jar
6df1c000-6df2e000 r--s 000ee000 08:06 2097300    /home/lizo/.m2/repository/com/sun/xml/bind/jaxb-impl/2.2.11/jaxb-impl-2.2.11.jar
6df2e000-6df31000 ---p 00000000 00:00 0 
6df31000-6df7f000 rw-p 00000000 00:00 0          [stack:9134]
6df7f000-6df82000 ---p 00000000 00:00 0 
6df82000-6e000000 rw-p 00000000 00:00 0          [stack:9132]
6e000000-6e100000 rw-p 00000000 00:00 0 
6e100000-6e102000 r--s 0000c000 08:06 2233104    /home/lizo/.m2/repository/org/apache/activemq/activemq-camel/5.11.1/activemq-camel-5.11.1.jar
6e102000-6e108000 r--s 00038000 08:06 2097292    /home/lizo/.m2/repository/com/sun/xml/bind/jaxb-core/2.2.11/jaxb-core-2.2.11.jar
6e108000-6e10a000 r--s 00018000 08:06 2233075    /home/lizo/.m2/repository/org/apache/cxf/cxf-rt-databinding-jaxb/3.0.4/cxf-rt-databinding-jaxb-3.0.4.jar
6e10a000-6e10e000 r--s 0002a000 08:06 2097156    /home/lizo/.m2/repository/wsdl4j/wsdl4j/1.6.3/wsdl4j-1.6.3.jar
6e10e000-6e110000 r--s 00028000 08:06 2233073    /home/lizo/.m2/repository/org/apache/cxf/cxf-rt-wsdl/3.0.4/cxf-rt-wsdl-3.0.4.jar
6e110000-6e114000 r--s 00027000 08:06 2233071    /home/lizo/.m2/repository/org/apache/cxf/cxf-rt-bindings-soap/3.0.4/cxf-rt-bindings-soap-3.0.4.jar
6e114000-6e115000 r--s 00008000 08:06 2233069    /home/lizo/.m2/repository/org/apache/cxf/cxf-rt-features-clustering/3.0.4/cxf-rt-features-clustering-3.0.4.jar
6e115000-6e122000 r--s 000a0000 08:06 2492382    /home/lizo/.m2/repository/org/springframework/spring-beans/4.1.5.RELEASE/spring-beans-4.1.5.RELEASE.jar
6e122000-6e123000 r--s 0000a000 08:06 2495638    /home/lizo/.m2/repository/net/oauth/core/oauth/20100527/oauth-20100527.jar
6e123000-6e124000 r--s 00002000 08:06 2495646    /home/lizo/.m2/repository/net/oauth/core/oauth-provider/20100527/oauth-provider-20100527.jar
6e124000-6e127000 r--s 00023000 08:06 2233067    /home/lizo/.m2/repository/org/apache/cxf/cxf-rt-rs-client/3.0.4/cxf-rt-rs-client-3.0.4.jar
6e127000-6e12a000 r--s 0000e000 08:06 2233065    /home/lizo/.m2/repository/org/apache/cxf/cxf-rt-rs-security-oauth/3.0.4/cxf-rt-rs-security-oauth-3.0.4.jar
6e12a000-6e12e000 r--s 00030000 08:06 2233063    /home/lizo/.m2/repository/org/apache/cxf/cxf-rt-ws-policy/3.0.4/cxf-rt-ws-policy-3.0.4.jar
6e12e000-6e131000 ---p 00000000 00:00 0 
6e131000-6e17f000 rw-p 00000000 00:00 0          [stack:9131]
6e17f000-6e180000 ---p 00000000 00:00 0 
6e180000-6e200000 rw-p 00000000 00:00 0          [stack:9128]
6e200000-6e300000 rw-p 00000000 00:00 0 
6e300000-6e302000 r--s 00010000 08:06 2098595    /home/lizo/.m2/repository/org/apache/neethi/neethi/3.0.3/neethi-3.0.3.jar
6e302000-6e304000 r--s 00011000 08:06 2233061    /home/lizo/.m2/repository/org/apache/cxf/cxf-rt-ws-addr/3.0.4/cxf-rt-ws-addr-3.0.4.jar
6e304000-6e307000 r--s 00016000 08:06 2233059    /home/lizo/.m2/repository/org/apache/cxf/cxf-rt-frontend-simple/3.0.4/cxf-rt-frontend-simple-3.0.4.jar
6e307000-6e309000 r--s 00008000 08:06 2233057    /home/lizo/.m2/repository/org/apache/cxf/cxf-rt-bindings-xml/3.0.4/cxf-rt-bindings-xml-3.0.4.jar
6e309000-6e30a000 r--s 0000a000 08:06 1968633    /home/lizo/.m2/repository/asm/asm/3.3.1/asm-3.3.1.jar
6e30a000-6e30c000 r--s 00013000 08:06 2097170    /home/lizo/.m2/repository/xml-resolver/xml-resolver/1.2/xml-resolver-1.2.jar
6e30c000-6e311000 r--s 0004f000 08:06 2233046    /home/lizo/.m2/repository/org/apache/cxf/cxf-rt-frontend-jaxws/3.0.4/cxf-rt-frontend-jaxws-3.0.4.jar
6e311000-6e315000 r--s 00032000 08:06 2110573    /home/lizo/.m2/repository/org/apache/camel/camel-cxf/2.15.1/camel-cxf-2.15.1.jar
6e315000-6e317000 r--s 00025000 08:06 2101602    /home/lizo/.m2/repository/javax/servlet/servlet-api/2.5/servlet-api-2.5-sources.jar
6e317000-6e321000 r--s 0005c000 08:06 2101683    /home/lizo/.m2/repository/javax/servlet/jstl/1.2/jstl-1.2.jar
6e321000-6e4e0000 r--s 039f0000 08:06 3146820    /usr/local/java/jdk1.7.0_76/jre/lib/rt.jar
6e4e0000-70a00000 rw-p 00000000 00:00 0 
70a00000-70afe000 rw-p 00000000 00:00 0 
70afe000-70b00000 ---p 00000000 00:00 0 
70b00000-70b03000 r--s 0000a000 08:06 2101654    /home/lizo/.m2/repository/javax/servlet/jsp/jsp-api/2.2/jsp-api-2.2.jar
70b03000-70b06000 r--s 00011000 08:06 6832815    /home/lizo/dev-tools/Servers/wildfly-8.2.1.final/modules/system/layers/base/org/glassfish/javax/json/main/javax.json-1.0.3.jar
70b06000-70b08000 r--s 00009000 08:06 5905851    /home/lizo/dev-tools/Servers/wildfly-8.2.1.final/modules/system/layers/base/javax/websocket/api/main/jboss-websocket-api_1.1_spec-1.1.0.Final.jar
70b08000-70b09000 r--s 00004000 08:06 5905830    /home/lizo/dev-tools/Servers/wildfly-8.2.1.final/modules/system/layers/base/javax/enterprise/concurrent/api/main/jboss-concurrency-api_1.0_spec-1.0.0.Final.jar
70b09000-70b0b000 r--s 00008000 08:06 5905849    /home/lizo/dev-tools/Servers/wildfly-8.2.1.final/modules/system/layers/base/javax/batch/api/main/jboss-batch-api_1.0_spec-1.0.0.Final.jar
70b0b000-70b0c000 r--s 00001000 08:06 7883611    /home/lizo/dev-tools/Servers/wildfly-8.2.1.final/modules/system/layers/base/org/jboss/ejb3/main/jboss-ejb3-ext-api-2.1.0.jar
70b0c000-70b0f000 r--s 0000f000 08:06 7883679    /home/lizo/dev-tools/Servers/wildfly-8.2.1.final/modules/system/layers/base/org/jboss/resteasy/resteasy-multipart-provider/main/resteasy-multipart-provider-3.0.10.Final.jar
70b0f000-70b10000 r--s 00000000 08:06 7883710    /home/lizo/dev-tools/Servers/wildfly-8.2.1.final/modules/system/layers/base/org/jboss/resteasy/resteasy-multipart-provider/main/resteasy-multipart-provider-3.0.10.Final-jandex.jar
70b10000-70b11000 r--s 00003000 08:06 7883715    /home/lizo/dev-tools/Servers/wildfly-8.2.1.final/modules/system/layers/base/org/jboss/resteasy/resteasy-jaxrs/main/async-http-servlet-3.0-3.0.10.Final.jar
70b11000-70b22000 r--s 000ba000 08:06 7883680    /home/lizo/dev-tools/Servers/wildfly-8.2.1.final/modules/system/layers/base/org/jboss/resteasy/resteasy-jaxrs/main/resteasy-jaxrs-3.0.10.Final.jar
70b22000-70b26000 r--s 0001f000 08:06 7883681    /home/lizo/dev-tools/Servers/wildfly-8.2.1.final/modules/system/layers/base/org/jboss/resteasy/resteasy-jaxrs/main/resteasy-client-3.0.10.Final.jar
70b26000-70b28000 r--s 00010000 08:06 7883678    /home/lizo/dev-tools/Servers/wildfly-8.2.1.final/modules/system/layers/base/org/jboss/resteasy/resteasy-jaxb-provider/main/resteasy-jaxb-provider-3.0.10.Final.jar
70b28000-70b2e000 r--s 00027000 08:06 7481960    /home/lizo/dev-tools/Servers/wildfly-8.2.1.final/modules/system/layers/base/org/jboss/as/controller-client/main/wildfly-controller-client-8.2.1.Final.jar
70b2e000-70b31000 ---p 00000000 00:00 0 
70b31000-70b7f000 rw-p 00000000 00:00 0          [stack:9130]
70b7f000-70b80000 ---p 00000000 00:00 0 
70b80000-70c00000 rw-p 00000000 00:00 0          [stack:9127]
70c00000-70c21000 rw-p 00000000 00:00 0 
70c21000-70d00000 ---p 00000000 00:00 0 
70d00000-70d01000 r--s 00000000 08:06 7883708    /home/lizo/dev-tools/Servers/wildfly-8.2.1.final/modules/system/layers/base/org/jboss/resteasy/resteasy-jaxb-provider/main/resteasy-jaxb-provider-3.0.10.Final-jandex.jar
70d01000-70d03000 r--s 0000c000 08:06 7883578    /home/lizo/dev-tools/Servers/wildfly-8.2.1.final/modules/system/layers/base/org/jboss/logging/main/jboss-logging-3.1.4.GA.jar
70d03000-70d05000 r--s 00016000 08:06 8524670    /home/lizo/dev-tools/Servers/wildfly-8.2.1.final/modules/system/layers/base/org/jboss/dmr/main/jboss-dmr-1.2.0.Final.jar
70d05000-70d17000 r--s 000cf000 08:06 7751496    /home/lizo/dev-tools/Servers/wildfly-8.2.1.final/modules/system/layers/base/org/picketbox/main/picketbox-4.0.21.Final.jar
70d17000-70d19000 r--s 00004000 08:06 7751498    /home/lizo/dev-tools/Servers/wildfly-8.2.1.final/modules/system/layers/base/org/picketbox/main/picketbox-commons-1.0.0.final.jar
70d19000-70d27000 r--s 0008d000 08:06 7751492    /home/lizo/dev-tools/Servers/wildfly-8.2.1.final/modules/system/layers/base/org/hibernate/validator/main/hibernate-validator-5.1.3.Final.jar
70d27000-70d2a000 r--s 0000d000 08:06 7348527    /home/lizo/dev-tools/Servers/wildfly-8.2.1.final/modules/system/layers/base/javax/xml/ws/api/main/jboss-jaxws-api_2.2_spec-2.0.2.Final.jar
70d2a000-70d2c000 r--s 00007000 08:06 6167508    /home/lizo/dev-tools/Servers/wildfly-8.2.1.final/modules/system/layers/base/javax/xml/soap/api/main/jboss-saaj-api_1.3_spec-1.0.3.Final.jar
70d2c000-70d2e000 r--s 00008000 08:06 7751509    /home/lizo/dev-tools/Servers/wildfly-8.2.1.final/modules/system/layers/base/javax/xml/rpc/api/main/jboss-jaxrpc-api_1.1_spec-1.0.1.Final.jar
70d2e000-70d31000 ---p 00000000 00:00 0 
70d31000-70d7f000 rw-p 00000000 00:00 0          [stack:9129]
70d7f000-70d80000 ---p 00000000 00:00 0 
70d80000-70e00000 rw-p 00000000 00:00 0          [stack:9126]
70e00000-70e21000 rw-p 00000000 00:00 0 
70e21000-70f00000 ---p 00000000 00:00 0 
70f00000-70f03000 r--s 00017000 08:06 5905824    /home/lizo/dev-tools/Servers/wildfly-8.2.1.final/modules/system/layers/base/javax/xml/bind/api/main/jboss-jaxb-api_2.2_spec-1.0.4.Final.jar
70f03000-70f07000 r--s 0002a000 08:06 5905823    /home/lizo/dev-tools/Servers/wildfly-8.2.1.final/modules/system/layers/base/javax/wsdl4j/api/main/wsdl4j-1.6.3.jar
70f07000-70f0b000 r--s 00017000 08:06 5905841    /home/lizo/dev-tools/Servers/wildfly-8.2.1.final/modules/system/layers/base/javax/ws/rs/api/main/jaxrs-api-3.0.10.Final.jar
70f0b000-70f0f000 r--s 0000c000 08:06 5905836    /home/lizo/dev-tools/Servers/wildfly-8.2.1.final/modules/system/layers/base/javax/validation/api/main/validation-api-1.1.0.Final.jar
70f0f000-70f18000 r--s 00063000 08:06 4731865    /home/lizo/dev-tools/Servers/wildfly-8.2.1.final/modules/system/layers/base/javax/servlet/jstl/api/main/jboss-jstl-api_1.2_spec-1.1.2.Final.jar
70f18000-70f1b000 r--s 0000c000 08:06 4070385    /home/lizo/dev-tools/Servers/wildfly-8.2.1.final/modules/system/layers/base/javax/servlet/jsp/api/main/jboss-jsp-api_2.3_spec-1.0.1.Final.jar
70f1b000-70f1f000 r--s 0002b000 08:06 8264440    /home/lizo/dev-tools/Servers/wildfly-8.2.1.final/modules/system/layers/base/javax/servlet/api/main/jboss-servlet-api_3.1_spec-1.0.0.Final.jar
70f1f000-70f34000 r--s 000e6000 08:06 5383671    /home/lizo/dev-tools/Servers/wildfly-8.2.1.final/modules/system/layers/base/javax/rmi/api/main/jboss-rmi-api_1.0_spec-1.0.4.Final.jar
70f34000-70f7f000 rw-p 00000000 00:00 0 
70f7f000-70f80000 ---p 00000000 00:00 0 
70f80000-71000000 rw-p 00000000 00:00 0          [stack:9125]
71000000-71021000 rw-p 00000000 00:00 0 
71021000-71100000 ---p 00000000 00:00 0 
71100000-71101000 r--s 00005000 08:06 7751497    /home/lizo/dev-tools/Servers/wildfly-8.2.1.final/modules/system/layers/base/org/picketbox/main/picketbox-infinispan-4.0.21.Final.jar
71101000-71102000 r--s 00006000 08:06 5774855    /home/lizo/dev-tools/Servers/wildfly-8.2.1.final/modules/system/layers/base/javax/transaction/api/main/jboss-transaction-api_1.2_spec-1.0.0.Final.jar
71102000-71103000 r--s 00008000 08:06 5905827    /home/lizo/dev-tools/Servers/wildfly-8.2.1.final/modules/system/layers/base/javax/security/jacc/api/main/jboss-jacc-api_1.5_spec-1.0.0.Final.jar
71103000-71108000 r--s 00017000 08:06 7213788    /home/lizo/dev-tools/Servers/wildfly-8.2.1.final/modules/system/layers/base/javax/persistence/api/main/hibernate-jpa-2.1-api-1.0.0.Final.jar
71108000-71163000 rw-p 00000000 00:00 0 
71163000-71164000 ---p 00000000 00:00 0 
71164000-711f9000 rw-p 00000000 00:00 0          [stack:9124]
711f9000-7132f000 rw-p 00000000 00:00 0 
7132f000-71338000 rw-p 00000000 00:00 0 
71338000-7134f000 rw-p 00000000 00:00 0 
7134f000-71364000 rw-p 00000000 00:00 0 
71364000-71499000 rw-p 00000000 00:00 0 
71499000-714c0000 rw-p 00000000 00:00 0 
714c0000-7153f000 rw-p 00000000 00:00 0 
7153f000-72600000 rw-p 00000000 00:00 0 
72600000-75540000 rw-p 00000000 00:00 0 
75540000-77e80000 rw-p 00000000 00:00 0 
77e80000-9ea80000 rw-p 00000000 00:00 0 
9ea80000-a3700000 rw-p 00000000 00:00 0 
a5e62000-a6080000 rw-p 00000000 00:00 0 
a6080000-b3540000 rw-p 00000000 00:00 0 
b3540000-b3549000 rw-p 00000000 00:00 0 
b3549000-b3600000 rw-p 00000000 00:00 0 
b3600000-b3840000 rwxp 00000000 00:00 0 
b3840000-b66fc000 rw-p 00000000 00:00 0 
b66fc000-b6700000 ---p 00000000 00:00 0 
b6700000-b6703000 r--s 0000f000 08:06 7610747    /home/lizo/dev-tools/Servers/wildfly-8.2.1.final/modules/system/layers/base/javax/resource/api/main/jboss-connector-api_1.7_spec-1.0.0.Final.jar
b6703000-b6706000 r--s 00002000 08:06 5905833    /home/lizo/dev-tools/Servers/wildfly-8.2.1.final/modules/system/layers/base/javax/management/j2ee/api/main/jboss-j2eemgmt-api_1.1_spec-1.0.1.Final.jar
b6706000-b670e000 r--s 0007e000 08:06 5905842    /home/lizo/dev-tools/Servers/wildfly-8.2.1.final/modules/system/layers/base/javax/mail/api/main/javax.mail-1.5.1.jar
b670e000-b671b000 r--s 000a3000 08:06 5905840    /home/lizo/dev-tools/Servers/wildfly-8.2.1.final/modules/system/layers/base/javax/faces/api/main/jboss-jsf-api_2.2_spec-2.2.8.jar
b671b000-b673d000 rw-p 00000000 00:00 0 
b673d000-b6754000 rw-p 00000000 00:00 0 
b6754000-b676b000 r-xp 00000000 08:06 3146877    /usr/local/java/jdk1.7.0_76/jre/lib/i386/libzip.so
b676b000-b676c000 rw-p 00017000 08:06 3146877    /usr/local/java/jdk1.7.0_76/jre/lib/i386/libzip.so
b676c000-b6777000 r-xp 00000000 08:06 7471296    /lib/i386-linux-gnu/libnss_files-2.15.so
b6777000-b6778000 r--p 0000a000 08:06 7471296    /lib/i386-linux-gnu/libnss_files-2.15.so
b6778000-b6779000 rw-p 0000b000 08:06 7471296    /lib/i386-linux-gnu/libnss_files-2.15.so
b6779000-b6783000 r-xp 00000000 08:06 7471151    /lib/i386-linux-gnu/libnss_nis-2.15.so
b6783000-b6784000 r--p 00009000 08:06 7471151    /lib/i386-linux-gnu/libnss_nis-2.15.so
b6784000-b6785000 rw-p 0000a000 08:06 7471151    /lib/i386-linux-gnu/libnss_nis-2.15.so
b6785000-b679b000 r-xp 00000000 08:06 7471288    /lib/i386-linux-gnu/libnsl-2.15.so
b679b000-b679c000 r--p 00015000 08:06 7471288    /lib/i386-linux-gnu/libnsl-2.15.so
b679c000-b679d000 rw-p 00016000 08:06 7471288    /lib/i386-linux-gnu/libnsl-2.15.so
b679d000-b679f000 rw-p 00000000 00:00 0 
b679f000-b67a6000 r-xp 00000000 08:06 7471146    /lib/i386-linux-gnu/libnss_compat-2.15.so
b67a6000-b67a7000 r--p 00006000 08:06 7471146    /lib/i386-linux-gnu/libnss_compat-2.15.so
b67a7000-b67a8000 rw-p 00007000 08:06 7471146    /lib/i386-linux-gnu/libnss_compat-2.15.so
b67a8000-b67aa000 r--s 00007000 08:06 5905825    /home/lizo/dev-tools/Servers/wildfly-8.2.1.final/modules/system/layers/base/javax/security/auth/message/api/main/jboss-jaspi-api_1.1_spec-1.0.0.Final.jar
b67aa000-b67ab000 r--s 00001000 08:06 8393636    /home/lizo/dev-tools/Servers/wildfly-8.2.1.final/modules/system/layers/base/javax/jws/api/main/jsr181-api-1.0-MR1.jar
b67ab000-b67ae000 r--s 0000a000 08:06 5905845    /home/lizo/dev-tools/Servers/wildfly-8.2.1.final/modules/system/layers/base/javax/jms/api/main/jboss-jms-api_2.0_spec-1.0.0.Final.jar
b67ae000-b67af000 r--s 00003000 08:06 5905838    /home/lizo/dev-tools/Servers/wildfly-8.2.1.final/modules/system/layers/base/javax/interceptor/api/main/jboss-interceptors-api_1.2_spec-1.0.0.Final.jar
b67af000-b67b0000 r--s 00000000 08:06 5905854    /home/lizo/dev-tools/Servers/wildfly-8.2.1.final/modules/system/layers/base/javax/inject/api/main/javax.inject-1.jar
b67b0000-b67b4000 r--s 0000e000 08:06 5905822    /home/lizo/dev-tools/Servers/wildfly-8.2.1.final/modules/system/layers/base/javax/enterprise/api/main/cdi-api-1.1.jar
b67b4000-b67b7000 r--s 00012000 08:06 8136609    /home/lizo/dev-tools/Servers/wildfly-8.2.1.final/modules/system/layers/base/javax/el/api/main/jboss-el-api_3.0_spec-1.0.3.Final.jar
b67b7000-b67ba000 r--s 0000a000 08:06 6832818    /home/lizo/dev-tools/Servers/wildfly-8.2.1.final/modules/system/layers/base/javax/ejb/api/main/jboss-ejb-api_3.2_spec-1.0.0.Final.jar
b67ba000-b67bb000 r--s 00004000 08:06 4210352    /home/lizo/dev-tools/Servers/wildfly-8.2.1.final/modules/system/layers/base/javax/annotation/api/main/jboss-annotations-api_1.2_spec-1.0.0.Final.jar
b67bb000-b67bd000 r--s 0000f000 08:06 4992102    /home/lizo/dev-tools/Servers/wildfly-8.2.1.final/modules/system/layers/base/javax/activation/api/main/activation-1.1.1.jar
b67bd000-b67be000 r--p 005e1000 08:06 6822382    /usr/lib/locale/locale-archive
b67be000-b67e1000 r-xp 00000000 08:06 3146891    /usr/local/java/jdk1.7.0_76/jre/lib/i386/libjava.so
b67e1000-b67e2000 rw-p 00023000 08:06 3146891    /usr/local/java/jdk1.7.0_76/jre/lib/i386/libjava.so
b67e2000-b67e9000 r-xp 00000000 08:06 7471133    /lib/i386-linux-gnu/librt-2.15.so
b67e9000-b67ea000 r--p 00006000 08:06 7471133    /lib/i386-linux-gnu/librt-2.15.so
b67ea000-b67eb000 rw-p 00007000 08:06 7471133    /lib/i386-linux-gnu/librt-2.15.so
b67eb000-b67ee000 ---p 00000000 00:00 0 
b67ee000-b683c000 rw-p 00000000 00:00 0          [stack:9123]
b683c000-b6866000 r-xp 00000000 08:06 7471285    /lib/i386-linux-gnu/libm-2.15.so
b6866000-b6867000 r--p 00029000 08:06 7471285    /lib/i386-linux-gnu/libm-2.15.so
b6867000-b6868000 rw-p 0002a000 08:06 7471285    /lib/i386-linux-gnu/libm-2.15.so
b6868000-b70ef000 r-xp 00000000 08:06 3146876    /usr/local/java/jdk1.7.0_76/jre/lib/i386/server/libjvm.so
b70ef000-b7154000 rw-p 00886000 08:06 3146876    /usr/local/java/jdk1.7.0_76/jre/lib/i386/server/libjvm.so
b7154000-b7577000 rw-p 00000000 00:00 0 
b7577000-b771a000 r-xp 00000000 08:06 7471196    /lib/i386-linux-gnu/libc-2.15.so
b771a000-b771b000 ---p 001a3000 08:06 7471196    /lib/i386-linux-gnu/libc-2.15.so
b771b000-b771d000 r--p 001a3000 08:06 7471196    /lib/i386-linux-gnu/libc-2.15.so
b771d000-b771e000 rw-p 001a5000 08:06 7471196    /lib/i386-linux-gnu/libc-2.15.so
b771e000-b7721000 rw-p 00000000 00:00 0 
b7721000-b7724000 r-xp 00000000 08:06 7471255    /lib/i386-linux-gnu/libdl-2.15.so
b7724000-b7725000 r--p 00002000 08:06 7471255    /lib/i386-linux-gnu/libdl-2.15.so
b7725000-b7726000 rw-p 00003000 08:06 7471255    /lib/i386-linux-gnu/libdl-2.15.so
b7726000-b7739000 r-xp 00000000 08:06 3148168    /usr/local/java/jdk1.7.0_76/lib/i386/jli/libjli.so
b7739000-b773a000 rw-p 00012000 08:06 3148168    /usr/local/java/jdk1.7.0_76/lib/i386/jli/libjli.so
b773a000-b773b000 rw-p 00000000 00:00 0 
b773b000-b7752000 r-xp 00000000 08:06 7471202    /lib/i386-linux-gnu/libpthread-2.15.so
b7752000-b7753000 r--p 00016000 08:06 7471202    /lib/i386-linux-gnu/libpthread-2.15.so
b7753000-b7754000 rw-p 00017000 08:06 7471202    /lib/i386-linux-gnu/libpthread-2.15.so
b7754000-b7756000 rw-p 00000000 00:00 0 
b7756000-b775e000 rw-s 00000000 08:06 8526445    /tmp/hsperfdata_lizo/9118
b775e000-b775f000 rw-p 00000000 00:00 0 
b775f000-b7760000 ---p 00000000 00:00 0 
b7760000-b776b000 r-xp 00000000 08:06 3146881    /usr/local/java/jdk1.7.0_76/jre/lib/i386/libverify.so
b776b000-b776c000 rw-p 0000b000 08:06 3146881    /usr/local/java/jdk1.7.0_76/jre/lib/i386/libverify.so
b776c000-b776e000 rw-p 00000000 00:00 0 
b776e000-b776f000 r-xp 00000000 00:00 0          [vdso]
b776f000-b778f000 r-xp 00000000 08:06 7471141    /lib/i386-linux-gnu/ld-2.15.so
b778f000-b7790000 r--p 0001f000 08:06 7471141    /lib/i386-linux-gnu/ld-2.15.so
b7790000-b7791000 rw-p 00020000 08:06 7471141    /lib/i386-linux-gnu/ld-2.15.so
bfac9000-bfaca000 rwxp 00000000 00:00 0 
bfaf9000-bfb1d000 rw-p 00000000 00:00 0          [stack]

VM Arguments:
jvm_args: -Dfile.encoding=UTF-8 
java_command: infosource.starters.MainApp
Launcher Type: SUN_STANDARD

Environment Variables:
PATH=/usr/lib/lightdm/lightdm:/usr/local/sbin:/usr/local/bin:/usr/sbin:/usr/bin:/sbin:/bin:/usr/games
LD_LIBRARY_PATH=/usr/local/java/jdk1.7.0_76/jre/lib/i386/server:/usr/local/java/jdk1.7.0_76/jre/lib/i386:/usr/local/java/jdk1.7.0_76/jre/../lib/i386:/usr/local/java/jdk1.7.0_76/jre/lib/i386/client:/usr/local/java/jdk1.7.0_76/jre/lib/i386:
SHELL=/bin/bash
DISPLAY=:0.0

Signal Handlers:
SIGSEGV: [libjvm.so+0x7eb660], sa_mask[0]=0x7ffbfeff, sa_flags=0x10000004
SIGBUS: [libjvm.so+0x7eb660], sa_mask[0]=0x7ffbfeff, sa_flags=0x10000004
SIGFPE: [libjvm.so+0x6835c0], sa_mask[0]=0x7ffbfeff, sa_flags=0x10000004
SIGPIPE: [libjvm.so+0x6835c0], sa_mask[0]=0x7ffbfeff, sa_flags=0x10000004
SIGXFSZ: [libjvm.so+0x6835c0], sa_mask[0]=0x7ffbfeff, sa_flags=0x10000004
SIGILL: [libjvm.so+0x6835c0], sa_mask[0]=0x7ffbfeff, sa_flags=0x10000004
SIGUSR1: SIG_DFL, sa_mask[0]=0x00000000, sa_flags=0x00000000
SIGUSR2: [libjvm.so+0x684dc0], sa_mask[0]=0x00000004, sa_flags=0x10000004
SIGHUP: [libjvm.so+0x6860f0], sa_mask[0]=0x7ffbfeff, sa_flags=0x10000004
SIGINT: [libjvm.so+0x6860f0], sa_mask[0]=0x7ffbfeff, sa_flags=0x10000004
SIGTERM: [libjvm.so+0x6860f0], sa_mask[0]=0x7ffbfeff, sa_flags=0x10000004
SIGQUIT: [libjvm.so+0x6860f0], sa_mask[0]=0x7ffbfeff, sa_flags=0x10000004


---------------  S Y S T E M  ---------------

OS:wheezy/sid

uname:Linux 3.13.0-46-generic #77~precise1-Ubuntu SMP Mon Mar 2 23:25:21 UTC 2015 i686
libc:glibc 2.15 NPTL 2.15 
rlimit: STACK 8192k, CORE 0k, NPROC 31591, NOFILE 4096, AS infinity
load average:0,65 0,34 0,26

/proc/meminfo:
MemTotal:        4062756 kB
MemFree:          238088 kB
Buffers:             896 kB
Cached:           176544 kB
SwapCached:            0 kB
Active:          3550880 kB
Inactive:         157656 kB
Active(anon):    3533344 kB
Inactive(anon):   142576 kB
Active(file):      17536 kB
Inactive(file):    15080 kB
Unevictable:           0 kB
Mlocked:               0 kB
HighTotal:       3214088 kB
HighFree:          69408 kB
LowTotal:         848668 kB
LowFree:          168680 kB
SwapTotal:             0 kB
SwapFree:              0 kB
Dirty:               148 kB
Writeback:             0 kB
AnonPages:       3535276 kB
Mapped:            84908 kB
Shmem:            144740 kB
Slab:              51856 kB
SReclaimable:      25232 kB
SUnreclaim:        26624 kB
KernelStack:        8152 kB
PageTables:        18884 kB
NFS_Unstable:          0 kB
Bounce:                0 kB
WritebackTmp:          0 kB
CommitLimit:     2031376 kB
Committed_AS:    8410084 kB
VmallocTotal:     122880 kB
VmallocUsed:       17348 kB
VmallocChunk:     100496 kB
HardwareCorrupted:     0 kB
AnonHugePages:   2711552 kB
HugePages_Total:       0
HugePages_Free:        0
HugePages_Rsvd:        0
HugePages_Surp:        0
Hugepagesize:       2048 kB
DirectMap4k:       30712 kB
DirectMap2M:      882688 kB


CPU:total 4 (2 cores per cpu, 2 threads per core) family 6 model 42 stepping 7, cmov, cx8, fxsr, mmx, sse, sse2, sse3, ssse3, sse4.1, sse4.2, popcnt, avx, aes, ht, tsc, tscinvbit

/proc/cpuinfo:
processor	: 0
vendor_id	: GenuineIntel
cpu family	: 6
model		: 42
model name	: Intel(R) Core(TM) i5-2430M CPU @ 2.40GHz
stepping	: 7
microcode	: 0x14
cpu MHz		: 800.000
cache size	: 3072 KB
physical id	: 0
siblings	: 4
core id		: 0
cpu cores	: 2
apicid		: 0
initial apicid	: 0
fdiv_bug	: no
f00f_bug	: no
coma_bug	: no
fpu		: yes
fpu_exception	: yes
cpuid level	: 13
wp		: yes
flags		: fpu vme de pse tsc msr pae mce cx8 apic sep mtrr pge mca cmov pat pse36 clflush dts acpi mmx fxsr sse sse2 ss ht tm pbe nx rdtscp lm constant_tsc arch_perfmon pebs bts xtopology nonstop_tsc aperfmperf eagerfpu pni pclmulqdq dtes64 monitor ds_cpl vmx est tm2 ssse3 cx16 xtpr pdcm pcid sse4_1 sse4_2 x2apic popcnt tsc_deadline_timer aes xsave avx lahf_lm ida arat epb xsaveopt pln pts dtherm tpr_shadow vnmi flexpriority ept vpid
bogomips	: 4788.84
clflush size	: 64
cache_alignment	: 64
address sizes	: 36 bits physical, 48 bits virtual
power management:

processor	: 1
vendor_id	: GenuineIntel
cpu family	: 6
model		: 42
model name	: Intel(R) Core(TM) i5-2430M CPU @ 2.40GHz
stepping	: 7
microcode	: 0x14
cpu MHz		: 1600.000
cache size	: 3072 KB
physical id	: 0
siblings	: 4
core id		: 0
cpu cores	: 2
apicid		: 1
initial apicid	: 1
fdiv_bug	: no
f00f_bug	: no
coma_bug	: no
fpu		: yes
fpu_exception	: yes
cpuid level	: 13
wp		: yes
flags		: fpu vme de pse tsc msr pae mce cx8 apic sep mtrr pge mca cmov pat pse36 clflush dts acpi mmx fxsr sse sse2 ss ht tm pbe nx rdtscp lm constant_tsc arch_perfmon pebs bts xtopology nonstop_tsc aperfmperf eagerfpu pni pclmulqdq dtes64 monitor ds_cpl vmx est tm2 ssse3 cx16 xtpr pdcm pcid sse4_1 sse4_2 x2apic popcnt tsc_deadline_timer aes xsave avx lahf_lm ida arat epb xsaveopt pln pts dtherm tpr_shadow vnmi flexpriority ept vpid
bogomips	: 4788.84
clflush size	: 64
cache_alignment	: 64
address sizes	: 36 bits physical, 48 bits virtual
power management:

processor	: 2
vendor_id	: GenuineIntel
cpu family	: 6
model		: 42
model name	: Intel(R) Core(TM) i5-2430M CPU @ 2.40GHz
stepping	: 7
microcode	: 0x14
cpu MHz		: 2401.000
cache size	: 3072 KB
physical id	: 0
siblings	: 4
core id		: 1
cpu cores	: 2
apicid		: 2
initial apicid	: 2
fdiv_bug	: no
f00f_bug	: no
coma_bug	: no
fpu		: yes
fpu_exception	: yes
cpuid level	: 13
wp		: yes
flags		: fpu vme de pse tsc msr pae mce cx8 apic sep mtrr pge mca cmov pat pse36 clflush dts acpi mmx fxsr sse sse2 ss ht tm pbe nx rdtscp lm constant_tsc arch_perfmon pebs bts xtopology nonstop_tsc aperfmperf eagerfpu pni pclmulqdq dtes64 monitor ds_cpl vmx est tm2 ssse3 cx16 xtpr pdcm pcid sse4_1 sse4_2 x2apic popcnt tsc_deadline_timer aes xsave avx lahf_lm ida arat epb xsaveopt pln pts dtherm tpr_shadow vnmi flexpriority ept vpid
bogomips	: 4788.84
clflush size	: 64
cache_alignment	: 64
address sizes	: 36 bits physical, 48 bits virtual
power management:

processor	: 3
vendor_id	: GenuineIntel
cpu family	: 6
model		: 42
model name	: Intel(R) Core(TM) i5-2430M CPU @ 2.40GHz
stepping	: 7
microcode	: 0x14
cpu MHz		: 800.000
cache size	: 3072 KB
physical id	: 0
siblings	: 4
core id		: 1
cpu cores	: 2
apicid		: 3
initial apicid	: 3
fdiv_bug	: no
f00f_bug	: no
coma_bug	: no
fpu		: yes
fpu_exception	: yes
cpuid level	: 13
wp		: yes
flags		: fpu vme de pse tsc msr pae mce cx8 apic sep mtrr pge mca cmov pat pse36 clflush dts acpi mmx fxsr sse sse2 ss ht tm pbe nx rdtscp lm constant_tsc arch_perfmon pebs bts xtopology nonstop_tsc aperfmperf eagerfpu pni pclmulqdq dtes64 monitor ds_cpl vmx est tm2 ssse3 cx16 xtpr pdcm pcid sse4_1 sse4_2 x2apic popcnt tsc_deadline_timer aes xsave avx lahf_lm ida arat epb xsaveopt pln pts dtherm tpr_shadow vnmi flexpriority ept vpid
bogomips	: 4788.84
clflush size	: 64
cache_alignment	: 64
address sizes	: 36 bits physical, 48 bits virtual
power management:



Memory: 4k page, physical 4062756k(238088k free), swap 0k(0k free)

vm_info: Java HotSpot(TM) Server VM (24.76-b04) for linux-x86 JRE (1.7.0_76-b13), built on Dec 18 2014 17:29:38 by "java_re" with gcc 4.3.0 20080428 (Red Hat 4.3.0-8)

time: Wed May 18 20:36:47 2016
elapsed time: 7 seconds

