#
# There is insufficient memory for the Java Runtime Environment to continue.
# Native memory allocation (malloc) failed to allocate 43253760 bytes for committing reserved memory.
# Possible reasons:
#   The system is out of physical RAM or swap space
#   In 32 bit mode, the process size limit was hit
# Possible solutions:
#   Reduce memory load on the system
#   Increase physical memory or swap space
#   Check if swap backing store is full
#   Use 64 bit Java on a 64 bit OS
#   Decrease Java heap size (-Xmx/-Xms)
#   Decrease number of Java threads
#   Decrease Java thread stack sizes (-Xss)
#   Set larger code cache with -XX:ReservedCodeCacheSize=
# This output file may be truncated or incomplete.
#
#  Out of Memory Error (os_linux.cpp:2756), pid=5280, tid=3062139712
#
# JRE version:  (7.0_76-b13) (build )
# Java VM: Java HotSpot(TM) Server VM (24.76-b04 mixed mode linux-x86 )
# Failed to write core dump. Core dumps have been disabled. To enable core dumping, try "ulimit -c unlimited" before starting Java again
#

---------------  T H R E A D  ---------------

Current thread (0xb660d400):  JavaThread "Unknown thread" [_thread_in_vm, id=5286, stack(0xb67f8000,0xb6849000)]

Stack: [0xb67f8000,0xb6849000],  sp=0xb6847b30,  free space=318k
Native frames: (J=compiled Java code, j=interpreted, Vv=VM code, C=native code)
V  [libjvm.so+0x7eab56]  VMError::report_and_die()+0x1a6
V  [libjvm.so+0x33e222]  report_vm_out_of_memory(char const*, int, unsigned int, char const*)+0x72
V  [libjvm.so+0x686a41]  os::Linux::commit_memory_impl(char*, unsigned int, bool)+0xe1
V  [libjvm.so+0x686f08]  os::pd_commit_memory(char*, unsigned int, unsigned int, bool)+0x28
V  [libjvm.so+0x68064c]  os::commit_memory(char*, unsigned int, unsigned int, bool)+0x2c
V  [libjvm.so+0x6eaed8]  PSVirtualSpace::expand_by(unsigned int)+0x48
V  [libjvm.so+0x6dccdd]  PSOldGen::initialize(ReservedSpace, unsigned int, char const*, int)+0x7d
V  [libjvm.so+0x187df6]  AdjoiningGenerations::AdjoiningGenerations(ReservedSpace, unsigned int, unsigned int, unsigned int, unsigned int, unsigned int, unsigned int, unsigned int)+0x2a6
V  [libjvm.so+0x6a6604]  ParallelScavengeHeap::initialize()+0x3b4
V  [libjvm.so+0x7bd6f4]  Universe::initialize_heap()+0xa4
V  [libjvm.so+0x7bed25]  universe_init()+0x55
V  [libjvm.so+0x4518d5]  init_globals()+0x55
V  [libjvm.so+0x7a78f0]  Threads::create_vm(JavaVMInitArgs*, bool*)+0x200
V  [libjvm.so+0x4c469c]  JNI_CreateJavaVM+0x5c
C  [libjli.so+0x2668]  JavaMain+0x98
C  [libpthread.so.0+0x6d4c]  start_thread+0xcc


---------------  P R O C E S S  ---------------

Java Threads: ( => current thread )

Other Threads:

=>0xb660d400 (exited) JavaThread "Unknown thread" [_thread_in_vm, id=5286, stack(0xb67f8000,0xb6849000)]

VM state:not at safepoint (not fully initialized)

VM Mutex/Monitor currently owned by a thread: None

GC Heap History (0 events):
No events

Deoptimization events (0 events):
No events

Internal exceptions (0 events):
No events

Events (0 events):
No events


Dynamic libraries:
08048000-08049000 r-xp 00000000 08:06 3148208    /usr/local/java/jdk1.7.0_76/bin/java
08049000-0804a000 rw-p 00000000 08:06 3148208    /usr/local/java/jdk1.7.0_76/bin/java
08a19000-08a3a000 rw-p 00000000 00:00 0          [heap]
7132f000-71499000 rw-p 00000000 00:00 0 
71499000-714a4000 rw-p 00000000 00:00 0 
714a4000-7153f000 rw-p 00000000 00:00 0 
7153f000-71540000 rw-p 00000000 00:00 0 
71540000-75540000 rw-p 00000000 00:00 0 
77c64000-77e80000 rw-p 00000000 00:00 0 
77e80000-9ea80000 rw-p 00000000 00:00 0 
9ea80000-9ff40000 rw-p 00000000 00:00 0 
9ff40000-b3540000 rw-p 00000000 00:00 0 
b3540000-b3549000 rw-p 00000000 00:00 0 
b3549000-b3600000 rw-p 00000000 00:00 0 
b3600000-b3840000 rwxp 00000000 00:00 0 
b3840000-b6626000 rw-p 00000000 00:00 0 
b6626000-b6700000 ---p 00000000 00:00 0 
b6761000-b6778000 r-xp 00000000 08:06 3146877    /usr/local/java/jdk1.7.0_76/jre/lib/i386/libzip.so
b6778000-b6779000 rw-p 00017000 08:06 3146877    /usr/local/java/jdk1.7.0_76/jre/lib/i386/libzip.so
b6779000-b6784000 r-xp 00000000 08:06 7471296    /lib/i386-linux-gnu/libnss_files-2.15.so
b6784000-b6785000 r--p 0000a000 08:06 7471296    /lib/i386-linux-gnu/libnss_files-2.15.so
b6785000-b6786000 rw-p 0000b000 08:06 7471296    /lib/i386-linux-gnu/libnss_files-2.15.so
b6786000-b6790000 r-xp 00000000 08:06 7471151    /lib/i386-linux-gnu/libnss_nis-2.15.so
b6790000-b6791000 r--p 00009000 08:06 7471151    /lib/i386-linux-gnu/libnss_nis-2.15.so
b6791000-b6792000 rw-p 0000a000 08:06 7471151    /lib/i386-linux-gnu/libnss_nis-2.15.so
b6792000-b67a8000 r-xp 00000000 08:06 7471288    /lib/i386-linux-gnu/libnsl-2.15.so
b67a8000-b67a9000 r--p 00015000 08:06 7471288    /lib/i386-linux-gnu/libnsl-2.15.so
b67a9000-b67aa000 rw-p 00016000 08:06 7471288    /lib/i386-linux-gnu/libnsl-2.15.so
b67aa000-b67ac000 rw-p 00000000 00:00 0 
b67ac000-b67b3000 r-xp 00000000 08:06 7471146    /lib/i386-linux-gnu/libnss_compat-2.15.so
b67b3000-b67b4000 r--p 00006000 08:06 7471146    /lib/i386-linux-gnu/libnss_compat-2.15.so
b67b4000-b67b5000 rw-p 00007000 08:06 7471146    /lib/i386-linux-gnu/libnss_compat-2.15.so
b67c8000-b67cb000 rw-p 00000000 00:00 0 
b67cb000-b67ee000 r-xp 00000000 08:06 3146891    /usr/local/java/jdk1.7.0_76/jre/lib/i386/libjava.so
b67ee000-b67ef000 rw-p 00023000 08:06 3146891    /usr/local/java/jdk1.7.0_76/jre/lib/i386/libjava.so
b67ef000-b67f6000 r-xp 00000000 08:06 7471133    /lib/i386-linux-gnu/librt-2.15.so
b67f6000-b67f7000 r--p 00006000 08:06 7471133    /lib/i386-linux-gnu/librt-2.15.so
b67f7000-b67f8000 rw-p 00007000 08:06 7471133    /lib/i386-linux-gnu/librt-2.15.so
b67f8000-b67fb000 ---p 00000000 00:00 0 
b67fb000-b6849000 rw-p 00000000 00:00 0          [stack:5286]
b6849000-b6873000 r-xp 00000000 08:06 7471285    /lib/i386-linux-gnu/libm-2.15.so
b6873000-b6874000 r--p 00029000 08:06 7471285    /lib/i386-linux-gnu/libm-2.15.so
b6874000-b6875000 rw-p 0002a000 08:06 7471285    /lib/i386-linux-gnu/libm-2.15.so
b6875000-b70fc000 r-xp 00000000 08:06 3146876    /usr/local/java/jdk1.7.0_76/jre/lib/i386/server/libjvm.so
b70fc000-b7161000 rw-p 00886000 08:06 3146876    /usr/local/java/jdk1.7.0_76/jre/lib/i386/server/libjvm.so
b7161000-b7584000 rw-p 00000000 00:00 0 
b7584000-b7727000 r-xp 00000000 08:06 7471196    /lib/i386-linux-gnu/libc-2.15.so
b7727000-b7728000 ---p 001a3000 08:06 7471196    /lib/i386-linux-gnu/libc-2.15.so
b7728000-b772a000 r--p 001a3000 08:06 7471196    /lib/i386-linux-gnu/libc-2.15.so
b772a000-b772b000 rw-p 001a5000 08:06 7471196    /lib/i386-linux-gnu/libc-2.15.so
b772b000-b772e000 rw-p 00000000 00:00 0 
b772e000-b7731000 r-xp 00000000 08:06 7471255    /lib/i386-linux-gnu/libdl-2.15.so
b7731000-b7732000 r--p 00002000 08:06 7471255    /lib/i386-linux-gnu/libdl-2.15.so
b7732000-b7733000 rw-p 00003000 08:06 7471255    /lib/i386-linux-gnu/libdl-2.15.so
b7733000-b7746000 r-xp 00000000 08:06 3148168    /usr/local/java/jdk1.7.0_76/lib/i386/jli/libjli.so
b7746000-b7747000 rw-p 00012000 08:06 3148168    /usr/local/java/jdk1.7.0_76/lib/i386/jli/libjli.so
b7747000-b7748000 rw-p 00000000 00:00 0 
b7748000-b775f000 r-xp 00000000 08:06 7471202    /lib/i386-linux-gnu/libpthread-2.15.so
b775f000-b7760000 r--p 00016000 08:06 7471202    /lib/i386-linux-gnu/libpthread-2.15.so
b7760000-b7761000 rw-p 00017000 08:06 7471202    /lib/i386-linux-gnu/libpthread-2.15.so
b7761000-b7763000 rw-p 00000000 00:00 0 
b7763000-b776b000 rw-s 00000000 08:06 8526617    /tmp/hsperfdata_lizo/5280
b776b000-b776c000 rw-p 00000000 00:00 0 
b776c000-b776d000 r--p 00000000 00:00 0 
b776d000-b7778000 r-xp 00000000 08:06 3146881    /usr/local/java/jdk1.7.0_76/jre/lib/i386/libverify.so
b7778000-b7779000 rw-p 0000b000 08:06 3146881    /usr/local/java/jdk1.7.0_76/jre/lib/i386/libverify.so
b7779000-b777b000 rw-p 00000000 00:00 0 
b777b000-b777c000 r-xp 00000000 00:00 0          [vdso]
b777c000-b779c000 r-xp 00000000 08:06 7471141    /lib/i386-linux-gnu/ld-2.15.so
b779c000-b779d000 r--p 0001f000 08:06 7471141    /lib/i386-linux-gnu/ld-2.15.so
b779d000-b779e000 rw-p 00020000 08:06 7471141    /lib/i386-linux-gnu/ld-2.15.so
bff9c000-bff9d000 rwxp 00000000 00:00 0 
bffcc000-bfff0000 rw-p 00000000 00:00 0          [stack]

VM Arguments:
jvm_args: -Dfile.encoding=UTF-8 
java_command: infosource.starters.MainApp
Launcher Type: SUN_STANDARD

Environment Variables:
PATH=/usr/lib/lightdm/lightdm:/usr/local/sbin:/usr/local/bin:/usr/sbin:/usr/bin:/sbin:/bin:/usr/games
LD_LIBRARY_PATH=/usr/local/java/jdk1.7.0_76/jre/lib/i386/server:/usr/local/java/jdk1.7.0_76/jre/lib/i386:/usr/local/java/jdk1.7.0_76/jre/../lib/i386:/usr/local/java/jdk1.7.0_76/jre/lib/i386/client:/usr/local/java/jdk1.7.0_76/jre/lib/i386:
SHELL=/bin/bash
DISPLAY=:0.0

Signal Handlers:
SIGSEGV: [libjvm.so+0x7eb660], sa_mask[0]=0x7ffbfeff, sa_flags=0x10000004
SIGBUS: [libjvm.so+0x7eb660], sa_mask[0]=0x7ffbfeff, sa_flags=0x10000004
SIGFPE: [libjvm.so+0x6835c0], sa_mask[0]=0x7ffbfeff, sa_flags=0x10000004
SIGPIPE: [libjvm.so+0x6835c0], sa_mask[0]=0x7ffbfeff, sa_flags=0x10000004
SIGXFSZ: [libjvm.so+0x6835c0], sa_mask[0]=0x7ffbfeff, sa_flags=0x10000004
SIGILL: [libjvm.so+0x6835c0], sa_mask[0]=0x7ffbfeff, sa_flags=0x10000004
SIGUSR1: SIG_DFL, sa_mask[0]=0x00000000, sa_flags=0x00000000
SIGUSR2: [libjvm.so+0x684dc0], sa_mask[0]=0x00000004, sa_flags=0x10000004
SIGHUP: SIG_DFL, sa_mask[0]=0x00000000, sa_flags=0x00000000
SIGINT: SIG_DFL, sa_mask[0]=0x00000000, sa_flags=0x00000000
SIGTERM: SIG_DFL, sa_mask[0]=0x00000000, sa_flags=0x00000000
SIGQUIT: SIG_DFL, sa_mask[0]=0x00000000, sa_flags=0x00000000


---------------  S Y S T E M  ---------------

OS:wheezy/sid

uname:Linux 3.13.0-46-generic #77~precise1-Ubuntu SMP Mon Mar 2 23:25:21 UTC 2015 i686
libc:glibc 2.15 NPTL 2.15 
rlimit: STACK 8192k, CORE 0k, NPROC 31591, NOFILE 4096, AS infinity
load average:0.72 0.54 0.75

/proc/meminfo:
MemTotal:        4062756 kB
MemFree:          221780 kB
Buffers:            4344 kB
Cached:           242288 kB
SwapCached:            0 kB
Active:          3507440 kB
Inactive:         214876 kB
Active(anon):    3477172 kB
Inactive(anon):   188724 kB
Active(file):      30268 kB
Inactive(file):    26152 kB
Unevictable:          32 kB
Mlocked:              32 kB
HighTotal:       3214088 kB
HighFree:          65440 kB
LowTotal:         848668 kB
LowFree:          156340 kB
SwapTotal:             0 kB
SwapFree:              0 kB
Dirty:               240 kB
Writeback:             0 kB
AnonPages:       3475628 kB
Mapped:           145608 kB
Shmem:            190168 kB
Slab:              53176 kB
SReclaimable:      26956 kB
SUnreclaim:        26220 kB
KernelStack:        8656 kB
PageTables:        21048 kB
NFS_Unstable:          0 kB
Bounce:                0 kB
WritebackTmp:          0 kB
CommitLimit:     2031376 kB
Committed_AS:    9180420 kB
VmallocTotal:     122880 kB
VmallocUsed:       17184 kB
VmallocChunk:     101908 kB
HardwareCorrupted:     0 kB
AnonHugePages:   2164736 kB
HugePages_Total:       0
HugePages_Free:        0
HugePages_Rsvd:        0
HugePages_Surp:        0
Hugepagesize:       2048 kB
DirectMap4k:       22520 kB
DirectMap2M:      890880 kB


CPU:total 4 (2 cores per cpu, 2 threads per core) family 6 model 42 stepping 7, cmov, cx8, fxsr, mmx, sse, sse2, sse3, ssse3, sse4.1, sse4.2, popcnt, avx, aes, ht, tsc, tscinvbit

/proc/cpuinfo:
processor	: 0
vendor_id	: GenuineIntel
cpu family	: 6
model		: 42
model name	: Intel(R) Core(TM) i5-2430M CPU @ 2.40GHz
stepping	: 7
microcode	: 0x14
cpu MHz		: 2401.000
cache size	: 3072 KB
physical id	: 0
siblings	: 4
core id		: 0
cpu cores	: 2
apicid		: 0
initial apicid	: 0
fdiv_bug	: no
f00f_bug	: no
coma_bug	: no
fpu		: yes
fpu_exception	: yes
cpuid level	: 13
wp		: yes
flags		: fpu vme de pse tsc msr pae mce cx8 apic sep mtrr pge mca cmov pat pse36 clflush dts acpi mmx fxsr sse sse2 ss ht tm pbe nx rdtscp lm constant_tsc arch_perfmon pebs bts xtopology nonstop_tsc aperfmperf eagerfpu pni pclmulqdq dtes64 monitor ds_cpl vmx est tm2 ssse3 cx16 xtpr pdcm pcid sse4_1 sse4_2 x2apic popcnt tsc_deadline_timer aes xsave avx lahf_lm ida arat epb xsaveopt pln pts dtherm tpr_shadow vnmi flexpriority ept vpid
bogomips	: 4789.50
clflush size	: 64
cache_alignment	: 64
address sizes	: 36 bits physical, 48 bits virtual
power management:

processor	: 1
vendor_id	: GenuineIntel
cpu family	: 6
model		: 42
model name	: Intel(R) Core(TM) i5-2430M CPU @ 2.40GHz
stepping	: 7
microcode	: 0x14
cpu MHz		: 800.000
cache size	: 3072 KB
physical id	: 0
siblings	: 4
core id		: 0
cpu cores	: 2
apicid		: 1
initial apicid	: 1
fdiv_bug	: no
f00f_bug	: no
coma_bug	: no
fpu		: yes
fpu_exception	: yes
cpuid level	: 13
wp		: yes
flags		: fpu vme de pse tsc msr pae mce cx8 apic sep mtrr pge mca cmov pat pse36 clflush dts acpi mmx fxsr sse sse2 ss ht tm pbe nx rdtscp lm constant_tsc arch_perfmon pebs bts xtopology nonstop_tsc aperfmperf eagerfpu pni pclmulqdq dtes64 monitor ds_cpl vmx est tm2 ssse3 cx16 xtpr pdcm pcid sse4_1 sse4_2 x2apic popcnt tsc_deadline_timer aes xsave avx lahf_lm ida arat epb xsaveopt pln pts dtherm tpr_shadow vnmi flexpriority ept vpid
bogomips	: 4789.50
clflush size	: 64
cache_alignment	: 64
address sizes	: 36 bits physical, 48 bits virtual
power management:

processor	: 2
vendor_id	: GenuineIntel
cpu family	: 6
model		: 42
model name	: Intel(R) Core(TM) i5-2430M CPU @ 2.40GHz
stepping	: 7
microcode	: 0x14
cpu MHz		: 800.000
cache size	: 3072 KB
physical id	: 0
siblings	: 4
core id		: 1
cpu cores	: 2
apicid		: 2
initial apicid	: 2
fdiv_bug	: no
f00f_bug	: no
coma_bug	: no
fpu		: yes
fpu_exception	: yes
cpuid level	: 13
wp		: yes
flags		: fpu vme de pse tsc msr pae mce cx8 apic sep mtrr pge mca cmov pat pse36 clflush dts acpi mmx fxsr sse sse2 ss ht tm pbe nx rdtscp lm constant_tsc arch_perfmon pebs bts xtopology nonstop_tsc aperfmperf eagerfpu pni pclmulqdq dtes64 monitor ds_cpl vmx est tm2 ssse3 cx16 xtpr pdcm pcid sse4_1 sse4_2 x2apic popcnt tsc_deadline_timer aes xsave avx lahf_lm ida arat epb xsaveopt pln pts dtherm tpr_shadow vnmi flexpriority ept vpid
bogomips	: 4789.50
clflush size	: 64
cache_alignment	: 64
address sizes	: 36 bits physical, 48 bits virtual
power management:

processor	: 3
vendor_id	: GenuineIntel
cpu family	: 6
model		: 42
model name	: Intel(R) Core(TM) i5-2430M CPU @ 2.40GHz
stepping	: 7
microcode	: 0x14
cpu MHz		: 2400.000
cache size	: 3072 KB
physical id	: 0
siblings	: 4
core id		: 1
cpu cores	: 2
apicid		: 3
initial apicid	: 3
fdiv_bug	: no
f00f_bug	: no
coma_bug	: no
fpu		: yes
fpu_exception	: yes
cpuid level	: 13
wp		: yes
flags		: fpu vme de pse tsc msr pae mce cx8 apic sep mtrr pge mca cmov pat pse36 clflush dts acpi mmx fxsr sse sse2 ss ht tm pbe nx rdtscp lm constant_tsc arch_perfmon pebs bts xtopology nonstop_tsc aperfmperf eagerfpu pni pclmulqdq dtes64 monitor ds_cpl vmx est tm2 ssse3 cx16 xtpr pdcm pcid sse4_1 sse4_2 x2apic popcnt tsc_deadline_timer aes xsave avx lahf_lm ida arat epb xsaveopt pln pts dtherm tpr_shadow vnmi flexpriority ept vpid
bogomips	: 4789.50
clflush size	: 64
cache_alignment	: 64
address sizes	: 36 bits physical, 48 bits virtual
power management:



Memory: 4k page, physical 4062756k(221780k free), swap 0k(0k free)

vm_info: Java HotSpot(TM) Server VM (24.76-b04) for linux-x86 JRE (1.7.0_76-b13), built on Dec 18 2014 17:29:38 by "java_re" with gcc 4.3.0 20080428 (Red Hat 4.3.0-8)

time: Sat Apr  2 08:47:01 2016
elapsed time: 0 seconds

