0 info it worked if it ends with ok
1 verbose cli [ '/usr/bin/node', '/usr/bin/npm', 'install', '-g', 'q' ]
2 info using npm@1.4.28
3 info using node@v0.10.37
4 verbose node symlink /usr/bin/node
5 verbose cache add [ 'q', null ]
6 verbose cache add name=undefined spec="q" args=["q",null]
7 verbose parsed url { protocol: null,
7 verbose parsed url   slashes: null,
7 verbose parsed url   auth: null,
7 verbose parsed url   host: null,
7 verbose parsed url   port: null,
7 verbose parsed url   hostname: null,
7 verbose parsed url   hash: null,
7 verbose parsed url   search: null,
7 verbose parsed url   query: null,
7 verbose parsed url   pathname: 'q',
7 verbose parsed url   path: 'q',
7 verbose parsed url   href: 'q' }
8 silly lockFile 22ea1c64-q q
9 verbose lock q /home/lizo/.npm/22ea1c64-q.lock
10 silly lockFile 22ea1c64-q q
11 silly lockFile 22ea1c64-q q
12 verbose addNamed [ 'q', '' ]
13 verbose addNamed [ null, '*' ]
14 silly lockFile f83edb5d-q q@
15 verbose lock q@ /home/lizo/.npm/f83edb5d-q.lock
16 silly addNameRange { name: 'q', range: '*', hasData: false }
17 verbose request where is /q
18 verbose request registry https://registry.npmjs.org/
19 verbose request id 2f3a0ebd21a15740
20 verbose url raw /q
21 verbose url resolving [ 'https://registry.npmjs.org/', './q' ]
22 verbose url resolved https://registry.npmjs.org/q
23 verbose request where is https://registry.npmjs.org/q
24 info trying registry request attempt 1 at 04:21:45
25 verbose etag "DGXNN6CYEHK4H59TUSC3D6FHP"
26 http GET https://registry.npmjs.org/q
27 http 200 https://registry.npmjs.org/q
28 silly registry.get cb [ 200,
28 silly registry.get   { server: 'CouchDB/1.6.1 (Erlang OTP/R16B03)',
28 silly registry.get     etag: '"3FM92PLCLZPF4Z1C8J0ST6VYM"',
28 silly registry.get     'content-type': 'application/json',
28 silly registry.get     'content-encoding': 'gzip',
28 silly registry.get     'cache-control': 'max-age=300',
28 silly registry.get     'content-length': '23228',
28 silly registry.get     'accept-ranges': 'bytes',
28 silly registry.get     date: 'Tue, 25 Oct 2016 02:21:08 GMT',
28 silly registry.get     via: '1.1 varnish',
28 silly registry.get     age: '132',
28 silly registry.get     connection: 'keep-alive',
28 silly registry.get     'x-served-by': 'cache-ams4126-AMS',
28 silly registry.get     'x-cache': 'HIT',
28 silly registry.get     'x-cache-hits': '1',
28 silly registry.get     'x-timer': 'S1477362068.887839,VS0,VE0',
28 silly registry.get     vary: 'Accept-Encoding' } ]
29 silly addNameRange number 2 { name: 'q', range: '*', hasData: true }
30 silly addNameRange versions [ 'q',
30 silly addNameRange   [ '0.0.0',
30 silly addNameRange     '0.0.1',
30 silly addNameRange     '0.0.2',
30 silly addNameRange     '0.0.3',
30 silly addNameRange     '0.1.0',
30 silly addNameRange     '0.1.1',
30 silly addNameRange     '0.1.2',
30 silly addNameRange     '0.1.3',
30 silly addNameRange     '0.1.4',
30 silly addNameRange     '0.1.5',
30 silly addNameRange     '0.1.6',
30 silly addNameRange     '0.1.7',
30 silly addNameRange     '0.1.8',
30 silly addNameRange     '0.1.9',
30 silly addNameRange     '0.2.0-rc1',
30 silly addNameRange     '0.2.0',
30 silly addNameRange     '0.2.1',
30 silly addNameRange     '0.2.2',
30 silly addNameRange     '0.2.3',
30 silly addNameRange     '0.2.4',
30 silly addNameRange     '0.2.5',
30 silly addNameRange     '0.2.6',
30 silly addNameRange     '0.2.7',
30 silly addNameRange     '0.2.8',
30 silly addNameRange     '0.2.9',
30 silly addNameRange     '0.3.0',
30 silly addNameRange     '0.2.10',
30 silly addNameRange     '0.4.0',
30 silly addNameRange     '0.4.1',
30 silly addNameRange     '0.4.2',
30 silly addNameRange     '0.4.4',
30 silly addNameRange     '0.5.0',
30 silly addNameRange     '0.5.1',
30 silly addNameRange     '0.5.2',
30 silly addNameRange     '0.5.3',
30 silly addNameRange     '0.6.0',
30 silly addNameRange     '0.7.0',
30 silly addNameRange     '0.7.1',
30 silly addNameRange     '0.7.2',
30 silly addNameRange     '0.8.0',
30 silly addNameRange     '0.8.1',
30 silly addNameRange     '0.8.2',
30 silly addNameRange     '0.8.3',
30 silly addNameRange     '0.8.4',
30 silly addNameRange     '0.8.5',
30 silly addNameRange     '0.8.6',
30 silly addNameRange     '0.8.7',
30 silly addNameRange     '0.8.8',
30 silly addNameRange     '0.8.9',
30 silly addNameRange     '0.8.10',
30 silly addNameRange     '0.8.11',
30 silly addNameRange     '0.8.12',
30 silly addNameRange     '0.9.0',
30 silly addNameRange     '0.9.1',
30 silly addNameRange     '0.9.2',
30 silly addNameRange     '0.9.3',
30 silly addNameRange     '0.9.4',
30 silly addNameRange     '0.9.5',
30 silly addNameRange     '0.9.6',
30 silly addNameRange     '0.9.7',
30 silly addNameRange     '1.0.0',
30 silly addNameRange     '1.0.1',
30 silly addNameRange     '2.0.0',
30 silly addNameRange     '2.0.1',
30 silly addNameRange     '2.0.2',
30 silly addNameRange     '1.1.0',
30 silly addNameRange     '1.1.1',
30 silly addNameRange     '1.1.2',
30 silly addNameRange     '2.0.3',
30 silly addNameRange     '1.2.0',
30 silly addNameRange     '1.2.1',
30 silly addNameRange     '1.3.0',
30 silly addNameRange     '1.4.0',
30 silly addNameRange     '1.4.1' ] ]
31 verbose addNamed [ 'q', '1.4.1' ]
32 verbose addNamed [ '1.4.1', '1.4.1' ]
33 silly lockFile 0ea9f2d2-q-1-4-1 q@1.4.1
34 verbose lock q@1.4.1 /home/lizo/.npm/0ea9f2d2-q-1-4-1.lock
35 silly lockFile 0ea9f2d2-q-1-4-1 q@1.4.1
36 silly lockFile 0ea9f2d2-q-1-4-1 q@1.4.1
37 silly lockFile f83edb5d-q q@
38 silly lockFile f83edb5d-q q@
39 silly resolved [ { name: 'q',
39 silly resolved     version: '1.4.1',
39 silly resolved     description: 'A library for promises (CommonJS/Promises/A,B,D)',
39 silly resolved     homepage: 'https://github.com/kriskowal/q',
39 silly resolved     author:
39 silly resolved      { name: 'Kris Kowal',
39 silly resolved        email: 'kris@cixar.com',
39 silly resolved        url: 'https://github.com/kriskowal' },
39 silly resolved     keywords:
39 silly resolved      [ 'q',
39 silly resolved        'promise',
39 silly resolved        'promises',
39 silly resolved        'promises-a',
39 silly resolved        'promises-aplus',
39 silly resolved        'deferred',
39 silly resolved        'future',
39 silly resolved        'async',
39 silly resolved        'flow control',
39 silly resolved        'fluent',
39 silly resolved        'browser',
39 silly resolved        'node' ],
39 silly resolved     contributors: [ [Object], [Object], [Object] ],
39 silly resolved     bugs: { url: 'http://github.com/kriskowal/q/issues' },
39 silly resolved     license:
39 silly resolved      { type: 'MIT',
39 silly resolved        url: 'http://github.com/kriskowal/q/raw/master/LICENSE' },
39 silly resolved     main: 'q.js',
39 silly resolved     files: [ 'LICENSE', 'q.js', 'queue.js' ],
39 silly resolved     repository: { type: 'git', url: 'git://github.com/kriskowal/q.git' },
39 silly resolved     engines: { node: '>=0.6.0', teleport: '>=0.2.0' },
39 silly resolved     dependencies: {},
39 silly resolved     devDependencies:
39 silly resolved      { cover: '*',
39 silly resolved        grunt: '~0.4.1',
39 silly resolved        'grunt-cli': '~0.1.9',
39 silly resolved        'grunt-contrib-uglify': '~0.9.1',
39 silly resolved        'jasmine-node': '1.11.0',
39 silly resolved        jshint: '~2.1.9',
39 silly resolved        matcha: '~0.2.0',
39 silly resolved        opener: '*',
39 silly resolved        'promises-aplus-tests': '1.x' },
39 silly resolved     scripts:
39 silly resolved      { test: 'jasmine-node spec && promises-aplus-tests spec/aplus-adapter',
39 silly resolved        'test-browser': 'opener spec/q-spec.html',
39 silly resolved        benchmark: 'matcha',
39 silly resolved        lint: 'jshint q.js',
39 silly resolved        cover: 'cover run jasmine-node spec && cover report html && opener cover_html/index.html',
39 silly resolved        minify: 'grunt',
39 silly resolved        prepublish: 'grunt' },
39 silly resolved     overlay: { teleport: [Object] },
39 silly resolved     directories: { test: './spec' },
39 silly resolved     gitHead: 'd373079d3620152e3d60e82f27265a09ee0e81bd',
39 silly resolved     _id: 'q@1.4.1',
39 silly resolved     _shasum: '55705bcd93c5f3673530c2c2cbc0c2b3addc286e',
39 silly resolved     _from: 'q@',
39 silly resolved     _npmVersion: '2.8.3',
39 silly resolved     _nodeVersion: '1.8.1',
39 silly resolved     _npmUser: { name: 'kriskowal', email: 'kris.kowal@cixar.com' },
39 silly resolved     maintainers: [ [Object], [Object] ],
39 silly resolved     dist:
39 silly resolved      { shasum: '55705bcd93c5f3673530c2c2cbc0c2b3addc286e',
39 silly resolved        tarball: 'https://registry.npmjs.org/q/-/q-1.4.1.tgz' },
39 silly resolved     _resolved: 'https://registry.npmjs.org/q/-/q-1.4.1.tgz',
39 silly resolved     readme: 'ERROR: No README data found!' } ]
40 info install q@1.4.1 into /usr/lib
41 info installOne q@1.4.1
42 verbose lib/node_modules/q unbuild
43 verbose tar unpack /home/lizo/.npm/q/1.4.1/package.tgz
44 silly lockFile 8dcc8c21-tar-usr-lib-node-modules-q tar:///usr/lib/node_modules/q
45 verbose lock tar:///usr/lib/node_modules/q /home/lizo/.npm/8dcc8c21-tar-usr-lib-node-modules-q.lock
46 silly lockFile f50b6091-ome-lizo-npm-q-1-4-1-package-tgz tar:///home/lizo/.npm/q/1.4.1/package.tgz
47 verbose lock tar:///home/lizo/.npm/q/1.4.1/package.tgz /home/lizo/.npm/f50b6091-ome-lizo-npm-q-1-4-1-package-tgz.lock
48 silly gunzTarPerm modes [ '775', '664' ]
49 error Error: EACCES, mkdir '/usr/lib/node_modules/q'
49 error  { [Error: EACCES, mkdir '/usr/lib/node_modules/q']
49 error   errno: 3,
49 error   code: 'EACCES',
49 error   path: '/usr/lib/node_modules/q',
49 error   fstream_type: 'Directory',
49 error   fstream_path: '/usr/lib/node_modules/q',
49 error   fstream_class: 'DirWriter',
49 error   fstream_stack:
49 error    [ '/usr/lib/node_modules/npm/node_modules/fstream/lib/dir-writer.js:36:23',
49 error      '/usr/lib/node_modules/npm/node_modules/mkdirp/index.js:46:53',
49 error      'Object.oncomplete (fs.js:108:15)' ] }
50 error Please try running this command again as root/Administrator.
51 error System Linux 3.13.0-46-generic
52 error command "/usr/bin/node" "/usr/bin/npm" "install" "-g" "q"
53 error cwd /home/lizo/Infosource/InfoWeb/WebContent
54 error node -v v0.10.37
55 error npm -v 1.4.28
56 error path /usr/lib/node_modules/q
57 error fstream_path /usr/lib/node_modules/q
58 error fstream_type Directory
59 error fstream_class DirWriter
60 error code EACCES
61 error errno 3
62 error stack Error: EACCES, mkdir '/usr/lib/node_modules/q'
63 error fstream_stack /usr/lib/node_modules/npm/node_modules/fstream/lib/dir-writer.js:36:23
63 error fstream_stack /usr/lib/node_modules/npm/node_modules/mkdirp/index.js:46:53
63 error fstream_stack Object.oncomplete (fs.js:108:15)
64 verbose exit [ 3, true ]
