#
# There is insufficient memory for the Java Runtime Environment to continue.
# Native memory allocation (malloc) failed to allocate 16515072 bytes for committing reserved memory.
# Possible reasons:
#   The system is out of physical RAM or swap space
#   In 32 bit mode, the process size limit was hit
# Possible solutions:
#   Reduce memory load on the system
#   Increase physical memory or swap space
#   Check if swap backing store is full
#   Use 64 bit Java on a 64 bit OS
#   Decrease Java heap size (-Xmx/-Xms)
#   Decrease number of Java threads
#   Decrease Java thread stack sizes (-Xss)
#   Set larger code cache with -XX:ReservedCodeCacheSize=
# This output file may be truncated or incomplete.
#
#  Out of Memory Error (os_linux.cpp:2756), pid=16397, tid=1847589696
#
# JRE version: Java(TM) SE Runtime Environment (7.0_76-b13) (build 1.7.0_76-b13)
# Java VM: Java HotSpot(TM) Server VM (24.76-b04 mixed mode linux-x86 )
# Failed to write core dump. Core dumps have been disabled. To enable core dumping, try "ulimit -c unlimited" before starting Java again
#

---------------  T H R E A D  ---------------

Current thread (0x6e280400):  VMThread [stack: 0x6e17f000,0x6e200000] [id=16407]

Stack: [0x6e17f000,0x6e200000],  sp=0x6e1fea30,  free space=510k
Native frames: (J=compiled Java code, j=interpreted, Vv=VM code, C=native code)
V  [libjvm.so+0x7eab56]  VMError::report_and_die()+0x1a6
V  [libjvm.so+0x33e222]  report_vm_out_of_memory(char const*, int, unsigned int, char const*)+0x72
V  [libjvm.so+0x686a41]  os::Linux::commit_memory_impl(char*, unsigned int, bool)+0xe1
V  [libjvm.so+0x686f08]  os::pd_commit_memory(char*, unsigned int, unsigned int, bool)+0x28
V  [libjvm.so+0x68064c]  os::commit_memory(char*, unsigned int, unsigned int, bool)+0x2c
V  [libjvm.so+0x6eaed8]  PSVirtualSpace::expand_by(unsigned int)+0x48
V  [libjvm.so+0x6ebfda]  PSYoungGen::resize_generation(unsigned int, unsigned int)+0xda
V  [libjvm.so+0x6eb319]  PSYoungGen::resize(unsigned int, unsigned int)+0x19
V  [libjvm.so+0x6e8c49]  PSScavenge::invoke_no_policy()+0xcf9
V  [libjvm.so+0x6e94a8]  PSScavenge::invoke()+0x28
V  [libjvm.so+0x6a702a]  ParallelScavengeHeap::failed_mem_allocate(unsigned int)+0x5a
V  [libjvm.so+0x7ec3ea]  VM_ParallelGCFailedAllocation::doit()+0x7a
V  [libjvm.so+0x7f5207]  VM_Operation::evaluate()+0x47
V  [libjvm.so+0x7f32a3]  VMThread::evaluate_operation(VM_Operation*)+0xb3
V  [libjvm.so+0x7f3640]  VMThread::loop()+0x1b0
V  [libjvm.so+0x7f3aa5]  VMThread::run()+0x85
V  [libjvm.so+0x688d19]  java_start(Thread*)+0x119
C  [libpthread.so.0+0x6d4c]  start_thread+0xcc

VM_Operation (0xb67c1354): ParallelGCFailedAllocation, mode: safepoint, requested by thread 0xb6607800


---------------  P R O C E S S  ---------------

Java Threads: ( => current thread )
  0x6e29a800 JavaThread "Service Thread" daemon [_thread_blocked, id=16416, stack(0x6db2e000,0x6db7f000)]
  0x6e298c00 JavaThread "C2 CompilerThread1" daemon [_thread_blocked, id=16415, stack(0x6db7f000,0x6dc00000)]
  0x6e296c00 JavaThread "C2 CompilerThread0" daemon [_thread_blocked, id=16414, stack(0x6df2e000,0x6dfaf000)]
  0x6e295400 JavaThread "Signal Dispatcher" daemon [_thread_blocked, id=16413, stack(0x6dfaf000,0x6e000000)]
  0x6e284800 JavaThread "Finalizer" daemon [_thread_blocked, id=16409, stack(0x6e12e000,0x6e17f000)]
  0x6e283000 JavaThread "Reference Handler" daemon [_thread_blocked, id=16408, stack(0x70b2e000,0x70b7f000)]
  0xb6607800 JavaThread "main" [_thread_blocked, id=16402, stack(0xb6772000,0xb67c3000)]

Other Threads:
=>0x6e280400 VMThread [stack: 0x6e17f000,0x6e200000] [id=16407]
  0x6e29c800 WatcherThread [stack: 0x6daad000,0x6db2e000] [id=16417]

VM state:at safepoint (normal execution)

VM Mutex/Monitor currently owned by a thread:  ([mutex/lock_event])
[0xb6604e00] Threads_lock - owner thread: 0x6e280400
[0xb6605210] Heap_lock - owner thread: 0xb6607800

Heap
 PSYoungGen      total 18688K, used 2557K [0x9ea40000, 0x9ff00000, 0xb3500000)
  eden space 16128K, 0% used [0x9ea40000,0x9ea40000,0x9fa00000)
  from space 2560K, 99% used [0x9fa00000,0x9fc7f4b8,0x9fc80000)
  to   space 2560K, 0% used [0x9fc80000,0x9fc80000,0x9ff00000)
 ParOldGen       total 42240K, used 153K [0x75500000, 0x77e40000, 0x9ea40000)
  object space 42240K, 0% used [0x75500000,0x755264a8,0x77e40000)
 PSPermGen       total 16384K, used 4473K [0x71500000, 0x72500000, 0x75500000)
  object space 16384K, 27% used [0x71500000,0x7195e778,0x72500000)

Card table byte_map: [0x712ef000,0x71500000] byte_map_base: 0x70f64800

Polling page: 0xb76e6000

Code Cache  [0xb35db000, 0xb381b000, 0xb65db000)
 total_blobs=164 nmethods=33 adapters=83 free_code_cache=48754Kb largest_free_block=49892032

Compilation events (10 events):
Event: 11,539 Thread 0x6e298c00   29             java.lang.String::toCharArray (25 bytes)
Event: 11,540 Thread 0x6e296c00 nmethod 27 0xb362e288 code [0xb362e380, 0xb362e550]
Event: 11,540 Thread 0x6e298c00 nmethod 29 0xb3625e88 code [0xb3625f80, 0xb3626090]
Event: 11,670 Thread 0x6e296c00   30             java.lang.CharacterData::of (120 bytes)
Event: 11,670 Thread 0x6e298c00   31             java.lang.CharacterDataLatin1::getProperties (11 bytes)
Event: 11,670 Thread 0x6e298c00 nmethod 31 0xb362e048 code [0xb362e140, 0xb362e1b0]
Event: 11,690 Thread 0x6e296c00 nmethod 30 0xb3625bc8 code [0xb3625cc0, 0xb3625d90]
Event: 12,324 Thread 0x6e298c00   33             java.lang.AbstractStringBuilder::ensureCapacityInternal (16 bytes)
Event: 12,326 Thread 0x6e296c00   34             java.io.DataOutputStream::writeUTF (435 bytes)
Event: 12,328 Thread 0x6e298c00 nmethod 33 0xb3625448 code [0xb3625540, 0xb36257b0]

GC Heap History (1 events):
Event: 12,363 GC heap before
{Heap before GC invocations=1 (full 0):
 PSYoungGen      total 18688K, used 16128K [0x9ea40000, 0x9ff00000, 0xb3500000)
  eden space 16128K, 100% used [0x9ea40000,0x9fa00000,0x9fa00000)
  from space 2560K, 0% used [0x9fc80000,0x9fc80000,0x9ff00000)
  to   space 2560K, 0% used [0x9fa00000,0x9fa00000,0x9fc80000)
 ParOldGen       total 42240K, used 0K [0x75500000, 0x77e40000, 0x9ea40000)
  object space 42240K, 0% used [0x75500000,0x75500000,0x77e40000)
 PSPermGen       total 16384K, used 4473K [0x71500000, 0x72500000, 0x75500000)
  object space 16384K, 27% used [0x71500000,0x7195e778,0x72500000)

Deoptimization events (0 events):
No events

Internal exceptions (10 events):
Event: 12,329 Thread 0xb6607800 Threw 0x9f9d4700 at /HUDSON/workspace/7u-2-build-linux-i586/jdk7u76/1941/hotspot/src/share/vm/prims/jvm.cpp:1304
Event: 12,330 Thread 0xb6607800 Threw 0x9f9de488 at /HUDSON/workspace/7u-2-build-linux-i586/jdk7u76/1941/hotspot/src/share/vm/prims/jvm.cpp:1304
Event: 12,330 Thread 0xb6607800 Threw 0x9f9deab8 at /HUDSON/workspace/7u-2-build-linux-i586/jdk7u76/1941/hotspot/src/share/vm/prims/jvm.cpp:1304
Event: 12,360 Thread 0xb6607800 Threw 0x9f9e42b0 at /HUDSON/workspace/7u-2-build-linux-i586/jdk7u76/1941/hotspot/src/share/vm/prims/jvm.cpp:1304
Event: 12,360 Thread 0xb6607800 Threw 0x9f9e49d8 at /HUDSON/workspace/7u-2-build-linux-i586/jdk7u76/1941/hotspot/src/share/vm/prims/jvm.cpp:1304
Event: 12,362 Thread 0xb6607800 Threw 0x9f9edd00 at /HUDSON/workspace/7u-2-build-linux-i586/jdk7u76/1941/hotspot/src/share/vm/interpreter/interpreterRuntime.cpp:347
Event: 12,362 Thread 0xb6607800 Threw 0x9f9eebe0 at /HUDSON/workspace/7u-2-build-linux-i586/jdk7u76/1941/hotspot/src/share/vm/prims/jvm.cpp:1304
Event: 12,362 Thread 0xb6607800 Threw 0x9f9ef230 at /HUDSON/workspace/7u-2-build-linux-i586/jdk7u76/1941/hotspot/src/share/vm/prims/jvm.cpp:1304
Event: 12,363 Thread 0xb6607800 Threw 0x9f9f7dc0 at /HUDSON/workspace/7u-2-build-linux-i586/jdk7u76/1941/hotspot/src/share/vm/prims/jvm.cpp:1304
Event: 12,363 Thread 0xb6607800 Threw 0x9f9f83c0 at /HUDSON/workspace/7u-2-build-linux-i586/jdk7u76/1941/hotspot/src/share/vm/prims/jvm.cpp:1304

Events (10 events):
Event: 12,329 loading class 0x6d75c608 done
Event: 12,330 loading class 0x6d726170
Event: 12,330 loading class 0x6d726170 done
Event: 12,360 loading class 0x6e2d6420
Event: 12,360 loading class 0x6e2d6420 done
Event: 12,362 loading class 0x6d7715f0
Event: 12,362 loading class 0x6d7715f0 done
Event: 12,363 loading class 0x6d74e190
Event: 12,363 loading class 0x6d74e190 done
Event: 12,363 Executing VM operation: ParallelGCFailedAllocation


Dynamic libraries:
08048000-08049000 r-xp 00000000 08:06 3148208    /usr/local/java/jdk1.7.0_76/bin/java
08049000-0804a000 rw-p 00000000 08:06 3148208    /usr/local/java/jdk1.7.0_76/bin/java
08ea7000-08ec8000 rw-p 00000000 00:00 0          [heap]
6d300000-6d3fc000 rw-p 00000000 00:00 0 
6d3fc000-6d400000 ---p 00000000 00:00 0 
6d400000-6d48e000 rw-p 00000000 00:00 0 
6d48e000-6d500000 ---p 00000000 00:00 0 
6d500000-6d5fe000 rw-p 00000000 00:00 0 
6d5fe000-6d600000 ---p 00000000 00:00 0 
6d600000-6d6fa000 rw-p 00000000 00:00 0 
6d6fa000-6d700000 ---p 00000000 00:00 0 
6d700000-6d7f5000 rw-p 00000000 00:00 0 
6d7f5000-6d800000 ---p 00000000 00:00 0 
6d800000-6d8f3000 rw-p 00000000 00:00 0 
6d8f3000-6d900000 ---p 00000000 00:00 0 
6d900000-6d9ee000 rw-p 00000000 00:00 0 
6d9ee000-6da00000 ---p 00000000 00:00 0 
6daad000-6daae000 ---p 00000000 00:00 0 
6daae000-6db2e000 rw-p 00000000 00:00 0          [stack:16417]
6db2e000-6db31000 ---p 00000000 00:00 0 
6db31000-6db7f000 rw-p 00000000 00:00 0          [stack:16416]
6db7f000-6db82000 ---p 00000000 00:00 0 
6db82000-6dc00000 rw-p 00000000 00:00 0          [stack:16415]
6dc00000-6de00000 r--p 00000000 08:06 6822382    /usr/lib/locale/locale-archive
6de00000-6de21000 rw-p 00000000 00:00 0 
6de21000-6df00000 ---p 00000000 00:00 0 
6df2e000-6df31000 ---p 00000000 00:00 0 
6df31000-6dfaf000 rw-p 00000000 00:00 0          [stack:16414]
6dfaf000-6dfb2000 ---p 00000000 00:00 0 
6dfb2000-6e000000 rw-p 00000000 00:00 0          [stack:16413]
6e000000-6e0fb000 rw-p 00000000 00:00 0 
6e0fb000-6e100000 ---p 00000000 00:00 0 
6e118000-6e12d000 r-xp 00000000 08:06 3146922    /usr/local/java/jdk1.7.0_76/jre/lib/i386/libnet.so
6e12d000-6e12e000 rw-p 00014000 08:06 3146922    /usr/local/java/jdk1.7.0_76/jre/lib/i386/libnet.so
6e12e000-6e131000 ---p 00000000 00:00 0 
6e131000-6e17f000 rw-p 00000000 00:00 0          [stack:16409]
6e17f000-6e180000 ---p 00000000 00:00 0 
6e180000-6e200000 rw-p 00000000 00:00 0          [stack:16407]
6e200000-6e2fa000 rw-p 00000000 00:00 0 
6e2fa000-6e300000 ---p 00000000 00:00 0 
6e312000-6e320000 r-xp 00000000 08:06 3146859    /usr/local/java/jdk1.7.0_76/jre/lib/i386/libnio.so
6e320000-6e321000 rw-p 0000e000 08:06 3146859    /usr/local/java/jdk1.7.0_76/jre/lib/i386/libnio.so
6e321000-6e4e0000 r--s 039f0000 08:06 3146820    /usr/local/java/jdk1.7.0_76/jre/lib/rt.jar
6e4e0000-70a00000 rw-p 00000000 00:00 0 
70a00000-70afb000 rw-p 00000000 00:00 0 
70afb000-70b00000 ---p 00000000 00:00 0 
70b00000-70b05000 r--s 00041000 08:06 6430652    /home/lizo/dev-tools/JBDS8-1/studio/plugins/org.eclipse.m2e.maven.runtime_1.5.1.20150109-1819/jars/commons-lang-2.6.jar
70b05000-70b2e000 r--s 001ee000 08:06 6430651    /home/lizo/dev-tools/JBDS8-1/studio/plugins/org.eclipse.m2e.maven.runtime_1.5.1.20150109-1819/jars/guava-14.0.1.jar
70b2e000-70b31000 ---p 00000000 00:00 0 
70b31000-70b7f000 rw-p 00000000 00:00 0          [stack:16408]
70b7f000-70b80000 ---p 00000000 00:00 0 
70b80000-70c00000 rw-p 00000000 00:00 0          [stack:16406]
70c00000-70c21000 rw-p 00000000 00:00 0 
70c21000-70d00000 ---p 00000000 00:00 0 
70d01000-70d02000 r--s 00002000 08:06 7485085    /home/lizo/dev-tools/JBDS8-1/studio/plugins/org.eclipse.m2e.maven.runtime.slf4j.simple_1.5.1.20150109-1819/jars/slf4j-simple-1.7.5.jar
70d02000-70d03000 r--s 00002000 08:06 6430655    /home/lizo/dev-tools/JBDS8-1/studio/plugins/org.eclipse.m2e.maven.runtime_1.5.1.20150109-1819/jars/wagon-file-2.6.jar
70d03000-70d05000 r--s 00007000 08:06 6430669    /home/lizo/dev-tools/JBDS8-1/studio/plugins/org.eclipse.m2e.maven.runtime_1.5.1.20150109-1819/jars/aether-connector-wagon-0.9.0.M2.jar
70d05000-70d0a000 r--s 00047000 08:06 6430675    /home/lizo/dev-tools/JBDS8-1/studio/plugins/org.eclipse.m2e.maven.runtime_1.5.1.20150109-1819/jars/okhttp-1.5.4.jar
70d0a000-70d0c000 r--s 0000d000 08:06 6430668    /home/lizo/dev-tools/JBDS8-1/studio/plugins/org.eclipse.m2e.maven.runtime_1.5.1.20150109-1819/jars/aether-connector-okhttp-0.12.0.jar
70d0c000-70d0e000 r--s 00003000 08:06 6430663    /home/lizo/dev-tools/JBDS8-1/studio/plugins/org.eclipse.m2e.maven.runtime_1.5.1.20150109-1819/jars/aether-spi-0.9.0.M2.jar
70d0e000-70d12000 r--s 00020000 08:06 6430653    /home/lizo/dev-tools/JBDS8-1/studio/plugins/org.eclipse.m2e.maven.runtime_1.5.1.20150109-1819/jars/aether-impl-0.9.0.M2.jar
70d12000-70d13000 r--s 00000000 08:06 6430670    /home/lizo/dev-tools/JBDS8-1/studio/plugins/org.eclipse.m2e.maven.runtime_1.5.1.20150109-1819/jars/javax.inject-1.jar
70d13000-70d1b000 r--s 00050000 08:06 6430658    /home/lizo/dev-tools/JBDS8-1/studio/plugins/org.eclipse.m2e.maven.runtime_1.5.1.20150109-1819/jars/sisu-guice-3.1.3-no_aop.jar
70d1b000-70d21000 r--s 00042000 08:06 6430673    /home/lizo/dev-tools/JBDS8-1/studio/plugins/org.eclipse.m2e.maven.runtime_1.5.1.20150109-1819/jars/org.eclipse.sisu.inject-0.0.0.M5.jar
70d21000-70d22000 r--s 00001000 08:06 6430684    /home/lizo/dev-tools/JBDS8-1/studio/plugins/org.eclipse.m2e.maven.runtime_1.5.1.20150109-1819/jars/jsr250-api-1.0.jar
70d22000-70d25000 r--s 00008000 08:06 6430683    /home/lizo/dev-tools/JBDS8-1/studio/plugins/org.eclipse.m2e.maven.runtime_1.5.1.20150109-1819/jars/cdi-api-1.0.jar
70d25000-70d2b000 r--s 0002a000 08:06 6430672    /home/lizo/dev-tools/JBDS8-1/studio/plugins/org.eclipse.m2e.maven.runtime_1.5.1.20150109-1819/jars/org.eclipse.sisu.plexus-0.0.0.M5.jar
70d2b000-70d2d000 r--s 0000b000 08:06 6430664    /home/lizo/dev-tools/JBDS8-1/studio/plugins/org.eclipse.m2e.maven.runtime_1.5.1.20150109-1819/jars/wagon-provider-api-2.6.jar
70d2d000-70d34000 r--s 0003f000 08:06 6430648    /home/lizo/dev-tools/JBDS8-1/studio/plugins/org.eclipse.m2e.maven.runtime_1.5.1.20150109-1819/jars/maven-compat-3.2.1.jar
70d34000-70d7f000 rw-p 00000000 00:00 0 
70d7f000-70d80000 ---p 00000000 00:00 0 
70d80000-70e00000 rw-p 00000000 00:00 0          [stack:16405]
70e00000-70e21000 rw-p 00000000 00:00 0 
70e21000-70f00000 ---p 00000000 00:00 0 
70f00000-70f02000 r--s 00009000 08:06 6430656    /home/lizo/dev-tools/JBDS8-1/studio/plugins/org.eclipse.m2e.maven.runtime_1.5.1.20150109-1819/jars/commons-cli-1.2.jar
70f02000-70f04000 r--s 00002000 08:06 6430678    /home/lizo/dev-tools/JBDS8-1/studio/plugins/org.eclipse.m2e.maven.runtime_1.5.1.20150109-1819/jars/plexus-cipher-1.7.jar
70f04000-70f06000 r--s 0000d000 08:06 6430677    /home/lizo/dev-tools/JBDS8-1/studio/plugins/org.eclipse.m2e.maven.runtime_1.5.1.20150109-1819/jars/maven-embedder-3.2.1.jar
70f06000-70f07000 r--s 00006000 08:06 6430661    /home/lizo/dev-tools/JBDS8-1/studio/plugins/org.eclipse.m2e.maven.runtime_1.5.1.20150109-1819/jars/plexus-sec-dispatcher-1.3.jar
70f07000-70f09000 r--s 00000000 08:06 6430682    /home/lizo/dev-tools/JBDS8-1/studio/plugins/org.eclipse.m2e.maven.runtime_1.5.1.20150109-1819/jars/plexus-component-annotations-1.5.5.jar
70f09000-70f0d000 r--s 0003a000 08:06 6430674    /home/lizo/dev-tools/JBDS8-1/studio/plugins/org.eclipse.m2e.maven.runtime_1.5.1.20150109-1819/jars/plexus-utils-3.0.17.jar
70f0d000-70f10000 r--s 0000d000 08:06 6430666    /home/lizo/dev-tools/JBDS8-1/studio/plugins/org.eclipse.m2e.maven.runtime_1.5.1.20150109-1819/jars/plexus-interpolation-1.19.jar
70f10000-70f14000 r--s 0001d000 08:06 6430665    /home/lizo/dev-tools/JBDS8-1/studio/plugins/org.eclipse.m2e.maven.runtime_1.5.1.20150109-1819/jars/aether-util-0.9.0.M2.jar
70f14000-70f18000 r--s 0001d000 08:06 6430647    /home/lizo/dev-tools/JBDS8-1/studio/plugins/org.eclipse.m2e.maven.runtime_1.5.1.20150109-1819/jars/aether-api-0.9.0.M2.jar
70f18000-70f1d000 r--s 00024000 08:06 6430650    /home/lizo/dev-tools/JBDS8-1/studio/plugins/org.eclipse.m2e.maven.runtime_1.5.1.20150109-1819/jars/maven-model-builder-3.2.1.jar
70f1d000-70f1f000 r--s 0000a000 08:06 6430680    /home/lizo/dev-tools/JBDS8-1/studio/plugins/org.eclipse.m2e.maven.runtime_1.5.1.20150109-1819/jars/maven-plugin-api-3.2.1.jar
70f1f000-70f22000 r--s 0000b000 08:06 6430671    /home/lizo/dev-tools/JBDS8-1/studio/plugins/org.eclipse.m2e.maven.runtime_1.5.1.20150109-1819/jars/maven-artifact-3.2.1.jar
70f22000-70f24000 r--s 00005000 08:06 6430660    /home/lizo/dev-tools/JBDS8-1/studio/plugins/org.eclipse.m2e.maven.runtime_1.5.1.20150109-1819/jars/maven-repository-metadata-3.2.1.jar
70f24000-70f7f000 rw-p 00000000 00:00 0 
70f7f000-70f80000 ---p 00000000 00:00 0 
70f80000-71000000 rw-p 00000000 00:00 0          [stack:16404]
71000000-71021000 rw-p 00000000 00:00 0 
71021000-71100000 ---p 00000000 00:00 0 
71100000-71101000 r--s 0000e000 08:06 6430657    /home/lizo/dev-tools/JBDS8-1/studio/plugins/org.eclipse.m2e.maven.runtime_1.5.1.20150109-1819/jars/maven-aether-provider-3.2.1.jar
71101000-71103000 r--s 00009000 08:06 6430679    /home/lizo/dev-tools/JBDS8-1/studio/plugins/org.eclipse.m2e.maven.runtime_1.5.1.20150109-1819/jars/maven-settings-builder-3.2.1.jar
71103000-71104000 ---p 00000000 00:00 0 
71104000-7118c000 rw-p 00000000 00:00 0          [stack:16403]
7118c000-711a4000 rw-p 00000000 00:00 0 
711a4000-711b9000 rw-p 00000000 00:00 0 
711b9000-712ef000 rw-p 00000000 00:00 0 
712ef000-712f7000 rw-p 00000000 00:00 0 
712f7000-7130f000 rw-p 00000000 00:00 0 
7130f000-71324000 rw-p 00000000 00:00 0 
71324000-71459000 rw-p 00000000 00:00 0 
71459000-71464000 rw-p 00000000 00:00 0 
71464000-714ff000 rw-p 00000000 00:00 0 
714ff000-72500000 rw-p 00000000 00:00 0 
72500000-75500000 rw-p 00000000 00:00 0 
75500000-77e40000 rw-p 00000000 00:00 0 
77e40000-9ea40000 rw-p 00000000 00:00 0 
9ea40000-9ff00000 rw-p 00000000 00:00 0 
a0ca2000-a0ec0000 rw-p 00000000 00:00 0 
a0ec0000-b3500000 rw-p 00000000 00:00 0 
b3500000-b3502000 r--s 00009000 08:06 6430662    /home/lizo/dev-tools/JBDS8-1/studio/plugins/org.eclipse.m2e.maven.runtime_1.5.1.20150109-1819/jars/maven-settings-3.2.1.jar
b3502000-b3524000 rw-p 00000000 00:00 0 
b3524000-b35db000 rw-p 00000000 00:00 0 
b35db000-b381b000 rwxp 00000000 00:00 0 
b381b000-b65db000 rw-p 00000000 00:00 0 
b65db000-b65f2000 r-xp 00000000 08:06 3146877    /usr/local/java/jdk1.7.0_76/jre/lib/i386/libzip.so
b65f2000-b65f3000 rw-p 00017000 08:06 3146877    /usr/local/java/jdk1.7.0_76/jre/lib/i386/libzip.so
b65f3000-b65fe000 r-xp 00000000 08:06 7471296    /lib/i386-linux-gnu/libnss_files-2.15.so
b65fe000-b65ff000 r--p 0000a000 08:06 7471296    /lib/i386-linux-gnu/libnss_files-2.15.so
b65ff000-b6600000 rw-p 0000b000 08:06 7471296    /lib/i386-linux-gnu/libnss_files-2.15.so
b6600000-b66f6000 rw-p 00000000 00:00 0 
b66f6000-b6700000 ---p 00000000 00:00 0 
b6700000-b670a000 r-xp 00000000 08:06 7471151    /lib/i386-linux-gnu/libnss_nis-2.15.so
b670a000-b670b000 r--p 00009000 08:06 7471151    /lib/i386-linux-gnu/libnss_nis-2.15.so
b670b000-b670c000 rw-p 0000a000 08:06 7471151    /lib/i386-linux-gnu/libnss_nis-2.15.so
b670c000-b6722000 r-xp 00000000 08:06 7471288    /lib/i386-linux-gnu/libnsl-2.15.so
b6722000-b6723000 r--p 00015000 08:06 7471288    /lib/i386-linux-gnu/libnsl-2.15.so
b6723000-b6724000 rw-p 00016000 08:06 7471288    /lib/i386-linux-gnu/libnsl-2.15.so
b6724000-b6726000 rw-p 00000000 00:00 0 
b6726000-b672d000 r-xp 00000000 08:06 7471146    /lib/i386-linux-gnu/libnss_compat-2.15.so
b672d000-b672e000 r--p 00006000 08:06 7471146    /lib/i386-linux-gnu/libnss_compat-2.15.so
b672e000-b672f000 rw-p 00007000 08:06 7471146    /lib/i386-linux-gnu/libnss_compat-2.15.so
b672f000-b6732000 r--s 00025000 08:06 6430649    /home/lizo/dev-tools/JBDS8-1/studio/plugins/org.eclipse.m2e.maven.runtime_1.5.1.20150109-1819/jars/maven-model-3.2.1.jar
b6732000-b673e000 r--s 00081000 08:06 6430676    /home/lizo/dev-tools/JBDS8-1/studio/plugins/org.eclipse.m2e.maven.runtime_1.5.1.20150109-1819/jars/maven-core-3.2.1.jar
b673e000-b673f000 r--s 00003000 08:06 6430681    /home/lizo/dev-tools/JBDS8-1/studio/plugins/org.eclipse.m2e.maven.runtime_1.5.1.20150109-1819/jars/takari-filemanager-0.7.0.jar
b673f000-b6741000 r--s 00001000 08:06 6430667    /home/lizo/dev-tools/JBDS8-1/studio/plugins/org.eclipse.m2e.maven.runtime_1.5.1.20150109-1819/jars/takari-local-repository-0.9.0.jar
b6741000-b6744000 r--s 0000a000 08:06 6430659    /home/lizo/dev-tools/JBDS8-1/studio/plugins/org.eclipse.m2e.maven.runtime_1.5.1.20150109-1819/jars/plexus-classworlds-2.5.1.jar
b6744000-b6745000 r--p 005e1000 08:06 6822382    /usr/lib/locale/locale-archive
b6745000-b6768000 r-xp 00000000 08:06 3146891    /usr/local/java/jdk1.7.0_76/jre/lib/i386/libjava.so
b6768000-b6769000 rw-p 00023000 08:06 3146891    /usr/local/java/jdk1.7.0_76/jre/lib/i386/libjava.so
b6769000-b6770000 r-xp 00000000 08:06 7471133    /lib/i386-linux-gnu/librt-2.15.so
b6770000-b6771000 r--p 00006000 08:06 7471133    /lib/i386-linux-gnu/librt-2.15.so
b6771000-b6772000 rw-p 00007000 08:06 7471133    /lib/i386-linux-gnu/librt-2.15.so
b6772000-b6775000 ---p 00000000 00:00 0 
b6775000-b67c3000 rw-p 00000000 00:00 0          [stack:16402]
b67c3000-b67ed000 r-xp 00000000 08:06 7471285    /lib/i386-linux-gnu/libm-2.15.so
b67ed000-b67ee000 r--p 00029000 08:06 7471285    /lib/i386-linux-gnu/libm-2.15.so
b67ee000-b67ef000 rw-p 0002a000 08:06 7471285    /lib/i386-linux-gnu/libm-2.15.so
b67ef000-b7076000 r-xp 00000000 08:06 3146876    /usr/local/java/jdk1.7.0_76/jre/lib/i386/server/libjvm.so
b7076000-b70db000 rw-p 00886000 08:06 3146876    /usr/local/java/jdk1.7.0_76/jre/lib/i386/server/libjvm.so
b70db000-b74fe000 rw-p 00000000 00:00 0 
b74fe000-b76a1000 r-xp 00000000 08:06 7471196    /lib/i386-linux-gnu/libc-2.15.so
b76a1000-b76a2000 ---p 001a3000 08:06 7471196    /lib/i386-linux-gnu/libc-2.15.so
b76a2000-b76a4000 r--p 001a3000 08:06 7471196    /lib/i386-linux-gnu/libc-2.15.so
b76a4000-b76a5000 rw-p 001a5000 08:06 7471196    /lib/i386-linux-gnu/libc-2.15.so
b76a5000-b76a8000 rw-p 00000000 00:00 0 
b76a8000-b76ab000 r-xp 00000000 08:06 7471255    /lib/i386-linux-gnu/libdl-2.15.so
b76ab000-b76ac000 r--p 00002000 08:06 7471255    /lib/i386-linux-gnu/libdl-2.15.so
b76ac000-b76ad000 rw-p 00003000 08:06 7471255    /lib/i386-linux-gnu/libdl-2.15.so
b76ad000-b76ae000 rw-p 00000000 00:00 0 
b76ae000-b76c1000 r-xp 00000000 08:06 3148168    /usr/local/java/jdk1.7.0_76/lib/i386/jli/libjli.so
b76c1000-b76c2000 rw-p 00012000 08:06 3148168    /usr/local/java/jdk1.7.0_76/lib/i386/jli/libjli.so
b76c2000-b76d9000 r-xp 00000000 08:06 7471202    /lib/i386-linux-gnu/libpthread-2.15.so
b76d9000-b76da000 r--p 00016000 08:06 7471202    /lib/i386-linux-gnu/libpthread-2.15.so
b76da000-b76db000 rw-p 00017000 08:06 7471202    /lib/i386-linux-gnu/libpthread-2.15.so
b76db000-b76dd000 rw-p 00000000 00:00 0 
b76dd000-b76e5000 rw-s 00000000 08:06 8524768    /tmp/hsperfdata_lizo/16397
b76e5000-b76e6000 rw-p 00000000 00:00 0 
b76e6000-b76e7000 ---p 00000000 00:00 0 
b76e7000-b76f2000 r-xp 00000000 08:06 3146881    /usr/local/java/jdk1.7.0_76/jre/lib/i386/libverify.so
b76f2000-b76f3000 rw-p 0000b000 08:06 3146881    /usr/local/java/jdk1.7.0_76/jre/lib/i386/libverify.so
b76f3000-b76f5000 rw-p 00000000 00:00 0 
b76f5000-b76f6000 r-xp 00000000 00:00 0          [vdso]
b76f6000-b7716000 r-xp 00000000 08:06 7471141    /lib/i386-linux-gnu/ld-2.15.so
b7716000-b7717000 r--p 0001f000 08:06 7471141    /lib/i386-linux-gnu/ld-2.15.so
b7717000-b7718000 rw-p 00020000 08:06 7471141    /lib/i386-linux-gnu/ld-2.15.so
bfd04000-bfd05000 rwxp 00000000 00:00 0 
bfd37000-bfd58000 rw-p 00000000 00:00 0          [stack]

VM Arguments:
jvm_args: -Dmaven.home=EMBEDDED -Dclassworlds.conf=/home/lizo/ICTDLab/.metadata/.plugins/org.eclipse.m2e.launching/launches/m2conf2017373340811777533.tmp -Dfile.encoding=UTF-8 
java_command: org.codehaus.plexus.classworlds.launcher.Launcher -B install
Launcher Type: SUN_STANDARD

Environment Variables:
PATH=/usr/lib/lightdm/lightdm:/usr/local/sbin:/usr/local/bin:/usr/sbin:/usr/bin:/sbin:/bin:/usr/games
SHELL=/bin/bash
DISPLAY=:0.0

Signal Handlers:
SIGSEGV: [libjvm.so+0x7eb660], sa_mask[0]=0x7ffbfeff, sa_flags=0x10000004
SIGBUS: [libjvm.so+0x7eb660], sa_mask[0]=0x7ffbfeff, sa_flags=0x10000004
SIGFPE: [libjvm.so+0x6835c0], sa_mask[0]=0x7ffbfeff, sa_flags=0x10000004
SIGPIPE: [libjvm.so+0x6835c0], sa_mask[0]=0x7ffbfeff, sa_flags=0x10000004
SIGXFSZ: [libjvm.so+0x6835c0], sa_mask[0]=0x7ffbfeff, sa_flags=0x10000004
SIGILL: [libjvm.so+0x6835c0], sa_mask[0]=0x7ffbfeff, sa_flags=0x10000004
SIGUSR1: SIG_DFL, sa_mask[0]=0x00000000, sa_flags=0x00000000
SIGUSR2: [libjvm.so+0x684dc0], sa_mask[0]=0x00000004, sa_flags=0x10000004
SIGHUP: [libjvm.so+0x6860f0], sa_mask[0]=0x7ffbfeff, sa_flags=0x10000004
SIGINT: [libjvm.so+0x6860f0], sa_mask[0]=0x7ffbfeff, sa_flags=0x10000004
SIGTERM: [libjvm.so+0x6860f0], sa_mask[0]=0x7ffbfeff, sa_flags=0x10000004
SIGQUIT: [libjvm.so+0x6860f0], sa_mask[0]=0x7ffbfeff, sa_flags=0x10000004


---------------  S Y S T E M  ---------------

OS:wheezy/sid

uname:Linux 3.13.0-46-generic #77~precise1-Ubuntu SMP Mon Mar 2 23:25:21 UTC 2015 i686
libc:glibc 2.15 NPTL 2.15 
rlimit: STACK 8192k, CORE 0k, NPROC 31591, NOFILE 4096, AS infinity
load average:3,38 1,40 0,94

/proc/meminfo:
MemTotal:        4062756 kB
MemFree:          214084 kB
Buffers:             552 kB
Cached:           179072 kB
SwapCached:            0 kB
Active:          3577000 kB
Inactive:         170556 kB
Active(anon):    3571864 kB
Inactive(anon):   138512 kB
Active(file):       5136 kB
Inactive(file):    32044 kB
Unevictable:           0 kB
Mlocked:               0 kB
HighTotal:       3214088 kB
HighFree:          55472 kB
LowTotal:         848668 kB
LowFree:          158612 kB
SwapTotal:             0 kB
SwapFree:              0 kB
Dirty:               172 kB
Writeback:             0 kB
AnonPages:       3568212 kB
Mapped:            70532 kB
Shmem:            142168 kB
Slab:              44480 kB
SReclaimable:      21848 kB
SUnreclaim:        22632 kB
KernelStack:        6064 kB
PageTables:        16128 kB
NFS_Unstable:          0 kB
Bounce:              124 kB
WritebackTmp:          0 kB
CommitLimit:     2031376 kB
Committed_AS:    7381744 kB
VmallocTotal:     122880 kB
VmallocUsed:       17384 kB
VmallocChunk:      99536 kB
HardwareCorrupted:     0 kB
AnonHugePages:   2281472 kB
HugePages_Total:       0
HugePages_Free:        0
HugePages_Rsvd:        0
HugePages_Surp:        0
Hugepagesize:       2048 kB
DirectMap4k:       14328 kB
DirectMap2M:      899072 kB


CPU:total 4 (2 cores per cpu, 2 threads per core) family 6 model 42 stepping 7, cmov, cx8, fxsr, mmx, sse, sse2, sse3, ssse3, sse4.1, sse4.2, popcnt, avx, aes, ht, tsc, tscinvbit

/proc/cpuinfo:
processor	: 0
vendor_id	: GenuineIntel
cpu family	: 6
model		: 42
model name	: Intel(R) Core(TM) i5-2430M CPU @ 2.40GHz
stepping	: 7
microcode	: 0x14
cpu MHz		: 2401.000
cache size	: 3072 KB
physical id	: 0
siblings	: 4
core id		: 0
cpu cores	: 2
apicid		: 0
initial apicid	: 0
fdiv_bug	: no
f00f_bug	: no
coma_bug	: no
fpu		: yes
fpu_exception	: yes
cpuid level	: 13
wp		: yes
flags		: fpu vme de pse tsc msr pae mce cx8 apic sep mtrr pge mca cmov pat pse36 clflush dts acpi mmx fxsr sse sse2 ss ht tm pbe nx rdtscp lm constant_tsc arch_perfmon pebs bts xtopology nonstop_tsc aperfmperf eagerfpu pni pclmulqdq dtes64 monitor ds_cpl vmx est tm2 ssse3 cx16 xtpr pdcm pcid sse4_1 sse4_2 x2apic popcnt tsc_deadline_timer aes xsave avx lahf_lm ida arat epb xsaveopt pln pts dtherm tpr_shadow vnmi flexpriority ept vpid
bogomips	: 4788.84
clflush size	: 64
cache_alignment	: 64
address sizes	: 36 bits physical, 48 bits virtual
power management:

processor	: 1
vendor_id	: GenuineIntel
cpu family	: 6
model		: 42
model name	: Intel(R) Core(TM) i5-2430M CPU @ 2.40GHz
stepping	: 7
microcode	: 0x14
cpu MHz		: 800.000
cache size	: 3072 KB
physical id	: 0
siblings	: 4
core id		: 0
cpu cores	: 2
apicid		: 1
initial apicid	: 1
fdiv_bug	: no
f00f_bug	: no
coma_bug	: no
fpu		: yes
fpu_exception	: yes
cpuid level	: 13
wp		: yes
flags		: fpu vme de pse tsc msr pae mce cx8 apic sep mtrr pge mca cmov pat pse36 clflush dts acpi mmx fxsr sse sse2 ss ht tm pbe nx rdtscp lm constant_tsc arch_perfmon pebs bts xtopology nonstop_tsc aperfmperf eagerfpu pni pclmulqdq dtes64 monitor ds_cpl vmx est tm2 ssse3 cx16 xtpr pdcm pcid sse4_1 sse4_2 x2apic popcnt tsc_deadline_timer aes xsave avx lahf_lm ida arat epb xsaveopt pln pts dtherm tpr_shadow vnmi flexpriority ept vpid
bogomips	: 4788.84
clflush size	: 64
cache_alignment	: 64
address sizes	: 36 bits physical, 48 bits virtual
power management:

processor	: 2
vendor_id	: GenuineIntel
cpu family	: 6
model		: 42
model name	: Intel(R) Core(TM) i5-2430M CPU @ 2.40GHz
stepping	: 7
microcode	: 0x14
cpu MHz		: 800.000
cache size	: 3072 KB
physical id	: 0
siblings	: 4
core id		: 1
cpu cores	: 2
apicid		: 2
initial apicid	: 2
fdiv_bug	: no
f00f_bug	: no
coma_bug	: no
fpu		: yes
fpu_exception	: yes
cpuid level	: 13
wp		: yes
flags		: fpu vme de pse tsc msr pae mce cx8 apic sep mtrr pge mca cmov pat pse36 clflush dts acpi mmx fxsr sse sse2 ss ht tm pbe nx rdtscp lm constant_tsc arch_perfmon pebs bts xtopology nonstop_tsc aperfmperf eagerfpu pni pclmulqdq dtes64 monitor ds_cpl vmx est tm2 ssse3 cx16 xtpr pdcm pcid sse4_1 sse4_2 x2apic popcnt tsc_deadline_timer aes xsave avx lahf_lm ida arat epb xsaveopt pln pts dtherm tpr_shadow vnmi flexpriority ept vpid
bogomips	: 4788.84
clflush size	: 64
cache_alignment	: 64
address sizes	: 36 bits physical, 48 bits virtual
power management:

processor	: 3
vendor_id	: GenuineIntel
cpu family	: 6
model		: 42
model name	: Intel(R) Core(TM) i5-2430M CPU @ 2.40GHz
stepping	: 7
microcode	: 0x14
cpu MHz		: 2401.000
cache size	: 3072 KB
physical id	: 0
siblings	: 4
core id		: 1
cpu cores	: 2
apicid		: 3
initial apicid	: 3
fdiv_bug	: no
f00f_bug	: no
coma_bug	: no
fpu		: yes
fpu_exception	: yes
cpuid level	: 13
wp		: yes
flags		: fpu vme de pse tsc msr pae mce cx8 apic sep mtrr pge mca cmov pat pse36 clflush dts acpi mmx fxsr sse sse2 ss ht tm pbe nx rdtscp lm constant_tsc arch_perfmon pebs bts xtopology nonstop_tsc aperfmperf eagerfpu pni pclmulqdq dtes64 monitor ds_cpl vmx est tm2 ssse3 cx16 xtpr pdcm pcid sse4_1 sse4_2 x2apic popcnt tsc_deadline_timer aes xsave avx lahf_lm ida arat epb xsaveopt pln pts dtherm tpr_shadow vnmi flexpriority ept vpid
bogomips	: 4788.84
clflush size	: 64
cache_alignment	: 64
address sizes	: 36 bits physical, 48 bits virtual
power management:



Memory: 4k page, physical 4062756k(214084k free), swap 0k(0k free)

vm_info: Java HotSpot(TM) Server VM (24.76-b04) for linux-x86 JRE (1.7.0_76-b13), built on Dec 18 2014 17:29:38 by "java_re" with gcc 4.3.0 20080428 (Red Hat 4.3.0-8)

time: Sat Jul 23 18:37:55 2016
elapsed time: 18 seconds

