#
# There is insufficient memory for the Java Runtime Environment to continue.
# Native memory allocation (malloc) failed to allocate 69206016 bytes for committing reserved memory.
# Possible reasons:
#   The system is out of physical RAM or swap space
#   In 32 bit mode, the process size limit was hit
# Possible solutions:
#   Reduce memory load on the system
#   Increase physical memory or swap space
#   Check if swap backing store is full
#   Use 64 bit Java on a 64 bit OS
#   Decrease Java heap size (-Xmx/-Xms)
#   Decrease number of Java threads
#   Decrease Java thread stack sizes (-Xss)
#   Set larger code cache with -XX:ReservedCodeCacheSize=
# This output file may be truncated or incomplete.
#
#  Out of Memory Error (os_linux.cpp:2756), pid=23249, tid=1848638272
#
# JRE version: Java(TM) SE Runtime Environment (7.0_76-b13) (build 1.7.0_76-b13)
# Java VM: Java HotSpot(TM) Server VM (24.76-b04 mixed mode linux-x86 )
# Failed to write core dump. Core dumps have been disabled. To enable core dumping, try "ulimit -c unlimited" before starting Java again
#

---------------  T H R E A D  ---------------

Current thread (0x6e380800):  VMThread [stack: 0x6e27f000,0x6e300000] [id=23260]

Stack: [0x6e27f000,0x6e300000],  sp=0x6e2fe830,  free space=510k
Native frames: (J=compiled Java code, j=interpreted, Vv=VM code, C=native code)
V  [libjvm.so+0x7eab56]  VMError::report_and_die()+0x1a6
V  [libjvm.so+0x33e222]  report_vm_out_of_memory(char const*, int, unsigned int, char const*)+0x72
V  [libjvm.so+0x686a41]  os::Linux::commit_memory_impl(char*, unsigned int, bool)+0xe1
V  [libjvm.so+0x686f08]  os::pd_commit_memory(char*, unsigned int, unsigned int, bool)+0x28
V  [libjvm.so+0x68064c]  os::commit_memory(char*, unsigned int, unsigned int, bool)+0x2c
V  [libjvm.so+0x6eaed8]  PSVirtualSpace::expand_by(unsigned int)+0x48
V  [libjvm.so+0x6ebfda]  PSYoungGen::resize_generation(unsigned int, unsigned int)+0xda
V  [libjvm.so+0x6eb319]  PSYoungGen::resize(unsigned int, unsigned int)+0x19
V  [libjvm.so+0x6e8c49]  PSScavenge::invoke_no_policy()+0xcf9
V  [libjvm.so+0x6e94a8]  PSScavenge::invoke()+0x28
V  [libjvm.so+0x6a702a]  ParallelScavengeHeap::failed_mem_allocate(unsigned int)+0x5a
V  [libjvm.so+0x7ec3ea]  VM_ParallelGCFailedAllocation::doit()+0x7a
V  [libjvm.so+0x7f5207]  VM_Operation::evaluate()+0x47
V  [libjvm.so+0x7f32a3]  VMThread::evaluate_operation(VM_Operation*)+0xb3
V  [libjvm.so+0x7f3640]  VMThread::loop()+0x1b0
V  [libjvm.so+0x7f3aa5]  VMThread::run()+0x85
V  [libjvm.so+0x688d19]  java_start(Thread*)+0x119
C  [libpthread.so.0+0x6d4c]  start_thread+0xcc

VM_Operation (0xb6884230): ParallelGCFailedAllocation, mode: safepoint, requested by thread 0xb6707800


---------------  P R O C E S S  ---------------

Java Threads: ( => current thread )
  0x6e39ac00 JavaThread "Service Thread" daemon [_thread_blocked, id=23266, stack(0x6e00d000,0x6e05e000)]
  0x6e399000 JavaThread "C2 CompilerThread1" daemon [_thread_blocked, id=23265, stack(0x6dbfe000,0x6dc7f000)]
  0x6e397000 JavaThread "C2 CompilerThread0" daemon [_thread_blocked, id=23264, stack(0x6dc7f000,0x6dd00000)]
  0x6e395400 JavaThread "Signal Dispatcher" daemon [_thread_blocked, id=23263, stack(0x6e05e000,0x6e0af000)]
  0x6e384c00 JavaThread "Finalizer" daemon [_thread_blocked, id=23262, stack(0x6e0af000,0x6e100000)]
  0x6e383400 JavaThread "Reference Handler" daemon [_thread_blocked, id=23261, stack(0x6e22e000,0x6e27f000)]
  0xb6707800 JavaThread "main" [_thread_blocked, id=23255, stack(0xb6835000,0xb6886000)]

Other Threads:
=>0x6e380800 VMThread [stack: 0x6e27f000,0x6e300000] [id=23260]
  0x6e39cc00 WatcherThread [stack: 0x6db7d000,0x6dbfe000] [id=23267]

VM state:at safepoint (normal execution)

VM Mutex/Monitor currently owned by a thread:  ([mutex/lock_event])
[0xb6705108] Threads_lock - owner thread: 0x6e380800
[0xb6705518] Heap_lock - owner thread: 0xb6707800

Heap
 PSYoungGen      total 71168K, used 7154K [0x9eb00000, 0xa3800000, 0xb35c0000)
  eden space 64000K, 0% used [0x9eb00000,0x9eb00000,0xa2980000)
  from space 7168K, 99% used [0xa2980000,0xa307c928,0xa3080000)
  to   space 6656K, 0% used [0xa3080000,0xa3080000,0xa3700000)
 ParOldGen       total 42240K, used 8968K [0x755c0000, 0x77f00000, 0x9eb00000)
  object space 42240K, 21% used [0x755c0000,0x75e82220,0x77f00000)
 PSPermGen       total 16384K, used 9663K [0x715c0000, 0x725c0000, 0x755c0000)
  object space 16384K, 58% used [0x715c0000,0x71f2fc88,0x725c0000)

Card table byte_map: [0x713af000,0x715c0000] byte_map_base: 0x71024200

Polling page: 0xb77a9000

Code Cache  [0xb3696000, 0xb38d6000, 0xb6696000)
 total_blobs=604 nmethods=465 adapters=92 free_code_cache=47830Kb largest_free_block=48922944

Compilation events (10 events):
Event: 5,298 Thread 0x6e397000  476             org.eclipse.aether.graph.DefaultDependencyNode::getDependency (5 bytes)
Event: 5,298 Thread 0x6e397000 nmethod 476 0xb37b6188 code [0xb37b6260, 0xb37b62b0]
Event: 5,298 Thread 0x6e397000  477             java.util.IdentityHashMap::nextKeyIndex (15 bytes)
Event: 5,299 Thread 0x6e397000 nmethod 477 0xb37c1608 code [0xb37c16e0, 0xb37c1730]
Event: 5,299 Thread 0x6e397000  478             org.eclipse.aether.graph.DefaultDependencyNode::getManagedBits (5 bytes)
Event: 5,299 Thread 0x6e397000 nmethod 478 0xb37c1488 code [0xb37c1560, 0xb37c15b0]
Event: 5,299 Thread 0x6e397000  479             java.lang.Boolean::booleanValue (5 bytes)
Event: 5,299 Thread 0x6e397000 nmethod 479 0xb37c1308 code [0xb37c13e0, 0xb37c1430]
Event: 5,339 Thread 0x6e399000 nmethod 459 0xb37e0788 code [0xb37e14a0, 0xb37e716c]
Event: 5,685 Thread 0x6e397000  480             java.util.regex.Pattern$Branch::match (66 bytes)

GC Heap History (10 events):
Event: 1,537 GC heap after
Heap after GC invocations=2 (full 0):
 PSYoungGen      total 18688K, used 2248K [0x9eb00000, 0x9ffc0000, 0xb35c0000)
  eden space 16128K, 0% used [0x9eb00000,0x9eb00000,0x9fac0000)
  from space 2560K, 87% used [0x9fd40000,0x9ff72198,0x9ffc0000)
  to   space 2560K, 0% used [0x9fac0000,0x9fac0000,0x9fd40000)
 ParOldGen       total 42240K, used 186K [0x755c0000, 0x77f00000, 0x9eb00000)
  object space 42240K, 0% used [0x755c0000,0x755eebf0,0x77f00000)
 PSPermGen       total 16384K, used 5188K [0x715c0000, 0x725c0000, 0x755c0000)
  object space 16384K, 31% used [0x715c0000,0x71ad1008,0x725c0000)
}
Event: 1,856 GC heap before
{Heap before GC invocations=3 (full 0):
 PSYoungGen      total 18688K, used 18376K [0x9eb00000, 0x9ffc0000, 0xb35c0000)
  eden space 16128K, 100% used [0x9eb00000,0x9fac0000,0x9fac0000)
  from space 2560K, 87% used [0x9fd40000,0x9ff72198,0x9ffc0000)
  to   space 2560K, 0% used [0x9fac0000,0x9fac0000,0x9fd40000)
 ParOldGen       total 42240K, used 186K [0x755c0000, 0x77f00000, 0x9eb00000)
  object space 42240K, 0% used [0x755c0000,0x755eebf0,0x77f00000)
 PSPermGen       total 16384K, used 6566K [0x715c0000, 0x725c0000, 0x755c0000)
  object space 16384K, 40% used [0x715c0000,0x71c299c8,0x725c0000)
Event: 1,861 GC heap after
Heap after GC invocations=3 (full 0):
 PSYoungGen      total 18688K, used 2554K [0x9eb00000, 0xa0f80000, 0xb35c0000)
  eden space 16128K, 0% used [0x9eb00000,0x9eb00000,0x9fac0000)
  from space 2560K, 99% used [0x9fac0000,0x9fd3ea20,0x9fd40000)
  to   space 2560K, 0% used [0xa0d00000,0xa0d00000,0xa0f80000)
 ParOldGen       total 42240K, used 1539K [0x755c0000, 0x77f00000, 0x9eb00000)
  object space 42240K, 3% used [0x755c0000,0x75740e48,0x77f00000)
 PSPermGen       total 16384K, used 6566K [0x715c0000, 0x725c0000, 0x755c0000)
  object space 16384K, 40% used [0x715c0000,0x71c299c8,0x725c0000)
}
Event: 2,220 GC heap before
{Heap before GC invocations=4 (full 0):
 PSYoungGen      total 18688K, used 18682K [0x9eb00000, 0xa0f80000, 0xb35c0000)
  eden space 16128K, 100% used [0x9eb00000,0x9fac0000,0x9fac0000)
  from space 2560K, 99% used [0x9fac0000,0x9fd3ea20,0x9fd40000)
  to   space 2560K, 0% used [0xa0d00000,0xa0d00000,0xa0f80000)
 ParOldGen       total 42240K, used 1539K [0x755c0000, 0x77f00000, 0x9eb00000)
  object space 42240K, 3% used [0x755c0000,0x75740e48,0x77f00000)
 PSPermGen       total 16384K, used 7860K [0x715c0000, 0x725c0000, 0x755c0000)
  object space 16384K, 47% used [0x715c0000,0x71d6d1c0,0x725c0000)
Event: 2,229 GC heap after
Heap after GC invocations=4 (full 0):
 PSYoungGen      total 34816K, used 2557K [0x9eb00000, 0xa0f80000, 0xb35c0000)
  eden space 32256K, 0% used [0x9eb00000,0x9eb00000,0xa0a80000)
  from space 2560K, 99% used [0xa0d00000,0xa0f7f500,0xa0f80000)
  to   space 2560K, 0% used [0xa0a80000,0xa0a80000,0xa0d00000)
 ParOldGen       total 42240K, used 3204K [0x755c0000, 0x77f00000, 0x9eb00000)
  object space 42240K, 7% used [0x755c0000,0x758e12e8,0x77f00000)
 PSPermGen       total 16384K, used 7860K [0x715c0000, 0x725c0000, 0x755c0000)
  object space 16384K, 47% used [0x715c0000,0x71d6d1c0,0x725c0000)
}
Event: 3,444 GC heap before
{Heap before GC invocations=5 (full 0):
 PSYoungGen      total 34816K, used 34813K [0x9eb00000, 0xa0f80000, 0xb35c0000)
  eden space 32256K, 100% used [0x9eb00000,0xa0a80000,0xa0a80000)
  from space 2560K, 99% used [0xa0d00000,0xa0f7f500,0xa0f80000)
  to   space 2560K, 0% used [0xa0a80000,0xa0a80000,0xa0d00000)
 ParOldGen       total 42240K, used 3204K [0x755c0000, 0x77f00000, 0x9eb00000)
  object space 42240K, 7% used [0x755c0000,0x758e12e8,0x77f00000)
 PSPermGen       total 16384K, used 9506K [0x715c0000, 0x725c0000, 0x755c0000)
  object space 16384K, 58% used [0x715c0000,0x71f08bd8,0x725c0000)
Event: 3,452 GC heap after
Heap after GC invocations=5 (full 0):
 PSYoungGen      total 34816K, used 2546K [0x9eb00000, 0xa3700000, 0xb35c0000)
  eden space 32256K, 0% used [0x9eb00000,0x9eb00000,0xa0a80000)
  from space 2560K, 99% used [0xa0a80000,0xa0cfc968,0xa0d00000)
  to   space 6656K, 0% used [0xa3080000,0xa3080000,0xa3700000)
 ParOldGen       total 42240K, used 6921K [0x755c0000, 0x77f00000, 0x9eb00000)
  object space 42240K, 16% used [0x755c0000,0x75c82640,0x77f00000)
 PSPermGen       total 16384K, used 9506K [0x715c0000, 0x725c0000, 0x755c0000)
  object space 16384K, 58% used [0x715c0000,0x71f08bd8,0x725c0000)
}
Event: 3,808 GC heap before
{Heap before GC invocations=6 (full 0):
 PSYoungGen      total 34816K, used 34802K [0x9eb00000, 0xa3700000, 0xb35c0000)
  eden space 32256K, 100% used [0x9eb00000,0xa0a80000,0xa0a80000)
  from space 2560K, 99% used [0xa0a80000,0xa0cfc968,0xa0d00000)
  to   space 6656K, 0% used [0xa3080000,0xa3080000,0xa3700000)
 ParOldGen       total 42240K, used 6921K [0x755c0000, 0x77f00000, 0x9eb00000)
  object space 42240K, 16% used [0x755c0000,0x75c82640,0x77f00000)
 PSPermGen       total 16384K, used 9565K [0x715c0000, 0x725c0000, 0x755c0000)
  object space 16384K, 58% used [0x715c0000,0x71f17608,0x725c0000)
Event: 3,827 GC heap after
Heap after GC invocations=6 (full 0):
 PSYoungGen      total 70656K, used 5346K [0x9eb00000, 0xa3800000, 0xb35c0000)
  eden space 64000K, 0% used [0x9eb00000,0x9eb00000,0xa2980000)
  from space 6656K, 80% used [0xa3080000,0xa35b8948,0xa3700000)
  to   space 7168K, 0% used [0xa2980000,0xa2980000,0xa3080000)
 ParOldGen       total 42240K, used 6925K [0x755c0000, 0x77f00000, 0x9eb00000)
  object space 42240K, 16% used [0x755c0000,0x75c83640,0x77f00000)
 PSPermGen       total 16384K, used 9565K [0x715c0000, 0x725c0000, 0x755c0000)
  object space 16384K, 58% used [0x715c0000,0x71f17608,0x725c0000)
}
Event: 5,686 GC heap before
{Heap before GC invocations=7 (full 0):
 PSYoungGen      total 70656K, used 69346K [0x9eb00000, 0xa3800000, 0xb35c0000)
  eden space 64000K, 100% used [0x9eb00000,0xa2980000,0xa2980000)
  from space 6656K, 80% used [0xa3080000,0xa35b8948,0xa3700000)
  to   space 7168K, 0% used [0xa2980000,0xa2980000,0xa3080000)
 ParOldGen       total 42240K, used 6925K [0x755c0000, 0x77f00000, 0x9eb00000)
  object space 42240K, 16% used [0x755c0000,0x75c83640,0x77f00000)
 PSPermGen       total 16384K, used 9663K [0x715c0000, 0x725c0000, 0x755c0000)
  object space 16384K, 58% used [0x715c0000,0x71f2fc88,0x725c0000)

Deoptimization events (10 events):
Event: 3,474 Thread 0xb6707800 Uncommon trap: reason=class_check action=maybe_recompile pc=0xb3750a0c method=java.util.regex.Pattern$7.isSatisfiedBy(I)Z @ 16
Event: 3,474 Thread 0xb6707800 Uncommon trap: reason=class_check action=maybe_recompile pc=0xb3750a20 method=java.util.regex.Pattern$CharProperty$1.isSatisfiedBy(I)Z @ 5
Event: 3,474 Thread 0xb6707800 Uncommon trap: reason=class_check action=maybe_recompile pc=0xb3750a0c method=java.util.regex.Pattern$7.isSatisfiedBy(I)Z @ 16
Event: 3,474 Thread 0xb6707800 Uncommon trap: reason=class_check action=maybe_recompile pc=0xb3750a0c method=java.util.regex.Pattern$7.isSatisfiedBy(I)Z @ 16
Event: 3,510 Thread 0xb6707800 Uncommon trap: reason=predicate action=maybe_recompile pc=0xb376ed8c method=java.util.Arrays.fill([Ljava/lang/Object;Ljava/lang/Object;)V @ 10
Event: 3,699 Thread 0xb6707800 Uncommon trap: reason=array_check action=maybe_recompile pc=0xb378436c method=java.util.Arrays.fill([Ljava/lang/Object;Ljava/lang/Object;)V @ 13
Event: 3,727 Thread 0xb6707800 Uncommon trap: reason=array_check action=maybe_recompile pc=0xb378436c method=java.util.Arrays.fill([Ljava/lang/Object;Ljava/lang/Object;)V @ 13
Event: 3,777 Thread 0xb6707800 Uncommon trap: reason=array_check action=maybe_recompile pc=0xb378436c method=java.util.Arrays.fill([Ljava/lang/Object;Ljava/lang/Object;)V @ 13
Event: 4,323 Thread 0xb6707800 Uncommon trap: reason=class_check action=maybe_recompile pc=0xb3725bb8 method=java.lang.AbstractStringBuilder.append(Ljava/lang/CharSequence;II)Ljava/lang/AbstractStringBuilder; @ 18
Event: 4,323 Thread 0xb6707800 Uncommon trap: reason=class_check action=maybe_recompile pc=0xb3725bb8 method=java.lang.AbstractStringBuilder.append(Ljava/lang/CharSequence;II)Ljava/lang/AbstractStringBuilder; @ 18

Internal exceptions (10 events):
Event: 5,161 Thread 0xb6707800 Threw 0xa264fb58 at /HUDSON/workspace/7u-2-build-linux-i586/jdk7u76/1941/hotspot/src/share/vm/prims/jvm.cpp:1304
Event: 5,161 Thread 0xb6707800 Threw 0xa2650318 at /HUDSON/workspace/7u-2-build-linux-i586/jdk7u76/1941/hotspot/src/share/vm/prims/jvm.cpp:1304
Event: 5,162 Thread 0xb6707800 Threw 0xa26588f0 at /HUDSON/workspace/7u-2-build-linux-i586/jdk7u76/1941/hotspot/src/share/vm/prims/jvm.cpp:1304
Event: 5,162 Thread 0xb6707800 Threw 0xa2659098 at /HUDSON/workspace/7u-2-build-linux-i586/jdk7u76/1941/hotspot/src/share/vm/prims/jvm.cpp:1304
Event: 5,163 Thread 0xb6707800 Threw 0xa265f838 at /HUDSON/workspace/7u-2-build-linux-i586/jdk7u76/1941/hotspot/src/share/vm/prims/jvm.cpp:1304
Event: 5,163 Thread 0xb6707800 Threw 0xa2660018 at /HUDSON/workspace/7u-2-build-linux-i586/jdk7u76/1941/hotspot/src/share/vm/prims/jvm.cpp:1304
Event: 5,246 Thread 0xb6707800 Threw 0xa26d6060 at /HUDSON/workspace/7u-2-build-linux-i586/jdk7u76/1941/hotspot/src/share/vm/prims/jvm.cpp:1304
Event: 5,246 Thread 0xb6707800 Threw 0xa26d66e8 at /HUDSON/workspace/7u-2-build-linux-i586/jdk7u76/1941/hotspot/src/share/vm/prims/jvm.cpp:1304
Event: 5,246 Thread 0xb6707800 Threw 0xa26dc348 at /HUDSON/workspace/7u-2-build-linux-i586/jdk7u76/1941/hotspot/src/share/vm/prims/jvm.cpp:1304
Event: 5,246 Thread 0xb6707800 Threw 0xa26dca70 at /HUDSON/workspace/7u-2-build-linux-i586/jdk7u76/1941/hotspot/src/share/vm/prims/jvm.cpp:1304

Events (10 events):
Event: 5,161 loading class 0x6d359c40 done
Event: 5,162 loading class 0x6d359e68
Event: 5,162 loading class 0x6d359e68 done
Event: 5,163 loading class 0x6d35c0f0
Event: 5,163 loading class 0x6d35c0f0 done
Event: 5,245 loading class 0x6d31baa0
Event: 5,245 loading class 0x6d31baa0 done
Event: 5,246 loading class 0x6d223d98
Event: 5,246 loading class 0x6d223d98 done
Event: 5,686 Executing VM operation: ParallelGCFailedAllocation


Dynamic libraries:
08048000-08049000 r-xp 00000000 08:06 3148208    /usr/local/java/jdk1.7.0_76/bin/java
08049000-0804a000 rw-p 00000000 08:06 3148208    /usr/local/java/jdk1.7.0_76/bin/java
0990f000-09999000 rw-p 00000000 00:00 0          [heap]
6c800000-6c88a000 rw-p 00000000 00:00 0 
6c88a000-6c900000 ---p 00000000 00:00 0 
6ca00000-6cbf9000 rw-p 00000000 00:00 0 
6cbf9000-6cc00000 ---p 00000000 00:00 0 
6cc00000-6ccf5000 rw-p 00000000 00:00 0 
6ccf5000-6cd00000 ---p 00000000 00:00 0 
6ce00000-6ced6000 rw-p 00000000 00:00 0 
6ced6000-6cf00000 ---p 00000000 00:00 0 
6d000000-6d100000 rw-p 00000000 00:00 0 
6d100000-6d1f3000 rw-p 00000000 00:00 0 
6d1f3000-6d200000 ---p 00000000 00:00 0 
6d200000-6d2fe000 rw-p 00000000 00:00 0 
6d2fe000-6d300000 ---p 00000000 00:00 0 
6d300000-6d38e000 rw-p 00000000 00:00 0 
6d38e000-6d400000 ---p 00000000 00:00 0 
6d400000-6d500000 rw-p 00000000 00:00 0 
6d500000-6d5ed000 rw-p 00000000 00:00 0 
6d5ed000-6d600000 ---p 00000000 00:00 0 
6d600000-6d6fd000 rw-p 00000000 00:00 0 
6d6fd000-6d700000 ---p 00000000 00:00 0 
6d700000-6d7ff000 rw-p 00000000 00:00 0 
6d7ff000-6d800000 ---p 00000000 00:00 0 
6d800000-6d8ff000 rw-p 00000000 00:00 0 
6d8ff000-6d900000 ---p 00000000 00:00 0 
6d900000-6d9fb000 rw-p 00000000 00:00 0 
6d9fb000-6da00000 ---p 00000000 00:00 0 
6da00000-6daff000 rw-p 00000000 00:00 0 
6daff000-6db00000 ---p 00000000 00:00 0 
6db7d000-6db7e000 ---p 00000000 00:00 0 
6db7e000-6dbfe000 rw-p 00000000 00:00 0          [stack:23267]
6dbfe000-6dc01000 ---p 00000000 00:00 0 
6dc01000-6dc7f000 rw-p 00000000 00:00 0          [stack:23265]
6dc7f000-6dc82000 ---p 00000000 00:00 0 
6dc82000-6dd00000 rw-p 00000000 00:00 0          [stack:23264]
6dd00000-6df00000 r--p 00000000 08:06 6822382    /usr/lib/locale/locale-archive
6df00000-6df21000 rw-p 00000000 00:00 0 
6df21000-6e000000 ---p 00000000 00:00 0 
6e00d000-6e010000 ---p 00000000 00:00 0 
6e010000-6e05e000 rw-p 00000000 00:00 0          [stack:23266]
6e05e000-6e061000 ---p 00000000 00:00 0 
6e061000-6e0af000 rw-p 00000000 00:00 0          [stack:23263]
6e0af000-6e0b2000 ---p 00000000 00:00 0 
6e0b2000-6e100000 rw-p 00000000 00:00 0          [stack:23262]
6e100000-6e1fa000 rw-p 00000000 00:00 0 
6e1fa000-6e200000 ---p 00000000 00:00 0 
6e218000-6e22d000 r-xp 00000000 08:06 3146922    /usr/local/java/jdk1.7.0_76/jre/lib/i386/libnet.so
6e22d000-6e22e000 rw-p 00014000 08:06 3146922    /usr/local/java/jdk1.7.0_76/jre/lib/i386/libnet.so
6e22e000-6e231000 ---p 00000000 00:00 0 
6e231000-6e27f000 rw-p 00000000 00:00 0          [stack:23261]
6e27f000-6e280000 ---p 00000000 00:00 0 
6e280000-6e300000 rw-p 00000000 00:00 0          [stack:23260]
6e300000-6e400000 rw-p 00000000 00:00 0 
6e412000-6e420000 r-xp 00000000 08:06 3146859    /usr/local/java/jdk1.7.0_76/jre/lib/i386/libnio.so
6e420000-6e421000 rw-p 0000e000 08:06 3146859    /usr/local/java/jdk1.7.0_76/jre/lib/i386/libnio.so
6e421000-6e5e0000 r--s 039f0000 08:06 3146820    /usr/local/java/jdk1.7.0_76/jre/lib/rt.jar
6e5e0000-70b00000 rw-p 00000000 00:00 0 
70b00000-70bff000 rw-p 00000000 00:00 0 
70bff000-70c00000 ---p 00000000 00:00 0 
70c05000-70c09000 r--s 0008b000 08:06 3147040    /usr/local/java/jdk1.7.0_76/jre/lib/jsse.jar
70c09000-70c34000 r--s 001fc000 08:06 3547330    /home/lizo/dev-tools/sts-bundle/sts-3.6.3.SR1/plugins/org.eclipse.m2e.maven.runtime_1.6.2.20150902-0001/jars/guava-18.0.jar
70c34000-70c7f000 rw-p 00000000 00:00 0 
70c7f000-70c80000 ---p 00000000 00:00 0 
70c80000-70d00000 rw-p 00000000 00:00 0          [stack:23259]
70d00000-70d21000 rw-p 00000000 00:00 0 
70d21000-70e00000 ---p 00000000 00:00 0 
70e00000-70e21000 rw-p 00000000 00:00 0 
70e21000-70f00000 ---p 00000000 00:00 0 
70f02000-70f03000 r--s 00002000 08:06 3547215    /home/lizo/dev-tools/sts-bundle/sts-3.6.3.SR1/plugins/org.eclipse.m2e.maven.runtime.slf4j.simple_1.6.2.20150902-0001/jars/slf4j-simple-1.7.5.jar
70f03000-70f08000 r--s 00041000 08:06 3547329    /home/lizo/dev-tools/sts-bundle/sts-3.6.3.SR1/plugins/org.eclipse.m2e.maven.runtime_1.6.2.20150902-0001/jars/commons-lang-2.6.jar
70f08000-70f09000 r--s 00002000 08:06 3547358    /home/lizo/dev-tools/sts-bundle/sts-3.6.3.SR1/plugins/org.eclipse.m2e.maven.runtime_1.6.2.20150902-0001/jars/wagon-file-2.9.jar
70f09000-70f0b000 r--s 00005000 08:06 3547325    /home/lizo/dev-tools/sts-bundle/sts-3.6.3.SR1/plugins/org.eclipse.m2e.maven.runtime_1.6.2.20150902-0001/jars/aether-transport-wagon-1.0.2.v20150114.jar
70f0b000-70f0c000 r--s 00008000 08:06 3547321    /home/lizo/dev-tools/sts-bundle/sts-3.6.3.SR1/plugins/org.eclipse.m2e.maven.runtime_1.6.2.20150902-0001/jars/aether-connector-basic-1.0.2.v20150114.jar
70f0c000-70f0e000 r--s 0000e000 08:06 3547345    /home/lizo/dev-tools/sts-bundle/sts-3.6.3.SR1/plugins/org.eclipse.m2e.maven.runtime_1.6.2.20150902-0001/jars/okio-1.3.0.jar
70f0e000-70f13000 r--s 00043000 08:06 3547344    /home/lizo/dev-tools/sts-bundle/sts-3.6.3.SR1/plugins/org.eclipse.m2e.maven.runtime_1.6.2.20150902-0001/jars/okhttp-2.3.0.jar
70f13000-70f15000 r--s 0000a000 08:06 3547322    /home/lizo/dev-tools/sts-bundle/sts-3.6.3.SR1/plugins/org.eclipse.m2e.maven.runtime_1.6.2.20150902-0001/jars/aether-connector-okhttp-0.15.0.jar
70f15000-70f17000 r--s 00006000 08:06 3547324    /home/lizo/dev-tools/sts-bundle/sts-3.6.3.SR1/plugins/org.eclipse.m2e.maven.runtime_1.6.2.20150902-0001/jars/aether-spi-1.0.2.v20150114.jar
70f17000-70f1b000 r--s 00027000 08:06 3547323    /home/lizo/dev-tools/sts-bundle/sts-3.6.3.SR1/plugins/org.eclipse.m2e.maven.runtime_1.6.2.20150902-0001/jars/aether-impl-1.0.2.v20150114.jar
70f1b000-70f24000 r--s 00059000 08:06 3547355    /home/lizo/dev-tools/sts-bundle/sts-3.6.3.SR1/plugins/org.eclipse.m2e.maven.runtime_1.6.2.20150902-0001/jars/sisu-guice-3.2.5-no_aop.jar
70f24000-70f7f000 rw-p 00000000 00:00 0 
70f7f000-70f80000 ---p 00000000 00:00 0 
70f80000-71000000 rw-p 00000000 00:00 0          [stack:23258]
71000000-71021000 rw-p 00000000 00:00 0 
71021000-71100000 ---p 00000000 00:00 0 
71100000-71107000 r--s 00055000 08:06 3547346    /home/lizo/dev-tools/sts-bundle/sts-3.6.3.SR1/plugins/org.eclipse.m2e.maven.runtime_1.6.2.20150902-0001/jars/org.eclipse.sisu.inject-0.3.0.jar
71107000-71108000 r--s 00001000 08:06 3547331    /home/lizo/dev-tools/sts-bundle/sts-3.6.3.SR1/plugins/org.eclipse.m2e.maven.runtime_1.6.2.20150902-0001/jars/jsr250-api-1.0.jar
71108000-7110b000 r--s 00008000 08:06 3547327    /home/lizo/dev-tools/sts-bundle/sts-3.6.3.SR1/plugins/org.eclipse.m2e.maven.runtime_1.6.2.20150902-0001/jars/cdi-api-1.0.jar
7110b000-71111000 r--s 0002d000 08:06 3547347    /home/lizo/dev-tools/sts-bundle/sts-3.6.3.SR1/plugins/org.eclipse.m2e.maven.runtime_1.6.2.20150902-0001/jars/org.eclipse.sisu.plexus-0.3.0.jar
71111000-71114000 r--s 0000b000 08:06 3547359    /home/lizo/dev-tools/sts-bundle/sts-3.6.3.SR1/plugins/org.eclipse.m2e.maven.runtime_1.6.2.20150902-0001/jars/wagon-provider-api-2.9.jar
71114000-7111b000 r--s 00040000 08:06 3547335    /home/lizo/dev-tools/sts-bundle/sts-3.6.3.SR1/plugins/org.eclipse.m2e.maven.runtime_1.6.2.20150902-0001/jars/maven-compat-3.3.3.jar
7111b000-7111d000 r--s 00009000 08:06 3547328    /home/lizo/dev-tools/sts-bundle/sts-3.6.3.SR1/plugins/org.eclipse.m2e.maven.runtime_1.6.2.20150902-0001/jars/commons-cli-1.2.jar
7111d000-7111f000 r--s 00002000 08:06 3547349    /home/lizo/dev-tools/sts-bundle/sts-3.6.3.SR1/plugins/org.eclipse.m2e.maven.runtime_1.6.2.20150902-0001/jars/plexus-cipher-1.7.jar
7111f000-71122000 r--s 00013000 08:06 3547337    /home/lizo/dev-tools/sts-bundle/sts-3.6.3.SR1/plugins/org.eclipse.m2e.maven.runtime_1.6.2.20150902-0001/jars/maven-embedder-3.3.3.jar
71122000-71126000 r--s 00038000 08:06 3547354    /home/lizo/dev-tools/sts-bundle/sts-3.6.3.SR1/plugins/org.eclipse.m2e.maven.runtime_1.6.2.20150902-0001/jars/plexus-utils-3.0.20.jar
71126000-71129000 r--s 0000d000 08:06 3547352    /home/lizo/dev-tools/sts-bundle/sts-3.6.3.SR1/plugins/org.eclipse.m2e.maven.runtime_1.6.2.20150902-0001/jars/plexus-interpolation-1.21.jar
71129000-71142000 rw-p 00000000 00:00 0 
71142000-71143000 ---p 00000000 00:00 0 
71143000-711c3000 rw-p 00000000 00:00 0          [stack:23257]
711c3000-711c4000 ---p 00000000 00:00 0 
711c4000-7124c000 rw-p 00000000 00:00 0          [stack:23256]
7124c000-71264000 rw-p 00000000 00:00 0 
71264000-71279000 rw-p 00000000 00:00 0 
71279000-713af000 rw-p 00000000 00:00 0 
713af000-713b7000 rw-p 00000000 00:00 0 
713b7000-713cf000 rw-p 00000000 00:00 0 
713cf000-713e4000 rw-p 00000000 00:00 0 
713e4000-71519000 rw-p 00000000 00:00 0 
71519000-71541000 rw-p 00000000 00:00 0 
71541000-715bf000 rw-p 00000000 00:00 0 
715bf000-725c0000 rw-p 00000000 00:00 0 
725c0000-755c0000 rw-p 00000000 00:00 0 
755c0000-77f00000 rw-p 00000000 00:00 0 
77f00000-9eb00000 rw-p 00000000 00:00 0 
9eb00000-a3800000 rw-p 00000000 00:00 0 
a77e2000-a7a00000 rw-p 00000000 00:00 0 
a7a00000-b35c0000 rw-p 00000000 00:00 0 
b35c0000-b35c2000 r--s 00000000 08:06 3547351    /home/lizo/dev-tools/sts-bundle/sts-3.6.3.SR1/plugins/org.eclipse.m2e.maven.runtime_1.6.2.20150902-0001/jars/plexus-component-annotations-1.5.5.jar
b35c2000-b35c6000 r--s 00020000 08:06 3547326    /home/lizo/dev-tools/sts-bundle/sts-3.6.3.SR1/plugins/org.eclipse.m2e.maven.runtime_1.6.2.20150902-0001/jars/aether-util-1.0.2.v20150114.jar
b35c6000-b35cb000 r--s 0001d000 08:06 3547320    /home/lizo/dev-tools/sts-bundle/sts-3.6.3.SR1/plugins/org.eclipse.m2e.maven.runtime_1.6.2.20150902-0001/jars/aether-api-1.0.2.v20150114.jar
b35cb000-b35cd000 r--s 0000f000 08:06 3547332    /home/lizo/dev-tools/sts-bundle/sts-3.6.3.SR1/plugins/org.eclipse.m2e.maven.runtime_1.6.2.20150902-0001/jars/maven-aether-provider-3.3.3.jar
b35cd000-b35d2000 r--s 00027000 08:06 3547339    /home/lizo/dev-tools/sts-bundle/sts-3.6.3.SR1/plugins/org.eclipse.m2e.maven.runtime_1.6.2.20150902-0001/jars/maven-model-builder-3.3.3.jar
b35d2000-b35d4000 r--s 0000a000 08:06 3547340    /home/lizo/dev-tools/sts-bundle/sts-3.6.3.SR1/plugins/org.eclipse.m2e.maven.runtime_1.6.2.20150902-0001/jars/maven-plugin-api-3.3.3.jar
b35d4000-b35d6000 r--s 0000c000 08:06 3547333    /home/lizo/dev-tools/sts-bundle/sts-3.6.3.SR1/plugins/org.eclipse.m2e.maven.runtime_1.6.2.20150902-0001/jars/maven-artifact-3.3.3.jar
b35d6000-b35df000 rw-p 00000000 00:00 0 
b35df000-b3696000 rw-p 00000000 00:00 0 
b3696000-b38d6000 rwxp 00000000 00:00 0 
b38d6000-b6696000 rw-p 00000000 00:00 0 
b6696000-b66ad000 r-xp 00000000 08:06 3146877    /usr/local/java/jdk1.7.0_76/jre/lib/i386/libzip.so
b66ad000-b66ae000 rw-p 00017000 08:06 3146877    /usr/local/java/jdk1.7.0_76/jre/lib/i386/libzip.so
b66ae000-b66b9000 r-xp 00000000 08:06 7471296    /lib/i386-linux-gnu/libnss_files-2.15.so
b66b9000-b66ba000 r--p 0000a000 08:06 7471296    /lib/i386-linux-gnu/libnss_files-2.15.so
b66ba000-b66bb000 rw-p 0000b000 08:06 7471296    /lib/i386-linux-gnu/libnss_files-2.15.so
b66bb000-b66c5000 r-xp 00000000 08:06 7471151    /lib/i386-linux-gnu/libnss_nis-2.15.so
b66c5000-b66c6000 r--p 00009000 08:06 7471151    /lib/i386-linux-gnu/libnss_nis-2.15.so
b66c6000-b66c7000 rw-p 0000a000 08:06 7471151    /lib/i386-linux-gnu/libnss_nis-2.15.so
b66c7000-b66dd000 r-xp 00000000 08:06 7471288    /lib/i386-linux-gnu/libnsl-2.15.so
b66dd000-b66de000 r--p 00015000 08:06 7471288    /lib/i386-linux-gnu/libnsl-2.15.so
b66de000-b66df000 rw-p 00016000 08:06 7471288    /lib/i386-linux-gnu/libnsl-2.15.so
b66df000-b66e1000 rw-p 00000000 00:00 0 
b66e1000-b66e8000 r-xp 00000000 08:06 7471146    /lib/i386-linux-gnu/libnss_compat-2.15.so
b66e8000-b66e9000 r--p 00006000 08:06 7471146    /lib/i386-linux-gnu/libnss_compat-2.15.so
b66e9000-b66ea000 rw-p 00007000 08:06 7471146    /lib/i386-linux-gnu/libnss_compat-2.15.so
b66ea000-b66eb000 r--s 00006000 08:06 3547353    /home/lizo/dev-tools/sts-bundle/sts-3.6.3.SR1/plugins/org.eclipse.m2e.maven.runtime_1.6.2.20150902-0001/jars/plexus-sec-dispatcher-1.3.jar
b66eb000-b66ed000 r--s 00005000 08:06 3547341    /home/lizo/dev-tools/sts-bundle/sts-3.6.3.SR1/plugins/org.eclipse.m2e.maven.runtime_1.6.2.20150902-0001/jars/maven-repository-metadata-3.3.3.jar
b66ed000-b66ee000 r--s 00003000 08:06 3547334    /home/lizo/dev-tools/sts-bundle/sts-3.6.3.SR1/plugins/org.eclipse.m2e.maven.runtime_1.6.2.20150902-0001/jars/maven-builder-support-3.3.3.jar
b66ee000-b66f0000 r--s 00009000 08:06 3547343    /home/lizo/dev-tools/sts-bundle/sts-3.6.3.SR1/plugins/org.eclipse.m2e.maven.runtime_1.6.2.20150902-0001/jars/maven-settings-builder-3.3.3.jar
b66f0000-b66f3000 r--s 00025000 08:06 3547338    /home/lizo/dev-tools/sts-bundle/sts-3.6.3.SR1/plugins/org.eclipse.m2e.maven.runtime_1.6.2.20150902-0001/jars/maven-model-3.3.3.jar
b66f3000-b6700000 r--s 0008e000 08:06 3547336    /home/lizo/dev-tools/sts-bundle/sts-3.6.3.SR1/plugins/org.eclipse.m2e.maven.runtime_1.6.2.20150902-0001/jars/maven-core-3.3.3.jar
b6700000-b67f6000 rw-p 00000000 00:00 0 
b67f6000-b6800000 ---p 00000000 00:00 0 
b6800000-b6802000 r--s 00009000 08:06 3547342    /home/lizo/dev-tools/sts-bundle/sts-3.6.3.SR1/plugins/org.eclipse.m2e.maven.runtime_1.6.2.20150902-0001/jars/maven-settings-3.3.3.jar
b6802000-b6803000 r--s 00003000 08:06 3547356    /home/lizo/dev-tools/sts-bundle/sts-3.6.3.SR1/plugins/org.eclipse.m2e.maven.runtime_1.6.2.20150902-0001/jars/takari-filemanager-0.7.0.jar
b6803000-b6805000 r--s 00001000 08:06 3547357    /home/lizo/dev-tools/sts-bundle/sts-3.6.3.SR1/plugins/org.eclipse.m2e.maven.runtime_1.6.2.20150902-0001/jars/takari-local-repository-0.9.0.jar
b6805000-b6807000 r--s 0000b000 08:06 3547350    /home/lizo/dev-tools/sts-bundle/sts-3.6.3.SR1/plugins/org.eclipse.m2e.maven.runtime_1.6.2.20150902-0001/jars/plexus-classworlds-2.5.2.jar
b6807000-b6808000 r--p 005e1000 08:06 6822382    /usr/lib/locale/locale-archive
b6808000-b682b000 r-xp 00000000 08:06 3146891    /usr/local/java/jdk1.7.0_76/jre/lib/i386/libjava.so
b682b000-b682c000 rw-p 00023000 08:06 3146891    /usr/local/java/jdk1.7.0_76/jre/lib/i386/libjava.so
b682c000-b6833000 r-xp 00000000 08:06 7471133    /lib/i386-linux-gnu/librt-2.15.so
b6833000-b6834000 r--p 00006000 08:06 7471133    /lib/i386-linux-gnu/librt-2.15.so
b6834000-b6835000 rw-p 00007000 08:06 7471133    /lib/i386-linux-gnu/librt-2.15.so
b6835000-b6838000 ---p 00000000 00:00 0 
b6838000-b6886000 rw-p 00000000 00:00 0          [stack:23255]
b6886000-b68b0000 r-xp 00000000 08:06 7471285    /lib/i386-linux-gnu/libm-2.15.so
b68b0000-b68b1000 r--p 00029000 08:06 7471285    /lib/i386-linux-gnu/libm-2.15.so
b68b1000-b68b2000 rw-p 0002a000 08:06 7471285    /lib/i386-linux-gnu/libm-2.15.so
b68b2000-b7139000 r-xp 00000000 08:06 3146876    /usr/local/java/jdk1.7.0_76/jre/lib/i386/server/libjvm.so
b7139000-b719e000 rw-p 00886000 08:06 3146876    /usr/local/java/jdk1.7.0_76/jre/lib/i386/server/libjvm.so
b719e000-b75c1000 rw-p 00000000 00:00 0 
b75c1000-b7764000 r-xp 00000000 08:06 7471196    /lib/i386-linux-gnu/libc-2.15.so
b7764000-b7765000 ---p 001a3000 08:06 7471196    /lib/i386-linux-gnu/libc-2.15.so
b7765000-b7767000 r--p 001a3000 08:06 7471196    /lib/i386-linux-gnu/libc-2.15.so
b7767000-b7768000 rw-p 001a5000 08:06 7471196    /lib/i386-linux-gnu/libc-2.15.so
b7768000-b776b000 rw-p 00000000 00:00 0 
b776b000-b776e000 r-xp 00000000 08:06 7471255    /lib/i386-linux-gnu/libdl-2.15.so
b776e000-b776f000 r--p 00002000 08:06 7471255    /lib/i386-linux-gnu/libdl-2.15.so
b776f000-b7770000 rw-p 00003000 08:06 7471255    /lib/i386-linux-gnu/libdl-2.15.so
b7770000-b7783000 r-xp 00000000 08:06 3148168    /usr/local/java/jdk1.7.0_76/lib/i386/jli/libjli.so
b7783000-b7784000 rw-p 00012000 08:06 3148168    /usr/local/java/jdk1.7.0_76/lib/i386/jli/libjli.so
b7784000-b7785000 rw-p 00000000 00:00 0 
b7785000-b779c000 r-xp 00000000 08:06 7471202    /lib/i386-linux-gnu/libpthread-2.15.so
b779c000-b779d000 r--p 00016000 08:06 7471202    /lib/i386-linux-gnu/libpthread-2.15.so
b779d000-b779e000 rw-p 00017000 08:06 7471202    /lib/i386-linux-gnu/libpthread-2.15.so
b779e000-b77a0000 rw-p 00000000 00:00 0 
b77a0000-b77a8000 rw-s 00000000 08:06 8526435    /tmp/hsperfdata_lizo/23249
b77a8000-b77a9000 rw-p 00000000 00:00 0 
b77a9000-b77aa000 ---p 00000000 00:00 0 
b77aa000-b77b5000 r-xp 00000000 08:06 3146881    /usr/local/java/jdk1.7.0_76/jre/lib/i386/libverify.so
b77b5000-b77b6000 rw-p 0000b000 08:06 3146881    /usr/local/java/jdk1.7.0_76/jre/lib/i386/libverify.so
b77b6000-b77b8000 rw-p 00000000 00:00 0 
b77b8000-b77b9000 r-xp 00000000 00:00 0          [vdso]
b77b9000-b77d9000 r-xp 00000000 08:06 7471141    /lib/i386-linux-gnu/ld-2.15.so
b77d9000-b77da000 r--p 0001f000 08:06 7471141    /lib/i386-linux-gnu/ld-2.15.so
b77da000-b77db000 rw-p 00020000 08:06 7471141    /lib/i386-linux-gnu/ld-2.15.so
bfbf3000-bfbf4000 rwxp 00000000 00:00 0 
bfc26000-bfc47000 rw-p 00000000 00:00 0          [stack]

VM Arguments:
jvm_args: -Dmaven.home=EMBEDDED -Dclassworlds.conf=/home/lizo/ICTDLab/.metadata/.plugins/org.eclipse.m2e.launching/launches/m2conf8213034948864186393.tmp -Dmaven.multiModuleProjectDirectory=/home/lizo/ICTDLab/BCManager -Dfile.encoding=UTF-8 
java_command: org.codehaus.plexus.classworlds.launcher.Launcher -B install
Launcher Type: SUN_STANDARD

Environment Variables:
PATH=/usr/lib/lightdm/lightdm:/usr/local/sbin:/usr/local/bin:/usr/sbin:/usr/bin:/sbin:/bin:/usr/games
LD_LIBRARY_PATH=/usr/local/java/jdk1.7.0_76/jre/lib/i386/server:/usr/local/java/jdk1.7.0_76/jre/lib/i386:/usr/local/java/jdk1.7.0_76/jre/../lib/i386:/usr/local/java/jdk1.7.0_76/jre/lib/i386/client:/usr/local/java/jdk1.7.0_76/jre/lib/i386:
SHELL=/bin/bash
DISPLAY=:0.0

Signal Handlers:
SIGSEGV: [libjvm.so+0x7eb660], sa_mask[0]=0x7ffbfeff, sa_flags=0x10000004
SIGBUS: [libjvm.so+0x7eb660], sa_mask[0]=0x7ffbfeff, sa_flags=0x10000004
SIGFPE: [libjvm.so+0x6835c0], sa_mask[0]=0x7ffbfeff, sa_flags=0x10000004
SIGPIPE: [libjvm.so+0x6835c0], sa_mask[0]=0x7ffbfeff, sa_flags=0x10000004
SIGXFSZ: [libjvm.so+0x6835c0], sa_mask[0]=0x7ffbfeff, sa_flags=0x10000004
SIGILL: [libjvm.so+0x6835c0], sa_mask[0]=0x7ffbfeff, sa_flags=0x10000004
SIGUSR1: SIG_DFL, sa_mask[0]=0x00000000, sa_flags=0x00000000
SIGUSR2: [libjvm.so+0x684dc0], sa_mask[0]=0x00000004, sa_flags=0x10000004
SIGHUP: [libjvm.so+0x6860f0], sa_mask[0]=0x7ffbfeff, sa_flags=0x10000004
SIGINT: [libjvm.so+0x6860f0], sa_mask[0]=0x7ffbfeff, sa_flags=0x10000004
SIGTERM: [libjvm.so+0x6860f0], sa_mask[0]=0x7ffbfeff, sa_flags=0x10000004
SIGQUIT: [libjvm.so+0x6860f0], sa_mask[0]=0x7ffbfeff, sa_flags=0x10000004


---------------  S Y S T E M  ---------------

OS:wheezy/sid

uname:Linux 3.13.0-46-generic #77~precise1-Ubuntu SMP Mon Mar 2 23:25:21 UTC 2015 i686
libc:glibc 2.15 NPTL 2.15 
rlimit: STACK 8192k, CORE 0k, NPROC 31591, NOFILE 4096, AS infinity
load average:1,03 0,94 0,79

/proc/meminfo:
MemTotal:        4062756 kB
MemFree:          210544 kB
Buffers:            7276 kB
Cached:           295192 kB
SwapCached:            0 kB
Active:          3480980 kB
Inactive:         256800 kB
Active(anon):    3437344 kB
Inactive(anon):   220932 kB
Active(file):      43636 kB
Inactive(file):    35868 kB
Unevictable:           0 kB
Mlocked:               0 kB
HighTotal:       3214088 kB
HighFree:          53996 kB
LowTotal:         848668 kB
LowFree:          156548 kB
SwapTotal:             0 kB
SwapFree:              0 kB
Dirty:               176 kB
Writeback:             0 kB
AnonPages:       3435100 kB
Mapped:           188068 kB
Shmem:            222968 kB
Slab:              53036 kB
SReclaimable:      26552 kB
SUnreclaim:        26484 kB
KernelStack:        6856 kB
PageTables:        19620 kB
NFS_Unstable:          0 kB
Bounce:                0 kB
WritebackTmp:          0 kB
CommitLimit:     2031376 kB
Committed_AS:    8178892 kB
VmallocTotal:     122880 kB
VmallocUsed:       17412 kB
VmallocChunk:      92596 kB
HardwareCorrupted:     0 kB
AnonHugePages:   2357248 kB
HugePages_Total:       0
HugePages_Free:        0
HugePages_Rsvd:        0
HugePages_Surp:        0
Hugepagesize:       2048 kB
DirectMap4k:       30712 kB
DirectMap2M:      882688 kB


CPU:total 4 (2 cores per cpu, 2 threads per core) family 6 model 42 stepping 7, cmov, cx8, fxsr, mmx, sse, sse2, sse3, ssse3, sse4.1, sse4.2, popcnt, avx, aes, ht, tsc, tscinvbit

/proc/cpuinfo:
processor	: 0
vendor_id	: GenuineIntel
cpu family	: 6
model		: 42
model name	: Intel(R) Core(TM) i5-2430M CPU @ 2.40GHz
stepping	: 7
microcode	: 0x14
cpu MHz		: 2401.000
cache size	: 3072 KB
physical id	: 0
siblings	: 4
core id		: 0
cpu cores	: 2
apicid		: 0
initial apicid	: 0
fdiv_bug	: no
f00f_bug	: no
coma_bug	: no
fpu		: yes
fpu_exception	: yes
cpuid level	: 13
wp		: yes
flags		: fpu vme de pse tsc msr pae mce cx8 apic sep mtrr pge mca cmov pat pse36 clflush dts acpi mmx fxsr sse sse2 ss ht tm pbe nx rdtscp lm constant_tsc arch_perfmon pebs bts xtopology nonstop_tsc aperfmperf eagerfpu pni pclmulqdq dtes64 monitor ds_cpl vmx est tm2 ssse3 cx16 xtpr pdcm pcid sse4_1 sse4_2 x2apic popcnt tsc_deadline_timer aes xsave avx lahf_lm ida arat epb xsaveopt pln pts dtherm tpr_shadow vnmi flexpriority ept vpid
bogomips	: 4788.69
clflush size	: 64
cache_alignment	: 64
address sizes	: 36 bits physical, 48 bits virtual
power management:

processor	: 1
vendor_id	: GenuineIntel
cpu family	: 6
model		: 42
model name	: Intel(R) Core(TM) i5-2430M CPU @ 2.40GHz
stepping	: 7
microcode	: 0x14
cpu MHz		: 800.000
cache size	: 3072 KB
physical id	: 0
siblings	: 4
core id		: 0
cpu cores	: 2
apicid		: 1
initial apicid	: 1
fdiv_bug	: no
f00f_bug	: no
coma_bug	: no
fpu		: yes
fpu_exception	: yes
cpuid level	: 13
wp		: yes
flags		: fpu vme de pse tsc msr pae mce cx8 apic sep mtrr pge mca cmov pat pse36 clflush dts acpi mmx fxsr sse sse2 ss ht tm pbe nx rdtscp lm constant_tsc arch_perfmon pebs bts xtopology nonstop_tsc aperfmperf eagerfpu pni pclmulqdq dtes64 monitor ds_cpl vmx est tm2 ssse3 cx16 xtpr pdcm pcid sse4_1 sse4_2 x2apic popcnt tsc_deadline_timer aes xsave avx lahf_lm ida arat epb xsaveopt pln pts dtherm tpr_shadow vnmi flexpriority ept vpid
bogomips	: 4788.69
clflush size	: 64
cache_alignment	: 64
address sizes	: 36 bits physical, 48 bits virtual
power management:

processor	: 2
vendor_id	: GenuineIntel
cpu family	: 6
model		: 42
model name	: Intel(R) Core(TM) i5-2430M CPU @ 2.40GHz
stepping	: 7
microcode	: 0x14
cpu MHz		: 800.000
cache size	: 3072 KB
physical id	: 0
siblings	: 4
core id		: 1
cpu cores	: 2
apicid		: 2
initial apicid	: 2
fdiv_bug	: no
f00f_bug	: no
coma_bug	: no
fpu		: yes
fpu_exception	: yes
cpuid level	: 13
wp		: yes
flags		: fpu vme de pse tsc msr pae mce cx8 apic sep mtrr pge mca cmov pat pse36 clflush dts acpi mmx fxsr sse sse2 ss ht tm pbe nx rdtscp lm constant_tsc arch_perfmon pebs bts xtopology nonstop_tsc aperfmperf eagerfpu pni pclmulqdq dtes64 monitor ds_cpl vmx est tm2 ssse3 cx16 xtpr pdcm pcid sse4_1 sse4_2 x2apic popcnt tsc_deadline_timer aes xsave avx lahf_lm ida arat epb xsaveopt pln pts dtherm tpr_shadow vnmi flexpriority ept vpid
bogomips	: 4788.69
clflush size	: 64
cache_alignment	: 64
address sizes	: 36 bits physical, 48 bits virtual
power management:

processor	: 3
vendor_id	: GenuineIntel
cpu family	: 6
model		: 42
model name	: Intel(R) Core(TM) i5-2430M CPU @ 2.40GHz
stepping	: 7
microcode	: 0x14
cpu MHz		: 2000.000
cache size	: 3072 KB
physical id	: 0
siblings	: 4
core id		: 1
cpu cores	: 2
apicid		: 3
initial apicid	: 3
fdiv_bug	: no
f00f_bug	: no
coma_bug	: no
fpu		: yes
fpu_exception	: yes
cpuid level	: 13
wp		: yes
flags		: fpu vme de pse tsc msr pae mce cx8 apic sep mtrr pge mca cmov pat pse36 clflush dts acpi mmx fxsr sse sse2 ss ht tm pbe nx rdtscp lm constant_tsc arch_perfmon pebs bts xtopology nonstop_tsc aperfmperf eagerfpu pni pclmulqdq dtes64 monitor ds_cpl vmx est tm2 ssse3 cx16 xtpr pdcm pcid sse4_1 sse4_2 x2apic popcnt tsc_deadline_timer aes xsave avx lahf_lm ida arat epb xsaveopt pln pts dtherm tpr_shadow vnmi flexpriority ept vpid
bogomips	: 4788.69
clflush size	: 64
cache_alignment	: 64
address sizes	: 36 bits physical, 48 bits virtual
power management:



Memory: 4k page, physical 4062756k(210544k free), swap 0k(0k free)

vm_info: Java HotSpot(TM) Server VM (24.76-b04) for linux-x86 JRE (1.7.0_76-b13), built on Dec 18 2014 17:29:38 by "java_re" with gcc 4.3.0 20080428 (Red Hat 4.3.0-8)

time: Sat May 14 08:47:51 2016
elapsed time: 5 seconds

