2016-01-10 20:20:49,939 - Log4JLogChute initialized using file '/home/lizo/ICTDLab/.metadata/.plugins/org.jboss.tools.jst.web.ui/velocity.log'
2016-01-10 20:20:49,941 - Starting Apache Velocity v1.5 (compiled: 2007-02-22 08:52:29)
2016-01-10 20:20:49,941 - Default Properties File: org/apache/velocity/runtime/defaults/velocity.properties
2016-01-10 20:20:49,941 - Trying to use logger class org.apache.velocity.runtime.log.AvalonLogChute
2016-01-10 20:20:49,943 - Couldn't find class org.apache.velocity.runtime.log.AvalonLogChute or necessary supporting classes in classpath.
java.lang.NoClassDefFoundError: org/apache/log/Priority
	at org.apache.velocity.runtime.log.AvalonLogChute.<clinit>(AvalonLogChute.java:59)
	at java.lang.Class.forName0(Native Method)
	at java.lang.Class.forName(Class.java:274)
	at org.apache.velocity.util.ClassUtils.getClass(ClassUtils.java:63)
	at org.apache.velocity.util.ClassUtils.getNewInstance(ClassUtils.java:95)
	at org.apache.velocity.runtime.log.LogManager.createLogChute(LogManager.java:147)
	at org.apache.velocity.runtime.log.LogManager.updateLog(LogManager.java:208)
	at org.apache.velocity.runtime.RuntimeInstance.initializeLog(RuntimeInstance.java:728)
	at org.apache.velocity.runtime.RuntimeInstance.init(RuntimeInstance.java:240)
	at org.apache.velocity.runtime.RuntimeInstance.init(RuntimeInstance.java:534)
	at org.apache.velocity.runtime.RuntimeSingleton.init(RuntimeSingleton.java:227)
	at org.apache.velocity.app.Velocity.init(Velocity.java:111)
	at org.jboss.tools.jst.web.ui.operation.TemplatePreprocessor.process(TemplatePreprocessor.java:79)
	at org.jboss.tools.jst.web.ui.operation.TemplatePreprocessor.execute(TemplatePreprocessor.java:58)
	at org.jboss.tools.jst.web.ui.operation.WebNatureOperation.preprocessTemplate(WebNatureOperation.java:628)
	at org.jboss.tools.jsf.ui.operation.JSFProjectCreationOperation.copyTemplate(JSFProjectCreationOperation.java:134)
	at org.jboss.tools.jst.web.ui.operation.WebProjectCreationOperation.preCreateWebNature(WebProjectCreationOperation.java:76)
	at org.jboss.tools.jst.web.ui.operation.WebNatureOperation.run(WebNatureOperation.java:223)
	at org.eclipse.ui.actions.WorkspaceModifyDelegatingOperation.execute(WorkspaceModifyDelegatingOperation.java:69)
	at org.eclipse.ui.actions.WorkspaceModifyOperation$1.run(WorkspaceModifyOperation.java:106)
	at org.eclipse.core.internal.resources.Workspace.run(Workspace.java:2313)
	at org.eclipse.ui.actions.WorkspaceModifyOperation.run(WorkspaceModifyOperation.java:118)
	at org.eclipse.jface.operation.ModalContext$ModalContextThread.run(ModalContext.java:122)
Caused by: java.lang.ClassNotFoundException: org.apache.log.Priority cannot be found by org.apache.velocity_1.5.0.v200905192330
	at org.eclipse.osgi.internal.loader.BundleLoader.findClassInternal(BundleLoader.java:432)
	at org.eclipse.osgi.internal.loader.BundleLoader.findClass(BundleLoader.java:345)
	at org.eclipse.osgi.internal.loader.BundleLoader.findClass(BundleLoader.java:337)
	at org.eclipse.osgi.internal.loader.ModuleClassLoader.loadClass(ModuleClassLoader.java:160)
	at java.lang.ClassLoader.loadClass(ClassLoader.java:358)
	... 23 more
2016-01-10 20:20:49,946 - Trying to use logger class org.apache.velocity.runtime.log.Log4JLogChute
2016-01-10 20:20:49,946 - Using logger class org.apache.velocity.runtime.log.Log4JLogChute
2016-01-10 20:20:49,951 - Default ResourceManager initializing. (class org.apache.velocity.runtime.resource.ResourceManagerImpl)
2016-01-10 20:20:49,957 - ResourceLoader instantiated: org.apache.velocity.runtime.resource.loader.FileResourceLoader
2016-01-10 20:20:49,960 - Do unicode file recognition:  false
2016-01-10 20:20:49,960 - FileResourceLoader : adding path '/home/lizo/ICTDLab/.metadata/.plugins/org.jboss.tools.common.projecttemplates/templates/jsf-2.2/JSFBlankWithoutLibs'
2016-01-10 20:20:49,998 - ResourceCache: initialized (class org.apache.velocity.runtime.resource.ResourceCacheImpl)
2016-01-10 20:20:50,002 - Loaded System Directive: org.apache.velocity.runtime.directive.Literal
2016-01-10 20:20:50,003 - Loaded System Directive: org.apache.velocity.runtime.directive.Macro
2016-01-10 20:20:50,005 - Loaded System Directive: org.apache.velocity.runtime.directive.Parse
2016-01-10 20:20:50,007 - Loaded System Directive: org.apache.velocity.runtime.directive.Include
2016-01-10 20:20:50,009 - Loaded System Directive: org.apache.velocity.runtime.directive.Foreach
2016-01-10 20:20:50,034 - Created '20' parsers.
2016-01-10 20:20:50,038 - Velocimacro : "velocimacro.library" is not set.  Trying default library: VM_global_library.vm
2016-01-10 20:20:50,041 - Velocimacro : Default library not found.
2016-01-10 20:20:50,042 - Velocimacro : allowInline = true : VMs can be defined inline in templates
2016-01-10 20:20:50,042 - Velocimacro : allowInlineToOverride = false : VMs defined inline may NOT replace previous VM definitions
2016-01-10 20:20:50,042 - Velocimacro : allowInlineLocal = false : VMs defined inline will be global in scope if allowed.
2016-01-10 20:20:50,042 - Velocimacro : autoload off : VM system will not automatically reload global library macros
2016-01-10 20:20:50,079 - Null reference [template '', line 29, column 17] : ${project.name} cannot be resolved.
2016-06-04 20:51:32,601 - Log4JLogChute initialized using file '/home/lizo/ICTDLab/.metadata/.plugins/org.jboss.tools.jst.web.ui/velocity.log'
2016-06-04 20:51:32,622 - Starting Apache Velocity v1.5 (compiled: 2007-02-22 08:52:29)
2016-06-04 20:51:32,622 - Default Properties File: org/apache/velocity/runtime/defaults/velocity.properties
2016-06-04 20:51:32,622 - Trying to use logger class org.apache.velocity.runtime.log.AvalonLogChute
2016-06-04 20:51:32,623 - Couldn't find class org.apache.velocity.runtime.log.AvalonLogChute or necessary supporting classes in classpath.
java.lang.NoClassDefFoundError: org/apache/log/format/Formatter
	at java.lang.Class.forName0(Native Method)
	at java.lang.Class.forName(Class.java:274)
	at org.apache.velocity.util.ClassUtils.getClass(ClassUtils.java:63)
	at org.apache.velocity.util.ClassUtils.getNewInstance(ClassUtils.java:95)
	at org.apache.velocity.runtime.log.LogManager.createLogChute(LogManager.java:147)
	at org.apache.velocity.runtime.log.LogManager.updateLog(LogManager.java:208)
	at org.apache.velocity.runtime.RuntimeInstance.initializeLog(RuntimeInstance.java:728)
	at org.apache.velocity.runtime.RuntimeInstance.init(RuntimeInstance.java:240)
	at org.apache.velocity.runtime.RuntimeInstance.init(RuntimeInstance.java:534)
	at org.apache.velocity.runtime.RuntimeSingleton.init(RuntimeSingleton.java:227)
	at org.apache.velocity.app.Velocity.init(Velocity.java:111)
	at org.jboss.tools.jst.web.ui.operation.TemplatePreprocessor.process(TemplatePreprocessor.java:79)
	at org.jboss.tools.jst.web.ui.operation.TemplatePreprocessor.execute(TemplatePreprocessor.java:58)
	at org.jboss.tools.jst.web.ui.operation.WebNatureOperation.preprocessTemplate(WebNatureOperation.java:628)
	at org.jboss.tools.jsf.ui.operation.JSFProjectCreationOperation.copyTemplate(JSFProjectCreationOperation.java:134)
	at org.jboss.tools.jst.web.ui.operation.WebProjectCreationOperation.preCreateWebNature(WebProjectCreationOperation.java:76)
	at org.jboss.tools.jst.web.ui.operation.WebNatureOperation.run(WebNatureOperation.java:223)
	at org.eclipse.ui.actions.WorkspaceModifyDelegatingOperation.execute(WorkspaceModifyDelegatingOperation.java:69)
	at org.eclipse.ui.actions.WorkspaceModifyOperation$1.run(WorkspaceModifyOperation.java:106)
	at org.eclipse.core.internal.resources.Workspace.run(Workspace.java:2345)
	at org.eclipse.ui.actions.WorkspaceModifyOperation.run(WorkspaceModifyOperation.java:118)
	at org.eclipse.jface.operation.ModalContext$ModalContextThread.run(ModalContext.java:121)
Caused by: java.lang.ClassNotFoundException: org.apache.log.format.Formatter cannot be found by org.apache.velocity_1.5.0.v200905192330
	at org.eclipse.osgi.internal.loader.BundleLoader.findClassInternal(BundleLoader.java:501)
	at org.eclipse.osgi.internal.loader.BundleLoader.findClass(BundleLoader.java:421)
	at org.eclipse.osgi.internal.loader.BundleLoader.findClass(BundleLoader.java:412)
	at org.eclipse.osgi.internal.baseadaptor.DefaultClassLoader.loadClass(DefaultClassLoader.java:107)
	at java.lang.ClassLoader.loadClass(ClassLoader.java:358)
	... 22 more
2016-06-04 20:51:32,623 - Trying to use logger class org.apache.velocity.runtime.log.Log4JLogChute
2016-06-04 20:51:32,623 - Using logger class org.apache.velocity.runtime.log.Log4JLogChute
2016-06-04 20:51:32,626 - Default ResourceManager initializing. (class org.apache.velocity.runtime.resource.ResourceManagerImpl)
2016-06-04 20:51:32,629 - ResourceLoader instantiated: org.apache.velocity.runtime.resource.loader.FileResourceLoader
2016-06-04 20:51:32,630 - Do unicode file recognition:  false
2016-06-04 20:51:32,630 - FileResourceLoader : adding path '/home/lizo/ICTDLab/.metadata/.plugins/org.jboss.tools.common.projecttemplates/templates/jsf-2.0/JSFBlankWithoutLibs'
2016-06-04 20:51:32,661 - ResourceCache: initialized (class org.apache.velocity.runtime.resource.ResourceCacheImpl)
2016-06-04 20:51:32,662 - Loaded System Directive: org.apache.velocity.runtime.directive.Literal
2016-06-04 20:51:32,663 - Loaded System Directive: org.apache.velocity.runtime.directive.Macro
2016-06-04 20:51:32,663 - Loaded System Directive: org.apache.velocity.runtime.directive.Parse
2016-06-04 20:51:32,665 - Loaded System Directive: org.apache.velocity.runtime.directive.Include
2016-06-04 20:51:32,665 - Loaded System Directive: org.apache.velocity.runtime.directive.Foreach
2016-06-04 20:51:32,685 - Created '20' parsers.
2016-06-04 20:51:32,688 - Velocimacro : "velocimacro.library" is not set.  Trying default library: VM_global_library.vm
2016-06-04 20:51:32,688 - Velocimacro : Default library not found.
2016-06-04 20:51:32,688 - Velocimacro : allowInline = true : VMs can be defined inline in templates
2016-06-04 20:51:32,688 - Velocimacro : allowInlineToOverride = false : VMs defined inline may NOT replace previous VM definitions
2016-06-04 20:51:32,689 - Velocimacro : allowInlineLocal = false : VMs defined inline will be global in scope if allowed.
2016-06-04 20:51:32,689 - Velocimacro : autoload off : VM system will not automatically reload global library macros
2016-06-04 20:51:32,701 - Null reference [template '', line 29, column 17] : ${project.name} cannot be resolved.
