#
# There is insufficient memory for the Java Runtime Environment to continue.
# Native memory allocation (malloc) failed to allocate 41418752 bytes for committing reserved memory.
# Possible reasons:
#   The system is out of physical RAM or swap space
#   In 32 bit mode, the process size limit was hit
# Possible solutions:
#   Reduce memory load on the system
#   Increase physical memory or swap space
#   Check if swap backing store is full
#   Use 64 bit Java on a 64 bit OS
#   Decrease Java heap size (-Xmx/-Xms)
#   Decrease number of Java threads
#   Decrease Java thread stack sizes (-Xss)
#   Set larger code cache with -XX:ReservedCodeCacheSize=
# This output file may be truncated or incomplete.
#
#  Out of Memory Error (os_linux.cpp:2756), pid=523, tid=1847589696
#
# JRE version: Java(TM) SE Runtime Environment (7.0_76-b13) (build 1.7.0_76-b13)
# Java VM: Java HotSpot(TM) Server VM (24.76-b04 mixed mode linux-x86 )
# Failed to write core dump. Core dumps have been disabled. To enable core dumping, try "ulimit -c unlimited" before starting Java again
#

---------------  T H R E A D  ---------------

Current thread (0x6e280800):  VMThread [stack: 0x6e17f000,0x6e200000] [id=566]

Stack: [0x6e17f000,0x6e200000],  sp=0x6e1fe730,  free space=509k
Native frames: (J=compiled Java code, j=interpreted, Vv=VM code, C=native code)
V  [libjvm.so+0x7eab56]  VMError::report_and_die()+0x1a6
V  [libjvm.so+0x33e222]  report_vm_out_of_memory(char const*, int, unsigned int, char const*)+0x72
V  [libjvm.so+0x686a41]  os::Linux::commit_memory_impl(char*, unsigned int, bool)+0xe1
V  [libjvm.so+0x686f08]  os::pd_commit_memory(char*, unsigned int, unsigned int, bool)+0x28
V  [libjvm.so+0x68064c]  os::commit_memory(char*, unsigned int, unsigned int, bool)+0x2c
V  [libjvm.so+0x6eaed8]  PSVirtualSpace::expand_by(unsigned int)+0x48
V  [libjvm.so+0x6ebfda]  PSYoungGen::resize_generation(unsigned int, unsigned int)+0xda
V  [libjvm.so+0x6eb319]  PSYoungGen::resize(unsigned int, unsigned int)+0x19
V  [libjvm.so+0x6e8c49]  PSScavenge::invoke_no_policy()+0xcf9
V  [libjvm.so+0x6e94a8]  PSScavenge::invoke()+0x28
V  [libjvm.so+0x6a702a]  ParallelScavengeHeap::failed_mem_allocate(unsigned int)+0x5a
V  [libjvm.so+0x7ec3ea]  VM_ParallelGCFailedAllocation::doit()+0x7a
V  [libjvm.so+0x7f5207]  VM_Operation::evaluate()+0x47
V  [libjvm.so+0x7f32a3]  VMThread::evaluate_operation(VM_Operation*)+0xb3
V  [libjvm.so+0x7f3640]  VMThread::loop()+0x1b0
V  [libjvm.so+0x7f3aa5]  VMThread::run()+0x85
V  [libjvm.so+0x688d19]  java_start(Thread*)+0x119
C  [libpthread.so.0+0x6d4c]  start_thread+0xcc

VM_Operation (0xb6821d48): ParallelGCFailedAllocation, mode: safepoint, requested by thread 0xb6607800


---------------  P R O C E S S  ---------------

Java Threads: ( => current thread )
  0x6e29ac00 JavaThread "Service Thread" daemon [_thread_blocked, id=572, stack(0x6df2e000,0x6df7f000)]
  0x6e298c00 JavaThread "C2 CompilerThread1" daemon [_thread_blocked, id=571, stack(0x6db7f000,0x6dc00000)]
  0x6e296c00 JavaThread "C2 CompilerThread0" daemon [_thread_blocked, id=570, stack(0x6df7f000,0x6e000000)]
  0x6e295400 JavaThread "Signal Dispatcher" daemon [_thread_blocked, id=569, stack(0x6e12e000,0x6e17f000)]
  0x6e284c00 JavaThread "Finalizer" daemon [_thread_blocked, id=568, stack(0x70b2e000,0x70b7f000)]
  0x6e283400 JavaThread "Reference Handler" daemon [_thread_blocked, id=567, stack(0x70d2e000,0x70d7f000)]
  0xb6607800 JavaThread "main" [_thread_blocked, id=553, stack(0xb67d3000,0xb6824000)]

Other Threads:
=>0x6e280800 VMThread [stack: 0x6e17f000,0x6e200000] [id=566]
  0x6e29c800 WatcherThread [stack: 0x6dafe000,0x6db7f000] [id=573]

VM state:at safepoint (normal execution)

VM Mutex/Monitor currently owned by a thread:  ([mutex/lock_event])
[0xb66050f8] Threads_lock - owner thread: 0x6e280800
[0xb6605508] Heap_lock - owner thread: 0xb6607800

Heap
 PSYoungGen      total 34816K, used 2544K [0x9ea80000, 0xa0f00000, 0xb3540000)
  eden space 32256K, 0% used [0x9ea80000,0x9ea80000,0xa0a00000)
  from space 2560K, 99% used [0xa0a00000,0xa0c7c040,0xa0c80000)
  to   space 2560K, 0% used [0xa0c80000,0xa0c80000,0xa0f00000)
 ParOldGen       total 42240K, used 6939K [0x75540000, 0x77e80000, 0x9ea80000)
  object space 42240K, 16% used [0x75540000,0x75c06d18,0x77e80000)
 PSPermGen       total 16384K, used 9561K [0x71540000, 0x72540000, 0x75540000)
  object space 16384K, 58% used [0x71540000,0x71e96428,0x72540000)

Card table byte_map: [0x7132f000,0x71540000] byte_map_base: 0x70fa4600

Polling page: 0xb7746000

Code Cache  [0xb3600000, 0xb3840000, 0xb6600000)
 total_blobs=394 nmethods=255 adapters=92 free_code_cache=48336Kb largest_free_block=49463552

Compilation events (10 events):
Event: 18,848 Thread 0x6e296c00 nmethod 252 0xb36c1ac8 code [0xb36c1ba0, 0xb36c1bf0]
Event: 18,848 Thread 0x6e296c00  253             org.apache.maven.model.interpolation.StringSearchModelInterpolator$InterpolateObjectAction$CacheItem::access$000 (5 bytes)
Event: 18,848 Thread 0x6e296c00 nmethod 253 0xb36c1908 code [0xb36c1a00, 0xb36c1a50]
Event: 18,848 Thread 0x6e296c00  254             java.util.StringTokenizer::scanToken (179 bytes)
Event: 18,873 Thread 0x6e296c00 nmethod 254 0xb36bf448 code [0xb36bf5c0, 0xb36bf9a0]
Event: 18,873 Thread 0x6e296c00  255             java.util.Hashtable::hash (10 bytes)
Event: 18,874 Thread 0x6e296c00 nmethod 255 0xb36bf148 code [0xb36bf240, 0xb36bf2d0]
Event: 18,914 Thread 0x6e296c00  256             java.lang.Object::equals (11 bytes)
Event: 18,915 Thread 0x6e296c00 nmethod 256 0xb36c1788 code [0xb36c1860, 0xb36c18b0]
Event: 18,922 Thread 0x6e298c00 nmethod 250 0xb36d0208 code [0xb36d0620, 0xb36d1e48]

GC Heap History (9 events):
Event: 4,974 GC heap before
{Heap before GC invocations=1 (full 0):
 PSYoungGen      total 18688K, used 16128K [0x9ea80000, 0x9ff40000, 0xb3540000)
  eden space 16128K, 100% used [0x9ea80000,0x9fa40000,0x9fa40000)
  from space 2560K, 0% used [0x9fcc0000,0x9fcc0000,0x9ff40000)
  to   space 2560K, 0% used [0x9fa40000,0x9fa40000,0x9fcc0000)
 ParOldGen       total 42240K, used 0K [0x75540000, 0x77e80000, 0x9ea80000)
  object space 42240K, 0% used [0x75540000,0x75540000,0x77e80000)
 PSPermGen       total 16384K, used 4376K [0x71540000, 0x72540000, 0x75540000)
  object space 16384K, 26% used [0x71540000,0x71986338,0x72540000)
Event: 4,984 GC heap after
Heap after GC invocations=1 (full 0):
 PSYoungGen      total 18688K, used 2559K [0x9ea80000, 0x9ff40000, 0xb3540000)
  eden space 16128K, 0% used [0x9ea80000,0x9ea80000,0x9fa40000)
  from space 2560K, 99% used [0x9fa40000,0x9fcbfce0,0x9fcc0000)
  to   space 2560K, 0% used [0x9fcc0000,0x9fcc0000,0x9ff40000)
 ParOldGen       total 42240K, used 164K [0x75540000, 0x77e80000, 0x9ea80000)
  object space 42240K, 0% used [0x75540000,0x75569110,0x77e80000)
 PSPermGen       total 16384K, used 4376K [0x71540000, 0x72540000, 0x75540000)
  object space 16384K, 26% used [0x71540000,0x71986338,0x72540000)
}
Event: 5,901 GC heap before
{Heap before GC invocations=2 (full 0):
 PSYoungGen      total 18688K, used 18687K [0x9ea80000, 0x9ff40000, 0xb3540000)
  eden space 16128K, 100% used [0x9ea80000,0x9fa40000,0x9fa40000)
  from space 2560K, 99% used [0x9fa40000,0x9fcbfce0,0x9fcc0000)
  to   space 2560K, 0% used [0x9fcc0000,0x9fcc0000,0x9ff40000)
 ParOldGen       total 42240K, used 164K [0x75540000, 0x77e80000, 0x9ea80000)
  object space 42240K, 0% used [0x75540000,0x75569110,0x77e80000)
 PSPermGen       total 16384K, used 5187K [0x71540000, 0x72540000, 0x75540000)
  object space 16384K, 31% used [0x71540000,0x71a50f90,0x72540000)
Event: 5,924 GC heap after
Heap after GC invocations=2 (full 0):
 PSYoungGen      total 18688K, used 2244K [0x9ea80000, 0xa0f00000, 0xb3540000)
  eden space 16128K, 0% used [0x9ea80000,0x9ea80000,0x9fa40000)
  from space 2560K, 87% used [0x9fcc0000,0x9fef1150,0x9ff40000)
  to   space 2560K, 0% used [0x9fa40000,0x9fa40000,0x9fcc0000)
 ParOldGen       total 42240K, used 168K [0x75540000, 0x77e80000, 0x9ea80000)
  object space 42240K, 0% used [0x75540000,0x7556a110,0x77e80000)
 PSPermGen       total 16384K, used 5187K [0x71540000, 0x72540000, 0x75540000)
  object space 16384K, 31% used [0x71540000,0x71a50f90,0x72540000)
}
Event: 6,726 GC heap before
{Heap before GC invocations=3 (full 0):
 PSYoungGen      total 18688K, used 18372K [0x9ea80000, 0xa0f00000, 0xb3540000)
  eden space 16128K, 100% used [0x9ea80000,0x9fa40000,0x9fa40000)
  from space 2560K, 87% used [0x9fcc0000,0x9fef1150,0x9ff40000)
  to   space 2560K, 0% used [0x9fa40000,0x9fa40000,0x9fcc0000)
 ParOldGen       total 42240K, used 168K [0x75540000, 0x77e80000, 0x9ea80000)
  object space 42240K, 0% used [0x75540000,0x7556a110,0x77e80000)
 PSPermGen       total 16384K, used 6563K [0x71540000, 0x72540000, 0x75540000)
  object space 16384K, 40% used [0x71540000,0x71ba8e88,0x72540000)
Event: 6,739 GC heap after
Heap after GC invocations=3 (full 0):
 PSYoungGen      total 18688K, used 2557K [0x9ea80000, 0xa0f00000, 0xb3540000)
  eden space 16128K, 0% used [0x9ea80000,0x9ea80000,0x9fa40000)
  from space 2560K, 99% used [0x9fa40000,0x9fcbf798,0x9fcc0000)
  to   space 2560K, 0% used [0xa0c80000,0xa0c80000,0xa0f00000)
 ParOldGen       total 42240K, used 1541K [0x75540000, 0x77e80000, 0x9ea80000)
  object space 42240K, 3% used [0x75540000,0x756c1570,0x77e80000)
 PSPermGen       total 16384K, used 6563K [0x71540000, 0x72540000, 0x75540000)
  object space 16384K, 40% used [0x71540000,0x71ba8e88,0x72540000)
}
Event: 7,969 GC heap before
{Heap before GC invocations=4 (full 0):
 PSYoungGen      total 18688K, used 18685K [0x9ea80000, 0xa0f00000, 0xb3540000)
  eden space 16128K, 100% used [0x9ea80000,0x9fa40000,0x9fa40000)
  from space 2560K, 99% used [0x9fa40000,0x9fcbf798,0x9fcc0000)
  to   space 2560K, 0% used [0xa0c80000,0xa0c80000,0xa0f00000)
 ParOldGen       total 42240K, used 1541K [0x75540000, 0x77e80000, 0x9ea80000)
  object space 42240K, 3% used [0x75540000,0x756c1570,0x77e80000)
 PSPermGen       total 16384K, used 7862K [0x71540000, 0x72540000, 0x75540000)
  object space 16384K, 47% used [0x71540000,0x71cedba0,0x72540000)
Event: 7,995 GC heap after
Heap after GC invocations=4 (full 0):
 PSYoungGen      total 34816K, used 2558K [0x9ea80000, 0xa0f00000, 0xb3540000)
  eden space 32256K, 0% used [0x9ea80000,0x9ea80000,0xa0a00000)
  from space 2560K, 99% used [0xa0c80000,0xa0effb50,0xa0f00000)
  to   space 2560K, 0% used [0xa0a00000,0xa0a00000,0xa0c80000)
 ParOldGen       total 42240K, used 3199K [0x75540000, 0x77e80000, 0x9ea80000)
  object space 42240K, 7% used [0x75540000,0x7585fd20,0x77e80000)
 PSPermGen       total 16384K, used 7862K [0x71540000, 0x72540000, 0x75540000)
  object space 16384K, 47% used [0x71540000,0x71cedba0,0x72540000)
}
Event: 18,961 GC heap before
{Heap before GC invocations=5 (full 0):
 PSYoungGen      total 34816K, used 34814K [0x9ea80000, 0xa0f00000, 0xb3540000)
  eden space 32256K, 100% used [0x9ea80000,0xa0a00000,0xa0a00000)
  from space 2560K, 99% used [0xa0c80000,0xa0effb50,0xa0f00000)
  to   space 2560K, 0% used [0xa0a00000,0xa0a00000,0xa0c80000)
 ParOldGen       total 42240K, used 3199K [0x75540000, 0x77e80000, 0x9ea80000)
  object space 42240K, 7% used [0x75540000,0x7585fd20,0x77e80000)
 PSPermGen       total 16384K, used 9561K [0x71540000, 0x72540000, 0x75540000)
  object space 16384K, 58% used [0x71540000,0x71e96428,0x72540000)

Deoptimization events (10 events):
Event: 15,261 Thread 0xb6607800 Uncommon trap: reason=bimorphic action=maybe_recompile pc=0xb3692a10 method=java.util.Properties$LineReader.readLine()I @ 62
Event: 15,292 Thread 0xb6607800 Uncommon trap: reason=class_check action=maybe_recompile pc=0xb3692a3c method=java.util.Properties$LineReader.readLine()I @ 402
Event: 15,292 Thread 0xb6607800 Uncommon trap: reason=bimorphic action=maybe_recompile pc=0xb3692a10 method=java.util.Properties$LineReader.readLine()I @ 62
Event: 15,931 Thread 0xb6607800 Uncommon trap: reason=unreached action=reinterpret pc=0xb3676ccc method=java.util.HashMap.get(Ljava/lang/Object;)Ljava/lang/Object; @ 1
Event: 16,412 Thread 0xb6607800 Uncommon trap: reason=unreached action=reinterpret pc=0xb369edf8 method=java.lang.reflect.AccessibleObject.setAccessible0(Ljava/lang/reflect/AccessibleObject;Z)V @ 4
Event: 16,412 Thread 0xb6607800 Uncommon trap: reason=unreached action=reinterpret pc=0xb369eb88 method=java.lang.reflect.AccessibleObject.setAccessible0(Ljava/lang/reflect/AccessibleObject;Z)V @ 4
Event: 17,026 Thread 0xb6607800 Uncommon trap: reason=null_check action=make_not_entrant pc=0xb36a49f8 method=org.apache.maven.model.io.xpp3.MavenXpp3Reader.checkFieldWithDuplicate(Lorg/codehaus/plexus/util/xml/pull/XmlPullParser;Ljava/lang/String;Ljava/lang/String;Ljava/util/Set;)Z @ 2
Event: 18,545 Thread 0xb6607800 Uncommon trap: reason=bimorphic action=maybe_recompile pc=0xb36a569c method=java.util.regex.Pattern$Curly.match0(Ljava/util/regex/Matcher;IILjava/lang/CharSequence;)Z @ 170
Event: 18,547 Thread 0xb6607800 Uncommon trap: reason=bimorphic action=maybe_recompile pc=0xb36a569c method=java.util.regex.Pattern$Curly.match0(Ljava/util/regex/Matcher;IILjava/lang/CharSequence;)Z @ 170
Event: 18,547 Thread 0xb6607800 Uncommon trap: reason=bimorphic action=maybe_recompile pc=0xb36a569c method=java.util.regex.Pattern$Curly.match0(Ljava/util/regex/Matcher;IILjava/lang/CharSequence;)Z @ 170

Internal exceptions (10 events):
Event: 17,534 Thread 0xb6607800 Threw 0xa0382c88 at /HUDSON/workspace/7u-2-build-linux-i586/jdk7u76/1941/hotspot/src/share/vm/prims/jvm.cpp:1304
Event: 17,534 Thread 0xb6607800 Threw 0xa0383310 at /HUDSON/workspace/7u-2-build-linux-i586/jdk7u76/1941/hotspot/src/share/vm/prims/jvm.cpp:1304
Event: 17,539 Thread 0xb6607800 Threw 0xa0388f70 at /HUDSON/workspace/7u-2-build-linux-i586/jdk7u76/1941/hotspot/src/share/vm/prims/jvm.cpp:1304
Event: 17,539 Thread 0xb6607800 Threw 0xa0389698 at /HUDSON/workspace/7u-2-build-linux-i586/jdk7u76/1941/hotspot/src/share/vm/prims/jvm.cpp:1304
Event: 17,564 Thread 0xb6607800 Threw 0xa03a8f00 at /HUDSON/workspace/7u-2-build-linux-i586/jdk7u76/1941/hotspot/src/share/vm/prims/jvm.cpp:1304
Event: 17,564 Thread 0xb6607800 Threw 0xa03a9608 at /HUDSON/workspace/7u-2-build-linux-i586/jdk7u76/1941/hotspot/src/share/vm/prims/jvm.cpp:1304
Event: 17,565 Thread 0xb6607800 Threw 0xa03b0898 at /HUDSON/workspace/7u-2-build-linux-i586/jdk7u76/1941/hotspot/src/share/vm/prims/jvm.cpp:1304
Event: 17,565 Thread 0xb6607800 Threw 0xa03b0f78 at /HUDSON/workspace/7u-2-build-linux-i586/jdk7u76/1941/hotspot/src/share/vm/prims/jvm.cpp:1304
Event: 17,584 Thread 0xb6607800 Threw 0xa03b6468 at /HUDSON/workspace/7u-2-build-linux-i586/jdk7u76/1941/hotspot/src/share/vm/prims/jvm.cpp:1304
Event: 17,584 Thread 0xb6607800 Threw 0xa03b6b08 at /HUDSON/workspace/7u-2-build-linux-i586/jdk7u76/1941/hotspot/src/share/vm/prims/jvm.cpp:1304

Events (10 events):
Event: 18,545 Thread 0xb6607800 DEOPT UNPACKING pc=0xb362cbc8 sp=0xb68215e0 mode 2
Event: 18,547 Thread 0xb6607800 Uncommon trap: trap_request=0xffffffc6 fr.pc=0xb36a569c
Event: 18,547 Thread 0xb6607800 DEOPT PACKING pc=0xb36a569c sp=0xb6821630
Event: 18,547 Thread 0xb6607800 DEOPT UNPACKING pc=0xb362cbc8 sp=0xb6821610 mode 2
Event: 18,547 Thread 0xb6607800 Uncommon trap: trap_request=0xffffffc6 fr.pc=0xb36a569c
Event: 18,547 Thread 0xb6607800 DEOPT PACKING pc=0xb36a569c sp=0xb6821740
Event: 18,547 Thread 0xb6607800 DEOPT UNPACKING pc=0xb362cbc8 sp=0xb6821720 mode 2
Event: 18,589 Executing VM operation: BulkRevokeBias
Event: 18,589 Executing VM operation: BulkRevokeBias done
Event: 18,960 Executing VM operation: ParallelGCFailedAllocation


Dynamic libraries:
08048000-08049000 r-xp 00000000 08:06 3148208    /usr/local/java/jdk1.7.0_76/bin/java
08049000-0804a000 rw-p 00000000 08:06 3148208    /usr/local/java/jdk1.7.0_76/bin/java
09bbe000-09bdf000 rw-p 00000000 00:00 0          [heap]
6cc00000-6cce7000 rw-p 00000000 00:00 0 
6cce7000-6cd00000 ---p 00000000 00:00 0 
6ce00000-6ce4b000 rw-p 00000000 00:00 0 
6ce4b000-6cf00000 ---p 00000000 00:00 0 
6cf00000-6cff9000 rw-p 00000000 00:00 0 
6cff9000-6d000000 ---p 00000000 00:00 0 
6d000000-6d046000 rw-p 00000000 00:00 0 
6d046000-6d100000 ---p 00000000 00:00 0 
6d100000-6d1ee000 rw-p 00000000 00:00 0 
6d1ee000-6d200000 ---p 00000000 00:00 0 
6d300000-6d3ff000 rw-p 00000000 00:00 0 
6d3ff000-6d400000 ---p 00000000 00:00 0 
6d400000-6d4e6000 rw-p 00000000 00:00 0 
6d4e6000-6d500000 ---p 00000000 00:00 0 
6d500000-6d5fd000 rw-p 00000000 00:00 0 
6d5fd000-6d600000 ---p 00000000 00:00 0 
6d600000-6d6fe000 rw-p 00000000 00:00 0 
6d6fe000-6d700000 ---p 00000000 00:00 0 
6d700000-6d800000 rw-p 00000000 00:00 0 
6d800000-6d8fd000 rw-p 00000000 00:00 0 
6d8fd000-6d900000 ---p 00000000 00:00 0 
6d900000-6d9ee000 rw-p 00000000 00:00 0 
6d9ee000-6da00000 ---p 00000000 00:00 0 
6dafe000-6daff000 ---p 00000000 00:00 0 
6daff000-6db7f000 rw-p 00000000 00:00 0          [stack:573]
6db7f000-6db82000 ---p 00000000 00:00 0 
6db82000-6dc00000 rw-p 00000000 00:00 0          [stack:571]
6dc00000-6de00000 r--p 00000000 08:06 6822382    /usr/lib/locale/locale-archive
6de00000-6de21000 rw-p 00000000 00:00 0 
6de21000-6df00000 ---p 00000000 00:00 0 
6df2e000-6df31000 ---p 00000000 00:00 0 
6df31000-6df7f000 rw-p 00000000 00:00 0          [stack:572]
6df7f000-6df82000 ---p 00000000 00:00 0 
6df82000-6e000000 rw-p 00000000 00:00 0          [stack:570]
6e000000-6e0f6000 rw-p 00000000 00:00 0 
6e0f6000-6e100000 ---p 00000000 00:00 0 
6e118000-6e12d000 r-xp 00000000 08:06 3146922    /usr/local/java/jdk1.7.0_76/jre/lib/i386/libnet.so
6e12d000-6e12e000 rw-p 00014000 08:06 3146922    /usr/local/java/jdk1.7.0_76/jre/lib/i386/libnet.so
6e12e000-6e131000 ---p 00000000 00:00 0 
6e131000-6e17f000 rw-p 00000000 00:00 0          [stack:569]
6e17f000-6e180000 ---p 00000000 00:00 0 
6e180000-6e200000 rw-p 00000000 00:00 0          [stack:566]
6e200000-6e300000 rw-p 00000000 00:00 0 
6e30e000-6e312000 r--s 0008b000 08:06 3147040    /usr/local/java/jdk1.7.0_76/jre/lib/jsse.jar
6e312000-6e320000 r-xp 00000000 08:06 3146859    /usr/local/java/jdk1.7.0_76/jre/lib/i386/libnio.so
6e320000-6e321000 rw-p 0000e000 08:06 3146859    /usr/local/java/jdk1.7.0_76/jre/lib/i386/libnio.so
6e321000-6e4e0000 r--s 039f0000 08:06 3146820    /usr/local/java/jdk1.7.0_76/jre/lib/rt.jar
6e4e0000-70a00000 rw-p 00000000 00:00 0 
70a00000-70afc000 rw-p 00000000 00:00 0 
70afc000-70b00000 ---p 00000000 00:00 0 
70b03000-70b2e000 r--s 001fc000 08:06 3547330    /home/lizo/dev-tools/sts-bundle/sts-3.6.3.SR1/plugins/org.eclipse.m2e.maven.runtime_1.6.2.20150902-0001/jars/guava-18.0.jar
70b2e000-70b31000 ---p 00000000 00:00 0 
70b31000-70b7f000 rw-p 00000000 00:00 0          [stack:568]
70b7f000-70b80000 ---p 00000000 00:00 0 
70b80000-70c00000 rw-p 00000000 00:00 0          [stack:565]
70c00000-70c21000 rw-p 00000000 00:00 0 
70c21000-70d00000 ---p 00000000 00:00 0 
70d03000-70d04000 r--s 00002000 08:06 3547215    /home/lizo/dev-tools/sts-bundle/sts-3.6.3.SR1/plugins/org.eclipse.m2e.maven.runtime.slf4j.simple_1.6.2.20150902-0001/jars/slf4j-simple-1.7.5.jar
70d04000-70d09000 r--s 00041000 08:06 3547329    /home/lizo/dev-tools/sts-bundle/sts-3.6.3.SR1/plugins/org.eclipse.m2e.maven.runtime_1.6.2.20150902-0001/jars/commons-lang-2.6.jar
70d09000-70d0a000 r--s 00002000 08:06 3547358    /home/lizo/dev-tools/sts-bundle/sts-3.6.3.SR1/plugins/org.eclipse.m2e.maven.runtime_1.6.2.20150902-0001/jars/wagon-file-2.9.jar
70d0a000-70d0c000 r--s 00005000 08:06 3547325    /home/lizo/dev-tools/sts-bundle/sts-3.6.3.SR1/plugins/org.eclipse.m2e.maven.runtime_1.6.2.20150902-0001/jars/aether-transport-wagon-1.0.2.v20150114.jar
70d0c000-70d0e000 r--s 0000e000 08:06 3547345    /home/lizo/dev-tools/sts-bundle/sts-3.6.3.SR1/plugins/org.eclipse.m2e.maven.runtime_1.6.2.20150902-0001/jars/okio-1.3.0.jar
70d0e000-70d13000 r--s 00043000 08:06 3547344    /home/lizo/dev-tools/sts-bundle/sts-3.6.3.SR1/plugins/org.eclipse.m2e.maven.runtime_1.6.2.20150902-0001/jars/okhttp-2.3.0.jar
70d13000-70d15000 r--s 0000a000 08:06 3547322    /home/lizo/dev-tools/sts-bundle/sts-3.6.3.SR1/plugins/org.eclipse.m2e.maven.runtime_1.6.2.20150902-0001/jars/aether-connector-okhttp-0.15.0.jar
70d15000-70d17000 r--s 00006000 08:06 3547324    /home/lizo/dev-tools/sts-bundle/sts-3.6.3.SR1/plugins/org.eclipse.m2e.maven.runtime_1.6.2.20150902-0001/jars/aether-spi-1.0.2.v20150114.jar
70d17000-70d1b000 r--s 00027000 08:06 3547323    /home/lizo/dev-tools/sts-bundle/sts-3.6.3.SR1/plugins/org.eclipse.m2e.maven.runtime_1.6.2.20150902-0001/jars/aether-impl-1.0.2.v20150114.jar
70d1b000-70d24000 r--s 00059000 08:06 3547355    /home/lizo/dev-tools/sts-bundle/sts-3.6.3.SR1/plugins/org.eclipse.m2e.maven.runtime_1.6.2.20150902-0001/jars/sisu-guice-3.2.5-no_aop.jar
70d24000-70d2b000 r--s 00055000 08:06 3547346    /home/lizo/dev-tools/sts-bundle/sts-3.6.3.SR1/plugins/org.eclipse.m2e.maven.runtime_1.6.2.20150902-0001/jars/org.eclipse.sisu.inject-0.3.0.jar
70d2b000-70d2e000 r--s 00008000 08:06 3547327    /home/lizo/dev-tools/sts-bundle/sts-3.6.3.SR1/plugins/org.eclipse.m2e.maven.runtime_1.6.2.20150902-0001/jars/cdi-api-1.0.jar
70d2e000-70d31000 ---p 00000000 00:00 0 
70d31000-70d7f000 rw-p 00000000 00:00 0          [stack:567]
70d7f000-70d80000 ---p 00000000 00:00 0 
70d80000-70e00000 rw-p 00000000 00:00 0          [stack:564]
70e00000-70e21000 rw-p 00000000 00:00 0 
70e21000-70f00000 ---p 00000000 00:00 0 
70f00000-70f01000 r--s 00008000 08:06 3547321    /home/lizo/dev-tools/sts-bundle/sts-3.6.3.SR1/plugins/org.eclipse.m2e.maven.runtime_1.6.2.20150902-0001/jars/aether-connector-basic-1.0.2.v20150114.jar
70f01000-70f02000 r--s 00001000 08:06 3547331    /home/lizo/dev-tools/sts-bundle/sts-3.6.3.SR1/plugins/org.eclipse.m2e.maven.runtime_1.6.2.20150902-0001/jars/jsr250-api-1.0.jar
70f02000-70f08000 r--s 0002d000 08:06 3547347    /home/lizo/dev-tools/sts-bundle/sts-3.6.3.SR1/plugins/org.eclipse.m2e.maven.runtime_1.6.2.20150902-0001/jars/org.eclipse.sisu.plexus-0.3.0.jar
70f08000-70f0b000 r--s 0000b000 08:06 3547359    /home/lizo/dev-tools/sts-bundle/sts-3.6.3.SR1/plugins/org.eclipse.m2e.maven.runtime_1.6.2.20150902-0001/jars/wagon-provider-api-2.9.jar
70f0b000-70f12000 r--s 00040000 08:06 3547335    /home/lizo/dev-tools/sts-bundle/sts-3.6.3.SR1/plugins/org.eclipse.m2e.maven.runtime_1.6.2.20150902-0001/jars/maven-compat-3.3.3.jar
70f12000-70f14000 r--s 00009000 08:06 3547328    /home/lizo/dev-tools/sts-bundle/sts-3.6.3.SR1/plugins/org.eclipse.m2e.maven.runtime_1.6.2.20150902-0001/jars/commons-cli-1.2.jar
70f14000-70f16000 r--s 00002000 08:06 3547349    /home/lizo/dev-tools/sts-bundle/sts-3.6.3.SR1/plugins/org.eclipse.m2e.maven.runtime_1.6.2.20150902-0001/jars/plexus-cipher-1.7.jar
70f16000-70f19000 r--s 00013000 08:06 3547337    /home/lizo/dev-tools/sts-bundle/sts-3.6.3.SR1/plugins/org.eclipse.m2e.maven.runtime_1.6.2.20150902-0001/jars/maven-embedder-3.3.3.jar
70f19000-70f1b000 r--s 00000000 08:06 3547351    /home/lizo/dev-tools/sts-bundle/sts-3.6.3.SR1/plugins/org.eclipse.m2e.maven.runtime_1.6.2.20150902-0001/jars/plexus-component-annotations-1.5.5.jar
70f1b000-70f1f000 r--s 00038000 08:06 3547354    /home/lizo/dev-tools/sts-bundle/sts-3.6.3.SR1/plugins/org.eclipse.m2e.maven.runtime_1.6.2.20150902-0001/jars/plexus-utils-3.0.20.jar
70f1f000-70f22000 r--s 0000d000 08:06 3547352    /home/lizo/dev-tools/sts-bundle/sts-3.6.3.SR1/plugins/org.eclipse.m2e.maven.runtime_1.6.2.20150902-0001/jars/plexus-interpolation-1.21.jar
70f22000-70f26000 r--s 00020000 08:06 3547326    /home/lizo/dev-tools/sts-bundle/sts-3.6.3.SR1/plugins/org.eclipse.m2e.maven.runtime_1.6.2.20150902-0001/jars/aether-util-1.0.2.v20150114.jar
70f26000-70f2b000 r--s 0001d000 08:06 3547320    /home/lizo/dev-tools/sts-bundle/sts-3.6.3.SR1/plugins/org.eclipse.m2e.maven.runtime_1.6.2.20150902-0001/jars/aether-api-1.0.2.v20150114.jar
70f2b000-70f2d000 r--s 0000f000 08:06 3547332    /home/lizo/dev-tools/sts-bundle/sts-3.6.3.SR1/plugins/org.eclipse.m2e.maven.runtime_1.6.2.20150902-0001/jars/maven-aether-provider-3.3.3.jar
70f2d000-70f32000 r--s 00027000 08:06 3547339    /home/lizo/dev-tools/sts-bundle/sts-3.6.3.SR1/plugins/org.eclipse.m2e.maven.runtime_1.6.2.20150902-0001/jars/maven-model-builder-3.3.3.jar
70f32000-70f34000 r--s 0000a000 08:06 3547340    /home/lizo/dev-tools/sts-bundle/sts-3.6.3.SR1/plugins/org.eclipse.m2e.maven.runtime_1.6.2.20150902-0001/jars/maven-plugin-api-3.3.3.jar
70f34000-70f7f000 rw-p 00000000 00:00 0 
70f7f000-70f80000 ---p 00000000 00:00 0 
70f80000-71000000 rw-p 00000000 00:00 0          [stack:563]
71000000-71021000 rw-p 00000000 00:00 0 
71021000-71100000 ---p 00000000 00:00 0 
71100000-71102000 r--s 0000c000 08:06 3547333    /home/lizo/dev-tools/sts-bundle/sts-3.6.3.SR1/plugins/org.eclipse.m2e.maven.runtime_1.6.2.20150902-0001/jars/maven-artifact-3.3.3.jar
71102000-71104000 r--s 00005000 08:06 3547341    /home/lizo/dev-tools/sts-bundle/sts-3.6.3.SR1/plugins/org.eclipse.m2e.maven.runtime_1.6.2.20150902-0001/jars/maven-repository-metadata-3.3.3.jar
71104000-71106000 r--s 00009000 08:06 3547343    /home/lizo/dev-tools/sts-bundle/sts-3.6.3.SR1/plugins/org.eclipse.m2e.maven.runtime_1.6.2.20150902-0001/jars/maven-settings-builder-3.3.3.jar
71106000-71108000 r--s 00009000 08:06 3547342    /home/lizo/dev-tools/sts-bundle/sts-3.6.3.SR1/plugins/org.eclipse.m2e.maven.runtime_1.6.2.20150902-0001/jars/maven-settings-3.3.3.jar
71108000-71163000 rw-p 00000000 00:00 0 
71163000-71164000 ---p 00000000 00:00 0 
71164000-711f9000 rw-p 00000000 00:00 0          [stack:562]
711f9000-7132f000 rw-p 00000000 00:00 0 
7132f000-71337000 rw-p 00000000 00:00 0 
71337000-7134f000 rw-p 00000000 00:00 0 
7134f000-71364000 rw-p 00000000 00:00 0 
71364000-71499000 rw-p 00000000 00:00 0 
71499000-714ac000 rw-p 00000000 00:00 0 
714ac000-7153f000 rw-p 00000000 00:00 0 
7153f000-72540000 rw-p 00000000 00:00 0 
72540000-75540000 rw-p 00000000 00:00 0 
75540000-77e80000 rw-p 00000000 00:00 0 
77e80000-9ea80000 rw-p 00000000 00:00 0 
9ea80000-a0f00000 rw-p 00000000 00:00 0 
a3462000-a3680000 rw-p 00000000 00:00 0 
a3680000-b3540000 rw-p 00000000 00:00 0 
b3540000-b3549000 rw-p 00000000 00:00 0 
b3549000-b3600000 rw-p 00000000 00:00 0 
b3600000-b3840000 rwxp 00000000 00:00 0 
b3840000-b66f6000 rw-p 00000000 00:00 0 
b66f6000-b6700000 ---p 00000000 00:00 0 
b6700000-b6701000 r--s 00006000 08:06 3547353    /home/lizo/dev-tools/sts-bundle/sts-3.6.3.SR1/plugins/org.eclipse.m2e.maven.runtime_1.6.2.20150902-0001/jars/plexus-sec-dispatcher-1.3.jar
b6701000-b6704000 r--s 00025000 08:06 3547338    /home/lizo/dev-tools/sts-bundle/sts-3.6.3.SR1/plugins/org.eclipse.m2e.maven.runtime_1.6.2.20150902-0001/jars/maven-model-3.3.3.jar
b6704000-b6725000 rw-p 00000000 00:00 0 
b6725000-b673d000 rw-p 00000000 00:00 0 
b673d000-b6754000 r-xp 00000000 08:06 3146877    /usr/local/java/jdk1.7.0_76/jre/lib/i386/libzip.so
b6754000-b6755000 rw-p 00017000 08:06 3146877    /usr/local/java/jdk1.7.0_76/jre/lib/i386/libzip.so
b6755000-b6760000 r-xp 00000000 08:06 7471296    /lib/i386-linux-gnu/libnss_files-2.15.so
b6760000-b6761000 r--p 0000a000 08:06 7471296    /lib/i386-linux-gnu/libnss_files-2.15.so
b6761000-b6762000 rw-p 0000b000 08:06 7471296    /lib/i386-linux-gnu/libnss_files-2.15.so
b6762000-b676c000 r-xp 00000000 08:06 7471151    /lib/i386-linux-gnu/libnss_nis-2.15.so
b676c000-b676d000 r--p 00009000 08:06 7471151    /lib/i386-linux-gnu/libnss_nis-2.15.so
b676d000-b676e000 rw-p 0000a000 08:06 7471151    /lib/i386-linux-gnu/libnss_nis-2.15.so
b676e000-b6784000 r-xp 00000000 08:06 7471288    /lib/i386-linux-gnu/libnsl-2.15.so
b6784000-b6785000 r--p 00015000 08:06 7471288    /lib/i386-linux-gnu/libnsl-2.15.so
b6785000-b6786000 rw-p 00016000 08:06 7471288    /lib/i386-linux-gnu/libnsl-2.15.so
b6786000-b6788000 rw-p 00000000 00:00 0 
b6788000-b678f000 r-xp 00000000 08:06 7471146    /lib/i386-linux-gnu/libnss_compat-2.15.so
b678f000-b6790000 r--p 00006000 08:06 7471146    /lib/i386-linux-gnu/libnss_compat-2.15.so
b6790000-b6791000 rw-p 00007000 08:06 7471146    /lib/i386-linux-gnu/libnss_compat-2.15.so
b6791000-b679e000 r--s 0008e000 08:06 3547336    /home/lizo/dev-tools/sts-bundle/sts-3.6.3.SR1/plugins/org.eclipse.m2e.maven.runtime_1.6.2.20150902-0001/jars/maven-core-3.3.3.jar
b679e000-b67a6000 rw-s 00000000 08:06 8526496    /tmp/hsperfdata_lizo/523
b67a6000-b67c9000 r-xp 00000000 08:06 3146891    /usr/local/java/jdk1.7.0_76/jre/lib/i386/libjava.so
b67c9000-b67ca000 rw-p 00023000 08:06 3146891    /usr/local/java/jdk1.7.0_76/jre/lib/i386/libjava.so
b67ca000-b67d1000 r-xp 00000000 08:06 7471133    /lib/i386-linux-gnu/librt-2.15.so
b67d1000-b67d2000 r--p 00006000 08:06 7471133    /lib/i386-linux-gnu/librt-2.15.so
b67d2000-b67d3000 rw-p 00007000 08:06 7471133    /lib/i386-linux-gnu/librt-2.15.so
b67d3000-b67d6000 ---p 00000000 00:00 0 
b67d6000-b6824000 rw-p 00000000 00:00 0          [stack:553]
b6824000-b684e000 r-xp 00000000 08:06 7471285    /lib/i386-linux-gnu/libm-2.15.so
b684e000-b684f000 r--p 00029000 08:06 7471285    /lib/i386-linux-gnu/libm-2.15.so
b684f000-b6850000 rw-p 0002a000 08:06 7471285    /lib/i386-linux-gnu/libm-2.15.so
b6850000-b70d7000 r-xp 00000000 08:06 3146876    /usr/local/java/jdk1.7.0_76/jre/lib/i386/server/libjvm.so
b70d7000-b713c000 rw-p 00886000 08:06 3146876    /usr/local/java/jdk1.7.0_76/jre/lib/i386/server/libjvm.so
b713c000-b755f000 rw-p 00000000 00:00 0 
b755f000-b7702000 r-xp 00000000 08:06 7471196    /lib/i386-linux-gnu/libc-2.15.so
b7702000-b7703000 ---p 001a3000 08:06 7471196    /lib/i386-linux-gnu/libc-2.15.so
b7703000-b7705000 r--p 001a3000 08:06 7471196    /lib/i386-linux-gnu/libc-2.15.so
b7705000-b7706000 rw-p 001a5000 08:06 7471196    /lib/i386-linux-gnu/libc-2.15.so
b7706000-b7709000 rw-p 00000000 00:00 0 
b7709000-b770c000 r-xp 00000000 08:06 7471255    /lib/i386-linux-gnu/libdl-2.15.so
b770c000-b770d000 r--p 00002000 08:06 7471255    /lib/i386-linux-gnu/libdl-2.15.so
b770d000-b770e000 rw-p 00003000 08:06 7471255    /lib/i386-linux-gnu/libdl-2.15.so
b770e000-b7721000 r-xp 00000000 08:06 3148168    /usr/local/java/jdk1.7.0_76/lib/i386/jli/libjli.so
b7721000-b7722000 rw-p 00012000 08:06 3148168    /usr/local/java/jdk1.7.0_76/lib/i386/jli/libjli.so
b7722000-b7723000 rw-p 00000000 00:00 0 
b7723000-b773a000 r-xp 00000000 08:06 7471202    /lib/i386-linux-gnu/libpthread-2.15.so
b773a000-b773b000 r--p 00016000 08:06 7471202    /lib/i386-linux-gnu/libpthread-2.15.so
b773b000-b773c000 rw-p 00017000 08:06 7471202    /lib/i386-linux-gnu/libpthread-2.15.so
b773c000-b773e000 rw-p 00000000 00:00 0 
b773e000-b773f000 r--s 00003000 08:06 3547334    /home/lizo/dev-tools/sts-bundle/sts-3.6.3.SR1/plugins/org.eclipse.m2e.maven.runtime_1.6.2.20150902-0001/jars/maven-builder-support-3.3.3.jar
b773f000-b7740000 r--s 00003000 08:06 3547356    /home/lizo/dev-tools/sts-bundle/sts-3.6.3.SR1/plugins/org.eclipse.m2e.maven.runtime_1.6.2.20150902-0001/jars/takari-filemanager-0.7.0.jar
b7740000-b7742000 r--s 00001000 08:06 3547357    /home/lizo/dev-tools/sts-bundle/sts-3.6.3.SR1/plugins/org.eclipse.m2e.maven.runtime_1.6.2.20150902-0001/jars/takari-local-repository-0.9.0.jar
b7742000-b7744000 r--s 0000b000 08:06 3547350    /home/lizo/dev-tools/sts-bundle/sts-3.6.3.SR1/plugins/org.eclipse.m2e.maven.runtime_1.6.2.20150902-0001/jars/plexus-classworlds-2.5.2.jar
b7744000-b7745000 r--p 005e1000 08:06 6822382    /usr/lib/locale/locale-archive
b7745000-b7746000 rw-p 00000000 00:00 0 
b7746000-b7747000 ---p 00000000 00:00 0 
b7747000-b7752000 r-xp 00000000 08:06 3146881    /usr/local/java/jdk1.7.0_76/jre/lib/i386/libverify.so
b7752000-b7753000 rw-p 0000b000 08:06 3146881    /usr/local/java/jdk1.7.0_76/jre/lib/i386/libverify.so
b7753000-b7755000 rw-p 00000000 00:00 0 
b7755000-b7756000 r-xp 00000000 00:00 0          [vdso]
b7756000-b7776000 r-xp 00000000 08:06 7471141    /lib/i386-linux-gnu/ld-2.15.so
b7776000-b7777000 r--p 0001f000 08:06 7471141    /lib/i386-linux-gnu/ld-2.15.so
b7777000-b7778000 rw-p 00020000 08:06 7471141    /lib/i386-linux-gnu/ld-2.15.so
bfe4b000-bfe4c000 rwxp 00000000 00:00 0 
bfe7e000-bfe9f000 rw-p 00000000 00:00 0          [stack]

VM Arguments:
jvm_args: -Dmaven.home=EMBEDDED -Dclassworlds.conf=/home/lizo/ICTDLab/.metadata/.plugins/org.eclipse.m2e.launching/launches/m2conf2411093055025973643.tmp -Dmaven.multiModuleProjectDirectory=/home/lizo/ICTDLab/DocMan -Dfile.encoding=UTF-8 
java_command: org.codehaus.plexus.classworlds.launcher.Launcher -B install
Launcher Type: SUN_STANDARD

Environment Variables:
PATH=/usr/lib/lightdm/lightdm:/usr/local/sbin:/usr/local/bin:/usr/sbin:/usr/bin:/sbin:/bin:/usr/games
LD_LIBRARY_PATH=/usr/local/java/jdk1.7.0_76/jre/lib/i386/server:/usr/local/java/jdk1.7.0_76/jre/lib/i386:/usr/local/java/jdk1.7.0_76/jre/../lib/i386:/usr/local/java/jdk1.7.0_76/jre/lib/i386/client:/usr/local/java/jdk1.7.0_76/jre/lib/i386:
SHELL=/bin/bash
DISPLAY=:0.0

Signal Handlers:
SIGSEGV: [libjvm.so+0x7eb660], sa_mask[0]=0x7ffbfeff, sa_flags=0x10000004
SIGBUS: [libjvm.so+0x7eb660], sa_mask[0]=0x7ffbfeff, sa_flags=0x10000004
SIGFPE: [libjvm.so+0x6835c0], sa_mask[0]=0x7ffbfeff, sa_flags=0x10000004
SIGPIPE: [libjvm.so+0x6835c0], sa_mask[0]=0x7ffbfeff, sa_flags=0x10000004
SIGXFSZ: [libjvm.so+0x6835c0], sa_mask[0]=0x7ffbfeff, sa_flags=0x10000004
SIGILL: [libjvm.so+0x6835c0], sa_mask[0]=0x7ffbfeff, sa_flags=0x10000004
SIGUSR1: SIG_DFL, sa_mask[0]=0x00000000, sa_flags=0x00000000
SIGUSR2: [libjvm.so+0x684dc0], sa_mask[0]=0x00000004, sa_flags=0x10000004
SIGHUP: [libjvm.so+0x6860f0], sa_mask[0]=0x7ffbfeff, sa_flags=0x10000004
SIGINT: [libjvm.so+0x6860f0], sa_mask[0]=0x7ffbfeff, sa_flags=0x10000004
SIGTERM: [libjvm.so+0x6860f0], sa_mask[0]=0x7ffbfeff, sa_flags=0x10000004
SIGQUIT: [libjvm.so+0x6860f0], sa_mask[0]=0x7ffbfeff, sa_flags=0x10000004


---------------  S Y S T E M  ---------------

OS:wheezy/sid

uname:Linux 3.13.0-46-generic #77~precise1-Ubuntu SMP Mon Mar 2 23:25:21 UTC 2015 i686
libc:glibc 2.15 NPTL 2.15 
rlimit: STACK 8192k, CORE 0k, NPROC 31591, NOFILE 4096, AS infinity
load average:8,75 6,86 5,43

/proc/meminfo:
MemTotal:        4062756 kB
MemFree:          204272 kB
Buffers:            6448 kB
Cached:           306844 kB
SwapCached:            0 kB
Active:          3454968 kB
Inactive:         284924 kB
Active(anon):    3430108 kB
Inactive(anon):   246336 kB
Active(file):      24860 kB
Inactive(file):    38588 kB
Unevictable:           0 kB
Mlocked:               0 kB
HighTotal:       3214088 kB
HighFree:          40692 kB
LowTotal:         848668 kB
LowFree:          163580 kB
SwapTotal:             0 kB
SwapFree:              0 kB
Dirty:               272 kB
Writeback:             0 kB
AnonPages:       3427392 kB
Mapped:           201084 kB
Shmem:            249268 kB
Slab:              56400 kB
SReclaimable:      29040 kB
SUnreclaim:        27360 kB
KernelStack:        8064 kB
PageTables:        18320 kB
NFS_Unstable:          0 kB
Bounce:                0 kB
WritebackTmp:          0 kB
CommitLimit:     2031376 kB
Committed_AS:    8525828 kB
VmallocTotal:     122880 kB
VmallocUsed:       17324 kB
VmallocChunk:      95476 kB
HardwareCorrupted:     0 kB
AnonHugePages:   1878016 kB
HugePages_Total:       0
HugePages_Free:        0
HugePages_Rsvd:        0
HugePages_Surp:        0
Hugepagesize:       2048 kB
DirectMap4k:       32760 kB
DirectMap2M:      880640 kB


CPU:total 4 (2 cores per cpu, 2 threads per core) family 6 model 42 stepping 7, cmov, cx8, fxsr, mmx, sse, sse2, sse3, ssse3, sse4.1, sse4.2, popcnt, avx, aes, ht, tsc, tscinvbit

/proc/cpuinfo:
processor	: 0
vendor_id	: GenuineIntel
cpu family	: 6
model		: 42
model name	: Intel(R) Core(TM) i5-2430M CPU @ 2.40GHz
stepping	: 7
microcode	: 0x14
cpu MHz		: 2401.000
cache size	: 3072 KB
physical id	: 0
siblings	: 4
core id		: 0
cpu cores	: 2
apicid		: 0
initial apicid	: 0
fdiv_bug	: no
f00f_bug	: no
coma_bug	: no
fpu		: yes
fpu_exception	: yes
cpuid level	: 13
wp		: yes
flags		: fpu vme de pse tsc msr pae mce cx8 apic sep mtrr pge mca cmov pat pse36 clflush dts acpi mmx fxsr sse sse2 ss ht tm pbe nx rdtscp lm constant_tsc arch_perfmon pebs bts xtopology nonstop_tsc aperfmperf eagerfpu pni pclmulqdq dtes64 monitor ds_cpl vmx est tm2 ssse3 cx16 xtpr pdcm pcid sse4_1 sse4_2 x2apic popcnt tsc_deadline_timer aes xsave avx lahf_lm ida arat epb xsaveopt pln pts dtherm tpr_shadow vnmi flexpriority ept vpid
bogomips	: 4789.12
clflush size	: 64
cache_alignment	: 64
address sizes	: 36 bits physical, 48 bits virtual
power management:

processor	: 1
vendor_id	: GenuineIntel
cpu family	: 6
model		: 42
model name	: Intel(R) Core(TM) i5-2430M CPU @ 2.40GHz
stepping	: 7
microcode	: 0x14
cpu MHz		: 2401.000
cache size	: 3072 KB
physical id	: 0
siblings	: 4
core id		: 0
cpu cores	: 2
apicid		: 1
initial apicid	: 1
fdiv_bug	: no
f00f_bug	: no
coma_bug	: no
fpu		: yes
fpu_exception	: yes
cpuid level	: 13
wp		: yes
flags		: fpu vme de pse tsc msr pae mce cx8 apic sep mtrr pge mca cmov pat pse36 clflush dts acpi mmx fxsr sse sse2 ss ht tm pbe nx rdtscp lm constant_tsc arch_perfmon pebs bts xtopology nonstop_tsc aperfmperf eagerfpu pni pclmulqdq dtes64 monitor ds_cpl vmx est tm2 ssse3 cx16 xtpr pdcm pcid sse4_1 sse4_2 x2apic popcnt tsc_deadline_timer aes xsave avx lahf_lm ida arat epb xsaveopt pln pts dtherm tpr_shadow vnmi flexpriority ept vpid
bogomips	: 4789.12
clflush size	: 64
cache_alignment	: 64
address sizes	: 36 bits physical, 48 bits virtual
power management:

processor	: 2
vendor_id	: GenuineIntel
cpu family	: 6
model		: 42
model name	: Intel(R) Core(TM) i5-2430M CPU @ 2.40GHz
stepping	: 7
microcode	: 0x14
cpu MHz		: 1800.000
cache size	: 3072 KB
physical id	: 0
siblings	: 4
core id		: 1
cpu cores	: 2
apicid		: 2
initial apicid	: 2
fdiv_bug	: no
f00f_bug	: no
coma_bug	: no
fpu		: yes
fpu_exception	: yes
cpuid level	: 13
wp		: yes
flags		: fpu vme de pse tsc msr pae mce cx8 apic sep mtrr pge mca cmov pat pse36 clflush dts acpi mmx fxsr sse sse2 ss ht tm pbe nx rdtscp lm constant_tsc arch_perfmon pebs bts xtopology nonstop_tsc aperfmperf eagerfpu pni pclmulqdq dtes64 monitor ds_cpl vmx est tm2 ssse3 cx16 xtpr pdcm pcid sse4_1 sse4_2 x2apic popcnt tsc_deadline_timer aes xsave avx lahf_lm ida arat epb xsaveopt pln pts dtherm tpr_shadow vnmi flexpriority ept vpid
bogomips	: 4789.12
clflush size	: 64
cache_alignment	: 64
address sizes	: 36 bits physical, 48 bits virtual
power management:

processor	: 3
vendor_id	: GenuineIntel
cpu family	: 6
model		: 42
model name	: Intel(R) Core(TM) i5-2430M CPU @ 2.40GHz
stepping	: 7
microcode	: 0x14
cpu MHz		: 2000.000
cache size	: 3072 KB
physical id	: 0
siblings	: 4
core id		: 1
cpu cores	: 2
apicid		: 3
initial apicid	: 3
fdiv_bug	: no
f00f_bug	: no
coma_bug	: no
fpu		: yes
fpu_exception	: yes
cpuid level	: 13
wp		: yes
flags		: fpu vme de pse tsc msr pae mce cx8 apic sep mtrr pge mca cmov pat pse36 clflush dts acpi mmx fxsr sse sse2 ss ht tm pbe nx rdtscp lm constant_tsc arch_perfmon pebs bts xtopology nonstop_tsc aperfmperf eagerfpu pni pclmulqdq dtes64 monitor ds_cpl vmx est tm2 ssse3 cx16 xtpr pdcm pcid sse4_1 sse4_2 x2apic popcnt tsc_deadline_timer aes xsave avx lahf_lm ida arat epb xsaveopt pln pts dtherm tpr_shadow vnmi flexpriority ept vpid
bogomips	: 4789.12
clflush size	: 64
cache_alignment	: 64
address sizes	: 36 bits physical, 48 bits virtual
power management:



Memory: 4k page, physical 4062756k(204272k free), swap 0k(0k free)

vm_info: Java HotSpot(TM) Server VM (24.76-b04) for linux-x86 JRE (1.7.0_76-b13), built on Dec 18 2014 17:29:38 by "java_re" with gcc 4.3.0 20080428 (Red Hat 4.3.0-8)

time: Sat Feb 13 21:54:49 2016
elapsed time: 19 seconds

