#
# There is insufficient memory for the Java Runtime Environment to continue.
# Native memory allocation (malloc) failed to allocate 12582912 bytes for committing reserved memory.
# Possible reasons:
#   The system is out of physical RAM or swap space
#   In 32 bit mode, the process size limit was hit
# Possible solutions:
#   Reduce memory load on the system
#   Increase physical memory or swap space
#   Check if swap backing store is full
#   Use 64 bit Java on a 64 bit OS
#   Decrease Java heap size (-Xmx/-Xms)
#   Decrease number of Java threads
#   Decrease Java thread stack sizes (-Xss)
#   Set larger code cache with -XX:ReservedCodeCacheSize=
# This output file may be truncated or incomplete.
#
#  Out of Memory Error (os_linux.cpp:2756), pid=9463, tid=1847589696
#
# JRE version: Java(TM) SE Runtime Environment (7.0_76-b13) (build 1.7.0_76-b13)
# Java VM: Java HotSpot(TM) Server VM (24.76-b04 mixed mode linux-x86 )
# Failed to write core dump. Core dumps have been disabled. To enable core dumping, try "ulimit -c unlimited" before starting Java again
#

---------------  T H R E A D  ---------------

Current thread (0x6e280400):  VMThread [stack: 0x6e17f000,0x6e200000] [id=9474]

Stack: [0x6e17f000,0x6e200000],  sp=0x6e1fe9a0,  free space=510k
Native frames: (J=compiled Java code, j=interpreted, Vv=VM code, C=native code)
V  [libjvm.so+0x7eab56]  VMError::report_and_die()+0x1a6
V  [libjvm.so+0x33e222]  report_vm_out_of_memory(char const*, int, unsigned int, char const*)+0x72
V  [libjvm.so+0x686a41]  os::Linux::commit_memory_impl(char*, unsigned int, bool)+0xe1
V  [libjvm.so+0x686f08]  os::pd_commit_memory(char*, unsigned int, unsigned int, bool)+0x28
V  [libjvm.so+0x68064c]  os::commit_memory(char*, unsigned int, unsigned int, bool)+0x2c
V  [libjvm.so+0x6eaed8]  PSVirtualSpace::expand_by(unsigned int)+0x48
V  [libjvm.so+0x6dd0fe]  PSOldGen::expand_by(unsigned int)+0x2e
V  [libjvm.so+0x6e51be]  PSPermGen::compute_new_size(unsigned int)+0x10e
V  [libjvm.so+0x6e3c1d]  PSParallelCompact::invoke_no_policy(bool)+0x4fd
V  [libjvm.so+0x6e429b]  PSParallelCompact::invoke(bool)+0x5b
V  [libjvm.so+0x7ec362]  VM_ParallelGCSystemGC::doit()+0xf2
V  [libjvm.so+0x7f5207]  VM_Operation::evaluate()+0x47
V  [libjvm.so+0x7f32a3]  VMThread::evaluate_operation(VM_Operation*)+0xb3
V  [libjvm.so+0x7f3640]  VMThread::loop()+0x1b0
V  [libjvm.so+0x7f3aa5]  VMThread::run()+0x85
V  [libjvm.so+0x688d19]  java_start(Thread*)+0x119
C  [libpthread.so.0+0x6d4c]  start_thread+0xcc

VM_Operation (0xb681c77c): ParallelGCSystemGC, mode: safepoint, requested by thread 0xb6607800


---------------  P R O C E S S  ---------------

Java Threads: ( => current thread )
  0x6e29a800 JavaThread "Service Thread" daemon [_thread_blocked, id=9480, stack(0x6db2e000,0x6db7f000)]
  0x6e298c00 JavaThread "C2 CompilerThread1" daemon [_thread_blocked, id=9479, stack(0x6db7f000,0x6dc00000)]
  0x6e296c00 JavaThread "C2 CompilerThread0" daemon [_thread_blocked, id=9478, stack(0x6df2e000,0x6dfaf000)]
  0x6e295400 JavaThread "Signal Dispatcher" daemon [_thread_blocked, id=9477, stack(0x6dfaf000,0x6e000000)]
  0x6e284800 JavaThread "Finalizer" daemon [_thread_blocked, id=9476, stack(0x6e12e000,0x6e17f000)]
  0x6e283000 JavaThread "Reference Handler" daemon [_thread_blocked, id=9475, stack(0x70b2e000,0x70b7f000)]
  0xb6607800 JavaThread "main" [_thread_blocked, id=9469, stack(0xb67cd000,0xb681e000)]

Other Threads:
=>0x6e280400 VMThread [stack: 0x6e17f000,0x6e200000] [id=9474]
  0x6e29c800 WatcherThread [stack: 0x6daad000,0x6db2e000] [id=9481]

VM state:at safepoint (normal execution)

VM Mutex/Monitor currently owned by a thread:  ([mutex/lock_event])
[0xb66048b8] ExpandHeap_lock - owner thread: 0x6e280400
[0xb6604e00] Threads_lock - owner thread: 0x6e280400
[0xb6605210] Heap_lock - owner thread: 0xb6607800

Heap
 PSYoungGen      total 39424K, used 0K [0x9ea80000, 0xa3140000, 0xb3540000)
  eden space 38912K, 0% used [0x9ea80000,0x9ea80000,0xa1080000)
  from space 512K, 0% used [0xa2380000,0xa2380000,0xa2400000)
  to   space 7936K, 0% used [0xa2980000,0xa2980000,0xa3140000)
 ParOldGen       total 42240K, used 12221K [0x75540000, 0x77e80000, 0x9ea80000)
  object space 42240K, 28% used [0x75540000,0x7612f400,0x77e80000)
 PSPermGen       total 16384K, used 14218K [0x71540000, 0x72540000, 0x75540000)
  object space 16384K, 86% used [0x71540000,0x72322ba0,0x72540000)

Card table byte_map: [0x7132f000,0x71540000] byte_map_base: 0x70fa4600

Polling page: 0xb7741000

Code Cache  [0xb3600000, 0xb3840000, 0xb6600000)
 total_blobs=783 nmethods=646 adapters=90 free_code_cache=47431Kb largest_free_block=48467648

Compilation events (10 events):
Event: 17,555 Thread 0x6e298c00 nmethod 677 0xb375dac8 code [0xb375dba0, 0xb375dbf0]
Event: 17,562 Thread 0x6e296c00 nmethod 676 0xb3742688 code [0xb3742840, 0xb3742fe4]
Event: 17,585 Thread 0x6e298c00  678             java.lang.Character::isSurrogate (18 bytes)
Event: 17,585 Thread 0x6e298c00 nmethod 678 0xb375d948 code [0xb375da20, 0xb375da70]
Event: 17,757 Thread 0x6e296c00  679             java.util.Date::normalize (272 bytes)
Event: 17,757 Thread 0x6e298c00  680             java.util.Date::getCalendarSystem (25 bytes)
Event: 17,758 Thread 0x6e298c00 nmethod 680 0xb375d788 code [0xb375d880, 0xb375d8d0]
Event: 17,758 Thread 0x6e298c00  681             java.util.Date::getCalendarSystem (31 bytes)
Event: 17,759 Thread 0x6e298c00 nmethod 681 0xb375d3c8 code [0xb375d4e0, 0xb375d5b0]
Event: 17,766 Thread 0x6e296c00 nmethod 679 0xb3741bc8 code [0xb3741d60, 0xb374218c]

GC Heap History (10 events):
Event: 11,366 GC heap after
Heap after GC invocations=11 (full 0):
 PSYoungGen      total 30976K, used 1656K [0x9ea80000, 0xa1dc0000, 0xb3540000)
  eden space 25088K, 0% used [0x9ea80000,0x9ea80000,0xa0300000)
  from space 5888K, 28% used [0xa0300000,0xa049e020,0xa08c0000)
  to   space 6144K, 0% used [0xa17c0000,0xa17c0000,0xa1dc0000)
 ParOldGen       total 42240K, used 12171K [0x75540000, 0x77e80000, 0x9ea80000)
  object space 42240K, 28% used [0x75540000,0x76122ed0,0x77e80000)
 PSPermGen       total 16384K, used 9876K [0x71540000, 0x72540000, 0x75540000)
  object space 16384K, 60% used [0x71540000,0x71ee5358,0x72540000)
}
Event: 12,402 GC heap before
{Heap before GC invocations=12 (full 0):
 PSYoungGen      total 30976K, used 26744K [0x9ea80000, 0xa1dc0000, 0xb3540000)
  eden space 25088K, 100% used [0x9ea80000,0xa0300000,0xa0300000)
  from space 5888K, 28% used [0xa0300000,0xa049e020,0xa08c0000)
  to   space 6144K, 0% used [0xa17c0000,0xa17c0000,0xa1dc0000)
 ParOldGen       total 42240K, used 12171K [0x75540000, 0x77e80000, 0x9ea80000)
  object space 42240K, 28% used [0x75540000,0x76122ed0,0x77e80000)
 PSPermGen       total 16384K, used 10076K [0x71540000, 0x72540000, 0x75540000)
  object space 16384K, 61% used [0x71540000,0x71f17048,0x72540000)
Event: 12,414 GC heap after
Heap after GC invocations=12 (full 0):
 PSYoungGen      total 46336K, used 1338K [0x9ea80000, 0xa1dc0000, 0xb3540000)
  eden space 40192K, 0% used [0x9ea80000,0x9ea80000,0xa11c0000)
  from space 6144K, 21% used [0xa17c0000,0xa190e9a8,0xa1dc0000)
  to   space 6144K, 0% used [0xa11c0000,0xa11c0000,0xa17c0000)
 ParOldGen       total 42240K, used 13069K [0x75540000, 0x77e80000, 0x9ea80000)
  object space 42240K, 30% used [0x75540000,0x762036e0,0x77e80000)
 PSPermGen       total 16384K, used 10076K [0x71540000, 0x72540000, 0x75540000)
  object space 16384K, 61% used [0x71540000,0x71f17048,0x72540000)
}
Event: 14,557 GC heap before
{Heap before GC invocations=13 (full 0):
 PSYoungGen      total 46336K, used 41530K [0x9ea80000, 0xa1dc0000, 0xb3540000)
  eden space 40192K, 100% used [0x9ea80000,0xa11c0000,0xa11c0000)
  from space 6144K, 21% used [0xa17c0000,0xa190e9a8,0xa1dc0000)
  to   space 6144K, 0% used [0xa11c0000,0xa11c0000,0xa17c0000)
 ParOldGen       total 42240K, used 13069K [0x75540000, 0x77e80000, 0x9ea80000)
  object space 42240K, 30% used [0x75540000,0x762036e0,0x77e80000)
 PSPermGen       total 16384K, used 11739K [0x71540000, 0x72540000, 0x75540000)
  object space 16384K, 71% used [0x71540000,0x720b6c50,0x72540000)
Event: 14,567 GC heap after
Heap after GC invocations=13 (full 0):
 PSYoungGen      total 46336K, used 6135K [0x9ea80000, 0xa3880000, 0xb3540000)
  eden space 40192K, 0% used [0x9ea80000,0x9ea80000,0xa11c0000)
  from space 6144K, 99% used [0xa11c0000,0xa17bdcc0,0xa17c0000)
  to   space 7680K, 0% used [0xa3100000,0xa3100000,0xa3880000)
 ParOldGen       total 42240K, used 15002K [0x75540000, 0x77e80000, 0x9ea80000)
  object space 42240K, 35% used [0x75540000,0x763e6b10,0x77e80000)
 PSPermGen       total 16384K, used 11739K [0x71540000, 0x72540000, 0x75540000)
  object space 16384K, 71% used [0x71540000,0x720b6c50,0x72540000)
}
Event: 17,246 GC heap before
{Heap before GC invocations=14 (full 0):
 PSYoungGen      total 46336K, used 46327K [0x9ea80000, 0xa3880000, 0xb3540000)
  eden space 40192K, 100% used [0x9ea80000,0xa11c0000,0xa11c0000)
  from space 6144K, 99% used [0xa11c0000,0xa17bdcc0,0xa17c0000)
  to   space 7680K, 0% used [0xa3100000,0xa3100000,0xa3880000)
 ParOldGen       total 42240K, used 15002K [0x75540000, 0x77e80000, 0x9ea80000)
  object space 42240K, 35% used [0x75540000,0x763e6b10,0x77e80000)
 PSPermGen       total 16384K, used 14152K [0x71540000, 0x72540000, 0x75540000)
  object space 16384K, 86% used [0x71540000,0x723121f8,0x72540000)
Event: 17,253 GC heap after
Heap after GC invocations=14 (full 0):
 PSYoungGen      total 40448K, used 1293K [0x9ea80000, 0xa3280000, 0xb3540000)
  eden space 38912K, 0% used [0x9ea80000,0x9ea80000,0xa1080000)
  from space 1536K, 84% used [0xa3100000,0xa3243748,0xa3280000)
  to   space 7680K, 0% used [0xa2380000,0xa2380000,0xa2b00000)
 ParOldGen       total 42240K, used 20146K [0x75540000, 0x77e80000, 0x9ea80000)
  object space 42240K, 47% used [0x75540000,0x768ecae8,0x77e80000)
 PSPermGen       total 16384K, used 14152K [0x71540000, 0x72540000, 0x75540000)
  object space 16384K, 86% used [0x71540000,0x723121f8,0x72540000)
}
Event: 18,763 GC heap before
{Heap before GC invocations=15 (full 0):
 PSYoungGen      total 40448K, used 10294K [0x9ea80000, 0xa3280000, 0xb3540000)
  eden space 38912K, 23% used [0x9ea80000,0x9f34a3d8,0xa1080000)
  from space 1536K, 84% used [0xa3100000,0xa3243748,0xa3280000)
  to   space 7680K, 0% used [0xa2380000,0xa2380000,0xa2b00000)
 ParOldGen       total 42240K, used 20146K [0x75540000, 0x77e80000, 0x9ea80000)
  object space 42240K, 47% used [0x75540000,0x768ecae8,0x77e80000)
 PSPermGen       total 16384K, used 14250K [0x71540000, 0x72540000, 0x75540000)
  object space 16384K, 86% used [0x71540000,0x7232abb8,0x72540000)
Event: 18,768 GC heap after
Heap after GC invocations=15 (full 0):
 PSYoungGen      total 39424K, used 318K [0x9ea80000, 0xa3140000, 0xb3540000)
  eden space 38912K, 0% used [0x9ea80000,0x9ea80000,0xa1080000)
  from space 512K, 62% used [0xa2380000,0xa23cfa10,0xa2400000)
  to   space 7936K, 0% used [0xa2980000,0xa2980000,0xa3140000)
 ParOldGen       total 42240K, used 21397K [0x75540000, 0x77e80000, 0x9ea80000)
  object space 42240K, 50% used [0x75540000,0x76a25740,0x77e80000)
 PSPermGen       total 16384K, used 14250K [0x71540000, 0x72540000, 0x75540000)
  object space 16384K, 86% used [0x71540000,0x7232abb8,0x72540000)
}
Event: 18,769 GC heap before
{Heap before GC invocations=16 (full 1):
 PSYoungGen      total 39424K, used 318K [0x9ea80000, 0xa3140000, 0xb3540000)
  eden space 38912K, 0% used [0x9ea80000,0x9ea80000,0xa1080000)
  from space 512K, 62% used [0xa2380000,0xa23cfa10,0xa2400000)
  to   space 7936K, 0% used [0xa2980000,0xa2980000,0xa3140000)
 ParOldGen       total 42240K, used 21397K [0x75540000, 0x77e80000, 0x9ea80000)
  object space 42240K, 50% used [0x75540000,0x76a25740,0x77e80000)
 PSPermGen       total 16384K, used 14250K [0x71540000, 0x72540000, 0x75540000)
  object space 16384K, 86% used [0x71540000,0x7232abb8,0x72540000)

Deoptimization events (10 events):
Event: 17,254 Thread 0xb6607800 Uncommon trap: reason=bimorphic action=maybe_recompile pc=0xb3799dc8 method=java.util.regex.Pattern$Branch.match(Ljava/util/regex/Matcher;ILjava/lang/CharSequence;)Z @ 50
Event: 17,254 Thread 0xb6607800 Uncommon trap: reason=bimorphic action=maybe_recompile pc=0xb3799dc8 method=java.util.regex.Pattern$Branch.match(Ljava/util/regex/Matcher;ILjava/lang/CharSequence;)Z @ 50
Event: 17,264 Thread 0xb6607800 Uncommon trap: reason=bimorphic action=maybe_recompile pc=0xb3799dc8 method=java.util.regex.Pattern$Branch.match(Ljava/util/regex/Matcher;ILjava/lang/CharSequence;)Z @ 50
Event: 17,264 Thread 0xb6607800 Uncommon trap: reason=bimorphic action=maybe_recompile pc=0xb3799dc8 method=java.util.regex.Pattern$Branch.match(Ljava/util/regex/Matcher;ILjava/lang/CharSequence;)Z @ 50
Event: 17,266 Thread 0xb6607800 Uncommon trap: reason=bimorphic action=maybe_recompile pc=0xb36a077c method=java.util.regex.Pattern$5.isSatisfiedBy(I)Z @ 5
Event: 17,266 Thread 0xb6607800 Uncommon trap: reason=bimorphic action=maybe_recompile pc=0xb36a077c method=java.util.regex.Pattern$5.isSatisfiedBy(I)Z @ 5
Event: 17,266 Thread 0xb6607800 Uncommon trap: reason=bimorphic action=maybe_recompile pc=0xb36a077c method=java.util.regex.Pattern$5.isSatisfiedBy(I)Z @ 5
Event: 17,266 Thread 0xb6607800 Uncommon trap: reason=bimorphic action=maybe_recompile pc=0xb36a077c method=java.util.regex.Pattern$5.isSatisfiedBy(I)Z @ 5
Event: 17,274 Thread 0xb6607800 Uncommon trap: reason=null_check action=maybe_recompile pc=0xb36e5f10 method=org.codehaus.plexus.configuration.xml.XmlPlexusConfiguration.<init>(Lorg/codehaus/plexus/util/xml/Xpp3Dom;)V @ 2
Event: 18,224 Thread 0xb6607800 Uncommon trap: reason=unreached action=reinterpret pc=0xb3765ed0 method=sun.util.calendar.BaseCalendar.getFixedDate(IIILsun/util/calendar/BaseCalendar$Date;)J @ 19

Internal exceptions (10 events):
Event: 17,326 Thread 0xb6607800 Threw 0x9eb10e10 at /HUDSON/workspace/7u-2-build-linux-i586/jdk7u76/1941/hotspot/src/share/vm/prims/jvm.cpp:1304
Event: 17,326 Thread 0xb6607800 Threw 0x9eb14e40 at /HUDSON/workspace/7u-2-build-linux-i586/jdk7u76/1941/hotspot/src/share/vm/prims/jvm.cpp:1304
Event: 17,326 Thread 0xb6607800 Threw 0x9eb15958 at /HUDSON/workspace/7u-2-build-linux-i586/jdk7u76/1941/hotspot/src/share/vm/prims/jvm.cpp:1304
Event: 17,328 Thread 0xb6607800 Threw 0x9eb1bc40 at /HUDSON/workspace/7u-2-build-linux-i586/jdk7u76/1941/hotspot/src/share/vm/prims/jvm.cpp:1304
Event: 17,328 Thread 0xb6607800 Threw 0x9eb1c7d0 at /HUDSON/workspace/7u-2-build-linux-i586/jdk7u76/1941/hotspot/src/share/vm/prims/jvm.cpp:1304
Event: 17,350 Thread 0xb6607800 Threw 0x9eb24750 at /HUDSON/workspace/7u-2-build-linux-i586/jdk7u76/1941/hotspot/src/share/vm/prims/jvm.cpp:1304
Event: 17,350 Thread 0xb6607800 Threw 0x9eb252f8 at /HUDSON/workspace/7u-2-build-linux-i586/jdk7u76/1941/hotspot/src/share/vm/prims/jvm.cpp:1304
Event: 18,224 Thread 0xb6607800 Implicit null exception at 0xb3765836 to 0xb3765ea8
Event: 18,246 Thread 0xb6607800 Threw 0x9f2afa00 at /HUDSON/workspace/7u-2-build-linux-i586/jdk7u76/1941/hotspot/src/share/vm/prims/jvm.cpp:1304
Event: 18,246 Thread 0xb6607800 Threw 0x9f2b03f0 at /HUDSON/workspace/7u-2-build-linux-i586/jdk7u76/1941/hotspot/src/share/vm/prims/jvm.cpp:1304

Events (10 events):
Event: 18,244 loading class 0x6cd33af8 done
Event: 18,246 loading class 0x6c51bb30
Event: 18,246 loading class 0x6c51bb30 done
Event: 18,246 loading class 0x6c51bb30
Event: 18,246 loading class 0x6c51bb30 done
Event: 18,246 loading class 0x6c51bb30
Event: 18,246 loading class 0x6c51bb30 done
Event: 18,265 loading class 0x6cf23200
Event: 18,286 loading class 0x6cf23200 done
Event: 18,763 Executing VM operation: ParallelGCSystemGC


Dynamic libraries:
08048000-08049000 r-xp 00000000 08:06 3148208    /usr/local/java/jdk1.7.0_76/bin/java
08049000-0804a000 rw-p 00000000 08:06 3148208    /usr/local/java/jdk1.7.0_76/bin/java
087cf000-08894000 rw-p 00000000 00:00 0          [heap]
6c500000-6c6b3000 rw-p 00000000 00:00 0 
6c6b3000-6c700000 ---p 00000000 00:00 0 
6c700000-6c7d6000 rw-p 00000000 00:00 0 
6c7d6000-6c800000 ---p 00000000 00:00 0 
6c900000-6c9f8000 rw-p 00000000 00:00 0 
6c9f8000-6ca00000 ---p 00000000 00:00 0 
6ca00000-6cafe000 rw-p 00000000 00:00 0 
6cafe000-6cb00000 ---p 00000000 00:00 0 
6cb00000-6cbdd000 rw-p 00000000 00:00 0 
6cbdd000-6cc00000 ---p 00000000 00:00 0 
6cc00000-6cd00000 rw-p 00000000 00:00 0 
6cd00000-6ce00000 rw-p 00000000 00:00 0 
6cf00000-6cffe000 rw-p 00000000 00:00 0 
6cffe000-6d000000 ---p 00000000 00:00 0 
6d100000-6d2f9000 rw-p 00000000 00:00 0 
6d2f9000-6d300000 ---p 00000000 00:00 0 
6d300000-6d3fd000 rw-p 00000000 00:00 0 
6d3fd000-6d400000 ---p 00000000 00:00 0 
6d4a7000-6d4b2000 r--s 0037c000 08:06 3146616    /usr/local/java/jdk1.7.0_76/jre/lib/charsets.jar
6d4b2000-6d4bc000 r--s 00251000 08:06 3146962    /usr/local/java/jdk1.7.0_76/jre/lib/resources.jar
6d4bc000-6d4bf000 r--s 00015000 08:06 2101679    /home/lizo/.m2/repository/javax/servlet/javax.servlet-api/3.1.0/javax.servlet-api-3.1.0.jar
6d4bf000-6d4c1000 r--s 00018000 08:06 2101603    /home/lizo/.m2/repository/javax/servlet/servlet-api/2.5/servlet-api-2.5.jar
6d4c1000-6d4c3000 r--s 00018000 08:06 2228893    /home/lizo/.m2/repository/org/apache/cxf/cxf-rt-databinding-jaxb/3.0.4.redhat-620133/cxf-rt-databinding-jaxb-3.0.4.redhat-620133.jar
6d4c3000-6d4c7000 r--s 0002a000 08:06 2097156    /home/lizo/.m2/repository/wsdl4j/wsdl4j/1.6.3/wsdl4j-1.6.3.jar
6d4c7000-6d4c9000 r--s 00028000 08:06 2229013    /home/lizo/.m2/repository/org/apache/cxf/cxf-rt-wsdl/3.0.4.redhat-620133/cxf-rt-wsdl-3.0.4.redhat-620133.jar
6d4c9000-6d4cd000 r--s 00027000 08:06 2228882    /home/lizo/.m2/repository/org/apache/cxf/cxf-rt-bindings-soap/3.0.4.redhat-620133/cxf-rt-bindings-soap-3.0.4.redhat-620133.jar
6d4cd000-6d4ce000 r--s 00008000 08:06 2228903    /home/lizo/.m2/repository/org/apache/cxf/cxf-rt-features-clustering/3.0.4.redhat-620133/cxf-rt-features-clustering-3.0.4.redhat-620133.jar
6d4ce000-6d4d3000 r--s 0003b000 08:06 2493928    /home/lizo/.m2/repository/org/springframework/spring-expression/4.1.6.RELEASE/spring-expression-4.1.6.RELEASE.jar
6d4d3000-6d4eb000 r--s 000e3000 08:06 2492790    /home/lizo/.m2/repository/org/springframework/spring-context/4.1.6.RELEASE/spring-context-4.1.6.RELEASE.jar
6d4eb000-6d500000 r--s 000e2000 08:06 2493880    /home/lizo/.m2/repository/org/springframework/spring-core/4.1.6.RELEASE/spring-core-4.1.6.RELEASE.jar
6d500000-6d5ff000 rw-p 00000000 00:00 0 
6d5ff000-6d600000 ---p 00000000 00:00 0 
6d600000-6d700000 rw-p 00000000 00:00 0 
6d700000-6d7fd000 rw-p 00000000 00:00 0 
6d7fd000-6d800000 ---p 00000000 00:00 0 
6d800000-6d8fd000 rw-p 00000000 00:00 0 
6d8fd000-6d900000 ---p 00000000 00:00 0 
6d900000-6d9f0000 rw-p 00000000 00:00 0 
6d9f0000-6da00000 ---p 00000000 00:00 0 
6da00000-6da0d000 r--s 000a0000 08:06 2492400    /home/lizo/.m2/repository/org/springframework/spring-beans/4.1.6.RELEASE/spring-beans-4.1.6.RELEASE.jar
6da0d000-6da0f000 r--s 0000e000 08:06 1968886    /home/lizo/.m2/repository/commons-logging/commons-logging/1.2/commons-logging-1.2.jar
6da0f000-6da10000 r--s 0000a000 08:06 2495638    /home/lizo/.m2/repository/net/oauth/core/oauth/20100527/oauth-20100527.jar
6da10000-6da11000 r--s 00002000 08:06 2495646    /home/lizo/.m2/repository/net/oauth/core/oauth-provider/20100527/oauth-provider-20100527.jar
6da11000-6da14000 r--s 00023000 08:06 2228747    /home/lizo/.m2/repository/org/apache/cxf/cxf-rt-rs-client/3.0.4.redhat-620133/cxf-rt-rs-client-3.0.4.redhat-620133.jar
6da14000-6da17000 r--s 0000e000 08:06 2229305    /home/lizo/.m2/repository/org/apache/cxf/cxf-rt-rs-security-oauth/3.0.4.redhat-620133/cxf-rt-rs-security-oauth-3.0.4.redhat-620133.jar
6da17000-6da19000 r--s 00010000 08:06 2098595    /home/lizo/.m2/repository/org/apache/neethi/neethi/3.0.3/neethi-3.0.3.jar
6da19000-6da1e000 r--s 00030000 08:06 2229059    /home/lizo/.m2/repository/org/apache/cxf/cxf-rt-ws-policy/3.0.4.redhat-620133/cxf-rt-ws-policy-3.0.4.redhat-620133.jar
6da1e000-6da20000 r--s 00011000 08:06 2229036    /home/lizo/.m2/repository/org/apache/cxf/cxf-rt-ws-addr/3.0.4.redhat-620133/cxf-rt-ws-addr-3.0.4.redhat-620133.jar
6da20000-6da23000 r--s 00016000 08:06 2229006    /home/lizo/.m2/repository/org/apache/cxf/cxf-rt-frontend-simple/3.0.4.redhat-620133/cxf-rt-frontend-simple-3.0.4.redhat-620133.jar
6da23000-6da25000 r--s 00008000 08:06 2228771    /home/lizo/.m2/repository/org/apache/cxf/cxf-rt-bindings-xml/3.0.4.redhat-620133/cxf-rt-bindings-xml-3.0.4.redhat-620133.jar
6da25000-6da26000 r--s 0000a000 08:06 1968633    /home/lizo/.m2/repository/asm/asm/3.3.1/asm-3.3.1.jar
6da26000-6da28000 r--s 00013000 08:06 2097170    /home/lizo/.m2/repository/xml-resolver/xml-resolver/1.2/xml-resolver-1.2.jar
6da28000-6da2d000 r--s 0004f000 08:06 2229025    /home/lizo/.m2/repository/org/apache/cxf/cxf-rt-frontend-jaxws/3.0.4.redhat-620133/cxf-rt-frontend-jaxws-3.0.4.redhat-620133.jar
6da2d000-6da32000 r--s 0004c000 08:06 2229290    /home/lizo/.m2/repository/org/apache/cxf/cxf-rt-transports-http/3.0.4.redhat-620133/cxf-rt-transports-http-3.0.4.redhat-620133.jar
6da32000-6da34000 r--s 00005000 08:06 2495409    /home/lizo/.m2/repository/javax/annotation/javax.annotation-api/1.2/javax.annotation-api-1.2.jar
6da34000-6da38000 r--s 00019000 08:06 2495453    /home/lizo/.m2/repository/javax/ws/rs/javax.ws.rs-api/2.0.1/javax.ws.rs-api-2.0.1.jar
6da38000-6da3c000 r--s 00026000 08:06 2101442    /home/lizo/.m2/repository/org/apache/ws/xmlschema/xmlschema-core/2.2.1/xmlschema-core-2.2.1.jar
6da3c000-6da40000 r--s 00024000 08:06 2490426    /home/lizo/.m2/repository/org/codehaus/woodstox/stax2-api/3.1.4/stax2-api-3.1.4.jar
6da40000-6da46000 r--s 00071000 08:06 2490418    /home/lizo/.m2/repository/org/codehaus/woodstox/woodstox-core-asl/4.4.1/woodstox-core-asl-4.4.1.jar
6da46000-6da5d000 r--s 00130000 08:06 2228738    /home/lizo/.m2/repository/org/apache/cxf/cxf-core/3.0.4.redhat-620133/cxf-core-3.0.4.redhat-620133.jar
6da5d000-6da65000 r--s 00089000 08:06 2229044    /home/lizo/.m2/repository/org/apache/cxf/cxf-rt-frontend-jaxrs/3.0.4.redhat-620133/cxf-rt-frontend-jaxrs-3.0.4.redhat-620133.jar
6da65000-6da6c000 r--s 00037000 08:06 2491134    /home/lizo/.m2/repository/org/springframework/spring-tx/4.1.6.RELEASE/spring-tx-4.1.6.RELEASE.jar
6da6c000-6da75000 r--s 0004f000 08:06 2493412    /home/lizo/.m2/repository/org/springframework/spring-aop/4.1.6.RELEASE/spring-aop-4.1.6.RELEASE.jar
6da75000-6daad000 r--s 002c7000 08:06 2100912    /home/lizo/.m2/repository/org/apache/camel/camel-core/2.15.1.redhat-620133/camel-core-2.15.1.redhat-620133.jar
6daad000-6daae000 ---p 00000000 00:00 0 
6daae000-6db2e000 rw-p 00000000 00:00 0          [stack:9481]
6db2e000-6db31000 ---p 00000000 00:00 0 
6db31000-6db7f000 rw-p 00000000 00:00 0          [stack:9480]
6db7f000-6db82000 ---p 00000000 00:00 0 
6db82000-6dc00000 rw-p 00000000 00:00 0          [stack:9479]
6dc00000-6de00000 r--p 00000000 08:06 6822382    /usr/lib/locale/locale-archive
6de00000-6de21000 rw-p 00000000 00:00 0 
6de21000-6df00000 ---p 00000000 00:00 0 
6df00000-6df03000 r--s 0000e000 08:06 2101311    /home/lizo/.m2/repository/org/apache/camel/camel-cxf-transport/2.15.1.redhat-620133/camel-cxf-transport-2.15.1.redhat-620133.jar
6df03000-6df05000 r--s 00000000 08:06 2495818    /home/lizo/.m2/repository/aopalliance/aopalliance/1.0/aopalliance-1.0.jar
6df05000-6df0b000 r--s 00045000 08:06 2101077    /home/lizo/.m2/repository/org/apache/camel/camel-spring/2.15.1.redhat-620133/camel-spring-2.15.1.redhat-620133.jar
6df0b000-6df0f000 r--s 00032000 08:06 2100906    /home/lizo/.m2/repository/org/apache/camel/camel-cxf/2.15.1.redhat-620133/camel-cxf-2.15.1.redhat-620133.jar
6df0f000-6df11000 r--s 0000b000 08:06 2101275    /home/lizo/.m2/repository/org/apache/camel/camel-core-osgi/2.15.1.redhat-620133/camel-core-osgi-2.15.1.redhat-620133.jar
6df11000-6df13000 r--s 0000e000 08:06 2101249    /home/lizo/.m2/repository/org/apache/camel/camel-core-xml/2.15.1.redhat-620133/camel-core-xml-2.15.1.redhat-620133.jar
6df13000-6df16000 r--s 00031000 08:06 2101067    /home/lizo/.m2/repository/org/apache/camel/camel-blueprint/2.15.1.redhat-620133/camel-blueprint-2.15.1.redhat-620133.jar
6df16000-6df28000 r--s 000ee000 08:06 2097300    /home/lizo/.m2/repository/com/sun/xml/bind/jaxb-impl/2.2.11/jaxb-impl-2.2.11.jar
6df28000-6df2e000 r--s 00038000 08:06 2097292    /home/lizo/.m2/repository/com/sun/xml/bind/jaxb-core/2.2.11/jaxb-core-2.2.11.jar
6df2e000-6df31000 ---p 00000000 00:00 0 
6df31000-6dfaf000 rw-p 00000000 00:00 0          [stack:9478]
6dfaf000-6dfb2000 ---p 00000000 00:00 0 
6dfb2000-6e000000 rw-p 00000000 00:00 0          [stack:9477]
6e000000-6e0fb000 rw-p 00000000 00:00 0 
6e0fb000-6e100000 ---p 00000000 00:00 0 
6e100000-6e102000 r--s 00005000 08:06 2230182    /home/lizo/.m2/repository/org/slf4j/slf4j-api/1.6.6/slf4j-api-1.6.6.jar
6e102000-6e104000 r--s 00002000 08:06 2100610    /home/lizo/.m2/repository/org/apache/maven/plugin-tools/maven-plugin-annotations/3.3/maven-plugin-annotations-3.3.jar
6e104000-6e109000 r--s 0002b000 08:06 2159762    /home/lizo/.m2/repository/org/apache/maven/surefire/surefire-api/2.19.1/surefire-api-2.19.1.jar
6e109000-6e10f000 r--s 00048000 08:06 2098481    /home/lizo/.m2/repository/org/apache/commons/commons-lang3/3.1/commons-lang3-3.1.jar
6e10f000-6e111000 r--s 00002000 08:06 2230641    /home/lizo/.m2/repository/org/sonatype/plexus/plexus-cipher/1.4/plexus-cipher-1.4.jar
6e111000-6e112000 r--s 00006000 08:06 2230628    /home/lizo/.m2/repository/org/sonatype/plexus/plexus-sec-dispatcher/1.3/plexus-sec-dispatcher-1.3.jar
6e112000-6e114000 r--s 00003000 08:06 2230527    /home/lizo/.m2/repository/org/slf4j/jcl-over-slf4j/1.5.6/jcl-over-slf4j-1.5.6.jar
6e114000-6e116000 r--s 00004000 08:06 2230271    /home/lizo/.m2/repository/org/slf4j/slf4j-api/1.5.6/slf4j-api-1.5.6.jar
6e116000-6e118000 r--s 00001000 08:06 2229984    /home/lizo/.m2/repository/org/slf4j/slf4j-jdk14/1.5.6/slf4j-jdk14-1.5.6.jar
6e118000-6e11a000 r--s 0000b000 08:06 2364762    /home/lizo/.m2/repository/org/codehaus/plexus/plexus-interpolation/1.11/plexus-interpolation-1.11.jar
6e11a000-6e122000 r--s 00049000 08:06 2621476    /home/lizo/.m2/repository/backport-util-concurrent/backport-util-concurrent/3.1/backport-util-concurrent-3.1.jar
6e122000-6e12a000 r--s 00045000 08:06 2097937    /home/lizo/.m2/repository/junit/junit/4.12/junit-4.12.jar
6e12a000-6e12e000 r--s 00034000 08:06 2364782    /home/lizo/.m2/repository/org/codehaus/plexus/plexus-utils/1.5.15/plexus-utils-1.5.15.jar
6e12e000-6e131000 ---p 00000000 00:00 0 
6e131000-6e17f000 rw-p 00000000 00:00 0          [stack:9476]
6e17f000-6e180000 ---p 00000000 00:00 0 
6e180000-6e200000 rw-p 00000000 00:00 0          [stack:9474]
6e200000-6e300000 rw-p 00000000 00:00 0 
6e300000-6e301000 r--s 00002000 08:06 2100587    /home/lizo/.m2/repository/org/apache/maven/reporting/maven-reporting-api/3.0/maven-reporting-api-3.0.jar
6e301000-6e303000 r--s 00009000 08:06 2490766    /home/lizo/.m2/repository/org/hamcrest/hamcrest-core/1.3/hamcrest-core-1.3.jar
6e303000-6e305000 r--s 0000a000 08:06 2159759    /home/lizo/.m2/repository/org/apache/maven/surefire/surefire-booter/2.19.1/surefire-booter-2.19.1.jar
6e305000-6e30b000 r--s 00042000 08:06 2159756    /home/lizo/.m2/repository/org/apache/maven/surefire/maven-surefire-common/2.19.1/maven-surefire-common-2.19.1.jar
6e30b000-6e30c000 r--s 00009000 08:06 2110423    /home/lizo/.m2/repository/org/apache/maven/plugins/maven-surefire-plugin/2.19.1/maven-surefire-plugin-2.19.1.jar
6e30c000-6e30d000 r--s 00003000 08:06 2364514    /home/lizo/.m2/repository/org/codehaus/plexus/plexus-compiler-javac/1.9.1/plexus-compiler-javac-1.9.1.jar
6e30d000-6e30f000 r--s 00000000 08:06 2490535    /home/lizo/.m2/repository/org/codehaus/plexus/plexus-compiler-manager/1.9.1/plexus-compiler-manager-1.9.1.jar
6e30f000-6e311000 r--s 00004000 08:06 2364929    /home/lizo/.m2/repository/org/codehaus/plexus/plexus-compiler-api/1.9.1/plexus-compiler-api-1.9.1.jar
6e311000-6e315000 r--s 00034000 08:06 2364798    /home/lizo/.m2/repository/org/codehaus/plexus/plexus-utils/3.0/plexus-utils-3.0.jar
6e315000-6e316000 r--s 00007000 08:06 2100406    /home/lizo/.m2/repository/org/apache/maven/plugins/maven-compiler-plugin/2.5.1/maven-compiler-plugin-2.5.1.jar
6e316000-6e317000 r--s 00001000 08:06 2230648    /home/lizo/.m2/repository/org/sonatype/plexus/plexus-build-api/0.0.4/plexus-build-api-0.0.4.jar
6e317000-6e319000 r--s 00009000 08:06 2099248    /home/lizo/.m2/repository/org/apache/maven/shared/maven-filtering/1.1/maven-filtering-1.1.jar
6e319000-6e31d000 r--s 00033000 08:06 2364777    /home/lizo/.m2/repository/org/codehaus/plexus/plexus-utils/2.0.5/plexus-utils-2.0.5.jar
6e31d000-6e31e000 r--s 00002000 08:06 2100574    /home/lizo/.m2/repository/org/apache/maven/reporting/maven-reporting-api/2.0.6/maven-reporting-api-2.0.6.jar
6e31e000-6e321000 r--s 00034000 08:06 2364804    /home/lizo/.m2/repository/org/codehaus/plexus/plexus-utils/2.1/plexus-utils-2.1.jar
6e321000-6e4e0000 r--s 039f0000 08:06 3146820    /usr/local/java/jdk1.7.0_76/jre/lib/rt.jar
6e4e0000-70a00000 rw-p 00000000 00:00 0 
70a00000-70b00000 rw-p 00000000 00:00 0 
70b00000-70b02000 r--s 00006000 08:06 2100479    /home/lizo/.m2/repository/org/apache/maven/plugins/maven-resources-plugin/2.6/maven-resources-plugin-2.6.jar
70b02000-70b04000 r--s 00007000 08:06 2099237    /home/lizo/.m2/repository/org/apache/maven/shared/maven-dependency-tree/1.2/maven-dependency-tree-1.2.jar
70b04000-70b06000 r--s 0000d000 08:06 2364749    /home/lizo/.m2/repository/org/codehaus/plexus/plexus-interpolation/1.13/plexus-interpolation-1.13.jar
70b06000-70b09000 r--s 0000a000 08:06 2365027    /home/lizo/.m2/repository/org/codehaus/plexus/plexus-io/1.0/plexus-io-1.0.jar
70b09000-70b18000 r--s 000d2000 08:06 2621468    /home/lizo/.m2/repository/biz/aQute/bndlib/1.50.0/bndlib-1.50.0.jar
70b18000-70b2d000 r-xp 00000000 08:06 3146922    /usr/local/java/jdk1.7.0_76/jre/lib/i386/libnet.so
70b2d000-70b2e000 rw-p 00014000 08:06 3146922    /usr/local/java/jdk1.7.0_76/jre/lib/i386/libnet.so
70b2e000-70b31000 ---p 00000000 00:00 0 
70b31000-70b7f000 rw-p 00000000 00:00 0          [stack:9475]
70b7f000-70b80000 ---p 00000000 00:00 0 
70b80000-70c00000 rw-p 00000000 00:00 0          [stack:9473]
70c00000-70c21000 rw-p 00000000 00:00 0 
70c21000-70d00000 ---p 00000000 00:00 0 
70d00000-70d04000 r--s 00028000 08:06 2364479    /home/lizo/.m2/repository/org/codehaus/plexus/plexus-archiver/1.0/plexus-archiver-1.0.jar
70d04000-70d06000 r--s 00002000 08:06 2365043    /home/lizo/.m2/repository/org/codehaus/plexus/plexus-interactivity-api/1.0-alpha-4/plexus-interactivity-api-1.0-alpha-4.jar
70d06000-70d08000 r--s 00006000 08:06 2495590    /home/lizo/.m2/repository/commons-cli/commons-cli/1.0/commons-cli-1.0.jar
70d08000-70d0b000 r--s 0001b000 08:06 2097939    /home/lizo/.m2/repository/junit/junit/3.8.1/junit-3.8.1.jar
70d0b000-70d34000 r--s 001ee000 08:06 6430651    /home/lizo/dev-tools/JBDS8-1/studio/plugins/org.eclipse.m2e.maven.runtime_1.5.1.20150109-1819/jars/guava-14.0.1.jar
70d34000-70d7f000 rw-p 00000000 00:00 0 
70d7f000-70d80000 ---p 00000000 00:00 0 
70d80000-70e00000 rw-p 00000000 00:00 0          [stack:9472]
70e00000-70e21000 rw-p 00000000 00:00 0 
70e21000-70f00000 ---p 00000000 00:00 0 
70f00000-70f01000 r--s 00004000 08:06 2100753    /home/lizo/.m2/repository/org/apache/maven/maven-archiver/2.4.1/maven-archiver-2.4.1.jar
70f01000-70f02000 r--s 00001000 08:06 2100738    /home/lizo/.m2/repository/org/apache/maven/doxia/doxia-sink-api/1.0-alpha-7/doxia-sink-api-1.0-alpha-7.jar
70f02000-70f03000 r--s 00002000 08:06 2100569    /home/lizo/.m2/repository/org/apache/maven/reporting/maven-reporting-api/2.0.7/maven-reporting-api-2.0.7.jar
70f03000-70f05000 r--s 00012000 08:06 2229884    /home/lizo/.m2/repository/org/easymock/easymock/2.4/easymock-2.4.jar
70f05000-70f09000 r--s 00024000 08:06 2491069    /home/lizo/.m2/repository/org/osgi/org.osgi.core/4.1.0/org.osgi.core-4.1.0.jar
70f09000-70f0d000 r--s 00026000 08:06 2098611    /home/lizo/.m2/repository/org/apache/felix/org.apache.felix.bundlerepository/1.6.6/org.apache.felix.bundlerepository-1.6.6.jar
70f0d000-70f10000 r--s 0001c000 08:06 2098608    /home/lizo/.m2/repository/org/apache/felix/maven-bundle-plugin/2.3.7/maven-bundle-plugin-2.3.7.jar
70f10000-70f14000 r--s 0008b000 08:06 3147040    /usr/local/java/jdk1.7.0_76/jre/lib/jsse.jar
70f14000-70f22000 r-xp 00000000 08:06 3146859    /usr/local/java/jdk1.7.0_76/jre/lib/i386/libnio.so
70f22000-70f23000 rw-p 0000e000 08:06 3146859    /usr/local/java/jdk1.7.0_76/jre/lib/i386/libnio.so
70f23000-70f24000 r--s 00002000 08:06 7485085    /home/lizo/dev-tools/JBDS8-1/studio/plugins/org.eclipse.m2e.maven.runtime.slf4j.simple_1.5.1.20150109-1819/jars/slf4j-simple-1.7.5.jar
70f24000-70f7f000 rw-p 00000000 00:00 0 
70f7f000-70f80000 ---p 00000000 00:00 0 
70f80000-71000000 rw-p 00000000 00:00 0          [stack:9471]
71000000-71021000 rw-p 00000000 00:00 0 
71021000-71100000 ---p 00000000 00:00 0 
71100000-71105000 r--s 00041000 08:06 6430652    /home/lizo/dev-tools/JBDS8-1/studio/plugins/org.eclipse.m2e.maven.runtime_1.5.1.20150109-1819/jars/commons-lang-2.6.jar
71105000-71106000 r--s 00002000 08:06 6430655    /home/lizo/dev-tools/JBDS8-1/studio/plugins/org.eclipse.m2e.maven.runtime_1.5.1.20150109-1819/jars/wagon-file-2.6.jar
71106000-71108000 r--s 00007000 08:06 6430669    /home/lizo/dev-tools/JBDS8-1/studio/plugins/org.eclipse.m2e.maven.runtime_1.5.1.20150109-1819/jars/aether-connector-wagon-0.9.0.M2.jar
71108000-7110d000 r--s 00047000 08:06 6430675    /home/lizo/dev-tools/JBDS8-1/studio/plugins/org.eclipse.m2e.maven.runtime_1.5.1.20150109-1819/jars/okhttp-1.5.4.jar
7110d000-7110f000 r--s 0000d000 08:06 6430668    /home/lizo/dev-tools/JBDS8-1/studio/plugins/org.eclipse.m2e.maven.runtime_1.5.1.20150109-1819/jars/aether-connector-okhttp-0.12.0.jar
7110f000-71111000 r--s 00003000 08:06 6430663    /home/lizo/dev-tools/JBDS8-1/studio/plugins/org.eclipse.m2e.maven.runtime_1.5.1.20150109-1819/jars/aether-spi-0.9.0.M2.jar
71111000-71115000 r--s 00020000 08:06 6430653    /home/lizo/dev-tools/JBDS8-1/studio/plugins/org.eclipse.m2e.maven.runtime_1.5.1.20150109-1819/jars/aether-impl-0.9.0.M2.jar
71115000-71116000 r--s 00000000 08:06 6430670    /home/lizo/dev-tools/JBDS8-1/studio/plugins/org.eclipse.m2e.maven.runtime_1.5.1.20150109-1819/jars/javax.inject-1.jar
71116000-7111e000 r--s 00050000 08:06 6430658    /home/lizo/dev-tools/JBDS8-1/studio/plugins/org.eclipse.m2e.maven.runtime_1.5.1.20150109-1819/jars/sisu-guice-3.1.3-no_aop.jar
7111e000-71124000 r--s 00042000 08:06 6430673    /home/lizo/dev-tools/JBDS8-1/studio/plugins/org.eclipse.m2e.maven.runtime_1.5.1.20150109-1819/jars/org.eclipse.sisu.inject-0.0.0.M5.jar
71124000-71125000 r--s 00001000 08:06 6430684    /home/lizo/dev-tools/JBDS8-1/studio/plugins/org.eclipse.m2e.maven.runtime_1.5.1.20150109-1819/jars/jsr250-api-1.0.jar
71125000-71128000 r--s 00008000 08:06 6430683    /home/lizo/dev-tools/JBDS8-1/studio/plugins/org.eclipse.m2e.maven.runtime_1.5.1.20150109-1819/jars/cdi-api-1.0.jar
71128000-7112e000 r--s 0002a000 08:06 6430672    /home/lizo/dev-tools/JBDS8-1/studio/plugins/org.eclipse.m2e.maven.runtime_1.5.1.20150109-1819/jars/org.eclipse.sisu.plexus-0.0.0.M5.jar
7112e000-71130000 r--s 0000b000 08:06 6430664    /home/lizo/dev-tools/JBDS8-1/studio/plugins/org.eclipse.m2e.maven.runtime_1.5.1.20150109-1819/jars/wagon-provider-api-2.6.jar
71130000-71137000 r--s 0003f000 08:06 6430648    /home/lizo/dev-tools/JBDS8-1/studio/plugins/org.eclipse.m2e.maven.runtime_1.5.1.20150109-1819/jars/maven-compat-3.2.1.jar
71137000-71139000 r--s 00009000 08:06 6430656    /home/lizo/dev-tools/JBDS8-1/studio/plugins/org.eclipse.m2e.maven.runtime_1.5.1.20150109-1819/jars/commons-cli-1.2.jar
71139000-7113b000 r--s 00002000 08:06 6430678    /home/lizo/dev-tools/JBDS8-1/studio/plugins/org.eclipse.m2e.maven.runtime_1.5.1.20150109-1819/jars/plexus-cipher-1.7.jar
7113b000-7113d000 r--s 0000d000 08:06 6430677    /home/lizo/dev-tools/JBDS8-1/studio/plugins/org.eclipse.m2e.maven.runtime_1.5.1.20150109-1819/jars/maven-embedder-3.2.1.jar
7113d000-7113f000 r--s 00000000 08:06 6430682    /home/lizo/dev-tools/JBDS8-1/studio/plugins/org.eclipse.m2e.maven.runtime_1.5.1.20150109-1819/jars/plexus-component-annotations-1.5.5.jar
7113f000-71143000 r--s 0003a000 08:06 6430674    /home/lizo/dev-tools/JBDS8-1/studio/plugins/org.eclipse.m2e.maven.runtime_1.5.1.20150109-1819/jars/plexus-utils-3.0.17.jar
71143000-71146000 r--s 0000d000 08:06 6430666    /home/lizo/dev-tools/JBDS8-1/studio/plugins/org.eclipse.m2e.maven.runtime_1.5.1.20150109-1819/jars/plexus-interpolation-1.19.jar
71146000-7114a000 r--s 0001d000 08:06 6430665    /home/lizo/dev-tools/JBDS8-1/studio/plugins/org.eclipse.m2e.maven.runtime_1.5.1.20150109-1819/jars/aether-util-0.9.0.M2.jar
7114a000-71163000 rw-p 00000000 00:00 0 
71163000-71164000 ---p 00000000 00:00 0 
71164000-711f9000 rw-p 00000000 00:00 0          [stack:9470]
711f9000-7132f000 rw-p 00000000 00:00 0 
7132f000-71337000 rw-p 00000000 00:00 0 
71337000-7134f000 rw-p 00000000 00:00 0 
7134f000-71364000 rw-p 00000000 00:00 0 
71364000-71499000 rw-p 00000000 00:00 0 
71499000-714bd000 rw-p 00000000 00:00 0 
714bd000-714c1000 ---p 00000000 00:00 0 
714c1000-7153f000 rw-p 00000000 00:00 0 
7153f000-72540000 rw-p 00000000 00:00 0 
72fcb000-73140000 rw-p 00000000 00:00 0 
73140000-75540000 rw-p 00000000 00:00 0 
75540000-77e80000 rw-p 00000000 00:00 0 
77e80000-9ea80000 rw-p 00000000 00:00 0 
9ea80000-a3140000 rw-p 00000000 00:00 0 
a3140000-a3880000 ---p 00000000 00:00 0 
a3880000-b3540000 rw-p 00000000 00:00 0 
b3540000-b3549000 rw-p 00000000 00:00 0 
b3549000-b3600000 rw-p 00000000 00:00 0 
b3600000-b3840000 rwxp 00000000 00:00 0 
b3840000-b66f6000 rw-p 00000000 00:00 0 
b66f6000-b6700000 ---p 00000000 00:00 0 
b6700000-b6701000 r--s 00006000 08:06 6430661    /home/lizo/dev-tools/JBDS8-1/studio/plugins/org.eclipse.m2e.maven.runtime_1.5.1.20150109-1819/jars/plexus-sec-dispatcher-1.3.jar
b6701000-b6705000 r--s 0001d000 08:06 6430647    /home/lizo/dev-tools/JBDS8-1/studio/plugins/org.eclipse.m2e.maven.runtime_1.5.1.20150109-1819/jars/aether-api-0.9.0.M2.jar
b6705000-b6706000 r--s 0000e000 08:06 6430657    /home/lizo/dev-tools/JBDS8-1/studio/plugins/org.eclipse.m2e.maven.runtime_1.5.1.20150109-1819/jars/maven-aether-provider-3.2.1.jar
b6706000-b670b000 r--s 00024000 08:06 6430650    /home/lizo/dev-tools/JBDS8-1/studio/plugins/org.eclipse.m2e.maven.runtime_1.5.1.20150109-1819/jars/maven-model-builder-3.2.1.jar
b670b000-b670d000 r--s 0000a000 08:06 6430680    /home/lizo/dev-tools/JBDS8-1/studio/plugins/org.eclipse.m2e.maven.runtime_1.5.1.20150109-1819/jars/maven-plugin-api-3.2.1.jar
b670d000-b6710000 r--s 0000b000 08:06 6430671    /home/lizo/dev-tools/JBDS8-1/studio/plugins/org.eclipse.m2e.maven.runtime_1.5.1.20150109-1819/jars/maven-artifact-3.2.1.jar
b6710000-b6712000 r--s 00005000 08:06 6430660    /home/lizo/dev-tools/JBDS8-1/studio/plugins/org.eclipse.m2e.maven.runtime_1.5.1.20150109-1819/jars/maven-repository-metadata-3.2.1.jar
b6712000-b6714000 r--s 00009000 08:06 6430679    /home/lizo/dev-tools/JBDS8-1/studio/plugins/org.eclipse.m2e.maven.runtime_1.5.1.20150109-1819/jars/maven-settings-builder-3.2.1.jar
b6714000-b6716000 r--s 00009000 08:06 6430662    /home/lizo/dev-tools/JBDS8-1/studio/plugins/org.eclipse.m2e.maven.runtime_1.5.1.20150109-1819/jars/maven-settings-3.2.1.jar
b6716000-b671e000 rw-p 00000000 00:00 0 
b671e000-b6736000 rw-p 00000000 00:00 0 
b6736000-b674d000 r-xp 00000000 08:06 3146877    /usr/local/java/jdk1.7.0_76/jre/lib/i386/libzip.so
b674d000-b674e000 rw-p 00017000 08:06 3146877    /usr/local/java/jdk1.7.0_76/jre/lib/i386/libzip.so
b674e000-b6759000 r-xp 00000000 08:06 7471296    /lib/i386-linux-gnu/libnss_files-2.15.so
b6759000-b675a000 r--p 0000a000 08:06 7471296    /lib/i386-linux-gnu/libnss_files-2.15.so
b675a000-b675b000 rw-p 0000b000 08:06 7471296    /lib/i386-linux-gnu/libnss_files-2.15.so
b675b000-b6765000 r-xp 00000000 08:06 7471151    /lib/i386-linux-gnu/libnss_nis-2.15.so
b6765000-b6766000 r--p 00009000 08:06 7471151    /lib/i386-linux-gnu/libnss_nis-2.15.so
b6766000-b6767000 rw-p 0000a000 08:06 7471151    /lib/i386-linux-gnu/libnss_nis-2.15.so
b6767000-b677d000 r-xp 00000000 08:06 7471288    /lib/i386-linux-gnu/libnsl-2.15.so
b677d000-b677e000 r--p 00015000 08:06 7471288    /lib/i386-linux-gnu/libnsl-2.15.so
b677e000-b677f000 rw-p 00016000 08:06 7471288    /lib/i386-linux-gnu/libnsl-2.15.so
b677f000-b6781000 rw-p 00000000 00:00 0 
b6781000-b6788000 r-xp 00000000 08:06 7471146    /lib/i386-linux-gnu/libnss_compat-2.15.so
b6788000-b6789000 r--p 00006000 08:06 7471146    /lib/i386-linux-gnu/libnss_compat-2.15.so
b6789000-b678a000 rw-p 00007000 08:06 7471146    /lib/i386-linux-gnu/libnss_compat-2.15.so
b678a000-b678d000 r--s 00025000 08:06 6430649    /home/lizo/dev-tools/JBDS8-1/studio/plugins/org.eclipse.m2e.maven.runtime_1.5.1.20150109-1819/jars/maven-model-3.2.1.jar
b678d000-b6799000 r--s 00081000 08:06 6430676    /home/lizo/dev-tools/JBDS8-1/studio/plugins/org.eclipse.m2e.maven.runtime_1.5.1.20150109-1819/jars/maven-core-3.2.1.jar
b6799000-b679a000 r--s 00003000 08:06 6430681    /home/lizo/dev-tools/JBDS8-1/studio/plugins/org.eclipse.m2e.maven.runtime_1.5.1.20150109-1819/jars/takari-filemanager-0.7.0.jar
b679a000-b679c000 r--s 00001000 08:06 6430667    /home/lizo/dev-tools/JBDS8-1/studio/plugins/org.eclipse.m2e.maven.runtime_1.5.1.20150109-1819/jars/takari-local-repository-0.9.0.jar
b679c000-b679f000 r--s 0000a000 08:06 6430659    /home/lizo/dev-tools/JBDS8-1/studio/plugins/org.eclipse.m2e.maven.runtime_1.5.1.20150109-1819/jars/plexus-classworlds-2.5.1.jar
b679f000-b67a0000 r--p 005e1000 08:06 6822382    /usr/lib/locale/locale-archive
b67a0000-b67c3000 r-xp 00000000 08:06 3146891    /usr/local/java/jdk1.7.0_76/jre/lib/i386/libjava.so
b67c3000-b67c4000 rw-p 00023000 08:06 3146891    /usr/local/java/jdk1.7.0_76/jre/lib/i386/libjava.so
b67c4000-b67cb000 r-xp 00000000 08:06 7471133    /lib/i386-linux-gnu/librt-2.15.so
b67cb000-b67cc000 r--p 00006000 08:06 7471133    /lib/i386-linux-gnu/librt-2.15.so
b67cc000-b67cd000 rw-p 00007000 08:06 7471133    /lib/i386-linux-gnu/librt-2.15.so
b67cd000-b67d0000 ---p 00000000 00:00 0 
b67d0000-b681e000 rw-p 00000000 00:00 0          [stack:9469]
b681e000-b6848000 r-xp 00000000 08:06 7471285    /lib/i386-linux-gnu/libm-2.15.so
b6848000-b6849000 r--p 00029000 08:06 7471285    /lib/i386-linux-gnu/libm-2.15.so
b6849000-b684a000 rw-p 0002a000 08:06 7471285    /lib/i386-linux-gnu/libm-2.15.so
b684a000-b70d1000 r-xp 00000000 08:06 3146876    /usr/local/java/jdk1.7.0_76/jre/lib/i386/server/libjvm.so
b70d1000-b7136000 rw-p 00886000 08:06 3146876    /usr/local/java/jdk1.7.0_76/jre/lib/i386/server/libjvm.so
b7136000-b7559000 rw-p 00000000 00:00 0 
b7559000-b76fc000 r-xp 00000000 08:06 7471196    /lib/i386-linux-gnu/libc-2.15.so
b76fc000-b76fd000 ---p 001a3000 08:06 7471196    /lib/i386-linux-gnu/libc-2.15.so
b76fd000-b76ff000 r--p 001a3000 08:06 7471196    /lib/i386-linux-gnu/libc-2.15.so
b76ff000-b7700000 rw-p 001a5000 08:06 7471196    /lib/i386-linux-gnu/libc-2.15.so
b7700000-b7703000 rw-p 00000000 00:00 0 
b7703000-b7706000 r-xp 00000000 08:06 7471255    /lib/i386-linux-gnu/libdl-2.15.so
b7706000-b7707000 r--p 00002000 08:06 7471255    /lib/i386-linux-gnu/libdl-2.15.so
b7707000-b7708000 rw-p 00003000 08:06 7471255    /lib/i386-linux-gnu/libdl-2.15.so
b7708000-b7709000 rw-p 00000000 00:00 0 
b7709000-b771c000 r-xp 00000000 08:06 3148168    /usr/local/java/jdk1.7.0_76/lib/i386/jli/libjli.so
b771c000-b771d000 rw-p 00012000 08:06 3148168    /usr/local/java/jdk1.7.0_76/lib/i386/jli/libjli.so
b771d000-b7734000 r-xp 00000000 08:06 7471202    /lib/i386-linux-gnu/libpthread-2.15.so
b7734000-b7735000 r--p 00016000 08:06 7471202    /lib/i386-linux-gnu/libpthread-2.15.so
b7735000-b7736000 rw-p 00017000 08:06 7471202    /lib/i386-linux-gnu/libpthread-2.15.so
b7736000-b7738000 rw-p 00000000 00:00 0 
b7738000-b7740000 rw-s 00000000 08:06 8524752    /tmp/hsperfdata_lizo/9463
b7740000-b7741000 rw-p 00000000 00:00 0 
b7741000-b7742000 ---p 00000000 00:00 0 
b7742000-b774d000 r-xp 00000000 08:06 3146881    /usr/local/java/jdk1.7.0_76/jre/lib/i386/libverify.so
b774d000-b774e000 rw-p 0000b000 08:06 3146881    /usr/local/java/jdk1.7.0_76/jre/lib/i386/libverify.so
b774e000-b7750000 rw-p 00000000 00:00 0 
b7750000-b7751000 r-xp 00000000 00:00 0          [vdso]
b7751000-b7771000 r-xp 00000000 08:06 7471141    /lib/i386-linux-gnu/ld-2.15.so
b7771000-b7772000 r--p 0001f000 08:06 7471141    /lib/i386-linux-gnu/ld-2.15.so
b7772000-b7773000 rw-p 00020000 08:06 7471141    /lib/i386-linux-gnu/ld-2.15.so
bff30000-bff31000 rwxp 00000000 00:00 0 
bff63000-bff84000 rw-p 00000000 00:00 0          [stack]

VM Arguments:
jvm_args: -Dmaven.home=EMBEDDED -Dclassworlds.conf=/home/lizo/ICTDLab/.metadata/.plugins/org.eclipse.m2e.launching/launches/m2conf1640676143296170354.tmp -Dfile.encoding=UTF-8 
java_command: org.codehaus.plexus.classworlds.launcher.Launcher -B install
Launcher Type: SUN_STANDARD

Environment Variables:
PATH=/usr/lib/lightdm/lightdm:/usr/local/sbin:/usr/local/bin:/usr/sbin:/usr/bin:/sbin:/bin:/usr/games
SHELL=/bin/bash
DISPLAY=:0.0

Signal Handlers:
SIGSEGV: [libjvm.so+0x7eb660], sa_mask[0]=0x7ffbfeff, sa_flags=0x10000004
SIGBUS: [libjvm.so+0x7eb660], sa_mask[0]=0x7ffbfeff, sa_flags=0x10000004
SIGFPE: [libjvm.so+0x6835c0], sa_mask[0]=0x7ffbfeff, sa_flags=0x10000004
SIGPIPE: [libjvm.so+0x6835c0], sa_mask[0]=0x7ffbfeff, sa_flags=0x10000004
SIGXFSZ: [libjvm.so+0x6835c0], sa_mask[0]=0x7ffbfeff, sa_flags=0x10000004
SIGILL: [libjvm.so+0x6835c0], sa_mask[0]=0x7ffbfeff, sa_flags=0x10000004
SIGUSR1: SIG_DFL, sa_mask[0]=0x00000000, sa_flags=0x00000000
SIGUSR2: [libjvm.so+0x684dc0], sa_mask[0]=0x00000004, sa_flags=0x10000004
SIGHUP: [libjvm.so+0x6860f0], sa_mask[0]=0x7ffbfeff, sa_flags=0x10000004
SIGINT: [libjvm.so+0x6860f0], sa_mask[0]=0x7ffbfeff, sa_flags=0x10000004
SIGTERM: [libjvm.so+0x6860f0], sa_mask[0]=0x7ffbfeff, sa_flags=0x10000004
SIGQUIT: [libjvm.so+0x6860f0], sa_mask[0]=0x7ffbfeff, sa_flags=0x10000004


---------------  S Y S T E M  ---------------

OS:wheezy/sid

uname:Linux 3.13.0-46-generic #77~precise1-Ubuntu SMP Mon Mar 2 23:25:21 UTC 2015 i686
libc:glibc 2.15 NPTL 2.15 
rlimit: STACK 8192k, CORE 0k, NPROC 31591, NOFILE 4096, AS infinity
load average:1,27 1,29 1,13

/proc/meminfo:
MemTotal:        4062756 kB
MemFree:          196552 kB
Buffers:            3656 kB
Cached:           262124 kB
SwapCached:            0 kB
Active:          3508260 kB
Inactive:         248464 kB
Active(anon):    3495152 kB
Inactive(anon):   208356 kB
Active(file):      13108 kB
Inactive(file):    40108 kB
Unevictable:          16 kB
Mlocked:              16 kB
HighTotal:       3214088 kB
HighFree:          40700 kB
LowTotal:         848668 kB
LowFree:          155852 kB
SwapTotal:             0 kB
SwapFree:              0 kB
Dirty:                52 kB
Writeback:             0 kB
AnonPages:       3491572 kB
Mapped:           134128 kB
Shmem:            211992 kB
Slab:              47736 kB
SReclaimable:      22612 kB
SUnreclaim:        25124 kB
KernelStack:        6640 kB
PageTables:        19408 kB
NFS_Unstable:          0 kB
Bounce:              296 kB
WritebackTmp:          0 kB
CommitLimit:     2031376 kB
Committed_AS:    7114932 kB
VmallocTotal:     122880 kB
VmallocUsed:       17352 kB
VmallocChunk:     102740 kB
HardwareCorrupted:     0 kB
AnonHugePages:   2371584 kB
HugePages_Total:       0
HugePages_Free:        0
HugePages_Rsvd:        0
HugePages_Surp:        0
Hugepagesize:       2048 kB
DirectMap4k:       28664 kB
DirectMap2M:      884736 kB


CPU:total 4 (2 cores per cpu, 2 threads per core) family 6 model 42 stepping 7, cmov, cx8, fxsr, mmx, sse, sse2, sse3, ssse3, sse4.1, sse4.2, popcnt, avx, aes, ht, tsc, tscinvbit

/proc/cpuinfo:
processor	: 0
vendor_id	: GenuineIntel
cpu family	: 6
model		: 42
model name	: Intel(R) Core(TM) i5-2430M CPU @ 2.40GHz
stepping	: 7
microcode	: 0x14
cpu MHz		: 2401.000
cache size	: 3072 KB
physical id	: 0
siblings	: 4
core id		: 0
cpu cores	: 2
apicid		: 0
initial apicid	: 0
fdiv_bug	: no
f00f_bug	: no
coma_bug	: no
fpu		: yes
fpu_exception	: yes
cpuid level	: 13
wp		: yes
flags		: fpu vme de pse tsc msr pae mce cx8 apic sep mtrr pge mca cmov pat pse36 clflush dts acpi mmx fxsr sse sse2 ss ht tm pbe nx rdtscp lm constant_tsc arch_perfmon pebs bts xtopology nonstop_tsc aperfmperf eagerfpu pni pclmulqdq dtes64 monitor ds_cpl vmx est tm2 ssse3 cx16 xtpr pdcm pcid sse4_1 sse4_2 x2apic popcnt tsc_deadline_timer aes xsave avx lahf_lm ida arat epb xsaveopt pln pts dtherm tpr_shadow vnmi flexpriority ept vpid
bogomips	: 4789.14
clflush size	: 64
cache_alignment	: 64
address sizes	: 36 bits physical, 48 bits virtual
power management:

processor	: 1
vendor_id	: GenuineIntel
cpu family	: 6
model		: 42
model name	: Intel(R) Core(TM) i5-2430M CPU @ 2.40GHz
stepping	: 7
microcode	: 0x14
cpu MHz		: 1600.000
cache size	: 3072 KB
physical id	: 0
siblings	: 4
core id		: 0
cpu cores	: 2
apicid		: 1
initial apicid	: 1
fdiv_bug	: no
f00f_bug	: no
coma_bug	: no
fpu		: yes
fpu_exception	: yes
cpuid level	: 13
wp		: yes
flags		: fpu vme de pse tsc msr pae mce cx8 apic sep mtrr pge mca cmov pat pse36 clflush dts acpi mmx fxsr sse sse2 ss ht tm pbe nx rdtscp lm constant_tsc arch_perfmon pebs bts xtopology nonstop_tsc aperfmperf eagerfpu pni pclmulqdq dtes64 monitor ds_cpl vmx est tm2 ssse3 cx16 xtpr pdcm pcid sse4_1 sse4_2 x2apic popcnt tsc_deadline_timer aes xsave avx lahf_lm ida arat epb xsaveopt pln pts dtherm tpr_shadow vnmi flexpriority ept vpid
bogomips	: 4789.14
clflush size	: 64
cache_alignment	: 64
address sizes	: 36 bits physical, 48 bits virtual
power management:

processor	: 2
vendor_id	: GenuineIntel
cpu family	: 6
model		: 42
model name	: Intel(R) Core(TM) i5-2430M CPU @ 2.40GHz
stepping	: 7
microcode	: 0x14
cpu MHz		: 1800.000
cache size	: 3072 KB
physical id	: 0
siblings	: 4
core id		: 1
cpu cores	: 2
apicid		: 2
initial apicid	: 2
fdiv_bug	: no
f00f_bug	: no
coma_bug	: no
fpu		: yes
fpu_exception	: yes
cpuid level	: 13
wp		: yes
flags		: fpu vme de pse tsc msr pae mce cx8 apic sep mtrr pge mca cmov pat pse36 clflush dts acpi mmx fxsr sse sse2 ss ht tm pbe nx rdtscp lm constant_tsc arch_perfmon pebs bts xtopology nonstop_tsc aperfmperf eagerfpu pni pclmulqdq dtes64 monitor ds_cpl vmx est tm2 ssse3 cx16 xtpr pdcm pcid sse4_1 sse4_2 x2apic popcnt tsc_deadline_timer aes xsave avx lahf_lm ida arat epb xsaveopt pln pts dtherm tpr_shadow vnmi flexpriority ept vpid
bogomips	: 4789.14
clflush size	: 64
cache_alignment	: 64
address sizes	: 36 bits physical, 48 bits virtual
power management:

processor	: 3
vendor_id	: GenuineIntel
cpu family	: 6
model		: 42
model name	: Intel(R) Core(TM) i5-2430M CPU @ 2.40GHz
stepping	: 7
microcode	: 0x14
cpu MHz		: 800.000
cache size	: 3072 KB
physical id	: 0
siblings	: 4
core id		: 1
cpu cores	: 2
apicid		: 3
initial apicid	: 3
fdiv_bug	: no
f00f_bug	: no
coma_bug	: no
fpu		: yes
fpu_exception	: yes
cpuid level	: 13
wp		: yes
flags		: fpu vme de pse tsc msr pae mce cx8 apic sep mtrr pge mca cmov pat pse36 clflush dts acpi mmx fxsr sse sse2 ss ht tm pbe nx rdtscp lm constant_tsc arch_perfmon pebs bts xtopology nonstop_tsc aperfmperf eagerfpu pni pclmulqdq dtes64 monitor ds_cpl vmx est tm2 ssse3 cx16 xtpr pdcm pcid sse4_1 sse4_2 x2apic popcnt tsc_deadline_timer aes xsave avx lahf_lm ida arat epb xsaveopt pln pts dtherm tpr_shadow vnmi flexpriority ept vpid
bogomips	: 4789.14
clflush size	: 64
cache_alignment	: 64
address sizes	: 36 bits physical, 48 bits virtual
power management:



Memory: 4k page, physical 4062756k(196552k free), swap 0k(0k free)

vm_info: Java HotSpot(TM) Server VM (24.76-b04) for linux-x86 JRE (1.7.0_76-b13), built on Dec 18 2014 17:29:38 by "java_re" with gcc 4.3.0 20080428 (Red Hat 4.3.0-8)

time: Thu Jul 28 21:20:32 2016
elapsed time: 22 seconds

