#
# There is insufficient memory for the Java Runtime Environment to continue.
# Native memory allocation (malloc) failed to allocate 43515904 bytes for committing reserved memory.
# Possible reasons:
#   The system is out of physical RAM or swap space
#   In 32 bit mode, the process size limit was hit
# Possible solutions:
#   Reduce memory load on the system
#   Increase physical memory or swap space
#   Check if swap backing store is full
#   Use 64 bit Java on a 64 bit OS
#   Decrease Java heap size (-Xmx/-Xms)
#   Decrease number of Java threads
#   Decrease Java thread stack sizes (-Xss)
#   Set larger code cache with -XX:ReservedCodeCacheSize=
# This output file may be truncated or incomplete.
#
#  Out of Memory Error (os_linux.cpp:2756), pid=9167, tid=1848638272
#
# JRE version: Java(TM) SE Runtime Environment (7.0_76-b13) (build 1.7.0_76-b13)
# Java VM: Java HotSpot(TM) Server VM (24.76-b04 mixed mode linux-x86 )
# Failed to write core dump. Core dumps have been disabled. To enable core dumping, try "ulimit -c unlimited" before starting Java again
#

---------------  T H R E A D  ---------------

Current thread (0x6e380400):  VMThread [stack: 0x6e27f000,0x6e300000] [id=9178]

Stack: [0x6e27f000,0x6e300000],  sp=0x6e2fe930,  free space=510k
Native frames: (J=compiled Java code, j=interpreted, Vv=VM code, C=native code)
V  [libjvm.so+0x7eab56]  VMError::report_and_die()+0x1a6
V  [libjvm.so+0x33e222]  report_vm_out_of_memory(char const*, int, unsigned int, char const*)+0x72
V  [libjvm.so+0x686a41]  os::Linux::commit_memory_impl(char*, unsigned int, bool)+0xe1
V  [libjvm.so+0x686f08]  os::pd_commit_memory(char*, unsigned int, unsigned int, bool)+0x28
V  [libjvm.so+0x68064c]  os::commit_memory(char*, unsigned int, unsigned int, bool)+0x2c
V  [libjvm.so+0x6eaed8]  PSVirtualSpace::expand_by(unsigned int)+0x48
V  [libjvm.so+0x6ebfda]  PSYoungGen::resize_generation(unsigned int, unsigned int)+0xda
V  [libjvm.so+0x6eb319]  PSYoungGen::resize(unsigned int, unsigned int)+0x19
V  [libjvm.so+0x6e8c49]  PSScavenge::invoke_no_policy()+0xcf9
V  [libjvm.so+0x6e94a8]  PSScavenge::invoke()+0x28
V  [libjvm.so+0x6a702a]  ParallelScavengeHeap::failed_mem_allocate(unsigned int)+0x5a
V  [libjvm.so+0x7ec3ea]  VM_ParallelGCFailedAllocation::doit()+0x7a
V  [libjvm.so+0x7f5207]  VM_Operation::evaluate()+0x47
V  [libjvm.so+0x7f32a3]  VMThread::evaluate_operation(VM_Operation*)+0xb3
V  [libjvm.so+0x7f3640]  VMThread::loop()+0x1b0
V  [libjvm.so+0x7f3aa5]  VMThread::run()+0x85
V  [libjvm.so+0x688d19]  java_start(Thread*)+0x119
C  [libpthread.so.0+0x6d4c]  start_thread+0xcc

VM_Operation (0xb6855804): ParallelGCFailedAllocation, mode: safepoint, requested by thread 0xb6707800


---------------  P R O C E S S  ---------------

Java Threads: ( => current thread )
  0x6e39a800 JavaThread "Service Thread" daemon [_thread_blocked, id=9184, stack(0x6e00d000,0x6e05e000)]
  0x6e398c00 JavaThread "C2 CompilerThread1" daemon [_thread_blocked, id=9183, stack(0x6dbfe000,0x6dc7f000)]
  0x6e396c00 JavaThread "C2 CompilerThread0" daemon [_thread_blocked, id=9182, stack(0x6dc7f000,0x6dd00000)]
  0x6e395400 JavaThread "Signal Dispatcher" daemon [_thread_blocked, id=9181, stack(0x6e05e000,0x6e0af000)]
  0x6e384800 JavaThread "Finalizer" daemon [_thread_blocked, id=9180, stack(0x6e0af000,0x6e100000)]
  0x6e383000 JavaThread "Reference Handler" daemon [_thread_blocked, id=9179, stack(0x6e22e000,0x6e27f000)]
  0xb6707800 JavaThread "main" [_thread_blocked, id=9173, stack(0xb6807000,0xb6858000)]

Other Threads:
=>0x6e380400 VMThread [stack: 0x6e27f000,0x6e300000] [id=9178]
  0x6e3a4800 WatcherThread [stack: 0x6db7d000,0x6dbfe000] [id=9185]

VM state:at safepoint (normal execution)

VM Mutex/Monitor currently owned by a thread:  ([mutex/lock_event])
[0xb6704e00] Threads_lock - owner thread: 0x6e380400
[0xb6705210] Heap_lock - owner thread: 0xb6707800

Heap
 PSYoungGen      total 68864K, used 8696K [0x9eac0000, 0xa3740000, 0xb3580000)
  eden space 60160K, 0% used [0x9eac0000,0x9eac0000,0xa2580000)
  from space 8704K, 99% used [0xa2580000,0xa2dfe038,0xa2e00000)
  to   space 7936K, 0% used [0xa2e00000,0xa2e00000,0xa35c0000)
 ParOldGen       total 42240K, used 13852K [0x75580000, 0x77ec0000, 0x9eac0000)
  object space 42240K, 32% used [0x75580000,0x763071b8,0x77ec0000)
 PSPermGen       total 16384K, used 12521K [0x71580000, 0x72580000, 0x75580000)
  object space 16384K, 76% used [0x71580000,0x721ba650,0x72580000)

Card table byte_map: [0x7136f000,0x71580000] byte_map_base: 0x70fe4400

Polling page: 0xb777b000

Code Cache  [0xb3669000, 0xb38a9000, 0xb6669000)
 total_blobs=714 nmethods=578 adapters=89 free_code_cache=47601Kb largest_free_block=48686336

Compilation events (10 events):
Event: 15,497 Thread 0x6e396c00 nmethod 602 0xb374ab08 code [0xb374abe0, 0xb374ac10]
Event: 15,501 Thread 0x6e398c00 nmethod 600 0xb37a1248 code [0xb37a13e0, 0xb37a2110]
Event: 15,504 Thread 0x6e396c00  603   !         java.io.FileInputStream::read (51 bytes)
Event: 15,504 Thread 0x6e396c00 nmethod 603 0xb37e8888 code [0xb37e8980, 0xb37e89dc]
Event: 15,515 Thread 0x6e398c00  605             aQute.lib.osgi.Clazz::parseReference (215 bytes)
Event: 15,529 Thread 0x6e398c00 nmethod 605 0xb3769208 code [0xb37693e0, 0xb3769c8c]
Event: 15,923 Thread 0x6e396c00  606  s          java.lang.StringBuffer::charAt (28 bytes)
Event: 15,926 Thread 0x6e396c00 nmethod 606 0xb37a0e48 code [0xb37a0f60, 0xb37a1150]
Event: 16,131 Thread 0x6e398c00  607             java.util.Arrays::fill (28 bytes)
Event: 16,133 Thread 0x6e398c00 nmethod 607 0xb3768ec8 code [0xb3768fc0, 0xb37690b0]

GC Heap History (10 events):
Event: 4,600 GC heap after
Heap after GC invocations=4 (full 0):
 PSYoungGen      total 34816K, used 2552K [0x9eac0000, 0xa0f40000, 0xb3580000)
  eden space 32256K, 0% used [0x9eac0000,0x9eac0000,0xa0a40000)
  from space 2560K, 99% used [0xa0cc0000,0xa0f3e050,0xa0f40000)
  to   space 2560K, 0% used [0xa0a40000,0xa0a40000,0xa0cc0000)
 ParOldGen       total 42240K, used 3035K [0x75580000, 0x77ec0000, 0x9eac0000)
  object space 42240K, 7% used [0x75580000,0x75876f20,0x77ec0000)
 PSPermGen       total 16384K, used 7806K [0x71580000, 0x72580000, 0x75580000)
  object space 16384K, 47% used [0x71580000,0x71d1f840,0x72580000)
}
Event: 8,592 GC heap before
{Heap before GC invocations=5 (full 0):
 PSYoungGen      total 34816K, used 34808K [0x9eac0000, 0xa0f40000, 0xb3580000)
  eden space 32256K, 100% used [0x9eac0000,0xa0a40000,0xa0a40000)
  from space 2560K, 99% used [0xa0cc0000,0xa0f3e050,0xa0f40000)
  to   space 2560K, 0% used [0xa0a40000,0xa0a40000,0xa0cc0000)
 ParOldGen       total 42240K, used 3035K [0x75580000, 0x77ec0000, 0x9eac0000)
  object space 42240K, 7% used [0x75580000,0x75876f20,0x77ec0000)
 PSPermGen       total 16384K, used 9190K [0x71580000, 0x72580000, 0x75580000)
  object space 16384K, 56% used [0x71580000,0x71e79968,0x72580000)
Event: 8,610 GC heap after
Heap after GC invocations=5 (full 0):
 PSYoungGen      total 33792K, used 2560K [0x9eac0000, 0xa15c0000, 0xb3580000)
  eden space 31232K, 0% used [0x9eac0000,0x9eac0000,0xa0940000)
  from space 2560K, 100% used [0xa0a40000,0xa0cc0000,0xa0cc0000)
  to   space 6400K, 0% used [0xa0f80000,0xa0f80000,0xa15c0000)
 ParOldGen       total 42240K, used 6465K [0x75580000, 0x77ec0000, 0x9eac0000)
  object space 42240K, 15% used [0x75580000,0x75bd0658,0x77ec0000)
 PSPermGen       total 16384K, used 9190K [0x71580000, 0x72580000, 0x75580000)
  object space 16384K, 56% used [0x71580000,0x71e79968,0x72580000)
}
Event: 9,465 GC heap before
{Heap before GC invocations=6 (full 0):
 PSYoungGen      total 33792K, used 33792K [0x9eac0000, 0xa15c0000, 0xb3580000)
  eden space 31232K, 100% used [0x9eac0000,0xa0940000,0xa0940000)
  from space 2560K, 100% used [0xa0a40000,0xa0cc0000,0xa0cc0000)
  to   space 6400K, 0% used [0xa0f80000,0xa0f80000,0xa15c0000)
 ParOldGen       total 42240K, used 6465K [0x75580000, 0x77ec0000, 0x9eac0000)
  object space 42240K, 15% used [0x75580000,0x75bd0658,0x77ec0000)
 PSPermGen       total 16384K, used 9489K [0x71580000, 0x72580000, 0x75580000)
  object space 16384K, 57% used [0x71580000,0x71ec44c8,0x72580000)
Event: 9,480 GC heap after
Heap after GC invocations=6 (full 0):
 PSYoungGen      total 36864K, used 5646K [0x9eac0000, 0xa35c0000, 0xb3580000)
  eden space 30464K, 0% used [0x9eac0000,0x9eac0000,0xa0880000)
  from space 6400K, 88% used [0xa0f80000,0xa1503880,0xa15c0000)
  to   space 7168K, 0% used [0xa0880000,0xa0880000,0xa0f80000)
 ParOldGen       total 42240K, used 6465K [0x75580000, 0x77ec0000, 0x9eac0000)
  object space 42240K, 15% used [0x75580000,0x75bd0658,0x77ec0000)
 PSPermGen       total 16384K, used 9489K [0x71580000, 0x72580000, 0x75580000)
  object space 16384K, 57% used [0x71580000,0x71ec44c8,0x72580000)
}
Event: 9,813 GC heap before
{Heap before GC invocations=7 (full 0):
 PSYoungGen      total 36864K, used 36110K [0x9eac0000, 0xa35c0000, 0xb3580000)
  eden space 30464K, 100% used [0x9eac0000,0xa0880000,0xa0880000)
  from space 6400K, 88% used [0xa0f80000,0xa1503880,0xa15c0000)
  to   space 7168K, 0% used [0xa0880000,0xa0880000,0xa0f80000)
 ParOldGen       total 42240K, used 6465K [0x75580000, 0x77ec0000, 0x9eac0000)
  object space 42240K, 15% used [0x75580000,0x75bd0658,0x77ec0000)
 PSPermGen       total 16384K, used 9527K [0x71580000, 0x72580000, 0x75580000)
  object space 16384K, 58% used [0x71580000,0x71ecdf38,0x72580000)
Event: 9,827 GC heap after
Heap after GC invocations=7 (full 0):
 PSYoungGen      total 37632K, used 6378K [0x9eac0000, 0xa35c0000, 0xb3580000)
  eden space 30464K, 0% used [0x9eac0000,0x9eac0000,0xa0880000)
  from space 7168K, 88% used [0xa0880000,0xa0eba810,0xa0f80000)
  to   space 7936K, 0% used [0xa2e00000,0xa2e00000,0xa35c0000)
 ParOldGen       total 42240K, used 6879K [0x75580000, 0x77ec0000, 0x9eac0000)
  object space 42240K, 16% used [0x75580000,0x75c37ec0,0x77ec0000)
 PSPermGen       total 16384K, used 9527K [0x71580000, 0x72580000, 0x75580000)
  object space 16384K, 58% used [0x71580000,0x71ecdf38,0x72580000)
}
Event: 11,236 GC heap before
{Heap before GC invocations=8 (full 0):
 PSYoungGen      total 37632K, used 36842K [0x9eac0000, 0xa35c0000, 0xb3580000)
  eden space 30464K, 100% used [0x9eac0000,0xa0880000,0xa0880000)
  from space 7168K, 88% used [0xa0880000,0xa0eba810,0xa0f80000)
  to   space 7936K, 0% used [0xa2e00000,0xa2e00000,0xa35c0000)
 ParOldGen       total 42240K, used 6879K [0x75580000, 0x77ec0000, 0x9eac0000)
  object space 42240K, 16% used [0x75580000,0x75c37ec0,0x77ec0000)
 PSPermGen       total 16384K, used 10027K [0x71580000, 0x72580000, 0x75580000)
  object space 16384K, 61% used [0x71580000,0x71f4af10,0x72580000)
Event: 11,250 GC heap after
Heap after GC invocations=8 (full 0):
 PSYoungGen      total 68096K, used 7351K [0x9eac0000, 0xa3740000, 0xb3580000)
  eden space 60160K, 0% used [0x9eac0000,0x9eac0000,0xa2580000)
  from space 7936K, 92% used [0xa2e00000,0xa352dc20,0xa35c0000)
  to   space 8704K, 0% used [0xa2580000,0xa2580000,0xa2e00000)
 ParOldGen       total 42240K, used 7771K [0x75580000, 0x77ec0000, 0x9eac0000)
  object space 42240K, 18% used [0x75580000,0x75d16f00,0x77ec0000)
 PSPermGen       total 16384K, used 10027K [0x71580000, 0x72580000, 0x75580000)
  object space 16384K, 61% used [0x71580000,0x71f4af10,0x72580000)
}
Event: 16,185 GC heap before
{Heap before GC invocations=9 (full 0):
 PSYoungGen      total 68096K, used 67511K [0x9eac0000, 0xa3740000, 0xb3580000)
  eden space 60160K, 100% used [0x9eac0000,0xa2580000,0xa2580000)
  from space 7936K, 92% used [0xa2e00000,0xa352dc20,0xa35c0000)
  to   space 8704K, 0% used [0xa2580000,0xa2580000,0xa2e00000)
 ParOldGen       total 42240K, used 7771K [0x75580000, 0x77ec0000, 0x9eac0000)
  object space 42240K, 18% used [0x75580000,0x75d16f00,0x77ec0000)
 PSPermGen       total 16384K, used 12521K [0x71580000, 0x72580000, 0x75580000)
  object space 16384K, 76% used [0x71580000,0x721ba650,0x72580000)

Deoptimization events (10 events):
Event: 14,783 Thread 0xb6707800 Uncommon trap: reason=bimorphic action=maybe_recompile pc=0xb3737abc method=java.util.Hashtable.putAll(Ljava/util/Map;)V @ 1
Event: 15,366 Thread 0xb6707800 Uncommon trap: reason=class_check action=maybe_recompile pc=0xb37e4ad4 method=aQute.lib.osgi.Jar.putResource(Ljava/lang/String;LaQute/lib/osgi/Resource;Z)Z @ 2
Event: 15,366 Thread 0xb6707800 Uncommon trap: reason=class_check action=maybe_recompile pc=0xb37e4ad4 method=aQute.lib.osgi.Jar.putResource(Ljava/lang/String;LaQute/lib/osgi/Resource;Z)Z @ 2
Event: 15,366 Thread 0xb6707800 Uncommon trap: reason=class_check action=maybe_recompile pc=0xb37e4ad4 method=aQute.lib.osgi.Jar.putResource(Ljava/lang/String;LaQute/lib/osgi/Resource;Z)Z @ 2
Event: 15,366 Thread 0xb6707800 Uncommon trap: reason=class_check action=maybe_recompile pc=0xb37e4ad4 method=aQute.lib.osgi.Jar.putResource(Ljava/lang/String;LaQute/lib/osgi/Resource;Z)Z @ 2
Event: 15,675 Thread 0xb6707800 Uncommon trap: reason=unreached action=reinterpret pc=0xb3769aa0 method=aQute.lib.osgi.Clazz.parseReference(Ljava/lang/String;I)I @ 166
Event: 16,137 Thread 0xb6707800 Uncommon trap: reason=class_check action=maybe_recompile pc=0xb373c674 method=java.util.Hashtable.get(Ljava/lang/Object;)Ljava/lang/Object; @ 46
Event: 16,147 Thread 0xb6707800 Uncommon trap: reason=class_check action=maybe_recompile pc=0xb373c674 method=java.util.Hashtable.get(Ljava/lang/Object;)Ljava/lang/Object; @ 46
Event: 16,151 Thread 0xb6707800 Uncommon trap: reason=class_check action=maybe_recompile pc=0xb373c674 method=java.util.Hashtable.get(Ljava/lang/Object;)Ljava/lang/Object; @ 46
Event: 16,153 Thread 0xb6707800 Uncommon trap: reason=class_check action=maybe_recompile pc=0xb373c674 method=java.util.Hashtable.get(Ljava/lang/Object;)Ljava/lang/Object; @ 46

Internal exceptions (10 events):
Event: 15,437 Thread 0xb6707800 Threw 0xa23463a8 at /HUDSON/workspace/7u-2-build-linux-i586/jdk7u76/1941/hotspot/src/share/vm/prims/jvm.cpp:1304
Event: 15,437 Thread 0xb6707800 Threw 0xa2346ee8 at /HUDSON/workspace/7u-2-build-linux-i586/jdk7u76/1941/hotspot/src/share/vm/prims/jvm.cpp:1304
Event: 15,671 Thread 0xb6707800 Threw 0xa2472b20 at /HUDSON/workspace/7u-2-build-linux-i586/jdk7u76/1941/hotspot/src/share/vm/prims/jvm.cpp:1304
Event: 15,672 Thread 0xb6707800 Threw 0xa24734d8 at /HUDSON/workspace/7u-2-build-linux-i586/jdk7u76/1941/hotspot/src/share/vm/prims/jvm.cpp:1304
Event: 15,673 Thread 0xb6707800 Threw 0xa24783c0 at /HUDSON/workspace/7u-2-build-linux-i586/jdk7u76/1941/hotspot/src/share/vm/prims/jvm.cpp:1304
Event: 15,673 Thread 0xb6707800 Threw 0xa2478e00 at /HUDSON/workspace/7u-2-build-linux-i586/jdk7u76/1941/hotspot/src/share/vm/prims/jvm.cpp:1304
Event: 15,674 Thread 0xb6707800 Threw 0xa247b4b8 at /HUDSON/workspace/7u-2-build-linux-i586/jdk7u76/1941/hotspot/src/share/vm/prims/jvm.cpp:1304
Event: 15,674 Thread 0xb6707800 Threw 0xa247bef8 at /HUDSON/workspace/7u-2-build-linux-i586/jdk7u76/1941/hotspot/src/share/vm/prims/jvm.cpp:1304
Event: 15,675 Thread 0xb6707800 Threw 0xa247fbd8 at /HUDSON/workspace/7u-2-build-linux-i586/jdk7u76/1941/hotspot/src/share/vm/prims/jvm.cpp:1304
Event: 15,676 Thread 0xb6707800 Threw 0xa24805a8 at /HUDSON/workspace/7u-2-build-linux-i586/jdk7u76/1941/hotspot/src/share/vm/prims/jvm.cpp:1304

Events (10 events):
Event: 16,158 loading class 0x6d76a1b0 done
Event: 16,158 loading class 0x6d78a0c8
Event: 16,159 loading class 0x6d78a0c8 done
Event: 16,164 loading class 0x6d915bb0
Event: 16,179 loading class 0x6d915bb0 done
Event: 16,179 loading class 0x6d97c108
Event: 16,179 loading class 0x6d911540
Event: 16,184 loading class 0x6d911540 done
Event: 16,185 loading class 0x6d97c108 done
Event: 16,185 Executing VM operation: ParallelGCFailedAllocation


Dynamic libraries:
08048000-08049000 r-xp 00000000 08:06 3148208    /usr/local/java/jdk1.7.0_76/bin/java
08049000-0804a000 rw-p 00000000 08:06 3148208    /usr/local/java/jdk1.7.0_76/bin/java
08078000-080d4000 rw-p 00000000 00:00 0          [heap]
6c600000-6c632000 rw-p 00000000 00:00 0 
6c632000-6c700000 ---p 00000000 00:00 0 
6c800000-6c8fa000 rw-p 00000000 00:00 0 
6c8fa000-6c900000 ---p 00000000 00:00 0 
6c900000-6ca00000 rw-p 00000000 00:00 0 
6ca00000-6cadb000 rw-p 00000000 00:00 0 
6cadb000-6cb00000 ---p 00000000 00:00 0 
6cc00000-6ccff000 rw-p 00000000 00:00 0 
6ccff000-6cd00000 ---p 00000000 00:00 0 
6ce00000-6cec3000 rw-p 00000000 00:00 0 
6cec3000-6cf00000 ---p 00000000 00:00 0 
6cf00000-6cffe000 rw-p 00000000 00:00 0 
6cffe000-6d000000 ---p 00000000 00:00 0 
6d000000-6d0fb000 rw-p 00000000 00:00 0 
6d0fb000-6d100000 ---p 00000000 00:00 0 
6d200000-6d2fd000 rw-p 00000000 00:00 0 
6d2fd000-6d300000 ---p 00000000 00:00 0 
6d3ee000-6d3f8000 r--s 00251000 08:06 3146962    /usr/local/java/jdk1.7.0_76/jre/lib/resources.jar
6d3f8000-6d3fa000 r--s 00018000 08:06 2101603    /home/lizo/.m2/repository/javax/servlet/servlet-api/2.5/servlet-api-2.5.jar
6d3fa000-6d3fc000 r--s 00018000 08:06 2228893    /home/lizo/.m2/repository/org/apache/cxf/cxf-rt-databinding-jaxb/3.0.4.redhat-620133/cxf-rt-databinding-jaxb-3.0.4.redhat-620133.jar
6d3fc000-6d400000 r--s 0002a000 08:06 2097156    /home/lizo/.m2/repository/wsdl4j/wsdl4j/1.6.3/wsdl4j-1.6.3.jar
6d400000-6d4f9000 rw-p 00000000 00:00 0 
6d4f9000-6d500000 ---p 00000000 00:00 0 
6d501000-6d503000 r--s 00028000 08:06 2229013    /home/lizo/.m2/repository/org/apache/cxf/cxf-rt-wsdl/3.0.4.redhat-620133/cxf-rt-wsdl-3.0.4.redhat-620133.jar
6d503000-6d507000 r--s 00027000 08:06 2228882    /home/lizo/.m2/repository/org/apache/cxf/cxf-rt-bindings-soap/3.0.4.redhat-620133/cxf-rt-bindings-soap-3.0.4.redhat-620133.jar
6d507000-6d508000 r--s 00008000 08:06 2228903    /home/lizo/.m2/repository/org/apache/cxf/cxf-rt-features-clustering/3.0.4.redhat-620133/cxf-rt-features-clustering-3.0.4.redhat-620133.jar
6d508000-6d50d000 r--s 0003b000 08:06 2493928    /home/lizo/.m2/repository/org/springframework/spring-expression/4.1.6.RELEASE/spring-expression-4.1.6.RELEASE.jar
6d50d000-6d525000 r--s 000e3000 08:06 2492790    /home/lizo/.m2/repository/org/springframework/spring-context/4.1.6.RELEASE/spring-context-4.1.6.RELEASE.jar
6d525000-6d532000 r--s 000a0000 08:06 2492400    /home/lizo/.m2/repository/org/springframework/spring-beans/4.1.6.RELEASE/spring-beans-4.1.6.RELEASE.jar
6d532000-6d534000 r--s 0000e000 08:06 1968886    /home/lizo/.m2/repository/commons-logging/commons-logging/1.2/commons-logging-1.2.jar
6d534000-6d549000 r--s 000e2000 08:06 2493880    /home/lizo/.m2/repository/org/springframework/spring-core/4.1.6.RELEASE/spring-core-4.1.6.RELEASE.jar
6d549000-6d54a000 r--s 0000a000 08:06 2495638    /home/lizo/.m2/repository/net/oauth/core/oauth/20100527/oauth-20100527.jar
6d54a000-6d54b000 r--s 00002000 08:06 2495646    /home/lizo/.m2/repository/net/oauth/core/oauth-provider/20100527/oauth-provider-20100527.jar
6d54b000-6d54e000 r--s 00023000 08:06 2228747    /home/lizo/.m2/repository/org/apache/cxf/cxf-rt-rs-client/3.0.4.redhat-620133/cxf-rt-rs-client-3.0.4.redhat-620133.jar
6d54e000-6d551000 r--s 0000e000 08:06 2229305    /home/lizo/.m2/repository/org/apache/cxf/cxf-rt-rs-security-oauth/3.0.4.redhat-620133/cxf-rt-rs-security-oauth-3.0.4.redhat-620133.jar
6d551000-6d553000 r--s 00010000 08:06 2098595    /home/lizo/.m2/repository/org/apache/neethi/neethi/3.0.3/neethi-3.0.3.jar
6d553000-6d558000 r--s 00030000 08:06 2229059    /home/lizo/.m2/repository/org/apache/cxf/cxf-rt-ws-policy/3.0.4.redhat-620133/cxf-rt-ws-policy-3.0.4.redhat-620133.jar
6d558000-6d55a000 r--s 00011000 08:06 2229036    /home/lizo/.m2/repository/org/apache/cxf/cxf-rt-ws-addr/3.0.4.redhat-620133/cxf-rt-ws-addr-3.0.4.redhat-620133.jar
6d55a000-6d55d000 r--s 00016000 08:06 2229006    /home/lizo/.m2/repository/org/apache/cxf/cxf-rt-frontend-simple/3.0.4.redhat-620133/cxf-rt-frontend-simple-3.0.4.redhat-620133.jar
6d55d000-6d55f000 r--s 00008000 08:06 2228771    /home/lizo/.m2/repository/org/apache/cxf/cxf-rt-bindings-xml/3.0.4.redhat-620133/cxf-rt-bindings-xml-3.0.4.redhat-620133.jar
6d55f000-6d560000 r--s 0000a000 08:06 1968633    /home/lizo/.m2/repository/asm/asm/3.3.1/asm-3.3.1.jar
6d560000-6d562000 r--s 00013000 08:06 2097170    /home/lizo/.m2/repository/xml-resolver/xml-resolver/1.2/xml-resolver-1.2.jar
6d562000-6d567000 r--s 0004f000 08:06 2229025    /home/lizo/.m2/repository/org/apache/cxf/cxf-rt-frontend-jaxws/3.0.4.redhat-620133/cxf-rt-frontend-jaxws-3.0.4.redhat-620133.jar
6d567000-6d56c000 r--s 0004c000 08:06 2229290    /home/lizo/.m2/repository/org/apache/cxf/cxf-rt-transports-http/3.0.4.redhat-620133/cxf-rt-transports-http-3.0.4.redhat-620133.jar
6d56c000-6d570000 r--s 00019000 08:06 2495453    /home/lizo/.m2/repository/javax/ws/rs/javax.ws.rs-api/2.0.1/javax.ws.rs-api-2.0.1.jar
6d570000-6d574000 r--s 00026000 08:06 2101442    /home/lizo/.m2/repository/org/apache/ws/xmlschema/xmlschema-core/2.2.1/xmlschema-core-2.2.1.jar
6d574000-6d578000 r--s 00024000 08:06 2490426    /home/lizo/.m2/repository/org/codehaus/woodstox/stax2-api/3.1.4/stax2-api-3.1.4.jar
6d578000-6d57e000 r--s 00071000 08:06 2490418    /home/lizo/.m2/repository/org/codehaus/woodstox/woodstox-core-asl/4.4.1/woodstox-core-asl-4.4.1.jar
6d57e000-6d595000 r--s 00130000 08:06 2228738    /home/lizo/.m2/repository/org/apache/cxf/cxf-core/3.0.4.redhat-620133/cxf-core-3.0.4.redhat-620133.jar
6d595000-6d59d000 r--s 00089000 08:06 2229044    /home/lizo/.m2/repository/org/apache/cxf/cxf-rt-frontend-jaxrs/3.0.4.redhat-620133/cxf-rt-frontend-jaxrs-3.0.4.redhat-620133.jar
6d59d000-6d5a0000 r--s 0000e000 08:06 2101311    /home/lizo/.m2/repository/org/apache/camel/camel-cxf-transport/2.15.1.redhat-620133/camel-cxf-transport-2.15.1.redhat-620133.jar
6d5a0000-6d5a7000 r--s 00037000 08:06 2491134    /home/lizo/.m2/repository/org/springframework/spring-tx/4.1.6.RELEASE/spring-tx-4.1.6.RELEASE.jar
6d5a7000-6d5b0000 r--s 0004f000 08:06 2493412    /home/lizo/.m2/repository/org/springframework/spring-aop/4.1.6.RELEASE/spring-aop-4.1.6.RELEASE.jar
6d5b0000-6d5b6000 r--s 00045000 08:06 2101077    /home/lizo/.m2/repository/org/apache/camel/camel-spring/2.15.1.redhat-620133/camel-spring-2.15.1.redhat-620133.jar
6d5b6000-6d5c8000 r--s 000ee000 08:06 2097300    /home/lizo/.m2/repository/com/sun/xml/bind/jaxb-impl/2.2.11/jaxb-impl-2.2.11.jar
6d5c8000-6d600000 r--s 002c7000 08:06 2100912    /home/lizo/.m2/repository/org/apache/camel/camel-core/2.15.1.redhat-620133/camel-core-2.15.1.redhat-620133.jar
6d600000-6d6fd000 rw-p 00000000 00:00 0 
6d6fd000-6d700000 ---p 00000000 00:00 0 
6d700000-6d7f4000 rw-p 00000000 00:00 0 
6d7f4000-6d800000 ---p 00000000 00:00 0 
6d800000-6d8fe000 rw-p 00000000 00:00 0 
6d8fe000-6d900000 ---p 00000000 00:00 0 
6d900000-6d9ff000 rw-p 00000000 00:00 0 
6d9ff000-6da00000 ---p 00000000 00:00 0 
6da00000-6dafa000 rw-p 00000000 00:00 0 
6dafa000-6db00000 ---p 00000000 00:00 0 
6db00000-6db02000 r--s 00005000 08:06 2495409    /home/lizo/.m2/repository/javax/annotation/javax.annotation-api/1.2/javax.annotation-api-1.2.jar
6db02000-6db04000 r--s 00000000 08:06 2495818    /home/lizo/.m2/repository/aopalliance/aopalliance/1.0/aopalliance-1.0.jar
6db04000-6db08000 r--s 00032000 08:06 2100906    /home/lizo/.m2/repository/org/apache/camel/camel-cxf/2.15.1.redhat-620133/camel-cxf-2.15.1.redhat-620133.jar
6db08000-6db0a000 r--s 0000b000 08:06 2101275    /home/lizo/.m2/repository/org/apache/camel/camel-core-osgi/2.15.1.redhat-620133/camel-core-osgi-2.15.1.redhat-620133.jar
6db0a000-6db0c000 r--s 0000e000 08:06 2101249    /home/lizo/.m2/repository/org/apache/camel/camel-core-xml/2.15.1.redhat-620133/camel-core-xml-2.15.1.redhat-620133.jar
6db0c000-6db0f000 r--s 00031000 08:06 2101067    /home/lizo/.m2/repository/org/apache/camel/camel-blueprint/2.15.1.redhat-620133/camel-blueprint-2.15.1.redhat-620133.jar
6db0f000-6db15000 r--s 00038000 08:06 2097292    /home/lizo/.m2/repository/com/sun/xml/bind/jaxb-core/2.2.11/jaxb-core-2.2.11.jar
6db15000-6db17000 r--s 00005000 08:06 2230182    /home/lizo/.m2/repository/org/slf4j/slf4j-api/1.6.6/slf4j-api-1.6.6.jar
6db17000-6db19000 r--s 00002000 08:06 2100610    /home/lizo/.m2/repository/org/apache/maven/plugin-tools/maven-plugin-annotations/3.3/maven-plugin-annotations-3.3.jar
6db19000-6db1e000 r--s 0002b000 08:06 2159762    /home/lizo/.m2/repository/org/apache/maven/surefire/surefire-api/2.19.1/surefire-api-2.19.1.jar
6db1e000-6db24000 r--s 00048000 08:06 2098481    /home/lizo/.m2/repository/org/apache/commons/commons-lang3/3.1/commons-lang3-3.1.jar
6db24000-6db26000 r--s 00002000 08:06 2230641    /home/lizo/.m2/repository/org/sonatype/plexus/plexus-cipher/1.4/plexus-cipher-1.4.jar
6db26000-6db27000 r--s 00006000 08:06 2230628    /home/lizo/.m2/repository/org/sonatype/plexus/plexus-sec-dispatcher/1.3/plexus-sec-dispatcher-1.3.jar
6db27000-6db28000 r--s 00002000 08:06 2100587    /home/lizo/.m2/repository/org/apache/maven/reporting/maven-reporting-api/3.0/maven-reporting-api-3.0.jar
6db28000-6db2a000 r--s 00003000 08:06 2230527    /home/lizo/.m2/repository/org/slf4j/jcl-over-slf4j/1.5.6/jcl-over-slf4j-1.5.6.jar
6db2a000-6db2c000 r--s 00004000 08:06 2230271    /home/lizo/.m2/repository/org/slf4j/slf4j-api/1.5.6/slf4j-api-1.5.6.jar
6db2c000-6db2e000 r--s 00001000 08:06 2229984    /home/lizo/.m2/repository/org/slf4j/slf4j-jdk14/1.5.6/slf4j-jdk14-1.5.6.jar
6db2e000-6db30000 r--s 0000b000 08:06 2364762    /home/lizo/.m2/repository/org/codehaus/plexus/plexus-interpolation/1.11/plexus-interpolation-1.11.jar
6db30000-6db38000 r--s 00049000 08:06 2621476    /home/lizo/.m2/repository/backport-util-concurrent/backport-util-concurrent/3.1/backport-util-concurrent-3.1.jar
6db38000-6db3a000 r--s 00009000 08:06 2490766    /home/lizo/.m2/repository/org/hamcrest/hamcrest-core/1.3/hamcrest-core-1.3.jar
6db3a000-6db42000 r--s 00045000 08:06 2097937    /home/lizo/.m2/repository/junit/junit/4.12/junit-4.12.jar
6db42000-6db46000 r--s 00034000 08:06 2364782    /home/lizo/.m2/repository/org/codehaus/plexus/plexus-utils/1.5.15/plexus-utils-1.5.15.jar
6db46000-6db48000 r--s 0000a000 08:06 2159759    /home/lizo/.m2/repository/org/apache/maven/surefire/surefire-booter/2.19.1/surefire-booter-2.19.1.jar
6db48000-6db4e000 r--s 00042000 08:06 2159756    /home/lizo/.m2/repository/org/apache/maven/surefire/maven-surefire-common/2.19.1/maven-surefire-common-2.19.1.jar
6db4e000-6db4f000 r--s 00009000 08:06 2110423    /home/lizo/.m2/repository/org/apache/maven/plugins/maven-surefire-plugin/2.19.1/maven-surefire-plugin-2.19.1.jar
6db4f000-6db50000 r--s 00003000 08:06 2364514    /home/lizo/.m2/repository/org/codehaus/plexus/plexus-compiler-javac/1.9.1/plexus-compiler-javac-1.9.1.jar
6db50000-6db52000 r--s 00000000 08:06 2490535    /home/lizo/.m2/repository/org/codehaus/plexus/plexus-compiler-manager/1.9.1/plexus-compiler-manager-1.9.1.jar
6db52000-6db54000 r--s 00004000 08:06 2364929    /home/lizo/.m2/repository/org/codehaus/plexus/plexus-compiler-api/1.9.1/plexus-compiler-api-1.9.1.jar
6db54000-6db58000 r--s 00034000 08:06 2364798    /home/lizo/.m2/repository/org/codehaus/plexus/plexus-utils/3.0/plexus-utils-3.0.jar
6db58000-6db59000 r--s 00007000 08:06 2100406    /home/lizo/.m2/repository/org/apache/maven/plugins/maven-compiler-plugin/2.5.1/maven-compiler-plugin-2.5.1.jar
6db59000-6db5a000 r--s 00001000 08:06 2230648    /home/lizo/.m2/repository/org/sonatype/plexus/plexus-build-api/0.0.4/plexus-build-api-0.0.4.jar
6db5a000-6db5c000 r--s 00009000 08:06 2099248    /home/lizo/.m2/repository/org/apache/maven/shared/maven-filtering/1.1/maven-filtering-1.1.jar
6db5c000-6db60000 r--s 00033000 08:06 2364777    /home/lizo/.m2/repository/org/codehaus/plexus/plexus-utils/2.0.5/plexus-utils-2.0.5.jar
6db60000-6db61000 r--s 00002000 08:06 2100574    /home/lizo/.m2/repository/org/apache/maven/reporting/maven-reporting-api/2.0.6/maven-reporting-api-2.0.6.jar
6db61000-6db63000 r--s 00006000 08:06 2100479    /home/lizo/.m2/repository/org/apache/maven/plugins/maven-resources-plugin/2.6/maven-resources-plugin-2.6.jar
6db63000-6db66000 r--s 00034000 08:06 2364804    /home/lizo/.m2/repository/org/codehaus/plexus/plexus-utils/2.1/plexus-utils-2.1.jar
6db66000-6db68000 r--s 00007000 08:06 2099237    /home/lizo/.m2/repository/org/apache/maven/shared/maven-dependency-tree/1.2/maven-dependency-tree-1.2.jar
6db68000-6db6a000 r--s 0000d000 08:06 2364749    /home/lizo/.m2/repository/org/codehaus/plexus/plexus-interpolation/1.13/plexus-interpolation-1.13.jar
6db6a000-6db6e000 r--s 00028000 08:06 2364479    /home/lizo/.m2/repository/org/codehaus/plexus/plexus-archiver/1.0/plexus-archiver-1.0.jar
6db6e000-6db7d000 r--s 000d2000 08:06 2621468    /home/lizo/.m2/repository/biz/aQute/bndlib/1.50.0/bndlib-1.50.0.jar
6db7d000-6db7e000 ---p 00000000 00:00 0 
6db7e000-6dbfe000 rw-p 00000000 00:00 0          [stack:9185]
6dbfe000-6dc01000 ---p 00000000 00:00 0 
6dc01000-6dc7f000 rw-p 00000000 00:00 0          [stack:9183]
6dc7f000-6dc82000 ---p 00000000 00:00 0 
6dc82000-6dd00000 rw-p 00000000 00:00 0          [stack:9182]
6dd00000-6df00000 r--p 00000000 08:06 6822382    /usr/lib/locale/locale-archive
6df00000-6df21000 rw-p 00000000 00:00 0 
6df21000-6e000000 ---p 00000000 00:00 0 
6e000000-6e003000 r--s 0000a000 08:06 2365027    /home/lizo/.m2/repository/org/codehaus/plexus/plexus-io/1.0/plexus-io-1.0.jar
6e003000-6e004000 r--s 00004000 08:06 2100753    /home/lizo/.m2/repository/org/apache/maven/maven-archiver/2.4.1/maven-archiver-2.4.1.jar
6e004000-6e006000 r--s 00002000 08:06 2365043    /home/lizo/.m2/repository/org/codehaus/plexus/plexus-interactivity-api/1.0-alpha-4/plexus-interactivity-api-1.0-alpha-4.jar
6e006000-6e008000 r--s 00006000 08:06 2495590    /home/lizo/.m2/repository/commons-cli/commons-cli/1.0/commons-cli-1.0.jar
6e008000-6e00b000 r--s 0001b000 08:06 2097939    /home/lizo/.m2/repository/junit/junit/3.8.1/junit-3.8.1.jar
6e00b000-6e00d000 r--s 00012000 08:06 2229884    /home/lizo/.m2/repository/org/easymock/easymock/2.4/easymock-2.4.jar
6e00d000-6e010000 ---p 00000000 00:00 0 
6e010000-6e05e000 rw-p 00000000 00:00 0          [stack:9184]
6e05e000-6e061000 ---p 00000000 00:00 0 
6e061000-6e0af000 rw-p 00000000 00:00 0          [stack:9181]
6e0af000-6e0b2000 ---p 00000000 00:00 0 
6e0b2000-6e100000 rw-p 00000000 00:00 0          [stack:9180]
6e100000-6e1fc000 rw-p 00000000 00:00 0 
6e1fc000-6e200000 ---p 00000000 00:00 0 
6e200000-6e201000 r--s 00001000 08:06 2100738    /home/lizo/.m2/repository/org/apache/maven/doxia/doxia-sink-api/1.0-alpha-7/doxia-sink-api-1.0-alpha-7.jar
6e201000-6e205000 r--s 00024000 08:06 2491069    /home/lizo/.m2/repository/org/osgi/org.osgi.core/4.1.0/org.osgi.core-4.1.0.jar
6e205000-6e22e000 r--s 001ee000 08:06 6430651    /home/lizo/dev-tools/JBDS8-1/studio/plugins/org.eclipse.m2e.maven.runtime_1.5.1.20150109-1819/jars/guava-14.0.1.jar
6e22e000-6e231000 ---p 00000000 00:00 0 
6e231000-6e27f000 rw-p 00000000 00:00 0          [stack:9179]
6e27f000-6e280000 ---p 00000000 00:00 0 
6e280000-6e300000 rw-p 00000000 00:00 0          [stack:9178]
6e300000-6e3fd000 rw-p 00000000 00:00 0 
6e3fd000-6e400000 ---p 00000000 00:00 0 
6e400000-6e404000 r--s 00026000 08:06 2098611    /home/lizo/.m2/repository/org/apache/felix/org.apache.felix.bundlerepository/1.6.6/org.apache.felix.bundlerepository-1.6.6.jar
6e404000-6e407000 r--s 0001c000 08:06 2098608    /home/lizo/.m2/repository/org/apache/felix/maven-bundle-plugin/2.3.7/maven-bundle-plugin-2.3.7.jar
6e407000-6e40b000 r--s 0008b000 08:06 3147040    /usr/local/java/jdk1.7.0_76/jre/lib/jsse.jar
6e40b000-6e420000 r-xp 00000000 08:06 3146922    /usr/local/java/jdk1.7.0_76/jre/lib/i386/libnet.so
6e420000-6e421000 rw-p 00014000 08:06 3146922    /usr/local/java/jdk1.7.0_76/jre/lib/i386/libnet.so
6e421000-6e5e0000 r--s 039f0000 08:06 3146820    /usr/local/java/jdk1.7.0_76/jre/lib/rt.jar
6e5e0000-70b00000 rw-p 00000000 00:00 0 
70b00000-70bf9000 rw-p 00000000 00:00 0 
70bf9000-70c00000 ---p 00000000 00:00 0 
70c00000-70c01000 r--s 00002000 08:06 2100569    /home/lizo/.m2/repository/org/apache/maven/reporting/maven-reporting-api/2.0.7/maven-reporting-api-2.0.7.jar
70c01000-70c0f000 r-xp 00000000 08:06 3146859    /usr/local/java/jdk1.7.0_76/jre/lib/i386/libnio.so
70c0f000-70c10000 rw-p 0000e000 08:06 3146859    /usr/local/java/jdk1.7.0_76/jre/lib/i386/libnio.so
70c10000-70c11000 r--s 00002000 08:06 7485085    /home/lizo/dev-tools/JBDS8-1/studio/plugins/org.eclipse.m2e.maven.runtime.slf4j.simple_1.5.1.20150109-1819/jars/slf4j-simple-1.7.5.jar
70c11000-70c16000 r--s 00041000 08:06 6430652    /home/lizo/dev-tools/JBDS8-1/studio/plugins/org.eclipse.m2e.maven.runtime_1.5.1.20150109-1819/jars/commons-lang-2.6.jar
70c16000-70c17000 r--s 00002000 08:06 6430655    /home/lizo/dev-tools/JBDS8-1/studio/plugins/org.eclipse.m2e.maven.runtime_1.5.1.20150109-1819/jars/wagon-file-2.6.jar
70c17000-70c19000 r--s 00007000 08:06 6430669    /home/lizo/dev-tools/JBDS8-1/studio/plugins/org.eclipse.m2e.maven.runtime_1.5.1.20150109-1819/jars/aether-connector-wagon-0.9.0.M2.jar
70c19000-70c1e000 r--s 00047000 08:06 6430675    /home/lizo/dev-tools/JBDS8-1/studio/plugins/org.eclipse.m2e.maven.runtime_1.5.1.20150109-1819/jars/okhttp-1.5.4.jar
70c1e000-70c20000 r--s 0000d000 08:06 6430668    /home/lizo/dev-tools/JBDS8-1/studio/plugins/org.eclipse.m2e.maven.runtime_1.5.1.20150109-1819/jars/aether-connector-okhttp-0.12.0.jar
70c20000-70c22000 r--s 00003000 08:06 6430663    /home/lizo/dev-tools/JBDS8-1/studio/plugins/org.eclipse.m2e.maven.runtime_1.5.1.20150109-1819/jars/aether-spi-0.9.0.M2.jar
70c22000-70c26000 r--s 00020000 08:06 6430653    /home/lizo/dev-tools/JBDS8-1/studio/plugins/org.eclipse.m2e.maven.runtime_1.5.1.20150109-1819/jars/aether-impl-0.9.0.M2.jar
70c26000-70c2e000 r--s 00050000 08:06 6430658    /home/lizo/dev-tools/JBDS8-1/studio/plugins/org.eclipse.m2e.maven.runtime_1.5.1.20150109-1819/jars/sisu-guice-3.1.3-no_aop.jar
70c2e000-70c34000 r--s 00042000 08:06 6430673    /home/lizo/dev-tools/JBDS8-1/studio/plugins/org.eclipse.m2e.maven.runtime_1.5.1.20150109-1819/jars/org.eclipse.sisu.inject-0.0.0.M5.jar
70c34000-70c7f000 rw-p 00000000 00:00 0 
70c7f000-70c80000 ---p 00000000 00:00 0 
70c80000-70d00000 rw-p 00000000 00:00 0          [stack:9177]
70d00000-70d21000 rw-p 00000000 00:00 0 
70d21000-70e00000 ---p 00000000 00:00 0 
70e00000-70e21000 rw-p 00000000 00:00 0 
70e21000-70f00000 ---p 00000000 00:00 0 
70f00000-70f01000 r--s 00000000 08:06 6430670    /home/lizo/dev-tools/JBDS8-1/studio/plugins/org.eclipse.m2e.maven.runtime_1.5.1.20150109-1819/jars/javax.inject-1.jar
70f01000-70f02000 r--s 00001000 08:06 6430684    /home/lizo/dev-tools/JBDS8-1/studio/plugins/org.eclipse.m2e.maven.runtime_1.5.1.20150109-1819/jars/jsr250-api-1.0.jar
70f02000-70f05000 r--s 00008000 08:06 6430683    /home/lizo/dev-tools/JBDS8-1/studio/plugins/org.eclipse.m2e.maven.runtime_1.5.1.20150109-1819/jars/cdi-api-1.0.jar
70f05000-70f0b000 r--s 0002a000 08:06 6430672    /home/lizo/dev-tools/JBDS8-1/studio/plugins/org.eclipse.m2e.maven.runtime_1.5.1.20150109-1819/jars/org.eclipse.sisu.plexus-0.0.0.M5.jar
70f0b000-70f0d000 r--s 0000b000 08:06 6430664    /home/lizo/dev-tools/JBDS8-1/studio/plugins/org.eclipse.m2e.maven.runtime_1.5.1.20150109-1819/jars/wagon-provider-api-2.6.jar
70f0d000-70f14000 r--s 0003f000 08:06 6430648    /home/lizo/dev-tools/JBDS8-1/studio/plugins/org.eclipse.m2e.maven.runtime_1.5.1.20150109-1819/jars/maven-compat-3.2.1.jar
70f14000-70f16000 r--s 00009000 08:06 6430656    /home/lizo/dev-tools/JBDS8-1/studio/plugins/org.eclipse.m2e.maven.runtime_1.5.1.20150109-1819/jars/commons-cli-1.2.jar
70f16000-70f18000 r--s 00002000 08:06 6430678    /home/lizo/dev-tools/JBDS8-1/studio/plugins/org.eclipse.m2e.maven.runtime_1.5.1.20150109-1819/jars/plexus-cipher-1.7.jar
70f18000-70f1a000 r--s 0000d000 08:06 6430677    /home/lizo/dev-tools/JBDS8-1/studio/plugins/org.eclipse.m2e.maven.runtime_1.5.1.20150109-1819/jars/maven-embedder-3.2.1.jar
70f1a000-70f1b000 r--s 00006000 08:06 6430661    /home/lizo/dev-tools/JBDS8-1/studio/plugins/org.eclipse.m2e.maven.runtime_1.5.1.20150109-1819/jars/plexus-sec-dispatcher-1.3.jar
70f1b000-70f1d000 r--s 00000000 08:06 6430682    /home/lizo/dev-tools/JBDS8-1/studio/plugins/org.eclipse.m2e.maven.runtime_1.5.1.20150109-1819/jars/plexus-component-annotations-1.5.5.jar
70f1d000-70f21000 r--s 0003a000 08:06 6430674    /home/lizo/dev-tools/JBDS8-1/studio/plugins/org.eclipse.m2e.maven.runtime_1.5.1.20150109-1819/jars/plexus-utils-3.0.17.jar
70f21000-70f24000 r--s 0000d000 08:06 6430666    /home/lizo/dev-tools/JBDS8-1/studio/plugins/org.eclipse.m2e.maven.runtime_1.5.1.20150109-1819/jars/plexus-interpolation-1.19.jar
70f24000-70f7f000 rw-p 00000000 00:00 0 
70f7f000-70f80000 ---p 00000000 00:00 0 
70f80000-71000000 rw-p 00000000 00:00 0          [stack:9176]
71000000-71021000 rw-p 00000000 00:00 0 
71021000-71100000 ---p 00000000 00:00 0 
71100000-71104000 r--s 0001d000 08:06 6430665    /home/lizo/dev-tools/JBDS8-1/studio/plugins/org.eclipse.m2e.maven.runtime_1.5.1.20150109-1819/jars/aether-util-0.9.0.M2.jar
71104000-71109000 r--s 00024000 08:06 6430650    /home/lizo/dev-tools/JBDS8-1/studio/plugins/org.eclipse.m2e.maven.runtime_1.5.1.20150109-1819/jars/maven-model-builder-3.2.1.jar
71109000-71122000 rw-p 00000000 00:00 0 
71122000-71123000 ---p 00000000 00:00 0 
71123000-711a3000 rw-p 00000000 00:00 0          [stack:9175]
711a3000-711a4000 ---p 00000000 00:00 0 
711a4000-71239000 rw-p 00000000 00:00 0          [stack:9174]
71239000-7136f000 rw-p 00000000 00:00 0 
7136f000-71377000 rw-p 00000000 00:00 0 
71377000-7138f000 rw-p 00000000 00:00 0 
7138f000-713a4000 rw-p 00000000 00:00 0 
713a4000-714d9000 rw-p 00000000 00:00 0 
714d9000-71500000 rw-p 00000000 00:00 0 
71500000-7157f000 rw-p 00000000 00:00 0 
7157f000-72580000 rw-p 00000000 00:00 0 
72580000-75580000 rw-p 00000000 00:00 0 
75580000-77ec0000 rw-p 00000000 00:00 0 
77ec0000-9eac0000 rw-p 00000000 00:00 0 
9eac0000-a3740000 rw-p 00000000 00:00 0 
a5ea2000-a60c0000 rw-p 00000000 00:00 0 
a60c0000-b3580000 rw-p 00000000 00:00 0 
b3580000-b3584000 r--s 0001d000 08:06 6430647    /home/lizo/dev-tools/JBDS8-1/studio/plugins/org.eclipse.m2e.maven.runtime_1.5.1.20150109-1819/jars/aether-api-0.9.0.M2.jar
b3584000-b3586000 r--s 0000a000 08:06 6430680    /home/lizo/dev-tools/JBDS8-1/studio/plugins/org.eclipse.m2e.maven.runtime_1.5.1.20150109-1819/jars/maven-plugin-api-3.2.1.jar
b3586000-b3589000 r--s 0000b000 08:06 6430671    /home/lizo/dev-tools/JBDS8-1/studio/plugins/org.eclipse.m2e.maven.runtime_1.5.1.20150109-1819/jars/maven-artifact-3.2.1.jar
b3589000-b3591000 rw-p 00000000 00:00 0 
b3591000-b35a9000 rw-p 00000000 00:00 0 
b35a9000-b35b2000 rw-p 00000000 00:00 0 
b35b2000-b3669000 rw-p 00000000 00:00 0 
b3669000-b38a9000 rwxp 00000000 00:00 0 
b38a9000-b6669000 rw-p 00000000 00:00 0 
b6669000-b6680000 r-xp 00000000 08:06 3146877    /usr/local/java/jdk1.7.0_76/jre/lib/i386/libzip.so
b6680000-b6681000 rw-p 00017000 08:06 3146877    /usr/local/java/jdk1.7.0_76/jre/lib/i386/libzip.so
b6681000-b668c000 r-xp 00000000 08:06 7471296    /lib/i386-linux-gnu/libnss_files-2.15.so
b668c000-b668d000 r--p 0000a000 08:06 7471296    /lib/i386-linux-gnu/libnss_files-2.15.so
b668d000-b668e000 rw-p 0000b000 08:06 7471296    /lib/i386-linux-gnu/libnss_files-2.15.so
b668e000-b6698000 r-xp 00000000 08:06 7471151    /lib/i386-linux-gnu/libnss_nis-2.15.so
b6698000-b6699000 r--p 00009000 08:06 7471151    /lib/i386-linux-gnu/libnss_nis-2.15.so
b6699000-b669a000 rw-p 0000a000 08:06 7471151    /lib/i386-linux-gnu/libnss_nis-2.15.so
b669a000-b66b0000 r-xp 00000000 08:06 7471288    /lib/i386-linux-gnu/libnsl-2.15.so
b66b0000-b66b1000 r--p 00015000 08:06 7471288    /lib/i386-linux-gnu/libnsl-2.15.so
b66b1000-b66b2000 rw-p 00016000 08:06 7471288    /lib/i386-linux-gnu/libnsl-2.15.so
b66b2000-b66b4000 rw-p 00000000 00:00 0 
b66b4000-b66bb000 r-xp 00000000 08:06 7471146    /lib/i386-linux-gnu/libnss_compat-2.15.so
b66bb000-b66bc000 r--p 00006000 08:06 7471146    /lib/i386-linux-gnu/libnss_compat-2.15.so
b66bc000-b66bd000 rw-p 00007000 08:06 7471146    /lib/i386-linux-gnu/libnss_compat-2.15.so
b66bd000-b66be000 r--s 0000e000 08:06 6430657    /home/lizo/dev-tools/JBDS8-1/studio/plugins/org.eclipse.m2e.maven.runtime_1.5.1.20150109-1819/jars/maven-aether-provider-3.2.1.jar
b66be000-b66c0000 r--s 00005000 08:06 6430660    /home/lizo/dev-tools/JBDS8-1/studio/plugins/org.eclipse.m2e.maven.runtime_1.5.1.20150109-1819/jars/maven-repository-metadata-3.2.1.jar
b66c0000-b66c2000 r--s 00009000 08:06 6430679    /home/lizo/dev-tools/JBDS8-1/studio/plugins/org.eclipse.m2e.maven.runtime_1.5.1.20150109-1819/jars/maven-settings-builder-3.2.1.jar
b66c2000-b66c4000 r--s 00009000 08:06 6430662    /home/lizo/dev-tools/JBDS8-1/studio/plugins/org.eclipse.m2e.maven.runtime_1.5.1.20150109-1819/jars/maven-settings-3.2.1.jar
b66c4000-b66c7000 r--s 00025000 08:06 6430649    /home/lizo/dev-tools/JBDS8-1/studio/plugins/org.eclipse.m2e.maven.runtime_1.5.1.20150109-1819/jars/maven-model-3.2.1.jar
b66c7000-b66d3000 r--s 00081000 08:06 6430676    /home/lizo/dev-tools/JBDS8-1/studio/plugins/org.eclipse.m2e.maven.runtime_1.5.1.20150109-1819/jars/maven-core-3.2.1.jar
b66d3000-b66f6000 r-xp 00000000 08:06 3146891    /usr/local/java/jdk1.7.0_76/jre/lib/i386/libjava.so
b66f6000-b66f7000 rw-p 00023000 08:06 3146891    /usr/local/java/jdk1.7.0_76/jre/lib/i386/libjava.so
b66f7000-b66fe000 r-xp 00000000 08:06 7471133    /lib/i386-linux-gnu/librt-2.15.so
b66fe000-b66ff000 r--p 00006000 08:06 7471133    /lib/i386-linux-gnu/librt-2.15.so
b66ff000-b6700000 rw-p 00007000 08:06 7471133    /lib/i386-linux-gnu/librt-2.15.so
b6700000-b67f6000 rw-p 00000000 00:00 0 
b67f6000-b6800000 ---p 00000000 00:00 0 
b6800000-b6801000 r--s 00003000 08:06 6430681    /home/lizo/dev-tools/JBDS8-1/studio/plugins/org.eclipse.m2e.maven.runtime_1.5.1.20150109-1819/jars/takari-filemanager-0.7.0.jar
b6801000-b6803000 r--s 00001000 08:06 6430667    /home/lizo/dev-tools/JBDS8-1/studio/plugins/org.eclipse.m2e.maven.runtime_1.5.1.20150109-1819/jars/takari-local-repository-0.9.0.jar
b6803000-b6806000 r--s 0000a000 08:06 6430659    /home/lizo/dev-tools/JBDS8-1/studio/plugins/org.eclipse.m2e.maven.runtime_1.5.1.20150109-1819/jars/plexus-classworlds-2.5.1.jar
b6806000-b6807000 r--p 005e1000 08:06 6822382    /usr/lib/locale/locale-archive
b6807000-b680a000 ---p 00000000 00:00 0 
b680a000-b6858000 rw-p 00000000 00:00 0          [stack:9173]
b6858000-b6882000 r-xp 00000000 08:06 7471285    /lib/i386-linux-gnu/libm-2.15.so
b6882000-b6883000 r--p 00029000 08:06 7471285    /lib/i386-linux-gnu/libm-2.15.so
b6883000-b6884000 rw-p 0002a000 08:06 7471285    /lib/i386-linux-gnu/libm-2.15.so
b6884000-b710b000 r-xp 00000000 08:06 3146876    /usr/local/java/jdk1.7.0_76/jre/lib/i386/server/libjvm.so
b710b000-b7170000 rw-p 00886000 08:06 3146876    /usr/local/java/jdk1.7.0_76/jre/lib/i386/server/libjvm.so
b7170000-b7593000 rw-p 00000000 00:00 0 
b7593000-b7736000 r-xp 00000000 08:06 7471196    /lib/i386-linux-gnu/libc-2.15.so
b7736000-b7737000 ---p 001a3000 08:06 7471196    /lib/i386-linux-gnu/libc-2.15.so
b7737000-b7739000 r--p 001a3000 08:06 7471196    /lib/i386-linux-gnu/libc-2.15.so
b7739000-b773a000 rw-p 001a5000 08:06 7471196    /lib/i386-linux-gnu/libc-2.15.so
b773a000-b773d000 rw-p 00000000 00:00 0 
b773d000-b7740000 r-xp 00000000 08:06 7471255    /lib/i386-linux-gnu/libdl-2.15.so
b7740000-b7741000 r--p 00002000 08:06 7471255    /lib/i386-linux-gnu/libdl-2.15.so
b7741000-b7742000 rw-p 00003000 08:06 7471255    /lib/i386-linux-gnu/libdl-2.15.so
b7742000-b7743000 rw-p 00000000 00:00 0 
b7743000-b7756000 r-xp 00000000 08:06 3148168    /usr/local/java/jdk1.7.0_76/lib/i386/jli/libjli.so
b7756000-b7757000 rw-p 00012000 08:06 3148168    /usr/local/java/jdk1.7.0_76/lib/i386/jli/libjli.so
b7757000-b776e000 r-xp 00000000 08:06 7471202    /lib/i386-linux-gnu/libpthread-2.15.so
b776e000-b776f000 r--p 00016000 08:06 7471202    /lib/i386-linux-gnu/libpthread-2.15.so
b776f000-b7770000 rw-p 00017000 08:06 7471202    /lib/i386-linux-gnu/libpthread-2.15.so
b7770000-b7772000 rw-p 00000000 00:00 0 
b7772000-b777a000 rw-s 00000000 08:06 8524752    /tmp/hsperfdata_lizo/9167
b777a000-b777b000 rw-p 00000000 00:00 0 
b777b000-b777c000 ---p 00000000 00:00 0 
b777c000-b7787000 r-xp 00000000 08:06 3146881    /usr/local/java/jdk1.7.0_76/jre/lib/i386/libverify.so
b7787000-b7788000 rw-p 0000b000 08:06 3146881    /usr/local/java/jdk1.7.0_76/jre/lib/i386/libverify.so
b7788000-b778a000 rw-p 00000000 00:00 0 
b778a000-b778b000 r-xp 00000000 00:00 0          [vdso]
b778b000-b77ab000 r-xp 00000000 08:06 7471141    /lib/i386-linux-gnu/ld-2.15.so
b77ab000-b77ac000 r--p 0001f000 08:06 7471141    /lib/i386-linux-gnu/ld-2.15.so
b77ac000-b77ad000 rw-p 00020000 08:06 7471141    /lib/i386-linux-gnu/ld-2.15.so
bfe07000-bfe08000 rwxp 00000000 00:00 0 
bfe3a000-bfe5b000 rw-p 00000000 00:00 0          [stack]

VM Arguments:
jvm_args: -Dmaven.home=EMBEDDED -Dclassworlds.conf=/home/lizo/ICTDLab/.metadata/.plugins/org.eclipse.m2e.launching/launches/m2conf8266456671570240991.tmp -Dfile.encoding=UTF-8 
java_command: org.codehaus.plexus.classworlds.launcher.Launcher -B install
Launcher Type: SUN_STANDARD

Environment Variables:
PATH=/usr/lib/lightdm/lightdm:/usr/local/sbin:/usr/local/bin:/usr/sbin:/usr/bin:/sbin:/bin:/usr/games
SHELL=/bin/bash
DISPLAY=:0.0

Signal Handlers:
SIGSEGV: [libjvm.so+0x7eb660], sa_mask[0]=0x7ffbfeff, sa_flags=0x10000004
SIGBUS: [libjvm.so+0x7eb660], sa_mask[0]=0x7ffbfeff, sa_flags=0x10000004
SIGFPE: [libjvm.so+0x6835c0], sa_mask[0]=0x7ffbfeff, sa_flags=0x10000004
SIGPIPE: [libjvm.so+0x6835c0], sa_mask[0]=0x7ffbfeff, sa_flags=0x10000004
SIGXFSZ: [libjvm.so+0x6835c0], sa_mask[0]=0x7ffbfeff, sa_flags=0x10000004
SIGILL: [libjvm.so+0x6835c0], sa_mask[0]=0x7ffbfeff, sa_flags=0x10000004
SIGUSR1: SIG_DFL, sa_mask[0]=0x00000000, sa_flags=0x00000000
SIGUSR2: [libjvm.so+0x684dc0], sa_mask[0]=0x00000004, sa_flags=0x10000004
SIGHUP: [libjvm.so+0x6860f0], sa_mask[0]=0x7ffbfeff, sa_flags=0x10000004
SIGINT: [libjvm.so+0x6860f0], sa_mask[0]=0x7ffbfeff, sa_flags=0x10000004
SIGTERM: [libjvm.so+0x6860f0], sa_mask[0]=0x7ffbfeff, sa_flags=0x10000004
SIGQUIT: [libjvm.so+0x6860f0], sa_mask[0]=0x7ffbfeff, sa_flags=0x10000004


---------------  S Y S T E M  ---------------

OS:wheezy/sid

uname:Linux 3.13.0-46-generic #77~precise1-Ubuntu SMP Mon Mar 2 23:25:21 UTC 2015 i686
libc:glibc 2.15 NPTL 2.15 
rlimit: STACK 8192k, CORE 0k, NPROC 31591, NOFILE 4096, AS infinity
load average:2,36 1,23 0,97

/proc/meminfo:
MemTotal:        4062756 kB
MemFree:          235168 kB
Buffers:             192 kB
Cached:           220092 kB
SwapCached:            0 kB
Active:          3506128 kB
Inactive:         212280 kB
Active(anon):    3501328 kB
Inactive(anon):   197088 kB
Active(file):       4800 kB
Inactive(file):    15192 kB
Unevictable:          16 kB
Mlocked:              16 kB
HighTotal:       3214088 kB
HighFree:          72500 kB
LowTotal:         848668 kB
LowFree:          162668 kB
SwapTotal:             0 kB
SwapFree:              0 kB
Dirty:                16 kB
Writeback:             0 kB
AnonPages:       3498212 kB
Mapped:           117872 kB
Shmem:            200220 kB
Slab:              47880 kB
SReclaimable:      22864 kB
SUnreclaim:        25016 kB
KernelStack:        6648 kB
PageTables:        19420 kB
NFS_Unstable:          0 kB
Bounce:              988 kB
WritebackTmp:          0 kB
CommitLimit:     2031376 kB
Committed_AS:    7139008 kB
VmallocTotal:     122880 kB
VmallocUsed:       17352 kB
VmallocChunk:     102740 kB
HardwareCorrupted:     0 kB
AnonHugePages:   2361344 kB
HugePages_Total:       0
HugePages_Free:        0
HugePages_Rsvd:        0
HugePages_Surp:        0
Hugepagesize:       2048 kB
DirectMap4k:       28664 kB
DirectMap2M:      884736 kB


CPU:total 4 (2 cores per cpu, 2 threads per core) family 6 model 42 stepping 7, cmov, cx8, fxsr, mmx, sse, sse2, sse3, ssse3, sse4.1, sse4.2, popcnt, avx, aes, ht, tsc, tscinvbit

/proc/cpuinfo:
processor	: 0
vendor_id	: GenuineIntel
cpu family	: 6
model		: 42
model name	: Intel(R) Core(TM) i5-2430M CPU @ 2.40GHz
stepping	: 7
microcode	: 0x14
cpu MHz		: 2401.000
cache size	: 3072 KB
physical id	: 0
siblings	: 4
core id		: 0
cpu cores	: 2
apicid		: 0
initial apicid	: 0
fdiv_bug	: no
f00f_bug	: no
coma_bug	: no
fpu		: yes
fpu_exception	: yes
cpuid level	: 13
wp		: yes
flags		: fpu vme de pse tsc msr pae mce cx8 apic sep mtrr pge mca cmov pat pse36 clflush dts acpi mmx fxsr sse sse2 ss ht tm pbe nx rdtscp lm constant_tsc arch_perfmon pebs bts xtopology nonstop_tsc aperfmperf eagerfpu pni pclmulqdq dtes64 monitor ds_cpl vmx est tm2 ssse3 cx16 xtpr pdcm pcid sse4_1 sse4_2 x2apic popcnt tsc_deadline_timer aes xsave avx lahf_lm ida arat epb xsaveopt pln pts dtherm tpr_shadow vnmi flexpriority ept vpid
bogomips	: 4789.14
clflush size	: 64
cache_alignment	: 64
address sizes	: 36 bits physical, 48 bits virtual
power management:

processor	: 1
vendor_id	: GenuineIntel
cpu family	: 6
model		: 42
model name	: Intel(R) Core(TM) i5-2430M CPU @ 2.40GHz
stepping	: 7
microcode	: 0x14
cpu MHz		: 2401.000
cache size	: 3072 KB
physical id	: 0
siblings	: 4
core id		: 0
cpu cores	: 2
apicid		: 1
initial apicid	: 1
fdiv_bug	: no
f00f_bug	: no
coma_bug	: no
fpu		: yes
fpu_exception	: yes
cpuid level	: 13
wp		: yes
flags		: fpu vme de pse tsc msr pae mce cx8 apic sep mtrr pge mca cmov pat pse36 clflush dts acpi mmx fxsr sse sse2 ss ht tm pbe nx rdtscp lm constant_tsc arch_perfmon pebs bts xtopology nonstop_tsc aperfmperf eagerfpu pni pclmulqdq dtes64 monitor ds_cpl vmx est tm2 ssse3 cx16 xtpr pdcm pcid sse4_1 sse4_2 x2apic popcnt tsc_deadline_timer aes xsave avx lahf_lm ida arat epb xsaveopt pln pts dtherm tpr_shadow vnmi flexpriority ept vpid
bogomips	: 4789.14
clflush size	: 64
cache_alignment	: 64
address sizes	: 36 bits physical, 48 bits virtual
power management:

processor	: 2
vendor_id	: GenuineIntel
cpu family	: 6
model		: 42
model name	: Intel(R) Core(TM) i5-2430M CPU @ 2.40GHz
stepping	: 7
microcode	: 0x14
cpu MHz		: 2401.000
cache size	: 3072 KB
physical id	: 0
siblings	: 4
core id		: 1
cpu cores	: 2
apicid		: 2
initial apicid	: 2
fdiv_bug	: no
f00f_bug	: no
coma_bug	: no
fpu		: yes
fpu_exception	: yes
cpuid level	: 13
wp		: yes
flags		: fpu vme de pse tsc msr pae mce cx8 apic sep mtrr pge mca cmov pat pse36 clflush dts acpi mmx fxsr sse sse2 ss ht tm pbe nx rdtscp lm constant_tsc arch_perfmon pebs bts xtopology nonstop_tsc aperfmperf eagerfpu pni pclmulqdq dtes64 monitor ds_cpl vmx est tm2 ssse3 cx16 xtpr pdcm pcid sse4_1 sse4_2 x2apic popcnt tsc_deadline_timer aes xsave avx lahf_lm ida arat epb xsaveopt pln pts dtherm tpr_shadow vnmi flexpriority ept vpid
bogomips	: 4789.14
clflush size	: 64
cache_alignment	: 64
address sizes	: 36 bits physical, 48 bits virtual
power management:

processor	: 3
vendor_id	: GenuineIntel
cpu family	: 6
model		: 42
model name	: Intel(R) Core(TM) i5-2430M CPU @ 2.40GHz
stepping	: 7
microcode	: 0x14
cpu MHz		: 2401.000
cache size	: 3072 KB
physical id	: 0
siblings	: 4
core id		: 1
cpu cores	: 2
apicid		: 3
initial apicid	: 3
fdiv_bug	: no
f00f_bug	: no
coma_bug	: no
fpu		: yes
fpu_exception	: yes
cpuid level	: 13
wp		: yes
flags		: fpu vme de pse tsc msr pae mce cx8 apic sep mtrr pge mca cmov pat pse36 clflush dts acpi mmx fxsr sse sse2 ss ht tm pbe nx rdtscp lm constant_tsc arch_perfmon pebs bts xtopology nonstop_tsc aperfmperf eagerfpu pni pclmulqdq dtes64 monitor ds_cpl vmx est tm2 ssse3 cx16 xtpr pdcm pcid sse4_1 sse4_2 x2apic popcnt tsc_deadline_timer aes xsave avx lahf_lm ida arat epb xsaveopt pln pts dtherm tpr_shadow vnmi flexpriority ept vpid
bogomips	: 4789.14
clflush size	: 64
cache_alignment	: 64
address sizes	: 36 bits physical, 48 bits virtual
power management:



Memory: 4k page, physical 4062756k(235168k free), swap 0k(0k free)

vm_info: Java HotSpot(TM) Server VM (24.76-b04) for linux-x86 JRE (1.7.0_76-b13), built on Dec 18 2014 17:29:38 by "java_re" with gcc 4.3.0 20080428 (Red Hat 4.3.0-8)

time: Thu Jul 28 21:13:58 2016
elapsed time: 24 seconds

