#
# There is insufficient memory for the Java Runtime Environment to continue.
# Native memory allocation (malloc) failed to allocate 19922944 bytes for committing reserved memory.
# Possible reasons:
#   The system is out of physical RAM or swap space
#   In 32 bit mode, the process size limit was hit
# Possible solutions:
#   Reduce memory load on the system
#   Increase physical memory or swap space
#   Check if swap backing store is full
#   Use 64 bit Java on a 64 bit OS
#   Decrease Java heap size (-Xmx/-Xms)
#   Decrease number of Java threads
#   Decrease Java thread stack sizes (-Xss)
#   Set larger code cache with -XX:ReservedCodeCacheSize=
# This output file may be truncated or incomplete.
#
#  Out of Memory Error (os_linux.cpp:2756), pid=8002, tid=3062168384
#
# JRE version:  (7.0_76-b13) (build )
# Java VM: Java HotSpot(TM) Server VM (24.76-b04 mixed mode linux-x86 )
# Failed to write core dump. Core dumps have been disabled. To enable core dumping, try "ulimit -c unlimited" before starting Java again
#

---------------  T H R E A D  ---------------

Current thread (0xb6607400):  JavaThread "Unknown thread" [_thread_in_vm, id=8009, stack(0xb67ff000,0xb6850000)]

Stack: [0xb67ff000,0xb6850000],  sp=0xb684eb10,  free space=318k
Native frames: (J=compiled Java code, j=interpreted, Vv=VM code, C=native code)
V  [libjvm.so+0x7eab56]  VMError::report_and_die()+0x1a6
V  [libjvm.so+0x33e222]  report_vm_out_of_memory(char const*, int, unsigned int, char const*)+0x72
V  [libjvm.so+0x686a41]  os::Linux::commit_memory_impl(char*, unsigned int, bool)+0xe1
V  [libjvm.so+0x686f08]  os::pd_commit_memory(char*, unsigned int, unsigned int, bool)+0x28
V  [libjvm.so+0x68064c]  os::commit_memory(char*, unsigned int, unsigned int, bool)+0x2c
V  [libjvm.so+0x6eaed8]  PSVirtualSpace::expand_by(unsigned int)+0x48
V  [libjvm.so+0x6ebc24]  PSYoungGen::initialize_virtual_space(ReservedSpace, unsigned int)+0x54
V  [libjvm.so+0x6ec475]  PSYoungGen::initialize(ReservedSpace, unsigned int)+0x25
V  [libjvm.so+0x187dca]  AdjoiningGenerations::AdjoiningGenerations(ReservedSpace, unsigned int, unsigned int, unsigned int, unsigned int, unsigned int, unsigned int, unsigned int)+0x27a
V  [libjvm.so+0x6a6604]  ParallelScavengeHeap::initialize()+0x3b4
V  [libjvm.so+0x7bd6f4]  Universe::initialize_heap()+0xa4
V  [libjvm.so+0x7bed25]  universe_init()+0x55
V  [libjvm.so+0x4518d5]  init_globals()+0x55
V  [libjvm.so+0x7a78f0]  Threads::create_vm(JavaVMInitArgs*, bool*)+0x200
V  [libjvm.so+0x4c469c]  JNI_CreateJavaVM+0x5c
C  [libjli.so+0x2668]  JavaMain+0x98
C  [libpthread.so.0+0x6d4c]  start_thread+0xcc


---------------  P R O C E S S  ---------------

Java Threads: ( => current thread )

Other Threads:

=>0xb6607400 (exited) JavaThread "Unknown thread" [_thread_in_vm, id=8009, stack(0xb67ff000,0xb6850000)]

VM state:not at safepoint (not fully initialized)

VM Mutex/Monitor currently owned by a thread: None

GC Heap History (0 events):
No events

Deoptimization events (0 events):
No events

Internal exceptions (0 events):
No events

Events (0 events):
No events


Dynamic libraries:
08048000-08049000 r-xp 00000000 08:06 3148208    /usr/local/java/jdk1.7.0_76/bin/java
08049000-0804a000 rw-p 00000000 08:06 3148208    /usr/local/java/jdk1.7.0_76/bin/java
09107000-09128000 rw-p 00000000 00:00 0          [heap]
76558000-7673f000 rw-p 00000000 00:00 0 
7673f000-76740000 rw-p 00000000 00:00 0 
76740000-a05c0000 rw-p 00000000 00:00 0 
a16a4000-a18c0000 rw-p 00000000 00:00 0 
a18c0000-b3540000 rw-p 00000000 00:00 0 
b3540000-b3549000 rw-p 00000000 00:00 0 
b3549000-b3600000 rw-p 00000000 00:00 0 
b3600000-b3840000 rwxp 00000000 00:00 0 
b3840000-b6621000 rw-p 00000000 00:00 0 
b6621000-b6700000 ---p 00000000 00:00 0 
b6769000-b6780000 r-xp 00000000 08:06 3146877    /usr/local/java/jdk1.7.0_76/jre/lib/i386/libzip.so
b6780000-b6781000 rw-p 00017000 08:06 3146877    /usr/local/java/jdk1.7.0_76/jre/lib/i386/libzip.so
b6781000-b678c000 r-xp 00000000 08:06 7471296    /lib/i386-linux-gnu/libnss_files-2.15.so
b678c000-b678d000 r--p 0000a000 08:06 7471296    /lib/i386-linux-gnu/libnss_files-2.15.so
b678d000-b678e000 rw-p 0000b000 08:06 7471296    /lib/i386-linux-gnu/libnss_files-2.15.so
b678e000-b6798000 r-xp 00000000 08:06 7471151    /lib/i386-linux-gnu/libnss_nis-2.15.so
b6798000-b6799000 r--p 00009000 08:06 7471151    /lib/i386-linux-gnu/libnss_nis-2.15.so
b6799000-b679a000 rw-p 0000a000 08:06 7471151    /lib/i386-linux-gnu/libnss_nis-2.15.so
b679a000-b67b0000 r-xp 00000000 08:06 7471288    /lib/i386-linux-gnu/libnsl-2.15.so
b67b0000-b67b1000 r--p 00015000 08:06 7471288    /lib/i386-linux-gnu/libnsl-2.15.so
b67b1000-b67b2000 rw-p 00016000 08:06 7471288    /lib/i386-linux-gnu/libnsl-2.15.so
b67b2000-b67b4000 rw-p 00000000 00:00 0 
b67b4000-b67bb000 r-xp 00000000 08:06 7471146    /lib/i386-linux-gnu/libnss_compat-2.15.so
b67bb000-b67bc000 r--p 00006000 08:06 7471146    /lib/i386-linux-gnu/libnss_compat-2.15.so
b67bc000-b67bd000 rw-p 00007000 08:06 7471146    /lib/i386-linux-gnu/libnss_compat-2.15.so
b67ca000-b67d2000 rw-s 00000000 08:06 8526492    /tmp/hsperfdata_lizo/8002
b67d2000-b67f5000 r-xp 00000000 08:06 3146891    /usr/local/java/jdk1.7.0_76/jre/lib/i386/libjava.so
b67f5000-b67f6000 rw-p 00023000 08:06 3146891    /usr/local/java/jdk1.7.0_76/jre/lib/i386/libjava.so
b67f6000-b67fd000 r-xp 00000000 08:06 7471133    /lib/i386-linux-gnu/librt-2.15.so
b67fd000-b67fe000 r--p 00006000 08:06 7471133    /lib/i386-linux-gnu/librt-2.15.so
b67fe000-b67ff000 rw-p 00007000 08:06 7471133    /lib/i386-linux-gnu/librt-2.15.so
b67ff000-b6802000 ---p 00000000 00:00 0 
b6802000-b6850000 rw-p 00000000 00:00 0          [stack:8009]
b6850000-b687a000 r-xp 00000000 08:06 7471285    /lib/i386-linux-gnu/libm-2.15.so
b687a000-b687b000 r--p 00029000 08:06 7471285    /lib/i386-linux-gnu/libm-2.15.so
b687b000-b687c000 rw-p 0002a000 08:06 7471285    /lib/i386-linux-gnu/libm-2.15.so
b687c000-b7103000 r-xp 00000000 08:06 3146876    /usr/local/java/jdk1.7.0_76/jre/lib/i386/server/libjvm.so
b7103000-b7168000 rw-p 00886000 08:06 3146876    /usr/local/java/jdk1.7.0_76/jre/lib/i386/server/libjvm.so
b7168000-b758b000 rw-p 00000000 00:00 0 
b758b000-b772e000 r-xp 00000000 08:06 7471196    /lib/i386-linux-gnu/libc-2.15.so
b772e000-b772f000 ---p 001a3000 08:06 7471196    /lib/i386-linux-gnu/libc-2.15.so
b772f000-b7731000 r--p 001a3000 08:06 7471196    /lib/i386-linux-gnu/libc-2.15.so
b7731000-b7732000 rw-p 001a5000 08:06 7471196    /lib/i386-linux-gnu/libc-2.15.so
b7732000-b7735000 rw-p 00000000 00:00 0 
b7735000-b7738000 r-xp 00000000 08:06 7471255    /lib/i386-linux-gnu/libdl-2.15.so
b7738000-b7739000 r--p 00002000 08:06 7471255    /lib/i386-linux-gnu/libdl-2.15.so
b7739000-b773a000 rw-p 00003000 08:06 7471255    /lib/i386-linux-gnu/libdl-2.15.so
b773a000-b774d000 r-xp 00000000 08:06 3148168    /usr/local/java/jdk1.7.0_76/lib/i386/jli/libjli.so
b774d000-b774e000 rw-p 00012000 08:06 3148168    /usr/local/java/jdk1.7.0_76/lib/i386/jli/libjli.so
b774e000-b774f000 rw-p 00000000 00:00 0 
b774f000-b7766000 r-xp 00000000 08:06 7471202    /lib/i386-linux-gnu/libpthread-2.15.so
b7766000-b7767000 r--p 00016000 08:06 7471202    /lib/i386-linux-gnu/libpthread-2.15.so
b7767000-b7768000 rw-p 00017000 08:06 7471202    /lib/i386-linux-gnu/libpthread-2.15.so
b7768000-b776a000 rw-p 00000000 00:00 0 
b776e000-b7772000 rw-p 00000000 00:00 0 
b7772000-b7773000 r--p 00000000 00:00 0 
b7773000-b777e000 r-xp 00000000 08:06 3146881    /usr/local/java/jdk1.7.0_76/jre/lib/i386/libverify.so
b777e000-b777f000 rw-p 0000b000 08:06 3146881    /usr/local/java/jdk1.7.0_76/jre/lib/i386/libverify.so
b777f000-b7781000 rw-p 00000000 00:00 0 
b7781000-b7782000 r-xp 00000000 00:00 0          [vdso]
b7782000-b77a2000 r-xp 00000000 08:06 7471141    /lib/i386-linux-gnu/ld-2.15.so
b77a2000-b77a3000 r--p 0001f000 08:06 7471141    /lib/i386-linux-gnu/ld-2.15.so
b77a3000-b77a4000 rw-p 00020000 08:06 7471141    /lib/i386-linux-gnu/ld-2.15.so
bfdcb000-bfdcc000 rwxp 00000000 00:00 0 
bfdfe000-bfe1f000 rw-p 00000000 00:00 0          [stack]

VM Arguments:
jvm_args: -Dfile.encoding=UTF-8 
java_command: ClietTests
Launcher Type: SUN_STANDARD

Environment Variables:
PATH=/usr/lib/lightdm/lightdm:/usr/local/sbin:/usr/local/bin:/usr/sbin:/usr/bin:/sbin:/bin:/usr/games
LD_LIBRARY_PATH=/usr/local/java/jdk1.7.0_76/jre/lib/i386/server:/usr/local/java/jdk1.7.0_76/jre/lib/i386:/usr/local/java/jdk1.7.0_76/jre/../lib/i386:/usr/local/java/jdk1.7.0_76/jre/lib/i386/client:/usr/local/java/jdk1.7.0_76/jre/lib/i386:
SHELL=/bin/bash
DISPLAY=:0.0

Signal Handlers:
SIGSEGV: [libjvm.so+0x7eb660], sa_mask[0]=0x7ffbfeff, sa_flags=0x10000004
SIGBUS: [libjvm.so+0x7eb660], sa_mask[0]=0x7ffbfeff, sa_flags=0x10000004
SIGFPE: [libjvm.so+0x6835c0], sa_mask[0]=0x7ffbfeff, sa_flags=0x10000004
SIGPIPE: [libjvm.so+0x6835c0], sa_mask[0]=0x7ffbfeff, sa_flags=0x10000004
SIGXFSZ: [libjvm.so+0x6835c0], sa_mask[0]=0x7ffbfeff, sa_flags=0x10000004
SIGILL: [libjvm.so+0x6835c0], sa_mask[0]=0x7ffbfeff, sa_flags=0x10000004
SIGUSR1: SIG_DFL, sa_mask[0]=0x00000000, sa_flags=0x00000000
SIGUSR2: [libjvm.so+0x684dc0], sa_mask[0]=0x00000004, sa_flags=0x10000004
SIGHUP: SIG_DFL, sa_mask[0]=0x00000000, sa_flags=0x00000000
SIGINT: SIG_DFL, sa_mask[0]=0x00000000, sa_flags=0x00000000
SIGTERM: SIG_DFL, sa_mask[0]=0x00000000, sa_flags=0x00000000
SIGQUIT: SIG_DFL, sa_mask[0]=0x00000000, sa_flags=0x00000000


---------------  S Y S T E M  ---------------

OS:wheezy/sid

uname:Linux 3.13.0-46-generic #77~precise1-Ubuntu SMP Mon Mar 2 23:25:21 UTC 2015 i686
libc:glibc 2.15 NPTL 2.15 
rlimit: STACK 8192k, CORE 0k, NPROC 28952, NOFILE 4096, AS infinity
load average:9.63 2.99 1.64

/proc/meminfo:
MemTotal:        3724992 kB
MemFree:          215896 kB
Buffers:             492 kB
Cached:            25280 kB
SwapCached:            0 kB
Active:          3370556 kB
Inactive:          22712 kB
Active(anon):    3368408 kB
Inactive(anon):     5740 kB
Active(file):       2148 kB
Inactive(file):    16972 kB
Unevictable:           0 kB
Mlocked:               0 kB
HighTotal:       2866480 kB
HighFree:          58708 kB
LowTotal:         858512 kB
LowFree:          157188 kB
SwapTotal:             0 kB
SwapFree:              0 kB
Dirty:               268 kB
Writeback:             0 kB
AnonPages:       3367572 kB
Mapped:             8932 kB
Shmem:              6576 kB
Slab:              48516 kB
SReclaimable:      21000 kB
SUnreclaim:        27516 kB
KernelStack:       14480 kB
PageTables:        18364 kB
NFS_Unstable:          0 kB
Bounce:               60 kB
WritebackTmp:          0 kB
CommitLimit:     1862496 kB
Committed_AS:   10557020 kB
VmallocTotal:     122880 kB
VmallocUsed:       22852 kB
VmallocChunk:      91532 kB
HardwareCorrupted:     0 kB
AnonHugePages:   2332672 kB
HugePages_Total:       0
HugePages_Free:        0
HugePages_Rsvd:        0
HugePages_Surp:        0
Hugepagesize:       2048 kB
DirectMap4k:       22520 kB
DirectMap2M:      890880 kB


CPU:total 2 (2 cores per cpu, 1 threads per core) family 20 model 2 stepping 0, cmov, cx8, fxsr, mmx, sse, sse2, sse3, ssse3, popcnt, mmxext, lzcnt, sse4a, tsc, tscinvbit, tscinv

/proc/cpuinfo:
processor	: 0
vendor_id	: AuthenticAMD
cpu family	: 20
model		: 2
model name	: AMD E-450 APU with Radeon(tm) HD Graphics
stepping	: 0
microcode	: 0x5000101
cpu MHz		: 825.000
cache size	: 512 KB
physical id	: 0
siblings	: 2
core id		: 0
cpu cores	: 2
apicid		: 0
initial apicid	: 0
fdiv_bug	: no
f00f_bug	: no
coma_bug	: no
fpu		: yes
fpu_exception	: yes
cpuid level	: 6
wp		: yes
flags		: fpu vme de pse tsc msr pae mce cx8 apic sep mtrr pge mca cmov pat pse36 clflush mmx fxsr sse sse2 ht syscall nx mmxext fxsr_opt pdpe1gb rdtscp lm constant_tsc nonstop_tsc extd_apicid aperfmperf pni monitor ssse3 cx16 popcnt lahf_lm cmp_legacy svm extapic cr8_legacy abm sse4a misalignsse 3dnowprefetch ibs skinit wdt arat hw_pstate npt lbrv svm_lock nrip_save pausefilter vmmcall
bogomips	: 3292.97
clflush size	: 64
cache_alignment	: 64
address sizes	: 36 bits physical, 48 bits virtual
power management: ts ttp tm stc 100mhzsteps hwpstate

processor	: 1
vendor_id	: AuthenticAMD
cpu family	: 20
model		: 2
model name	: AMD E-450 APU with Radeon(tm) HD Graphics
stepping	: 0
microcode	: 0x5000101
cpu MHz		: 825.000
cache size	: 512 KB
physical id	: 0
siblings	: 2
core id		: 1
cpu cores	: 2
apicid		: 1
initial apicid	: 1
fdiv_bug	: no
f00f_bug	: no
coma_bug	: no
fpu		: yes
fpu_exception	: yes
cpuid level	: 6
wp		: yes
flags		: fpu vme de pse tsc msr pae mce cx8 apic sep mtrr pge mca cmov pat pse36 clflush mmx fxsr sse sse2 ht syscall nx mmxext fxsr_opt pdpe1gb rdtscp lm constant_tsc nonstop_tsc extd_apicid aperfmperf pni monitor ssse3 cx16 popcnt lahf_lm cmp_legacy svm extapic cr8_legacy abm sse4a misalignsse 3dnowprefetch ibs skinit wdt arat hw_pstate npt lbrv svm_lock nrip_save pausefilter vmmcall
bogomips	: 3292.97
clflush size	: 64
cache_alignment	: 64
address sizes	: 36 bits physical, 48 bits virtual
power management: ts ttp tm stc 100mhzsteps hwpstate



Memory: 4k page, physical 3724992k(215772k free), swap 0k(0k free)

vm_info: Java HotSpot(TM) Server VM (24.76-b04) for linux-x86 JRE (1.7.0_76-b13), built on Dec 18 2014 17:29:38 by "java_re" with gcc 4.3.0 20080428 (Red Hat 4.3.0-8)

time: Sun Jan 10 19:09:17 2016
elapsed time: 16 seconds

