#
# There is insufficient memory for the Java Runtime Environment to continue.
# Native memory allocation (malloc) failed to allocate 130547712 bytes for committing reserved memory.
# Possible reasons:
#   The system is out of physical RAM or swap space
#   In 32 bit mode, the process size limit was hit
# Possible solutions:
#   Reduce memory load on the system
#   Increase physical memory or swap space
#   Check if swap backing store is full
#   Use 64 bit Java on a 64 bit OS
#   Decrease Java heap size (-Xmx/-Xms)
#   Decrease number of Java threads
#   Decrease Java thread stack sizes (-Xss)
#   Set larger code cache with -XX:ReservedCodeCacheSize=
# This output file may be truncated or incomplete.
#
#  Out of Memory Error (os_linux.cpp:2756), pid=5455, tid=1847589696
#
# JRE version: Java(TM) SE Runtime Environment (7.0_76-b13) (build 1.7.0_76-b13)
# Java VM: Java HotSpot(TM) Server VM (24.76-b04 mixed mode linux-x86 )
# Failed to write core dump. Core dumps have been disabled. To enable core dumping, try "ulimit -c unlimited" before starting Java again
#

---------------  T H R E A D  ---------------

Current thread (0x6e280c00):  VMThread [stack: 0x6e17f000,0x6e200000] [id=5467]

Stack: [0x6e17f000,0x6e200000],  sp=0x6e1fe930,  free space=510k
Native frames: (J=compiled Java code, j=interpreted, Vv=VM code, C=native code)
V  [libjvm.so+0x7eab56]  VMError::report_and_die()+0x1a6
V  [libjvm.so+0x33e222]  report_vm_out_of_memory(char const*, int, unsigned int, char const*)+0x72
V  [libjvm.so+0x686a41]  os::Linux::commit_memory_impl(char*, unsigned int, bool)+0xe1
V  [libjvm.so+0x686f08]  os::pd_commit_memory(char*, unsigned int, unsigned int, bool)+0x28
V  [libjvm.so+0x68064c]  os::commit_memory(char*, unsigned int, unsigned int, bool)+0x2c
V  [libjvm.so+0x6eaed8]  PSVirtualSpace::expand_by(unsigned int)+0x48
V  [libjvm.so+0x6ebfda]  PSYoungGen::resize_generation(unsigned int, unsigned int)+0xda
V  [libjvm.so+0x6eb319]  PSYoungGen::resize(unsigned int, unsigned int)+0x19
V  [libjvm.so+0x6e8c49]  PSScavenge::invoke_no_policy()+0xcf9
V  [libjvm.so+0x6e94a8]  PSScavenge::invoke()+0x28
V  [libjvm.so+0x6a702a]  ParallelScavengeHeap::failed_mem_allocate(unsigned int)+0x5a
V  [libjvm.so+0x7ec3ea]  VM_ParallelGCFailedAllocation::doit()+0x7a
V  [libjvm.so+0x7f5207]  VM_Operation::evaluate()+0x47
V  [libjvm.so+0x7f32a3]  VMThread::evaluate_operation(VM_Operation*)+0xb3
V  [libjvm.so+0x7f3640]  VMThread::loop()+0x1b0
V  [libjvm.so+0x7f3aa5]  VMThread::run()+0x85
V  [libjvm.so+0x688d19]  java_start(Thread*)+0x119
C  [libpthread.so.0+0x6d4c]  start_thread+0xcc

VM_Operation (0xb682e254): ParallelGCFailedAllocation, mode: safepoint, requested by thread 0xb660fc00


---------------  P R O C E S S  ---------------

Java Threads: ( => current thread )
  0x6c1b5000 JavaThread "GC Daemon" daemon [_thread_blocked, id=5477, stack(0x6d0af000,0x6d100000)]
  0x6ce7cc00 JavaThread "Abandoned connection cleanup thread" daemon [_thread_blocked, id=5476, stack(0x6d038000,0x6d089000)]
  0x6d368c00 JavaThread "ReaderThread" [_thread_in_native, id=5475, stack(0x6d454000,0x6d4a5000)]
  0x6e29b000 JavaThread "Service Thread" daemon [_thread_blocked, id=5473, stack(0x6df2e000,0x6df7f000)]
  0x6e299000 JavaThread "C2 CompilerThread1" daemon [_thread_blocked, id=5472, stack(0x6db7f000,0x6dc00000)]
  0x6e297000 JavaThread "C2 CompilerThread0" daemon [_thread_blocked, id=5471, stack(0x6df7f000,0x6e000000)]
  0x6e295800 JavaThread "Signal Dispatcher" daemon [_thread_blocked, id=5470, stack(0x6e12e000,0x6e17f000)]
  0x6e284c00 JavaThread "Finalizer" daemon [_thread_blocked, id=5469, stack(0x70b2e000,0x70b7f000)]
  0x6e283400 JavaThread "Reference Handler" daemon [_thread_blocked, id=5468, stack(0x70d2e000,0x70d7f000)]
  0xb660fc00 JavaThread "main" [_thread_blocked, id=5462, stack(0xb67e2000,0xb6833000)]

Other Threads:
=>0x6e280c00 VMThread [stack: 0x6e17f000,0x6e200000] [id=5467]
  0x6e2ad400 WatcherThread [stack: 0x6dafe000,0x6db7f000] [id=5474]

VM state:at safepoint (normal execution)

VM Mutex/Monitor currently owned by a thread:  ([mutex/lock_event])
[0xb660d3a0] Threads_lock - owner thread: 0x6e280c00
[0xb660d7b0] Heap_lock - owner thread: 0xb660fc00

Heap
 PSYoungGen      total 137728K, used 8695K [0x9ea80000, 0xa7c80000, 0xb3540000)
  eden space 127488K, 0% used [0x9ea80000,0x9ea80000,0xa6700000)
  from space 10240K, 84% used [0xa7280000,0xa7afdde0,0xa7c80000)
  to   space 7680K, 0% used [0xa6700000,0xa6700000,0xa6e80000)
 ParOldGen       total 42240K, used 10533K [0x75540000, 0x77e80000, 0x9ea80000)
  object space 42240K, 24% used [0x75540000,0x75f89428,0x77e80000)
 PSPermGen       total 38144K, used 24614K [0x71540000, 0x73a80000, 0x75540000)
  object space 38144K, 64% used [0x71540000,0x72d49ab8,0x73a80000)

Card table byte_map: [0x7132f000,0x71540000] byte_map_base: 0x70fa4600

Polling page: 0xb7756000

Code Cache  [0xb3600000, 0xb3840000, 0xb6600000)
 total_blobs=548 nmethods=393 adapters=108 free_code_cache=48097Kb largest_free_block=49221696

Compilation events (10 events):
Event: 5,220 Thread 0x6e297000 nmethod 407 0xb366b148 code [0xb366b2e0, 0xb366b758]
Event: 5,403 Thread 0x6e299000  408             java.net.URLStreamHandler::getDefaultPort (2 bytes)
Event: 5,403 Thread 0x6e299000 nmethod 408 0xb366c288 code [0xb366c360, 0xb366c3b0]
Event: 5,422 Thread 0x6e297000  409             java.util.ArrayList::<init> (12 bytes)
Event: 5,422 Thread 0x6e297000 nmethod 409 0xb366c108 code [0xb366c200, 0xb366c250]
Event: 5,447 Thread 0x6e299000  410  s!         sun.misc.URLClassPath::getLoader (154 bytes)
Event: 5,465 Thread 0x6e299000 nmethod 410 0xb3674bc8 code [0xb3674e00, 0xb3675b2c]
Event: 5,720 Thread 0x6e297000  411             java.util.LinkedHashMap::get (25 bytes)
Event: 5,725 Thread 0x6e297000 nmethod 411 0xb3674588 code [0xb36746c0, 0xb36748f0]
Event: 5,999 Thread 0x6e299000  412   !         sun.misc.URLClassPath$JarLoader::getResource (353 bytes)

GC Heap History (10 events):
Event: 1,220 GC heap after
Heap after GC invocations=4 (full 0):
 PSYoungGen      total 67072K, used 2551K [0x9ea80000, 0xa2e80000, 0xb3540000)
  eden space 64512K, 0% used [0x9ea80000,0x9ea80000,0xa2980000)
  from space 2560K, 99% used [0xa2c00000,0xa2e7de98,0xa2e80000)
  to   space 2560K, 0% used [0xa2980000,0xa2980000,0xa2c00000)
 ParOldGen       total 42240K, used 3094K [0x75540000, 0x77e80000, 0x9ea80000)
  object space 42240K, 7% used [0x75540000,0x75845920,0x77e80000)
 PSPermGen       total 16384K, used 9202K [0x71540000, 0x72540000, 0x75540000)
  object space 16384K, 56% used [0x71540000,0x71e3cb80,0x72540000)
}
Event: 1,761 GC heap before
{Heap before GC invocations=5 (full 0):
 PSYoungGen      total 67072K, used 67063K [0x9ea80000, 0xa2e80000, 0xb3540000)
  eden space 64512K, 100% used [0x9ea80000,0xa2980000,0xa2980000)
  from space 2560K, 99% used [0xa2c00000,0xa2e7de98,0xa2e80000)
  to   space 2560K, 0% used [0xa2980000,0xa2980000,0xa2c00000)
 ParOldGen       total 42240K, used 3094K [0x75540000, 0x77e80000, 0x9ea80000)
  object space 42240K, 7% used [0x75540000,0x75845920,0x77e80000)
 PSPermGen       total 16384K, used 12067K [0x71540000, 0x72540000, 0x75540000)
  object space 16384K, 73% used [0x71540000,0x72108f00,0x72540000)
Event: 1,770 GC heap after
Heap after GC invocations=5 (full 0):
 PSYoungGen      total 67072K, used 2559K [0x9ea80000, 0xa7480000, 0xb3540000)
  eden space 64512K, 0% used [0x9ea80000,0x9ea80000,0xa2980000)
  from space 2560K, 99% used [0xa2980000,0xa2bffcf8,0xa2c00000)
  to   space 6144K, 0% used [0xa6e80000,0xa6e80000,0xa7480000)
 ParOldGen       total 42240K, used 5969K [0x75540000, 0x77e80000, 0x9ea80000)
  object space 42240K, 14% used [0x75540000,0x75b14708,0x77e80000)
 PSPermGen       total 16384K, used 12067K [0x71540000, 0x72540000, 0x75540000)
  object space 16384K, 73% used [0x71540000,0x72108f00,0x72540000)
}
Event: 2,457 GC heap before
{Heap before GC invocations=6 (full 0):
 PSYoungGen      total 67072K, used 67071K [0x9ea80000, 0xa7480000, 0xb3540000)
  eden space 64512K, 100% used [0x9ea80000,0xa2980000,0xa2980000)
  from space 2560K, 99% used [0xa2980000,0xa2bffcf8,0xa2c00000)
  to   space 6144K, 0% used [0xa6e80000,0xa6e80000,0xa7480000)
 ParOldGen       total 42240K, used 5969K [0x75540000, 0x77e80000, 0x9ea80000)
  object space 42240K, 14% used [0x75540000,0x75b14708,0x77e80000)
 PSPermGen       total 16384K, used 15852K [0x71540000, 0x72540000, 0x75540000)
  object space 16384K, 96% used [0x71540000,0x724bb340,0x72540000)
Event: 2,467 GC heap after
Heap after GC invocations=6 (full 0):
 PSYoungGen      total 133632K, used 6130K [0x9ea80000, 0xa7780000, 0xb3540000)
  eden space 127488K, 0% used [0x9ea80000,0x9ea80000,0xa6700000)
  from space 6144K, 99% used [0xa6e80000,0xa747c838,0xa7480000)
  to   space 7680K, 0% used [0xa6700000,0xa6700000,0xa6e80000)
 ParOldGen       total 42240K, used 7265K [0x75540000, 0x77e80000, 0x9ea80000)
  object space 42240K, 17% used [0x75540000,0x75c584a0,0x77e80000)
 PSPermGen       total 16384K, used 15852K [0x71540000, 0x72540000, 0x75540000)
  object space 16384K, 96% used [0x71540000,0x724bb340,0x72540000)
}
Event: 3,510 GC heap before
{Heap before GC invocations=7 (full 0):
 PSYoungGen      total 133632K, used 106435K [0x9ea80000, 0xa7780000, 0xb3540000)
  eden space 127488K, 78% used [0x9ea80000,0xa4c745c0,0xa6700000)
  from space 6144K, 99% used [0xa6e80000,0xa747c838,0xa7480000)
  to   space 7680K, 0% used [0xa6700000,0xa6700000,0xa6e80000)
 ParOldGen       total 42240K, used 7265K [0x75540000, 0x77e80000, 0x9ea80000)
  object space 42240K, 17% used [0x75540000,0x75c584a0,0x77e80000)
 PSPermGen       total 19200K, used 19030K [0x71540000, 0x72800000, 0x75540000)
  object space 19200K, 99% used [0x71540000,0x727d5b80,0x72800000)
Event: 3,540 GC heap after
Heap after GC invocations=7 (full 0):
 PSYoungGen      total 135168K, used 7679K [0x9ea80000, 0xa7c80000, 0xb3540000)
  eden space 127488K, 0% used [0x9ea80000,0x9ea80000,0xa6700000)
  from space 7680K, 99% used [0xa6700000,0xa6e7feb8,0xa6e80000)
  to   space 10240K, 0% used [0xa7280000,0xa7280000,0xa7c80000)
 ParOldGen       total 42240K, used 9511K [0x75540000, 0x77e80000, 0x9ea80000)
  object space 42240K, 22% used [0x75540000,0x75e89e30,0x77e80000)
 PSPermGen       total 19200K, used 19030K [0x71540000, 0x72800000, 0x75540000)
  object space 19200K, 99% used [0x71540000,0x727d5b80,0x72800000)
}
Event: 3,540 GC heap before
{Heap before GC invocations=8 (full 1):
 PSYoungGen      total 135168K, used 7679K [0x9ea80000, 0xa7c80000, 0xb3540000)
  eden space 127488K, 0% used [0x9ea80000,0x9ea80000,0xa6700000)
  from space 7680K, 99% used [0xa6700000,0xa6e7feb8,0xa6e80000)
  to   space 10240K, 0% used [0xa7280000,0xa7280000,0xa7c80000)
 ParOldGen       total 42240K, used 9511K [0x75540000, 0x77e80000, 0x9ea80000)
  object space 42240K, 22% used [0x75540000,0x75e89e30,0x77e80000)
 PSPermGen       total 19200K, used 19030K [0x71540000, 0x72800000, 0x75540000)
  object space 19200K, 99% used [0x71540000,0x727d5b80,0x72800000)
Event: 3,629 GC heap after
Heap after GC invocations=8 (full 1):
 PSYoungGen      total 135168K, used 0K [0x9ea80000, 0xa7c80000, 0xb3540000)
  eden space 127488K, 0% used [0x9ea80000,0x9ea80000,0xa6700000)
  from space 7680K, 0% used [0xa6700000,0xa6700000,0xa6e80000)
  to   space 10240K, 0% used [0xa7280000,0xa7280000,0xa7c80000)
 ParOldGen       total 42240K, used 10533K [0x75540000, 0x77e80000, 0x9ea80000)
  object space 42240K, 24% used [0x75540000,0x75f89428,0x77e80000)
 PSPermGen       total 38144K, used 19020K [0x71540000, 0x73a80000, 0x75540000)
  object space 38144K, 49% used [0x71540000,0x727d30a8,0x73a80000)
}
Event: 6,028 GC heap before
{Heap before GC invocations=9 (full 1):
 PSYoungGen      total 135168K, used 127488K [0x9ea80000, 0xa7c80000, 0xb3540000)
  eden space 127488K, 100% used [0x9ea80000,0xa6700000,0xa6700000)
  from space 7680K, 0% used [0xa6700000,0xa6700000,0xa6e80000)
  to   space 10240K, 0% used [0xa7280000,0xa7280000,0xa7c80000)
 ParOldGen       total 42240K, used 10533K [0x75540000, 0x77e80000, 0x9ea80000)
  object space 42240K, 24% used [0x75540000,0x75f89428,0x77e80000)
 PSPermGen       total 38144K, used 24614K [0x71540000, 0x73a80000, 0x75540000)
  object space 38144K, 64% used [0x71540000,0x72d49ab8,0x73a80000)

Deoptimization events (10 events):
Event: 4,448 Thread 0xb660fc00 Uncommon trap: reason=unreached action=reinterpret pc=0xb368c470 method=java.util.HashMap.put(Ljava/lang/Object;Ljava/lang/Object;)Ljava/lang/Object; @ 19
Event: 4,519 Thread 0xb660fc00 Uncommon trap: reason=unreached action=reinterpret pc=0xb36544c8 method=java.util.HashMap.getEntry(Ljava/lang/Object;)Ljava/util/HashMap$Entry; @ 10
Event: 4,599 Thread 0xb660fc00 Uncommon trap: reason=predicate action=maybe_recompile pc=0xb36f209c method=java.util.TreeMap.put(Ljava/lang/Object;Ljava/lang/Object;)Ljava/lang/Object; @ 58
Event: 4,645 Thread 0xb660fc00 Uncommon trap: reason=unreached action=reinterpret pc=0xb367c994 method=java.lang.Class$MethodArray.addIfNotPresent(Ljava/lang/reflect/Method;)V @ 19
Event: 5,091 Thread 0xb660fc00 Uncommon trap: reason=class_check action=maybe_recompile pc=0xb3708b44 method=java.lang.ClassLoader.loadClass(Ljava/lang/String;Z)Ljava/lang/Class; @ 38
Event: 5,091 Thread 0xb660fc00 Uncommon trap: reason=class_check action=maybe_recompile pc=0xb3708b44 method=java.lang.ClassLoader.loadClass(Ljava/lang/String;Z)Ljava/lang/Class; @ 38
Event: 5,099 Thread 0xb660fc00 Uncommon trap: reason=class_check action=maybe_recompile pc=0xb3708b44 method=java.lang.ClassLoader.loadClass(Ljava/lang/String;Z)Ljava/lang/Class; @ 38
Event: 5,110 Thread 0xb660fc00 Uncommon trap: reason=class_check action=maybe_recompile pc=0xb3708b44 method=java.lang.ClassLoader.loadClass(Ljava/lang/String;Z)Ljava/lang/Class; @ 38
Event: 5,686 Thread 0xb660fc00 Uncommon trap: reason=unreached action=reinterpret pc=0xb365cacc method=java.util.HashMap.get(Ljava/lang/Object;)Ljava/lang/Object; @ 1
Event: 5,743 Thread 0xb660fc00 Uncommon trap: reason=bimorphic action=maybe_recompile pc=0xb37057d4 method=java.net.URL.<init>(Ljava/net/URL;Ljava/lang/String;Ljava/net/URLStreamHandler;)V @ 504

Internal exceptions (10 events):
Event: 6,008 Thread 0xb660fc00 Threw 0xa666a100 at /HUDSON/workspace/7u-2-build-linux-i586/jdk7u76/1941/hotspot/src/share/vm/prims/jvm.cpp:1304
Event: 6,008 Thread 0xb660fc00 Threw 0xa6679250 at /HUDSON/workspace/7u-2-build-linux-i586/jdk7u76/1941/hotspot/src/share/vm/prims/jvm.cpp:1304
Event: 6,024 Thread 0xb660fc00 Threw 0xa66892e8 at /HUDSON/workspace/7u-2-build-linux-i586/jdk7u76/1941/hotspot/src/share/vm/prims/jvm.cpp:1304
Event: 6,025 Thread 0xb660fc00 Threw 0xa6695978 at /HUDSON/workspace/7u-2-build-linux-i586/jdk7u76/1941/hotspot/src/share/vm/prims/jvm.cpp:1304
Event: 6,025 Thread 0xb660fc00 Threw 0xa66a3720 at /HUDSON/workspace/7u-2-build-linux-i586/jdk7u76/1941/hotspot/src/share/vm/prims/jvm.cpp:1304
Event: 6,026 Thread 0xb660fc00 Threw 0xa66b3678 at /HUDSON/workspace/7u-2-build-linux-i586/jdk7u76/1941/hotspot/src/share/vm/prims/jvm.cpp:1304
Event: 6,026 Thread 0xb660fc00 Threw 0xa66c19a8 at /HUDSON/workspace/7u-2-build-linux-i586/jdk7u76/1941/hotspot/src/share/vm/prims/jvm.cpp:1304
Event: 6,027 Thread 0xb660fc00 Threw 0xa66d18a0 at /HUDSON/workspace/7u-2-build-linux-i586/jdk7u76/1941/hotspot/src/share/vm/prims/jvm.cpp:1304
Event: 6,028 Thread 0xb660fc00 Threw 0xa66df998 at /HUDSON/workspace/7u-2-build-linux-i586/jdk7u76/1941/hotspot/src/share/vm/prims/jvm.cpp:1304
Event: 6,028 Thread 0xb660fc00 Threw 0xa66f04f0 at /HUDSON/workspace/7u-2-build-linux-i586/jdk7u76/1941/hotspot/src/share/vm/prims/jvm.cpp:1304

Events (10 events):
Event: 6,026 loading class 0x6ce4cf10 done
Event: 6,026 loading class 0x6c5d4b18
Event: 6,026 loading class 0x6c5d4b18 done
Event: 6,027 loading class 0x6ce4ce88
Event: 6,027 loading class 0x6ce4ce88 done
Event: 6,027 loading class 0x6d193ba8
Event: 6,028 loading class 0x6d193ba8 done
Event: 6,028 loading class 0x6d198ca8
Event: 6,028 loading class 0x6d198ca8 done
Event: 6,028 Executing VM operation: ParallelGCFailedAllocation


Dynamic libraries:
08048000-08049000 r-xp 00000000 08:06 3148208    /usr/local/java/jdk1.7.0_76/bin/java
08049000-0804a000 rw-p 00000000 08:06 3148208    /usr/local/java/jdk1.7.0_76/bin/java
099df000-09a8f000 rw-p 00000000 00:00 0          [heap]
6bf00000-6bf26000 rw-p 00000000 00:00 0 
6bf26000-6c000000 ---p 00000000 00:00 0 
6c100000-6c300000 rw-p 00000000 00:00 0 
6c300000-6c3fd000 rw-p 00000000 00:00 0 
6c3fd000-6c400000 ---p 00000000 00:00 0 
6c400000-6c500000 rw-p 00000000 00:00 0 
6c500000-6c5ff000 rw-p 00000000 00:00 0 
6c5ff000-6c600000 ---p 00000000 00:00 0 
6c700000-6c7ff000 rw-p 00000000 00:00 0 
6c7ff000-6c800000 ---p 00000000 00:00 0 
6c800000-6c8fe000 rw-p 00000000 00:00 0 
6c8fe000-6c900000 ---p 00000000 00:00 0 
6c900000-6c9fd000 rw-p 00000000 00:00 0 
6c9fd000-6ca00000 ---p 00000000 00:00 0 
6ca00000-6cb00000 rw-p 00000000 00:00 0 
6cb00000-6cbff000 rw-p 00000000 00:00 0 
6cbff000-6cc00000 ---p 00000000 00:00 0 
6ccc5000-6ccf8000 r-xp 00000000 08:06 3146868    /usr/local/java/jdk1.7.0_76/jre/lib/i386/libsunec.so
6ccf8000-6ccfc000 rw-p 00032000 08:06 3146868    /usr/local/java/jdk1.7.0_76/jre/lib/i386/libsunec.so
6ccfc000-6cd00000 rw-p 00000000 00:00 0 
6cd00000-6cdfe000 rw-p 00000000 00:00 0 
6cdfe000-6ce00000 ---p 00000000 00:00 0 
6ce00000-6cf00000 rw-p 00000000 00:00 0 
6cf00000-6cff9000 rw-p 00000000 00:00 0 
6cff9000-6d000000 ---p 00000000 00:00 0 
6d038000-6d03b000 ---p 00000000 00:00 0 
6d03b000-6d089000 rw-p 00000000 00:00 0          [stack:5476]
6d091000-6d0ad000 r-xp 00000000 08:06 7471289    /lib/i386-linux-gnu/libgcc_s.so.1
6d0ad000-6d0ae000 r--p 0001b000 08:06 7471289    /lib/i386-linux-gnu/libgcc_s.so.1
6d0ae000-6d0af000 rw-p 0001c000 08:06 7471289    /lib/i386-linux-gnu/libgcc_s.so.1
6d0af000-6d0b2000 ---p 00000000 00:00 0 
6d0b2000-6d100000 rw-p 00000000 00:00 0          [stack:5477]
6d100000-6d1f8000 rw-p 00000000 00:00 0 
6d1f8000-6d200000 ---p 00000000 00:00 0 
6d200000-6d2fb000 rw-p 00000000 00:00 0 
6d2fb000-6d300000 ---p 00000000 00:00 0 
6d300000-6d400000 rw-p 00000000 00:00 0 
6d427000-6d42b000 r--s 000f7000 08:06 3146789    /usr/local/java/jdk1.7.0_76/jre/lib/ext/localedata.jar
6d42b000-6d42f000 r--s 0002d000 08:06 3146790    /usr/local/java/jdk1.7.0_76/jre/lib/ext/sunjce_provider.jar
6d42f000-6d430000 r--s 00003000 08:06 3146837    /usr/local/java/jdk1.7.0_76/jre/lib/ext/sunec.jar
6d430000-6d434000 r--s 00037000 08:06 3146787    /usr/local/java/jdk1.7.0_76/jre/lib/ext/sunpkcs11.jar
6d434000-6d442000 r-xp 00000000 08:06 3146859    /usr/local/java/jdk1.7.0_76/jre/lib/i386/libnio.so
6d442000-6d443000 rw-p 0000e000 08:06 3146859    /usr/local/java/jdk1.7.0_76/jre/lib/i386/libnio.so
6d443000-6d44d000 r--s 00251000 08:06 3146962    /usr/local/java/jdk1.7.0_76/jre/lib/resources.jar
6d44d000-6d450000 r--s 00019000 08:06 3146925    /usr/local/java/jdk1.7.0_76/jre/lib/jce.jar
6d450000-6d454000 r--s 0008b000 08:06 3147040    /usr/local/java/jdk1.7.0_76/jre/lib/jsse.jar
6d454000-6d457000 ---p 00000000 00:00 0 
6d457000-6d4a5000 rw-p 00000000 00:00 0          [stack:5475]
6d4a5000-6d4ba000 r-xp 00000000 08:06 3146922    /usr/local/java/jdk1.7.0_76/jre/lib/i386/libnet.so
6d4ba000-6d4bb000 rw-p 00014000 08:06 3146922    /usr/local/java/jdk1.7.0_76/jre/lib/i386/libnet.so
6d4bb000-6d4bf000 r--s 00027000 08:06 2097707    /home/lizo/.m2/repository/com/google/code/gson/gson/1.7.1/gson-1.7.1.jar
6d4bf000-6d4c1000 r--s 00006000 08:06 2113369    /home/lizo/.m2/repository/org/apache/camel/camel-stream/2.15.1/camel-stream-2.15.1.jar
6d4c1000-6d4c7000 r--s 00045000 08:06 2110575    /home/lizo/.m2/repository/org/apache/camel/camel-spring/2.15.1/camel-spring-2.15.1.jar
6d4c7000-6d4c9000 r--s 00003000 08:06 2098814    /home/lizo/.m2/repository/org/apache/geronimo/specs/geronimo-j2ee-management_1.1_spec/1.0.1/geronimo-j2ee-management_1.1_spec-1.0.1.jar
6d4c9000-6d4cb000 r--s 0000b000 08:06 2497101    /home/lizo/.m2/repository/org/fusesource/hawtbuf/hawtbuf/1.11/hawtbuf-1.11.jar
6d4cb000-6d4e0000 r--s 0010c000 08:06 2233139    /home/lizo/.m2/repository/org/apache/activemq/activemq-client/5.11.1/activemq-client-5.11.1.jar
6d4e0000-6d4e2000 r--s 00006000 08:06 2098860    /home/lizo/.m2/repository/org/apache/geronimo/specs/geronimo-jms_1.1_spec/1.1.1/geronimo-jms_1.1_spec-1.1.1.jar
6d4e2000-6d4ef000 r--s 0009b000 08:06 2233166    /home/lizo/.m2/repository/org/apache/activemq/activemq-openwire-legacy/5.11.1/activemq-openwire-legacy-5.11.1.jar
6d4ef000-6d500000 r--s 000f4000 08:06 2233164    /home/lizo/.m2/repository/org/apache/activemq/activemq-broker/5.11.1/activemq-broker-5.11.1.jar
6d500000-6d5ff000 rw-p 00000000 00:00 0 
6d5ff000-6d600000 ---p 00000000 00:00 0 
6d600000-6d601000 r--s 00003000 08:06 2097780    /home/lizo/.m2/repository/com/googlecode/json-simple/json-simple/1.1/json-simple-1.1.jar
6d601000-6d603000 r--s 0000b000 08:06 2233110    /home/lizo/.m2/repository/org/apache/activemq/activemq-jms-pool/5.11.1/activemq-jms-pool-5.11.1.jar
6d603000-6d604000 r--s 00004000 08:06 2233108    /home/lizo/.m2/repository/org/apache/activemq/activemq-pool/5.11.1/activemq-pool-5.11.1.jar
6d604000-6d607000 r--s 00019000 08:06 2621557    /home/lizo/.m2/repository/commons-pool/commons-pool/1.6/commons-pool-1.6.jar
6d607000-6d609000 r--s 00002000 08:06 2098844    /home/lizo/.m2/repository/org/apache/geronimo/specs/geronimo-jta_1.0.1B_spec/1.0.1/geronimo-jta_1.0.1B_spec-1.0.1.jar
6d609000-6d60d000 r--s 0001d000 08:06 2113360    /home/lizo/.m2/repository/org/apache/xbean/xbean-spring/3.18/xbean-spring-3.18.jar
6d60d000-6d60f000 r--s 00027000 08:06 2233106    /home/lizo/.m2/repository/org/apache/activemq/activemq-spring/5.11.1/activemq-spring-5.11.1.jar
6d60f000-6d611000 r--s 0000c000 08:06 2233104    /home/lizo/.m2/repository/org/apache/activemq/activemq-camel/5.11.1/activemq-camel-5.11.1.jar
6d611000-6d618000 r--s 0003f000 08:06 2496982    /home/lizo/.m2/repository/org/springframework/spring-messaging/4.1.5.RELEASE/spring-messaging-4.1.5.RELEASE.jar
6d618000-6d61e000 r--s 0003c000 08:06 2492425    /home/lizo/.m2/repository/org/springframework/spring-jms/4.1.5.RELEASE/spring-jms-4.1.5.RELEASE.jar
6d61e000-6d622000 r--s 00022000 08:06 2110588    /home/lizo/.m2/repository/org/apache/camel/camel-jms/2.15.1/camel-jms-2.15.1.jar
6d622000-6d659000 r--s 002c5000 08:06 2100909    /home/lizo/.m2/repository/org/apache/camel/camel-core/2.15.1/camel-core-2.15.1.jar
6d659000-6d66b000 r--s 000ee000 08:06 2097300    /home/lizo/.m2/repository/com/sun/xml/bind/jaxb-impl/2.2.11/jaxb-impl-2.2.11.jar
6d66b000-6d671000 r--s 00038000 08:06 2097292    /home/lizo/.m2/repository/com/sun/xml/bind/jaxb-core/2.2.11/jaxb-core-2.2.11.jar
6d671000-6d673000 r--s 00018000 08:06 2233075    /home/lizo/.m2/repository/org/apache/cxf/cxf-rt-databinding-jaxb/3.0.4/cxf-rt-databinding-jaxb-3.0.4.jar
6d673000-6d677000 r--s 0002a000 08:06 2097156    /home/lizo/.m2/repository/wsdl4j/wsdl4j/1.6.3/wsdl4j-1.6.3.jar
6d677000-6d679000 r--s 00028000 08:06 2233073    /home/lizo/.m2/repository/org/apache/cxf/cxf-rt-wsdl/3.0.4/cxf-rt-wsdl-3.0.4.jar
6d679000-6d67d000 r--s 00027000 08:06 2233071    /home/lizo/.m2/repository/org/apache/cxf/cxf-rt-bindings-soap/3.0.4/cxf-rt-bindings-soap-3.0.4.jar
6d67d000-6d67e000 r--s 00008000 08:06 2233069    /home/lizo/.m2/repository/org/apache/cxf/cxf-rt-features-clustering/3.0.4/cxf-rt-features-clustering-3.0.4.jar
6d67e000-6d67f000 r--s 0000a000 08:06 2495638    /home/lizo/.m2/repository/net/oauth/core/oauth/20100527/oauth-20100527.jar
6d67f000-6d682000 r--s 00023000 08:06 2233067    /home/lizo/.m2/repository/org/apache/cxf/cxf-rt-rs-client/3.0.4/cxf-rt-rs-client-3.0.4.jar
6d682000-6d685000 r--s 0000e000 08:06 2233065    /home/lizo/.m2/repository/org/apache/cxf/cxf-rt-rs-security-oauth/3.0.4/cxf-rt-rs-security-oauth-3.0.4.jar
6d685000-6d687000 r--s 00010000 08:06 2098595    /home/lizo/.m2/repository/org/apache/neethi/neethi/3.0.3/neethi-3.0.3.jar
6d687000-6d68b000 r--s 00030000 08:06 2233063    /home/lizo/.m2/repository/org/apache/cxf/cxf-rt-ws-policy/3.0.4/cxf-rt-ws-policy-3.0.4.jar
6d68b000-6d68d000 r--s 00011000 08:06 2233061    /home/lizo/.m2/repository/org/apache/cxf/cxf-rt-ws-addr/3.0.4/cxf-rt-ws-addr-3.0.4.jar
6d68d000-6d690000 r--s 00016000 08:06 2233059    /home/lizo/.m2/repository/org/apache/cxf/cxf-rt-frontend-simple/3.0.4/cxf-rt-frontend-simple-3.0.4.jar
6d690000-6d692000 r--s 00008000 08:06 2233057    /home/lizo/.m2/repository/org/apache/cxf/cxf-rt-bindings-xml/3.0.4/cxf-rt-bindings-xml-3.0.4.jar
6d692000-6d694000 r--s 00013000 08:06 2097170    /home/lizo/.m2/repository/xml-resolver/xml-resolver/1.2/xml-resolver-1.2.jar
6d694000-6d699000 r--s 0004f000 08:06 2233046    /home/lizo/.m2/repository/org/apache/cxf/cxf-rt-frontend-jaxws/3.0.4/cxf-rt-frontend-jaxws-3.0.4.jar
6d699000-6d69e000 r--s 0004a000 08:06 2233044    /home/lizo/.m2/repository/org/apache/cxf/cxf-rt-transports-http/3.0.4/cxf-rt-transports-http-3.0.4.jar
6d69e000-6d6a2000 r--s 00019000 08:06 2495453    /home/lizo/.m2/repository/javax/ws/rs/javax.ws.rs-api/2.0.1/javax.ws.rs-api-2.0.1.jar
6d6a2000-6d6a6000 r--s 00026000 08:06 2101442    /home/lizo/.m2/repository/org/apache/ws/xmlschema/xmlschema-core/2.2.1/xmlschema-core-2.2.1.jar
6d6a6000-6d6aa000 r--s 00024000 08:06 2490426    /home/lizo/.m2/repository/org/codehaus/woodstox/stax2-api/3.1.4/stax2-api-3.1.4.jar
6d6aa000-6d6b0000 r--s 00071000 08:06 2490418    /home/lizo/.m2/repository/org/codehaus/woodstox/woodstox-core-asl/4.4.1/woodstox-core-asl-4.4.1.jar
6d6b0000-6d700000 r--s 00417000 08:06 2098093    /home/lizo/.m2/repository/org/hibernate/hibernate-core/4.2.1.Final/hibernate-core-4.2.1.Final.jar
6d700000-6d7e8000 rw-p 00000000 00:00 0 
6d7e8000-6d800000 ---p 00000000 00:00 0 
6d800000-6d900000 rw-p 00000000 00:00 0 
6d900000-6da00000 rw-p 00000000 00:00 0 
6da00000-6da01000 r--s 00002000 08:06 2495646    /home/lizo/.m2/repository/net/oauth/core/oauth-provider/20100527/oauth-provider-20100527.jar
6da01000-6da03000 r--s 00005000 08:06 2495409    /home/lizo/.m2/repository/javax/annotation/javax.annotation-api/1.2/javax.annotation-api-1.2.jar
6da03000-6da1b000 r--s 0012f000 08:06 2233042    /home/lizo/.m2/repository/org/apache/cxf/cxf-core/3.0.4/cxf-core-3.0.4.jar
6da1b000-6da23000 r--s 00089000 08:06 2233040    /home/lizo/.m2/repository/org/apache/cxf/cxf-rt-frontend-jaxrs/3.0.4/cxf-rt-frontend-jaxrs-3.0.4.jar
6da23000-6da25000 r--s 0000e000 08:06 2101352    /home/lizo/.m2/repository/org/apache/camel/camel-cxf-transport/2.15.1/camel-cxf-transport-2.15.1.jar
6da25000-6da29000 r--s 00032000 08:06 2110573    /home/lizo/.m2/repository/org/apache/camel/camel-cxf/2.15.1/camel-cxf-2.15.1.jar
6da29000-6da2b000 r--s 0000d000 08:06 2097594    /home/lizo/.m2/repository/com/fasterxml/classmate/1.0.0/classmate-1.0.0.jar
6da2b000-6da2f000 r--s 0000c000 08:06 2232223    /home/lizo/.m2/repository/javax/validation/validation-api/1.1.0.Final/validation-api-1.1.0.Final.jar
6da2f000-6da3d000 r--s 0008d000 08:06 2098343    /home/lizo/.m2/repository/org/hibernate/hibernate-validator/5.1.3.Final/hibernate-validator-5.1.3.Final.jar
6da3d000-6da47000 r--s 0005a000 08:06 2491084    /home/lizo/.m2/repository/org/springframework/spring-jdbc/3.2.8.RELEASE/spring-jdbc-3.2.8.RELEASE.jar
6da47000-6da4c000 r--s 00068000 08:06 2621463    /home/lizo/.m2/repository/antlr/antlr/2.7.7/antlr-2.7.7.jar
6da4c000-6da4f000 r--s 00011000 08:06 2098076    /home/lizo/.m2/repository/org/hibernate/common/hibernate-commons-annotations/4.0.1.Final/hibernate-commons-annotations-4.0.1.Final.jar
6da4f000-6da58000 r--s 00096000 08:06 2490735    /home/lizo/.m2/repository/org/javassist/javassist/3.15.0-GA/javassist-3.15.0-GA.jar
6da58000-6da5d000 r--s 00015000 08:06 2098104    /home/lizo/.m2/repository/org/hibernate/javax/persistence/hibernate-jpa-2.0-api/1.0.1.Final/hibernate-jpa-2.0-api-1.0.1.Final.jar
6da5d000-6da5f000 r--s 00005000 08:06 2363012    /home/lizo/.m2/repository/org/jboss/spec/javax/transaction/jboss-transaction-api_1.1_spec/1.0.1.Final/jboss-transaction-api_1.1_spec-1.0.1.Final.jar
6da5f000-6da64000 r--s 00048000 08:06 2495916    /home/lizo/.m2/repository/dom4j/dom4j/1.6.1/dom4j-1.6.1.jar
6da64000-6da66000 r--s 0000d000 08:06 2231752    /home/lizo/.m2/repository/org/jboss/logging/jboss-logging/3.1.0.GA/jboss-logging-3.1.0.GA.jar
6da66000-6da70000 r--s 0006d000 08:06 2098275    /home/lizo/.m2/repository/org/hibernate/hibernate-entitymanager/4.2.1.Final/hibernate-entitymanager-4.2.1.Final.jar
6da70000-6da72000 r--s 00000000 08:06 2495818    /home/lizo/.m2/repository/aopalliance/aopalliance/1.0/aopalliance-1.0.jar
6da72000-6da7a000 r--s 00034000 08:06 2491107    /home/lizo/.m2/repository/org/springframework/spring-tx/3.2.3.RELEASE/spring-tx-3.2.3.RELEASE.jar
6da7a000-6da82000 r--s 00039000 08:06 2491160    /home/lizo/.m2/repository/org/springframework/data/spring-data-commons-core/1.4.0.RELEASE/spring-data-commons-core-1.4.0.RELEASE.jar
6da82000-6da86000 r--s 00019000 08:06 2230442    /home/lizo/.m2/repository/org/aspectj/aspectjrt/1.6.12/aspectjrt-1.6.12.jar
6da86000-6da88000 r--s 00003000 08:06 2230426    /home/lizo/.m2/repository/org/slf4j/jcl-over-slf4j/1.6.1/jcl-over-slf4j-1.6.1.jar
6da88000-6da8a000 r--s 00005000 08:06 2230247    /home/lizo/.m2/repository/org/slf4j/slf4j-api/1.6.1/slf4j-api-1.6.1.jar
6da8a000-6da93000 r--s 00054000 08:06 2493964    /home/lizo/.m2/repository/org/springframework/spring-orm/3.1.2.RELEASE/spring-orm-3.1.2.RELEASE.jar
6da93000-6da97000 r--s 0001e000 08:06 2491170    /home/lizo/.m2/repository/org/springframework/data/spring-data-jpa/1.2.0.RELEASE/spring-data-jpa-1.2.0.RELEASE.jar
6da97000-6da99000 r--s 00025000 08:06 2101602    /home/lizo/.m2/repository/javax/servlet/servlet-api/2.5/servlet-api-2.5-sources.jar
6da99000-6da9c000 r--s 0000a000 08:06 2101654    /home/lizo/.m2/repository/javax/servlet/jsp/jsp-api/2.2/jsp-api-2.2.jar
6da9c000-6daa6000 r--s 0005c000 08:06 2101683    /home/lizo/.m2/repository/javax/servlet/jstl/1.2/jstl-1.2.jar
6daa6000-6dabb000 r--s 000e2000 08:06 2493678    /home/lizo/.m2/repository/org/springframework/spring-core/4.1.5.RELEASE/spring-core-4.1.5.RELEASE.jar
6dabb000-6dac4000 r--s 0004f000 08:06 2493100    /home/lizo/.m2/repository/org/springframework/spring-aop/4.1.5.RELEASE/spring-aop-4.1.5.RELEASE.jar
6dac4000-6dad4000 r--s 000a0000 08:06 2493039    /home/lizo/.m2/repository/org/springframework/spring-web/4.1.5.RELEASE/spring-web-4.1.5.RELEASE.jar
6dad4000-6dad9000 r--s 0003b000 08:06 2493914    /home/lizo/.m2/repository/org/springframework/spring-expression/4.1.5.RELEASE/spring-expression-4.1.5.RELEASE.jar
6dad9000-6daf1000 r--s 000e3000 08:06 2492776    /home/lizo/.m2/repository/org/springframework/spring-context/4.1.5.RELEASE/spring-context-4.1.5.RELEASE.jar
6daf1000-6dafe000 r--s 000a0000 08:06 2492382    /home/lizo/.m2/repository/org/springframework/spring-beans/4.1.5.RELEASE/spring-beans-4.1.5.RELEASE.jar
6dafe000-6daff000 ---p 00000000 00:00 0 
6daff000-6db7f000 rw-p 00000000 00:00 0          [stack:5474]
6db7f000-6db82000 ---p 00000000 00:00 0 
6db82000-6dc00000 rw-p 00000000 00:00 0          [stack:5472]
6dc00000-6de00000 r--p 00000000 08:06 6822382    /usr/lib/locale/locale-archive
6de00000-6de21000 rw-p 00000000 00:00 0 
6de21000-6df00000 ---p 00000000 00:00 0 
6df00000-6df02000 r--s 0000e000 08:06 1968886    /home/lizo/.m2/repository/commons-logging/commons-logging/1.2/commons-logging-1.2.jar
6df02000-6df11000 r--s 000b0000 08:06 2494327    /home/lizo/.m2/repository/org/springframework/spring-webmvc/4.1.5.RELEASE/spring-webmvc-4.1.5.RELEASE.jar
6df11000-6df1c000 r--s 00065000 08:06 2493011    /home/lizo/.m2/repository/org/springframework/spring-test/3.2.3.RELEASE/spring-test-3.2.3.RELEASE.jar
6df1c000-6df24000 r--s 00045000 08:06 2097937    /home/lizo/.m2/repository/junit/junit/4.12/junit-4.12.jar
6df24000-6df27000 r--s 0000c000 08:06 2363451    /home/lizo/.m2/repository/org/jboss/ws/jbossws-api/1.0.3.Final/jbossws-api-1.0.3.Final.jar
6df27000-6df2e000 r--s 00029000 08:06 2490390    /home/lizo/.m2/repository/org/codehaus/plexus/plexus-container-default/1.0-alpha-9-stable-1/plexus-container-default-1.0-alpha-9-stable-1.jar
6df2e000-6df31000 ---p 00000000 00:00 0 
6df31000-6df7f000 rw-p 00000000 00:00 0          [stack:5473]
6df7f000-6df82000 ---p 00000000 00:00 0 
6df82000-6e000000 rw-p 00000000 00:00 0          [stack:5471]
6e000000-6e0fe000 rw-p 00000000 00:00 0 
6e0fe000-6e100000 ---p 00000000 00:00 0 
6e100000-6e102000 r--s 00009000 08:06 2490766    /home/lizo/.m2/repository/org/hamcrest/hamcrest-core/1.3/hamcrest-core-1.3.jar
6e102000-6e104000 r--s 00002000 08:06 2099469    /home/lizo/.m2/repository/org/apache/maven/maven-plugin-api/2.2.1/maven-plugin-api-2.2.1.jar
6e104000-6e106000 r--s 00008000 08:06 2097218    /home/lizo/.m2/repository/classworlds/classworlds/1.1-alpha-2/classworlds-1.1-alpha-2.jar
6e106000-6e109000 r--s 00011000 08:06 2099957    /home/lizo/.m2/repository/org/apache/maven/maven-artifact/2.2.1/maven-artifact-2.2.1.jar
6e109000-6e10d000 r--s 00034000 08:06 2364782    /home/lizo/.m2/repository/org/codehaus/plexus/plexus-utils/1.5.15/plexus-utils-1.5.15.jar
6e10d000-6e10f000 r--s 0000b000 08:06 2364762    /home/lizo/.m2/repository/org/codehaus/plexus/plexus-interpolation/1.11/plexus-interpolation-1.11.jar
6e10f000-6e111000 r--s 00006000 08:06 2099112    /home/lizo/.m2/repository/org/apache/maven/maven-plugin-registry/2.2.1/maven-plugin-registry-2.2.1.jar
6e111000-6e119000 r--s 00049000 08:06 2621476    /home/lizo/.m2/repository/backport-util-concurrent/backport-util-concurrent/3.1/backport-util-concurrent-3.1.jar
6e119000-6e11b000 r--s 0000b000 08:06 2099323    /home/lizo/.m2/repository/org/apache/maven/wagon/wagon-provider-api/1.0-beta-6/wagon-provider-api-1.0-beta-6.jar
6e11b000-6e11d000 r--s 00005000 08:06 2098967    /home/lizo/.m2/repository/org/apache/maven/maven-repository-metadata/2.2.1/maven-repository-metadata-2.2.1.jar
6e11d000-6e11f000 r--s 0000f000 08:06 2099516    /home/lizo/.m2/repository/org/apache/maven/maven-artifact-manager/2.2.1/maven-artifact-manager-2.2.1.jar
6e11f000-6e121000 r--s 00014000 08:06 2099062    /home/lizo/.m2/repository/org/apache/maven/maven-model/2.2.1/maven-model-2.2.1.jar
6e121000-6e123000 r--s 00007000 08:06 2099904    /home/lizo/.m2/repository/org/apache/maven/maven-profile/2.2.1/maven-profile-2.2.1.jar
6e123000-6e127000 r--s 00023000 08:06 2100669    /home/lizo/.m2/repository/org/apache/maven/maven-project/2.2.1/maven-project-2.2.1.jar
6e127000-6e12e000 r--s 00053000 08:06 1968746    /home/lizo/.m2/repository/log4j/log4j/1.2.14/log4j-1.2.14.jar
6e12e000-6e131000 ---p 00000000 00:00 0 
6e131000-6e17f000 rw-p 00000000 00:00 0          [stack:5470]
6e17f000-6e180000 ---p 00000000 00:00 0 
6e180000-6e200000 rw-p 00000000 00:00 0          [stack:5467]
6e200000-6e2ff000 rw-p 00000000 00:00 0 
6e2ff000-6e300000 ---p 00000000 00:00 0 
6e300000-6e301000 r--s 0000a000 08:06 1968633    /home/lizo/.m2/repository/asm/asm/3.3.1/asm-3.3.1.jar
6e301000-6e302000 r--s 0000b000 08:06 2099821    /home/lizo/.m2/repository/org/apache/maven/maven-settings/2.2.1/maven-settings-2.2.1.jar
6e302000-6e303000 r--s 0000e000 08:06 2097226    /home/lizo/.m2/repository/gnu/getopt/java-getopt/1.0.13/java-getopt-1.0.13.jar
6e303000-6e308000 r--s 00019000 08:06 2363357    /home/lizo/.m2/repository/org/jboss/ws/jbossws-spi/2.2.0.Final/jbossws-spi-2.2.0.Final.jar
6e308000-6e30a000 r--s 00007000 08:06 2363516    /home/lizo/.m2/repository/org/jboss/ws/jbossws-common-tools/1.2.0.Final/jbossws-common-tools-1.2.0.Final.jar
6e30a000-6e30c000 r--s 00005000 08:06 2363467    /home/lizo/.m2/repository/org/jboss/ws/plugins/maven-jaxws-tools-plugin/1.1.2.Final/maven-jaxws-tools-plugin-1.1.2.Final.jar
6e30c000-6e313000 r--s 000c7000 08:06 4601645    /home/lizo/ICTDLab/mysql-connector-java-5.1.23-bin.jar
6e313000-6e315000 r--s 0000c000 08:06 3550010    /home/lizo/dev-tools/sts-bundle/sts-3.6.3.SR1/plugins/org.hamcrest.core_1.3.0.v201303031735.jar
6e315000-6e31b000 r--s 00036000 08:06 6561188    /home/lizo/dev-tools/sts-bundle/sts-3.6.3.SR1/plugins/org.junit_4.11.0.v201303080030/junit.jar
6e31b000-6e31e000 r--s 00011000 08:06 6832815    /home/lizo/dev-tools/Servers/wildfly-8.2.1.final/modules/system/layers/base/org/glassfish/javax/json/main/javax.json-1.0.3.jar
6e31e000-6e320000 r--s 00009000 08:06 5905851    /home/lizo/dev-tools/Servers/wildfly-8.2.1.final/modules/system/layers/base/javax/websocket/api/main/jboss-websocket-api_1.1_spec-1.1.0.Final.jar
6e320000-6e321000 r--s 00004000 08:06 5905830    /home/lizo/dev-tools/Servers/wildfly-8.2.1.final/modules/system/layers/base/javax/enterprise/concurrent/api/main/jboss-concurrency-api_1.0_spec-1.0.0.Final.jar
6e321000-6e4e0000 r--s 039f0000 08:06 3146820    /usr/local/java/jdk1.7.0_76/jre/lib/rt.jar
6e4e0000-70a00000 rw-p 00000000 00:00 0 
70a00000-70afe000 rw-p 00000000 00:00 0 
70afe000-70b00000 ---p 00000000 00:00 0 
70b00000-70b02000 r--s 00008000 08:06 5905849    /home/lizo/dev-tools/Servers/wildfly-8.2.1.final/modules/system/layers/base/javax/batch/api/main/jboss-batch-api_1.0_spec-1.0.0.Final.jar
70b02000-70b03000 r--s 00001000 08:06 7883611    /home/lizo/dev-tools/Servers/wildfly-8.2.1.final/modules/system/layers/base/org/jboss/ejb3/main/jboss-ejb3-ext-api-2.1.0.jar
70b03000-70b06000 r--s 0000f000 08:06 7883679    /home/lizo/dev-tools/Servers/wildfly-8.2.1.final/modules/system/layers/base/org/jboss/resteasy/resteasy-multipart-provider/main/resteasy-multipart-provider-3.0.10.Final.jar
70b06000-70b07000 r--s 00000000 08:06 7883710    /home/lizo/dev-tools/Servers/wildfly-8.2.1.final/modules/system/layers/base/org/jboss/resteasy/resteasy-multipart-provider/main/resteasy-multipart-provider-3.0.10.Final-jandex.jar
70b07000-70b18000 r--s 000ba000 08:06 7883680    /home/lizo/dev-tools/Servers/wildfly-8.2.1.final/modules/system/layers/base/org/jboss/resteasy/resteasy-jaxrs/main/resteasy-jaxrs-3.0.10.Final.jar
70b18000-70b1c000 r--s 0001f000 08:06 7883681    /home/lizo/dev-tools/Servers/wildfly-8.2.1.final/modules/system/layers/base/org/jboss/resteasy/resteasy-jaxrs/main/resteasy-client-3.0.10.Final.jar
70b1c000-70b2e000 r--s 000cf000 08:06 7751496    /home/lizo/dev-tools/Servers/wildfly-8.2.1.final/modules/system/layers/base/org/picketbox/main/picketbox-4.0.21.Final.jar
70b2e000-70b31000 ---p 00000000 00:00 0 
70b31000-70b7f000 rw-p 00000000 00:00 0          [stack:5469]
70b7f000-70b80000 ---p 00000000 00:00 0 
70b80000-70c00000 rw-p 00000000 00:00 0          [stack:5466]
70c00000-70c21000 rw-p 00000000 00:00 0 
70c21000-70d00000 ---p 00000000 00:00 0 
70d00000-70d01000 r--s 00003000 08:06 7883715    /home/lizo/dev-tools/Servers/wildfly-8.2.1.final/modules/system/layers/base/org/jboss/resteasy/resteasy-jaxrs/main/async-http-servlet-3.0-3.0.10.Final.jar
70d01000-70d03000 r--s 00010000 08:06 7883678    /home/lizo/dev-tools/Servers/wildfly-8.2.1.final/modules/system/layers/base/org/jboss/resteasy/resteasy-jaxb-provider/main/resteasy-jaxb-provider-3.0.10.Final.jar
70d03000-70d04000 r--s 00000000 08:06 7883708    /home/lizo/dev-tools/Servers/wildfly-8.2.1.final/modules/system/layers/base/org/jboss/resteasy/resteasy-jaxb-provider/main/resteasy-jaxb-provider-3.0.10.Final-jandex.jar
70d04000-70d06000 r--s 0000c000 08:06 7883578    /home/lizo/dev-tools/Servers/wildfly-8.2.1.final/modules/system/layers/base/org/jboss/logging/main/jboss-logging-3.1.4.GA.jar
70d06000-70d08000 r--s 00016000 08:06 8524670    /home/lizo/dev-tools/Servers/wildfly-8.2.1.final/modules/system/layers/base/org/jboss/dmr/main/jboss-dmr-1.2.0.Final.jar
70d08000-70d0e000 r--s 00027000 08:06 7481960    /home/lizo/dev-tools/Servers/wildfly-8.2.1.final/modules/system/layers/base/org/jboss/as/controller-client/main/wildfly-controller-client-8.2.1.Final.jar
70d0e000-70d0f000 r--s 00005000 08:06 7751497    /home/lizo/dev-tools/Servers/wildfly-8.2.1.final/modules/system/layers/base/org/picketbox/main/picketbox-infinispan-4.0.21.Final.jar
70d0f000-70d11000 r--s 00004000 08:06 7751498    /home/lizo/dev-tools/Servers/wildfly-8.2.1.final/modules/system/layers/base/org/picketbox/main/picketbox-commons-1.0.0.final.jar
70d11000-70d1f000 r--s 0008d000 08:06 7751492    /home/lizo/dev-tools/Servers/wildfly-8.2.1.final/modules/system/layers/base/org/hibernate/validator/main/hibernate-validator-5.1.3.Final.jar
70d1f000-70d22000 r--s 0000d000 08:06 7348527    /home/lizo/dev-tools/Servers/wildfly-8.2.1.final/modules/system/layers/base/javax/xml/ws/api/main/jboss-jaxws-api_2.2_spec-2.0.2.Final.jar
70d22000-70d24000 r--s 00007000 08:06 6167508    /home/lizo/dev-tools/Servers/wildfly-8.2.1.final/modules/system/layers/base/javax/xml/soap/api/main/jboss-saaj-api_1.3_spec-1.0.3.Final.jar
70d24000-70d26000 r--s 00008000 08:06 7751509    /home/lizo/dev-tools/Servers/wildfly-8.2.1.final/modules/system/layers/base/javax/xml/rpc/api/main/jboss-jaxrpc-api_1.1_spec-1.0.1.Final.jar
70d26000-70d2a000 r--s 0002a000 08:06 5905823    /home/lizo/dev-tools/Servers/wildfly-8.2.1.final/modules/system/layers/base/javax/wsdl4j/api/main/wsdl4j-1.6.3.jar
70d2a000-70d2e000 r--s 00017000 08:06 5905841    /home/lizo/dev-tools/Servers/wildfly-8.2.1.final/modules/system/layers/base/javax/ws/rs/api/main/jaxrs-api-3.0.10.Final.jar
70d2e000-70d31000 ---p 00000000 00:00 0 
70d31000-70d7f000 rw-p 00000000 00:00 0          [stack:5468]
70d7f000-70d80000 ---p 00000000 00:00 0 
70d80000-70e00000 rw-p 00000000 00:00 0          [stack:5465]
70e00000-70e21000 rw-p 00000000 00:00 0 
70e21000-70f00000 ---p 00000000 00:00 0 
70f00000-70f03000 r--s 00017000 08:06 5905824    /home/lizo/dev-tools/Servers/wildfly-8.2.1.final/modules/system/layers/base/javax/xml/bind/api/main/jboss-jaxb-api_2.2_spec-1.0.4.Final.jar
70f03000-70f07000 r--s 0000c000 08:06 5905836    /home/lizo/dev-tools/Servers/wildfly-8.2.1.final/modules/system/layers/base/javax/validation/api/main/validation-api-1.1.0.Final.jar
70f07000-70f10000 r--s 00063000 08:06 4731865    /home/lizo/dev-tools/Servers/wildfly-8.2.1.final/modules/system/layers/base/javax/servlet/jstl/api/main/jboss-jstl-api_1.2_spec-1.1.2.Final.jar
70f10000-70f13000 r--s 0000c000 08:06 4070385    /home/lizo/dev-tools/Servers/wildfly-8.2.1.final/modules/system/layers/base/javax/servlet/jsp/api/main/jboss-jsp-api_2.3_spec-1.0.1.Final.jar
70f13000-70f17000 r--s 0002b000 08:06 8264440    /home/lizo/dev-tools/Servers/wildfly-8.2.1.final/modules/system/layers/base/javax/servlet/api/main/jboss-servlet-api_3.1_spec-1.0.0.Final.jar
70f17000-70f2c000 r--s 000e6000 08:06 5383671    /home/lizo/dev-tools/Servers/wildfly-8.2.1.final/modules/system/layers/base/javax/rmi/api/main/jboss-rmi-api_1.0_spec-1.0.4.Final.jar
70f2c000-70f2f000 r--s 0000f000 08:06 7610747    /home/lizo/dev-tools/Servers/wildfly-8.2.1.final/modules/system/layers/base/javax/resource/api/main/jboss-connector-api_1.7_spec-1.0.0.Final.jar
70f2f000-70f34000 r--s 00017000 08:06 7213788    /home/lizo/dev-tools/Servers/wildfly-8.2.1.final/modules/system/layers/base/javax/persistence/api/main/hibernate-jpa-2.1-api-1.0.0.Final.jar
70f34000-70f7f000 rw-p 00000000 00:00 0 
70f7f000-70f80000 ---p 00000000 00:00 0 
70f80000-71000000 rw-p 00000000 00:00 0          [stack:5464]
71000000-71021000 rw-p 00000000 00:00 0 
71021000-71100000 ---p 00000000 00:00 0 
71100000-71108000 r--s 0007e000 08:06 5905842    /home/lizo/dev-tools/Servers/wildfly-8.2.1.final/modules/system/layers/base/javax/mail/api/main/javax.mail-1.5.1.jar
71108000-71163000 rw-p 00000000 00:00 0 
71163000-71164000 ---p 00000000 00:00 0 
71164000-711f9000 rw-p 00000000 00:00 0          [stack:5463]
711f9000-7132f000 rw-p 00000000 00:00 0 
7132f000-71342000 rw-p 00000000 00:00 0 
71342000-7134f000 rw-p 00000000 00:00 0 
7134f000-71364000 rw-p 00000000 00:00 0 
71364000-71499000 rw-p 00000000 00:00 0 
71499000-714e3000 rw-p 00000000 00:00 0 
714e3000-7153f000 rw-p 00000000 00:00 0 
7153f000-73a80000 rw-p 00000000 00:00 0 
73a80000-75540000 rw-p 00000000 00:00 0 
75540000-77e80000 rw-p 00000000 00:00 0 
77e80000-9ea80000 rw-p 00000000 00:00 0 
9ea80000-a7c80000 rw-p 00000000 00:00 0 
af78b000-af900000 rw-p 00000000 00:00 0 
af900000-b3540000 rw-p 00000000 00:00 0 
b3540000-b3549000 rw-p 00000000 00:00 0 
b3549000-b3600000 rw-p 00000000 00:00 0 
b3600000-b3840000 rwxp 00000000 00:00 0 
b3840000-b66fe000 rw-p 00000000 00:00 0 
b66fe000-b6700000 ---p 00000000 00:00 0 
b6700000-b6701000 r--s 00006000 08:06 5774855    /home/lizo/dev-tools/Servers/wildfly-8.2.1.final/modules/system/layers/base/javax/transaction/api/main/jboss-transaction-api_1.2_spec-1.0.0.Final.jar
b6701000-b6702000 r--s 00008000 08:06 5905827    /home/lizo/dev-tools/Servers/wildfly-8.2.1.final/modules/system/layers/base/javax/security/jacc/api/main/jboss-jacc-api_1.5_spec-1.0.0.Final.jar
b6702000-b6705000 r--s 00002000 08:06 5905833    /home/lizo/dev-tools/Servers/wildfly-8.2.1.final/modules/system/layers/base/javax/management/j2ee/api/main/jboss-j2eemgmt-api_1.1_spec-1.0.1.Final.jar
b6705000-b6712000 r--s 000a3000 08:06 5905840    /home/lizo/dev-tools/Servers/wildfly-8.2.1.final/modules/system/layers/base/javax/faces/api/main/jboss-jsf-api_2.2_spec-2.2.8.jar
b6712000-b673e000 rw-p 00000000 00:00 0 
b673e000-b674b000 rw-p 00000000 00:00 0 
b674b000-b6762000 r-xp 00000000 08:06 3146877    /usr/local/java/jdk1.7.0_76/jre/lib/i386/libzip.so
b6762000-b6763000 rw-p 00017000 08:06 3146877    /usr/local/java/jdk1.7.0_76/jre/lib/i386/libzip.so
b6763000-b676e000 r-xp 00000000 08:06 7471296    /lib/i386-linux-gnu/libnss_files-2.15.so
b676e000-b676f000 r--p 0000a000 08:06 7471296    /lib/i386-linux-gnu/libnss_files-2.15.so
b676f000-b6770000 rw-p 0000b000 08:06 7471296    /lib/i386-linux-gnu/libnss_files-2.15.so
b6770000-b677a000 r-xp 00000000 08:06 7471151    /lib/i386-linux-gnu/libnss_nis-2.15.so
b677a000-b677b000 r--p 00009000 08:06 7471151    /lib/i386-linux-gnu/libnss_nis-2.15.so
b677b000-b677c000 rw-p 0000a000 08:06 7471151    /lib/i386-linux-gnu/libnss_nis-2.15.so
b677c000-b6792000 r-xp 00000000 08:06 7471288    /lib/i386-linux-gnu/libnsl-2.15.so
b6792000-b6793000 r--p 00015000 08:06 7471288    /lib/i386-linux-gnu/libnsl-2.15.so
b6793000-b6794000 rw-p 00016000 08:06 7471288    /lib/i386-linux-gnu/libnsl-2.15.so
b6794000-b6796000 rw-p 00000000 00:00 0 
b6796000-b679d000 r-xp 00000000 08:06 7471146    /lib/i386-linux-gnu/libnss_compat-2.15.so
b679d000-b679e000 r--p 00006000 08:06 7471146    /lib/i386-linux-gnu/libnss_compat-2.15.so
b679e000-b679f000 rw-p 00007000 08:06 7471146    /lib/i386-linux-gnu/libnss_compat-2.15.so
b679f000-b67a1000 r--s 00007000 08:06 5905825    /home/lizo/dev-tools/Servers/wildfly-8.2.1.final/modules/system/layers/base/javax/security/auth/message/api/main/jboss-jaspi-api_1.1_spec-1.0.0.Final.jar
b67a1000-b67a2000 r--s 00001000 08:06 8393636    /home/lizo/dev-tools/Servers/wildfly-8.2.1.final/modules/system/layers/base/javax/jws/api/main/jsr181-api-1.0-MR1.jar
b67a2000-b67a5000 r--s 0000a000 08:06 5905845    /home/lizo/dev-tools/Servers/wildfly-8.2.1.final/modules/system/layers/base/javax/jms/api/main/jboss-jms-api_2.0_spec-1.0.0.Final.jar
b67a5000-b67a6000 r--s 00003000 08:06 5905838    /home/lizo/dev-tools/Servers/wildfly-8.2.1.final/modules/system/layers/base/javax/interceptor/api/main/jboss-interceptors-api_1.2_spec-1.0.0.Final.jar
b67a6000-b67a7000 r--s 00000000 08:06 5905854    /home/lizo/dev-tools/Servers/wildfly-8.2.1.final/modules/system/layers/base/javax/inject/api/main/javax.inject-1.jar
b67a7000-b67ab000 r--s 0000e000 08:06 5905822    /home/lizo/dev-tools/Servers/wildfly-8.2.1.final/modules/system/layers/base/javax/enterprise/api/main/cdi-api-1.1.jar
b67ab000-b67ae000 r--s 00012000 08:06 8136609    /home/lizo/dev-tools/Servers/wildfly-8.2.1.final/modules/system/layers/base/javax/el/api/main/jboss-el-api_3.0_spec-1.0.3.Final.jar
b67ae000-b67b1000 r--s 0000a000 08:06 6832818    /home/lizo/dev-tools/Servers/wildfly-8.2.1.final/modules/system/layers/base/javax/ejb/api/main/jboss-ejb-api_3.2_spec-1.0.0.Final.jar
b67b1000-b67b2000 r--s 00004000 08:06 4210352    /home/lizo/dev-tools/Servers/wildfly-8.2.1.final/modules/system/layers/base/javax/annotation/api/main/jboss-annotations-api_1.2_spec-1.0.0.Final.jar
b67b2000-b67b4000 r--s 0000f000 08:06 4992102    /home/lizo/dev-tools/Servers/wildfly-8.2.1.final/modules/system/layers/base/javax/activation/api/main/activation-1.1.1.jar
b67b4000-b67b5000 r--p 005e1000 08:06 6822382    /usr/lib/locale/locale-archive
b67b5000-b67d8000 r-xp 00000000 08:06 3146891    /usr/local/java/jdk1.7.0_76/jre/lib/i386/libjava.so
b67d8000-b67d9000 rw-p 00023000 08:06 3146891    /usr/local/java/jdk1.7.0_76/jre/lib/i386/libjava.so
b67d9000-b67e0000 r-xp 00000000 08:06 7471133    /lib/i386-linux-gnu/librt-2.15.so
b67e0000-b67e1000 r--p 00006000 08:06 7471133    /lib/i386-linux-gnu/librt-2.15.so
b67e1000-b67e2000 rw-p 00007000 08:06 7471133    /lib/i386-linux-gnu/librt-2.15.so
b67e2000-b67e5000 ---p 00000000 00:00 0 
b67e5000-b6833000 rw-p 00000000 00:00 0          [stack:5462]
b6833000-b685d000 r-xp 00000000 08:06 7471285    /lib/i386-linux-gnu/libm-2.15.so
b685d000-b685e000 r--p 00029000 08:06 7471285    /lib/i386-linux-gnu/libm-2.15.so
b685e000-b685f000 rw-p 0002a000 08:06 7471285    /lib/i386-linux-gnu/libm-2.15.so
b685f000-b70e6000 r-xp 00000000 08:06 3146876    /usr/local/java/jdk1.7.0_76/jre/lib/i386/server/libjvm.so
b70e6000-b714b000 rw-p 00886000 08:06 3146876    /usr/local/java/jdk1.7.0_76/jre/lib/i386/server/libjvm.so
b714b000-b756e000 rw-p 00000000 00:00 0 
b756e000-b7711000 r-xp 00000000 08:06 7471196    /lib/i386-linux-gnu/libc-2.15.so
b7711000-b7712000 ---p 001a3000 08:06 7471196    /lib/i386-linux-gnu/libc-2.15.so
b7712000-b7714000 r--p 001a3000 08:06 7471196    /lib/i386-linux-gnu/libc-2.15.so
b7714000-b7715000 rw-p 001a5000 08:06 7471196    /lib/i386-linux-gnu/libc-2.15.so
b7715000-b7718000 rw-p 00000000 00:00 0 
b7718000-b771b000 r-xp 00000000 08:06 7471255    /lib/i386-linux-gnu/libdl-2.15.so
b771b000-b771c000 r--p 00002000 08:06 7471255    /lib/i386-linux-gnu/libdl-2.15.so
b771c000-b771d000 rw-p 00003000 08:06 7471255    /lib/i386-linux-gnu/libdl-2.15.so
b771d000-b7730000 r-xp 00000000 08:06 3148168    /usr/local/java/jdk1.7.0_76/lib/i386/jli/libjli.so
b7730000-b7731000 rw-p 00012000 08:06 3148168    /usr/local/java/jdk1.7.0_76/lib/i386/jli/libjli.so
b7731000-b7732000 rw-p 00000000 00:00 0 
b7732000-b7749000 r-xp 00000000 08:06 7471202    /lib/i386-linux-gnu/libpthread-2.15.so
b7749000-b774a000 r--p 00016000 08:06 7471202    /lib/i386-linux-gnu/libpthread-2.15.so
b774a000-b774b000 rw-p 00017000 08:06 7471202    /lib/i386-linux-gnu/libpthread-2.15.so
b774b000-b774d000 rw-p 00000000 00:00 0 
b774d000-b7755000 rw-s 00000000 08:06 8526455    /tmp/hsperfdata_lizo/5455
b7755000-b7756000 rw-p 00000000 00:00 0 
b7756000-b7757000 ---p 00000000 00:00 0 
b7757000-b7762000 r-xp 00000000 08:06 3146881    /usr/local/java/jdk1.7.0_76/jre/lib/i386/libverify.so
b7762000-b7763000 rw-p 0000b000 08:06 3146881    /usr/local/java/jdk1.7.0_76/jre/lib/i386/libverify.so
b7763000-b7765000 rw-p 00000000 00:00 0 
b7765000-b7766000 r-xp 00000000 00:00 0          [vdso]
b7766000-b7786000 r-xp 00000000 08:06 7471141    /lib/i386-linux-gnu/ld-2.15.so
b7786000-b7787000 r--p 0001f000 08:06 7471141    /lib/i386-linux-gnu/ld-2.15.so
b7787000-b7788000 rw-p 00020000 08:06 7471141    /lib/i386-linux-gnu/ld-2.15.so
bff97000-bff98000 rwxp 00000000 00:00 0 
bffc6000-bffeb000 rw-p 00000000 00:00 0          [stack]

VM Arguments:
jvm_args: -Dfile.encoding=UTF-8 
java_command: org.eclipse.jdt.internal.junit.runner.RemoteTestRunner -version 3 -port 54510 -testLoaderClass org.eclipse.jdt.internal.junit4.runner.JUnit4TestLoader -loaderpluginname org.eclipse.jdt.junit4.runtime -classNames birthtech.service.tests.ServiceTest
Launcher Type: SUN_STANDARD

Environment Variables:
PATH=/usr/lib/lightdm/lightdm:/usr/local/sbin:/usr/local/bin:/usr/sbin:/usr/bin:/sbin:/bin:/usr/games
LD_LIBRARY_PATH=/usr/local/java/jdk1.7.0_76/jre/lib/i386/server:/usr/local/java/jdk1.7.0_76/jre/lib/i386:/usr/local/java/jdk1.7.0_76/jre/../lib/i386:/usr/local/java/jdk1.7.0_76/jre/lib/i386/client:/usr/local/java/jdk1.7.0_76/jre/lib/i386:
SHELL=/bin/bash
DISPLAY=:0.0

Signal Handlers:
SIGSEGV: [libjvm.so+0x7eb660], sa_mask[0]=0x7ffbfeff, sa_flags=0x10000004
SIGBUS: [libjvm.so+0x7eb660], sa_mask[0]=0x7ffbfeff, sa_flags=0x10000004
SIGFPE: [libjvm.so+0x6835c0], sa_mask[0]=0x7ffbfeff, sa_flags=0x10000004
SIGPIPE: [libjvm.so+0x6835c0], sa_mask[0]=0x7ffbfeff, sa_flags=0x10000004
SIGXFSZ: [libjvm.so+0x6835c0], sa_mask[0]=0x7ffbfeff, sa_flags=0x10000004
SIGILL: [libjvm.so+0x6835c0], sa_mask[0]=0x7ffbfeff, sa_flags=0x10000004
SIGUSR1: SIG_DFL, sa_mask[0]=0x00000000, sa_flags=0x00000000
SIGUSR2: [libjvm.so+0x684dc0], sa_mask[0]=0x00000004, sa_flags=0x10000004
SIGHUP: [libjvm.so+0x6860f0], sa_mask[0]=0x7ffbfeff, sa_flags=0x10000004
SIGINT: [libjvm.so+0x6860f0], sa_mask[0]=0x7ffbfeff, sa_flags=0x10000004
SIGTERM: [libjvm.so+0x6860f0], sa_mask[0]=0x7ffbfeff, sa_flags=0x10000004
SIGQUIT: [libjvm.so+0x6860f0], sa_mask[0]=0x7ffbfeff, sa_flags=0x10000004


---------------  S Y S T E M  ---------------

OS:wheezy/sid

uname:Linux 3.13.0-46-generic #77~precise1-Ubuntu SMP Mon Mar 2 23:25:21 UTC 2015 i686
libc:glibc 2.15 NPTL 2.15 
rlimit: STACK 8192k, CORE 0k, NPROC 31591, NOFILE 4096, AS infinity
load average:1,58 1,10 0,87

/proc/meminfo:
MemTotal:        4062756 kB
MemFree:          253516 kB
Buffers:            2744 kB
Cached:           352592 kB
SwapCached:            0 kB
Active:          3396772 kB
Inactive:         298924 kB
Active(anon):    3342896 kB
Inactive(anon):   244540 kB
Active(file):      53876 kB
Inactive(file):    54384 kB
Unevictable:           0 kB
Mlocked:               0 kB
HighTotal:       3214088 kB
HighFree:          97884 kB
LowTotal:         848668 kB
LowFree:          155632 kB
SwapTotal:             0 kB
SwapFree:              0 kB
Dirty:               112 kB
Writeback:             0 kB
AnonPages:       3340564 kB
Mapped:           177836 kB
Shmem:            246888 kB
Slab:              54636 kB
SReclaimable:      27244 kB
SUnreclaim:        27392 kB
KernelStack:        7944 kB
PageTables:        18916 kB
NFS_Unstable:          0 kB
Bounce:                0 kB
WritebackTmp:          0 kB
CommitLimit:     2031376 kB
Committed_AS:    8000300 kB
VmallocTotal:     122880 kB
VmallocUsed:       17400 kB
VmallocChunk:     101396 kB
HardwareCorrupted:     0 kB
AnonHugePages:   2336768 kB
HugePages_Total:       0
HugePages_Free:        0
HugePages_Rsvd:        0
HugePages_Surp:        0
Hugepagesize:       2048 kB
DirectMap4k:       22520 kB
DirectMap2M:      890880 kB


CPU:total 4 (2 cores per cpu, 2 threads per core) family 6 model 42 stepping 7, cmov, cx8, fxsr, mmx, sse, sse2, sse3, ssse3, sse4.1, sse4.2, popcnt, avx, aes, ht, tsc, tscinvbit

/proc/cpuinfo:
processor	: 0
vendor_id	: GenuineIntel
cpu family	: 6
model		: 42
model name	: Intel(R) Core(TM) i5-2430M CPU @ 2.40GHz
stepping	: 7
microcode	: 0x14
cpu MHz		: 2401.000
cache size	: 3072 KB
physical id	: 0
siblings	: 4
core id		: 0
cpu cores	: 2
apicid		: 0
initial apicid	: 0
fdiv_bug	: no
f00f_bug	: no
coma_bug	: no
fpu		: yes
fpu_exception	: yes
cpuid level	: 13
wp		: yes
flags		: fpu vme de pse tsc msr pae mce cx8 apic sep mtrr pge mca cmov pat pse36 clflush dts acpi mmx fxsr sse sse2 ss ht tm pbe nx rdtscp lm constant_tsc arch_perfmon pebs bts xtopology nonstop_tsc aperfmperf eagerfpu pni pclmulqdq dtes64 monitor ds_cpl vmx est tm2 ssse3 cx16 xtpr pdcm pcid sse4_1 sse4_2 x2apic popcnt tsc_deadline_timer aes xsave avx lahf_lm ida arat epb xsaveopt pln pts dtherm tpr_shadow vnmi flexpriority ept vpid
bogomips	: 4789.54
clflush size	: 64
cache_alignment	: 64
address sizes	: 36 bits physical, 48 bits virtual
power management:

processor	: 1
vendor_id	: GenuineIntel
cpu family	: 6
model		: 42
model name	: Intel(R) Core(TM) i5-2430M CPU @ 2.40GHz
stepping	: 7
microcode	: 0x14
cpu MHz		: 2401.000
cache size	: 3072 KB
physical id	: 0
siblings	: 4
core id		: 0
cpu cores	: 2
apicid		: 1
initial apicid	: 1
fdiv_bug	: no
f00f_bug	: no
coma_bug	: no
fpu		: yes
fpu_exception	: yes
cpuid level	: 13
wp		: yes
flags		: fpu vme de pse tsc msr pae mce cx8 apic sep mtrr pge mca cmov pat pse36 clflush dts acpi mmx fxsr sse sse2 ss ht tm pbe nx rdtscp lm constant_tsc arch_perfmon pebs bts xtopology nonstop_tsc aperfmperf eagerfpu pni pclmulqdq dtes64 monitor ds_cpl vmx est tm2 ssse3 cx16 xtpr pdcm pcid sse4_1 sse4_2 x2apic popcnt tsc_deadline_timer aes xsave avx lahf_lm ida arat epb xsaveopt pln pts dtherm tpr_shadow vnmi flexpriority ept vpid
bogomips	: 4789.54
clflush size	: 64
cache_alignment	: 64
address sizes	: 36 bits physical, 48 bits virtual
power management:

processor	: 2
vendor_id	: GenuineIntel
cpu family	: 6
model		: 42
model name	: Intel(R) Core(TM) i5-2430M CPU @ 2.40GHz
stepping	: 7
microcode	: 0x14
cpu MHz		: 800.000
cache size	: 3072 KB
physical id	: 0
siblings	: 4
core id		: 1
cpu cores	: 2
apicid		: 2
initial apicid	: 2
fdiv_bug	: no
f00f_bug	: no
coma_bug	: no
fpu		: yes
fpu_exception	: yes
cpuid level	: 13
wp		: yes
flags		: fpu vme de pse tsc msr pae mce cx8 apic sep mtrr pge mca cmov pat pse36 clflush dts acpi mmx fxsr sse sse2 ss ht tm pbe nx rdtscp lm constant_tsc arch_perfmon pebs bts xtopology nonstop_tsc aperfmperf eagerfpu pni pclmulqdq dtes64 monitor ds_cpl vmx est tm2 ssse3 cx16 xtpr pdcm pcid sse4_1 sse4_2 x2apic popcnt tsc_deadline_timer aes xsave avx lahf_lm ida arat epb xsaveopt pln pts dtherm tpr_shadow vnmi flexpriority ept vpid
bogomips	: 4789.54
clflush size	: 64
cache_alignment	: 64
address sizes	: 36 bits physical, 48 bits virtual
power management:

processor	: 3
vendor_id	: GenuineIntel
cpu family	: 6
model		: 42
model name	: Intel(R) Core(TM) i5-2430M CPU @ 2.40GHz
stepping	: 7
microcode	: 0x14
cpu MHz		: 800.000
cache size	: 3072 KB
physical id	: 0
siblings	: 4
core id		: 1
cpu cores	: 2
apicid		: 3
initial apicid	: 3
fdiv_bug	: no
f00f_bug	: no
coma_bug	: no
fpu		: yes
fpu_exception	: yes
cpuid level	: 13
wp		: yes
flags		: fpu vme de pse tsc msr pae mce cx8 apic sep mtrr pge mca cmov pat pse36 clflush dts acpi mmx fxsr sse sse2 ss ht tm pbe nx rdtscp lm constant_tsc arch_perfmon pebs bts xtopology nonstop_tsc aperfmperf eagerfpu pni pclmulqdq dtes64 monitor ds_cpl vmx est tm2 ssse3 cx16 xtpr pdcm pcid sse4_1 sse4_2 x2apic popcnt tsc_deadline_timer aes xsave avx lahf_lm ida arat epb xsaveopt pln pts dtherm tpr_shadow vnmi flexpriority ept vpid
bogomips	: 4789.54
clflush size	: 64
cache_alignment	: 64
address sizes	: 36 bits physical, 48 bits virtual
power management:



Memory: 4k page, physical 4062756k(253516k free), swap 0k(0k free)

vm_info: Java HotSpot(TM) Server VM (24.76-b04) for linux-x86 JRE (1.7.0_76-b13), built on Dec 18 2014 17:29:38 by "java_re" with gcc 4.3.0 20080428 (Red Hat 4.3.0-8)

time: Sat Jun 18 14:47:26 2016
elapsed time: 6 seconds

